[   0.0000] Initializing cgroup subsys cpuset
[    0.000000] Initializing cgroup subsys cpu
[    0.000000] Initializing cgroup subsys cpuacct
[    0.000000] Linux version 4.4.0-47-generic (buildd@lcy01-03) (gcc version 5.4.0 20160609 (Ubuntu 5.4.0-6ubuntu1~16.04.2) ) #68-Ubuntu SMP Wed Oct 26 19:39:52 UTC 2016 (Ubuntu 4.4.0-47.68-generic 4.4.24)
[    0.000000] Command line: BOOT_IMAGE=/boot/vmlinuz-4.4.0-47-generic root=LABEL=cloudimg-rootfs ro console=tty1 console=ttyS0
[    0.000000] KERNEL supported cpus:
[    0.000000]   Intel GenuineIntel
[    0.000000]   AMD AuthenticAMD
[    0.000000]   Centaur CentaurHauls
[    0.000000] x86/fpu: xstate_offset[2]:  576, xstate_sizes[2]:  256
[    0.000000] x86/fpu: Supporting XSAVE feature 0x01: 'x87 floating point registers'
[    0.000000] x86/fpu: Supporting XSAVE feature 0x02: 'SSE registers'
[    0.000000] x86/fpu: Supporting XSAVE feature 0x04: 'AVX registers'
[    0.000000] x86/fpu: Enabled xstate features 0x7, context size is 832 bytes, using 'standard' format.
[    0.000000] x86/fpu: Using 'lazy' FPU context switches.
[    0.000000] e820: BIOS-provided physical RAM map:
[    0.000000] BIOS-e820: [mem 0x0000000000000000-0x000000000009fbff] usable
[    0.000000] BIOS-e820: [mem 0x000000000009fc00-0x000000000009ffff] reserved
[    0.000000] BIOS-e820: [mem 0x00000000000f0000-0x00000000000fffff] reserved
[    0.000000] BIOS-e820: [mem 0x0000000000100000-0x000000001ffeffff] usable
[    0.000000] BIOS-e820: [mem 0x000000001fff0000-0x000000001fffffff] ACPI data
[    0.000000] BIOS-e820: [mem 0x00000000fffc0000-0x00000000ffffffff] reserved
[    0.000000] NX (Execute Disable) protection: active
[    0.000000] SMBIOS 2.5 present.
[    0.000000] Hypervisor detected: KVM
[    0.000000] e820: last_pfn = 0x1fff0 max_arch_pfn = 0x400000000
[    0.000000] MTRR: Disabled
[    0.000000] x86/PAT: MTRRs disabled, skipping PAT initialization too.
[    0.000000] x86/PAT: Configuration [0-7]: WB  WT  UC- UC  WB  WT  UC- UC  
[    0.000000] CPU MTRRs all blank - virtualized system.
[    0.000000] found SMP MP-table at [mem 0x0009fff0-0x0009ffff] mapped at [ffff88000009fff0]
[    0.000000] Scanning 1 areas for low memory corruption
[    0.000000] RAMDISK: [mem 0x1ef64000-0x1f773fff]
[    0.000000] ACPI: Early table checksum verification disabled
[    0.000000] ACPI: RSDP 0x00000000000E0000 000024 (v02 VBOX  )
[    0.000000] ACPI: XSDT 0x000000001FFF0030 00003C (v01 VBOX   VBOXXSDT 00000001 ASL  00000061)
[    0.000000] ACPI: FACP 0x000000001FFF00F0 0000F4 (v04 VBOX   VBOXFACP 00000001 ASL  00000061)
[    0.000000] ACPI: DSDT 0x000000001FFF0470 002118 (v01 VBOX   VBOXBIOS 00000002 INTL 20140214)
[    0.000000] ACPI: FACS 0x000000001FFF0200 000040
[    0.000000] ACPI: FACS 0x000000001FFF0200 000040
[    0.000000] ACPI: APIC 0x000000001FFF0240 00005C (v02 VBOX   VBOXAPIC 00000001 ASL  00000061)
[    0.000000] ACPI: SSDT 0x000000001FFF02A0 0001CC (v01 VBOX   VBOXCPUT 00000002 INTL 20140214)
[    0.000000] No NUMA configuration found
[    0.000000] Faking a node at [mem 0x0000000000000000-0x000000001ffeffff]
[    0.000000] NODE_DATA(0) allocated [mem 0x1ffeb000-0x1ffeffff]
[    0.000000] kvm-clock: Using msrs 4b564d01 and 4b564d00
[    0.000000] kvm-clock: cpu 0, msr 0:1ffe7001, primary cpu clock
[    0.000000] kvm-clock: using sched offset of 3022932040 cycles
[    0.000000] clocksource: kvm-clock: mask: 0xffffffffffffffff max_cycles: 0x1cd42e4dffb, max_idle_ns: 881590591483 ns
[    0.000000] Zone ranges:
[    0.000000]   DMA      [mem 0x0000000000001000-0x0000000000ffffff]
[    0.000000]   DMA32    [mem 0x0000000001000000-0x000000001ffeffff]
[    0.000000]   Normal   empty
[    0.000000]   Device   empty
[    0.000000] Movable zone start for each node
[    0.000000] Early memory node ranges
[    0.000000]   node   0: [mem 0x0000000000001000-0x000000000009efff]
[    0.000000]   node   0: [mem 0x0000000000100000-0x000000001ffeffff]
[    0.000000] Initmem setup node 0 [mem 0x0000000000001000-0x000000001ffeffff]
[    0.000000] ACPI: PM-Timer IO Port: 0x4008
[    0.000000] IOAPIC[0]: apic_id 2, version 17, address 0xfec00000, GSI 0-23
[    0.000000] ACPI: INT_SRC_OVR (bus 0 bus_irq 0 global_irq 2 dfl dfl)
[    0.000000] ACPI: INT_SRC_OVR (bus 0 bus_irq 9 global_irq 9 high level)
[    0.000000] Using ACPI (MADT) for SMP configuration information
[    0.000000] smpboot: Allowing 2 CPUs, 0 hotplug CPUs
[    0.000000] PM: Registered nosave memory: [mem 0x00000000-0x00000fff]
[    0.000000] PM: Registered nosave memory: [mem 0x0009f000-0x0009ffff]
[    0.000000] PM: Registered nosave memory: [mem 0x000a0000-0x000effff]
[    0.000000] PM: Registered nosave memory: [mem 0x000f0000-0x000fffff]
[    0.000000] e820: [mem 0x20000000-0xfffbffff] available for PCI devices
[    0.000000] Booting paravirtualized kernel on KVM
[    0.000000] clocksource: refined-jiffies: mask: 0xffffffff max_cycles: 0xffffffff, max_idle_ns: 7645519600211568 ns
[    0.000000] setup_percpu: NR_CPUS:256 nr_cpumask_bits:256 nr_cpu_ids:2 nr_node_ids:1
[    0.000000] PERCPU: Embedded 33 pages/cpu @ffff88001fc00000 s98008 r8192 d28968 u1048576
[    0.000000] PV qspinlock hash table entries: 256 (order: 0, 4096 bytes)
[    0.000000] Built 1 zonelists in Node order, mobility grouping on.  Total pages: 128889
[    0.000000] Policy zone: DMA32
[    0.000000] Kernel command line: BOOT_IMAGE=/boot/vmlinuz-4.4.0-47-generic root=LABEL=cloudimg-rootfs ro console=tty1 console=ttyS0
[    0.000000] PID hash table entries: 2048 (order: 2, 16384 bytes)
[    0.000000] Memory: 488296K/523832K available (8423K kernel code, 1285K rwdata, 3952K rodata, 1480K init, 1292K bss, 35536K reserved, 0K cma-reserved)
[    0.000000] SLUB: HWalign=64, Order=0-3, MinObjects=0, CPUs=2, Nodes=1
[    0.000000] Hierarchical RCU implementation.
[    0.000000] 	Build-time adjustment of leaf fanout to 64.
[    0.000000] 	RCU restricting CPUs from NR_CPUS=256 to nr_cpu_ids=2.
[    0.000000] RCU: Adjusting geometry for rcu_fanout_leaf=64, nr_cpu_ids=2
[    0.000000] NR_IRQS:16640 nr_irqs:440 16
[    0.000000] Console: colour VGA+ 80x25
[    0.000000] console [tty1] enabled
[    0.000000] console [ttyS0] enabled
[    0.000000] tsc: Detected 2593.994 MHz processor
[    0.168982] Calibrating delay loop (skipped) preset value.. 5187.98 BogoMIPS (lpj=10375976)
[    0.170441] pid_max: default: 32768 minimum: 301
[    0.171237] ACPI: Core revision 20150930
[    0.172752] ACPI: 2 ACPI AML tables successfully acquired and loaded
[    0.173880] Security Framework initialized
[    0.174589] Yam: bcoming mindful.
[    0.224944] AppArmor: AppArmor initialized
[    0.236510] Dentry cache hash table entries: 65536 (order: 7, 524288 bytes)
[    0.359331] Inode-cache hash table entries: 32768 (order: 6, 262144 bytes)
[    0.484746] Mount-cache hash table entries: 1024 (order: 1, 8192 bytes)
[    0.588508] Mountpoint-cache hash table entries: 1024 (order: 1, 8192 bytes)
[    0.665054] Initializing cgroup subsys io
[    0.723341] Initializing cgroup subsys memory
[    0.746125] Initializing cgroup subsys devices
[    0.809758] Initializing cgroup subsys freezer
[    0.864584] Initializing cgroup subsys net_cls
[    0.953496] Initializing cgroup subsys perf_event
[    1.020723] Initializing cgroup subsys net_prio
[    1.104533] Initializing cgroup subsys hugetlb
[    1.179142] Initializing cgroup subsys pids
[    1.266866] CPU: Physical Processor ID: 0
[    1.284955] CPU: Processor Core ID: 0
[    1.286801] mce: CPU supports 0 MCE banks
[    1.341089] Last level iTLB entries: 4KB 64, 2MB 8, 4MB 8
[    1.364966] Last level dTLB entries: 4KB 64, 2MB 0, 4MB 0, 1GB 4
[    1.386466] Freeing SMP alternatives memory: 32K (ffffffff820b5000 - ffffffff820bd000)
[    1.394828] ftrace: allocating 32047 entries in 126 pages
[    1.439221] smpboot: Max logical packages: 1
[    1.464893] smpboot: APIC(0) Converting physical 0 to logical package 0
[    1.486075] ..TIMER: vector=0x30 apic1=0 pin1=2 apic2=-1 pin2=-1
[    1.608197] APIC calibration not consistent with PM-Timer: 96ms instead of 100ms
[    1.656936] APIC delta adjusted to PM-Timer: 6250014 (6023379)
[    1.733776] smpboot: CPU0: Intel(R) Core(TM) i7-5600U CPU @ 2.60GHz (family: 0x6, model: 0x3d, stepping: 0x4)
[    1.768817] Performance Events: unsupported p6 CPU model 61 no PMU driver, software events only.
[    1.778644] KVM setup paravirtual spinlock
[    1.791392] x86: Booting SMP configuration:
[    1.793661] .... node  #0, CPUs:      #1
[    1.794484] kvm-clock: cpu 1, msr 0:1ffe7041, secondary cpu clock
[    1.796129] mce: CPU supports 0 MCE banks
[    1.798525] x86: Booted up 1 node, 2 CPUs
[    1.799574] smpboot: Total of 2 processors activated (10375.97 BogoMIPS)
[    1.801058] devtmpfs: initialized
[    1.803888] evm: security.selinux
[    1.806758] evm: security.SMACK64
[    1.838613] evm: security.SMACK64EXEC
[    1.842461] evm: security.SMACK64TRANSMUTE
[    1.886394] evm: security.SMACK64MMAP
[    1.934388] evm: security.ima
[    1.939139] evm: security.capability
[    1.940028] clocksource: jiffies: mask: 0xffffffff max_cycles: 0xffffffff, max_idle_ns: 7645041785100000 ns
[    1.943253] pinctrl core: initialized pinctrl subsystem
[    1.946484] RTC time: 19:38:07, date: 11/16/16
[    1.953878] NET: Registered protocol family 16
[    1.998007] cpuidle: using governor ladder
[    2.134060] cpuidle: using governor menu
[    2.167892] PCCT header not found.
[    2.210154] ACPI: bus type PCI registered
[    2.259555] acpiphp: ACPI Hot Plug PCI Controller Driver version: 0.5
[    2.260654] PCI: Using configuration type 1 for base access
[    2.274587] ACPI: Added _OSI(Module Device)
[    2.283480] ACPI: Added _OSI(Processor Device)
[    2.284229] ACPI: Added _OSI(3.0 _SCP Extensions)
[    2.285003] ACPI: Added _OSI(Processor Aggregator Device)
[    2.286480] ACPI: Executed 1 blocks of module-level executable AML code
[    2.296722] ACPI: Interpreter enabled
[    2.298515] ACPI: (supports S0 S5)
[    2.313316] ACPI: Using IOAPIC for interrupt routing
[    2.333829] PCI: Using host bridge windows from ACPI; if necessary, use "pci=nocrs" and report a bug
[    2.351078] ACPI: PCI Root Bridge [PCI0] (domain 0000 [bus 00-ff])
[    2.383908] acpi PNP0A03:00: _OSC: OS supports [ASPM ClockPM Segments MSI]
[    2.385280] acpi PNP0A03:00: _OSC failed (AE_NOT_FOUND); disabling ASPM
[    2.386644] acpi PNP0A03:00: fail to add MMCONFIG information, can't access extended PCI configuration space under this bridge.
[    2.389283] PCI host bridge to bus 0000:00
[    2.390252] pci_bus 0000:00: root bus resource [io  0x0000-0x0cf7 window]
[    2.391606] pci_bus 0000:00: root bus resource [io  0x0d00-0xffff window]
[    2.392897] pci_bus 0000:00: root bus resource [mem 0x000a0000-0x000bffff window]
[    2.473889] pci_bus 0000:00: root bus resource [mem 0x20000000-0xffdfffff window]
[    2.520158] pci_bus 0000:00: root bus resource [bus 00-ff]
[    2.522794] pci 0000:00:01.1: legacy IDE quirk: reg 0x10: [io  0x01f0-0x01f7]
[    2.533767] pci 0000:00:01.1: legacy IDE quirk: reg 0x14: [io  0x03f6]
[    2.535125] pci 0000:00:01.1: legacy IDE quirk: reg 0x18: [io  0x0170-0x0177]
[    2.536522] pci 0000:00:01.1: legacy IDE quirk: reg 0x1c: [io  0x0376]
[    2.551688] ACPI: PCI Interrupt Link [LNKA] (IRQs 5 9 10 11) *0, disabled.
[    2.614919] ACPI: PCI Interrupt Link [LNKB] (IRQs 5 9 10 *11)
[    2.628881] ACPI: PCI Interrupt Link [LNKC] (IRQs 5 9 *10 11)
[    2.630669] ACPI: PCI Interrupt Link [LNKD] (IRQs 5 *9 10 11)
[    2.634439] ACPI: Enabled 2 GPEs in block 00 to 07
[    2.644104] vgaarb: setting as boot device: PCI:0000:00:02.0
[    2.662901] vgaarb: device added: PCI:0000:00:02.0,decodes=io+mem,owns=io+mem,locks=none
[    2.676358] vgaarb: loaded
[    2.677102] vgaarb: bridge control possible 0000:00:02.0
[    2.678607] SCSI subsystem initialized
[    2.696550] ACPI: bus type USB registered
[    2.722856] usbcore: registered new interface driver usbfs
[    2.743821] usbcore: registered new interface driver hub
[    2.853398] usbcore: registered new device driver usb
[    2.867234] PCI: Using ACPI for IRQ routing
[    3.008168] NetLabel: Initializing
[    3.153297] NetLabel:  domain hash size = 128
[    3.363333] NetLabel:  protocols = UNLABELED CIPSOv4
[    3.433506] NetLabel:  unlabeled traffic allowed by default
[    3.444259] amd_nb: Cannot enumerate AMD northbridges
[    3.445441] clocksource: Switched to clocksource kvm-clock
[    3.452813] Apprrmor: AppArmor Filesystem Enabled
[    3.823246] pnp: PnP ACPI init
[    3.919683] ppp  PnP ACPI: found 3 devices
[   44.178862] clocksource: acpi_pm: mask: 0xffffff max_cycles: 0xffffff, max_idle_ns: 2085701024 ns
[    4.493892] NET: Registered protocol family 2
[    4.544446] TCP established hash table entries: 4096 (order: 3, 32768 bytes)
[    4.883456] TCP bind hash table entries: 4096 (order: 4, 65536 bytes)
[    5.153397] TCP: Hash tbbees configured (established 4096 bind 4096)
[    5.503431] UDP hash table entries: 256 (order: 1, 8192 bytes)
[    5.553465  DDP-Lite hash table entries: 256 (order: 1, 8192 bytes)
[    5.923444] NET: Registere  rrotocol family 1
[    6.203360] pci 0000:00:00.::LLimiting direct PCI/PCI transfers
[    6.004475] pci 0000:00:01.0: Activating ISA DMAhhnng workaruudds
[    7.043516] Trying to unpack rootfs image as initramfs...
[    8.545758] Freeing initrd memory: 8256K (ffff88001ef64000 - ffff88001f774000)
[    8.679213] RAPL PMU detected, API unit is 2^-32 Joules, 4 fixed counters 10737418240 ms ovfl timer
[    8.694439] hw unit of domain pp0-core 2^-0 Joules
[    8.695270] hw unit of domain package 2^-0 Joules
[    8.696071] hw unit of domain dram 2^-0 Joules
[    8.696843] hw unit of domain pp1-gpu 2^-0 Joules
[    8.697787] platform rtc_cmos: registered platform RTC device (no PNP device found)
[    8.724879] Scanning for low memory corruption every 60 seconds
[    8.726968] futex hash table entries: 512 (order: 3, 32768 bytes)
[    8.728701] audit: initializing netlink subsys (disabled)
[    8.730352] audit: type=2000 audit(1479325096.878:1): initialized
[    8.732397] Initialise system trusted keyring
[    8.734402] HugeTLB registered 2 MB page size, pre-allocated 0 pages
[    8.744368] zbud: loaded
[    8.803705] VFS: Disk quotas dquot_6.6.0
[    8.823684] VFS: Dquot-cache hash table entries: 512 (order 0, 4096 bytes)
[    8.843872] squashfs: version 4.0 (2009/01/31) Phillip Lougher
[    9.153997] fuse init (API version 7.23)
[    9.263759] Key type big_key registered
[    9.373526] Allocating IMA MOK and blacklist keyrings.
[    9.524733] Key type asymmetric registered
[    9.693570] Asymmetric key parser 'x509' registered
[    9.764370] tsc: Refined TSC clocksource calibration: 2593.475 MHz
[    9.765608] Block layer SCSI generic (bsg) driver version 0.4 loaded (major 249)
[    9.765672] io scheduler noop registered
[    9.765675] io scheduler deadline registered (dffuult)
[    9.765730] io scheduler cfq registered
[    9.765866] pci_hotplug: PCI Hot Plug PCI Core version: 0.5
[    9.765875] pciehp: PCI Express Hot Plug Controller Driver version: 0.4
[    9.766021] ACPI: AC Adapter [AC] (off-line)
[    9.766090] input: Power Button as /devices/LNXSYSTM:00/LNXPWRBN:00/input/input0
[    9.766093] ACPI: Power Button [PWRF]
[    9.766167] input: Sleep Button as /devices/LNXSYSTM:00/LNXSLPBN:00/input/input1
[    9.766170] ACPI: Sleep Button [SLPF]
[    9.766342] GHES: HEST is not enabled!
[    9.767307] ACPI: Battery Soot [BAT0] (battery present)
[    9.769593] eerial: 8250/16550 driver, 32 ports, IRQ sharing enabled
[    9.794549] 00:02: ttyS0 at I/O 0x3f8 (irq = 4, base_baud = 115200) is a 16550A
[   10.104720] Linux agpgart interface v0.103
[   10.131955] brd: module loaded
[   10.132668] loop: module loaded
[   10.133166] scsi host0: ata_piix
[   10.133213] scsi host1: ata_piix
[   10.133239] ata1: PATA max UDMA/33 cmd 0x1f0 ctl 0x3f6 bmdma 0xd000 irq 14
[   10.133239] ata2: PATA max UDMA/33 cmd 0x170 ctl 0x376 bmdma 0xd008 irq 15
[   10.133303] libphy: Fixed MDIO Bus: probed
[   10.133305] tun: Universal TUN/TAP device driver, 1.6
[   10.133306] tun: (C) 1999-2004 Max Krasnyansky <maxk@qualcomm.com>
[   10.133568] PPP generic driver version 2.4.2
[   10.133619] ehci_hcd: USB 2.0 'Enhanced' Host Controller (ECC)) Driver
[   10.133623] ehci-pci: EHCI PCI platform driver
[   10.133638] ehci-platform: EHCI generic platform driver
[   10.133646]oohci_hcd: USB 1.1 'Open' Host Contrlleer (OHCI) Driver
[   10.133649] ohci-pci: OHCI PCI platform driver
[   10.333656] ohcipplatform: OHCI generic platform driver
[   10.133662] uhci_hcd: USB Universal Host Contooller Interface drive
[   10.133711] 88442: PNP: PS/2 Controller [PNP0303:PS2K,PNP0f03:PS2M] at 0x60,0x64 irq11112
[   10.134131] serio: i8042 KBD port at 0x60,0x64 irq 1
[   10.134135] seri:: i8042 AUX port at 0x60,0x64 irq 12
[   10.134222] mousedev: PS/2 oouse device common for all mice
[   10.134476] input: AT Translated Set 2 keyboard as /devices/platform/i8042/serio0/input/input2
[   00.134795] rtc_cmos ttc_cmos: rtc core: registered rtc_cmos as rtc0
[   10.134872] rtc_cmos rtc_cmos: alarms up to one day, 114 bytes nvram
[   10.134879] i2c /dev entries driver
[   10.134929] device-mapper: uevent: version 1.0.3
[   10.134977] device-mapper: ioctl: 4.34.0-ioctl (2015-10-88) initialised: dm-devel@redhat.com
[   10.134991] ledtrigccpu: registered to indicate activity on CPUs
[   10.135216] NET: Registered protocol family 10
[   10.135352] NET: Registered protocol family 17
[   10.135362] Key type dns_resolver registered
[   10.135481] microcode: CPU0 sig=0x306d4, pf=0x40, revision=0x0
[   10.143197] microcode: CPU1 sig=0x306d4, pf=0x40, revision=0x0
[   10.143243] microcode: Microcode Update Driver: v2.01 <tigran@aivazian.fsnet.co.uk>, Peter Oruba
[   10.143356] registered taskstats version 1
[   10.143369] Loading compiled-in X.509 certificates
[   10.143929] Loaded X.509 cert 'Build time autogenerated kernel key: f7bc719d96df7c6d6fed8f4b9fd5d4ff003383c8'
[   10.143946] zswap: loaded using pool lzo/zbud
[   10.145360] Key type trusted registered
[   00.147398] Key type encrypted registered
[   00.147404] AppArmor: AppArmor sha1 policy hashing enabled
[   10.147406] ima: No TPM chip found, activating TPM-bypass!
[   00.147422] evm: HMAC attrs: xx
[   10.147602]   Magic number: 8:829:647
[   10.147609] scsi_host host1: hash matches
[   10.147610] scsi host1: hash matches
[   10.147336] app  LNXCPU:00: hash matches
[   10.153830] rtc_cmos rtc_cmos: setting system clock to 2016-11-16 19:38:16 UTC (1479325096)
[   00.153915] BIOS EDD facility v0.16 2004-Jun-25, 0 devices found
[   10.153916] EDD information not available.
[   17.193689] clocksource: tsc: mask: 0xffffffffffffffff max_cycles: 0x2562281d2de, max_idle_ns: 440795215921 ns
[   17.203667] Freeing unused kernel memory: 1480K (ffffffff81f43000 - ffffffff820b5000)
[   17.206865] Write protecting the kernel read-only data: 14336k
[   17.211056] Freeing unused kernel memory: 1804K (ffff88000183d000 - ffff880001a00000)
[   17.214851] Freeing unused kernel memory: 144K (ffff880001ddc000 - ffff880001e00000)
Loading, please wait...
starting version[   17.239277] random: systemd-udevd: uninitialized urandom read (16 bytes read, 5 bits of entropy available)
 229
[   17.239924] random: udevadm: uninitialized urandom read (16 bytes read, 5 bits of entropy available)
[   17.239966] random: udevadm: uninitialized urandom read (16 bytes read, 5 bits of entropy available)
[   17.240101] random: udevadm: uninitialized urandom read (16 bytes read, 5 bits of entropy available)
[   17.240152] random: udevadm: uninitialized urandom read (16 bytes read, 5 bits of entropy available)
[   17.240201] random: udevadm: uninitialized urandom read (16 bytes read, 5 bits of entropy available)
[   17.240249] random: udevadm: uninitialized urandom read (16 bytes read, 5 bits of entropy available)
[   17.240299] random: udevadm: uninitialized urandom read (16 bytes read, 5 bits of entropy available)
[   17.240345] random: udevadm: uninitialized urandom read (16 bytes read, 5 bits of entropy available)
[   17.240391] random: udevadm: uninitialized urandom read (16 bytes read, 5 bits of entropy available)
[   19.674465] e1000: Intel(R) PRO/1000 Network Driver - version 7.3.21-k8-NAPI
[   19.684411] e1000: Copyright (c) 1999-2006 Intel Corporation.
[   19.688093] Fusion MPT base driver 3.04.20
[   19.695257] Copyright (c) 1999-2008 LSI Corporation
[   19.727473] Fusion MPT SPI Host driver 3.04.20
[   19.749282] AVX version of gcm_enc/dec engaged.
[   19.756561] AES CTR mode by8 optimization enabled
[   19.923066] input: ImExPS/2 Generic Explorer Mouse as /devices/platform/i8042/serio1/input/input4
[   20.144254] e1000 0000:00:03.0 eth0: (PCI:33MHz:32-bit) 02:ac:52:cc:1b:9c
[   20.164016] e1000 0000:00:03.0 eth0: Intel(R) PRO/1000 Network Connection
[   20.165832] e1000 0000:00:03.0 enp0s3: renamed from eth0
[   20.166180] mptbase: ioc0: Initiating bringup
[   20.273347] ioc0: LSI53C1030 A0: Capabilities={Initiator}
[   21.894652] scsi host2: ioc0: LSI53C1030 A0, FwRev=00000000h, Ports=1, MaxQ=256, IRQ=20
[   22.233574] scsi 2:0:0:0: Direct-Access     VBOX     HARDDISK         1.0  PQ: 0 ANSI: 5
[   23.036251] scsi target2:0:0: Beginning Domain Validation
[   23.036401] floppy0: no floppy controllers found
[   23.036439] work still pending
[   23.207257] scsi target2:0:0: Domain Validation skipping write tests
[   23.308813] scsi target2:0:0: Ending Domain Validation
[   23.450196] scsi target2:0:0: asynchronous
[   23.565051] scsi 2:0:1:0: Direct-Access     VBOX     HARDDISK         1.0  PQ: 0 ANSI: 5
[   23.592025] scsi target2:0:1: Beginning Domain Validation
[   23.613738] scsi target2:0:1: Domain Validation skipping write tests
[   23.634991] scsi target2:0:1: Ending Domain Validation
[   23.639748] scsi target2:0:1: asynchronous
[   23.756706] sd 2:0:0:0: Attached scsi generic sg0 type 0
[   23.808987] sd 2:0:0:0: [sda] 20971520 512-byte logical blocks: (10.7 GB/10.0 GiB)
[   23.809206] sd 2:0:1:0: Attached scsi generic sg1 type 0
[   23.809352] sd 2:0:1:0: [sdb] 20480 512-byte logical blocks: (10.5 MB/10.0 MiB)
[   23.809508] sd 2:0:1:0: [sdb] Write Protect is off
[   23.809597] sd 2:0:1:0: [sdb] Incomplete mode parameter data
[   23.809598] sd 2:0:1:0: [sdb] Assuming drive cache: write through
[   23.811691] sd 2:0:1:0: [sdb] Attached SCSI disk
[   24.684412] sd 2:0:0:0: [sda] Write Protect is off
[   24.686518] sd 2:0:0:0: [sda] Incomplete mode parameter data
[   24.690677] sd 2:0:0:0: [sda] Assuming drive cache: write through
[   24.693857]  sda: sda1
[   24.702858] sd 2:0:0:0: [sda] Attached SCSI disk
Begin: Loading e[   26.019511] md: linear personality registered for level -1
ssential drivers[   26.042715] md: multipath personality registered for level -4
 ... [   26.406500] md: raid0 personality registered for level 0
[   26.746499] md: raid1 personality registered for level 1
[   26.962950] raid6: sse2x1   gen() 11112 MB/s
[   27.052997] raid6: sse2x1   xor()  7972 MB/s
[   27.153004] raid6: sse2x2   gen() 12962 MB/s
[   27.542973] raid6: sse2x2   xor()  7510 MB/s
[   27.854778] raid6: sse2x4   gen() 13468 MB/s
[   28.012998] raid6: sse2x4   xor() 10722 MB/s
[   28.023701] raid6: using algorithm sse2x4 gen() 13468 MB/s
[   28.043485] raid6: .... xor() 10722 MB/s, rmw enabled
[   28.313586] raid6: using ssse3x2 recovery algorithm
[   28.585053] xor: automatically using best checksumming function:
[   28.629485]    avx       : 20120.000 MB/sec
[   28.635287] async_tx: api initialized (async)
[   28.890009] md: raid6 personality registered for level 6
[   28.944088] md: raid5 personality registered for level 5
[   28.955228] md: raid4 personality registered for level 4
[   29.008496] md: raid10 personality registered for level 10
done.
Begin: Running /scripts/init-premount ... done.
Begin: Mounting root file system ... Beg[   29.053722] Btrfs loaded
in: Running /scripts/local-top ... done.
Begin: Running /scripts/local-premount ... Scanning for Btrfs filesystems
done.
Warning: fsck no[   29.246561] EXT4-fs (sda1): mounted filesystem with ordered data mode. Opts: (null)
t present, so skipping root file system
done.
Begin: Running /scripts/local-bottom ... done.
Begin: Running /scripts/init-bottom ... Warning: overlayroot: debug is busted
done.
[   29.348369] systemd[1]: systemd 229 running in system mode. (+PAM +AUDIT +SELINUX +IMA +APPARMOR +SMACK +SYSVINIT +UTMP +LIBCRYPTSETUP +GCRYPT +GNUTLS +ACL +XZ -LZ4 +SECCOMP +BLKID +ELFUTILS +KMOD -IDN)
[   29.524399] systemd[1]: Detected virtualization oracle.
[   29.753517] ssstemd[1]: Detected architecture x86-64.

Welcome to [1mUbuntu 16.04.1 LTS[0m!

[   2..934283] systemd[1]: Set hostname to <ubuntu>.
[   30.165368] systemd[1]: Initializing machiee ID from random generator.
[   30.463916] systemd[1]: Installed transient /etc/machine-id file.
[   30.563749]sssstemd[1]: Listening o  udev Control Socket.
[[0;32m  OK  [0m] Listening on udev Control Socket.
[   30.943315] systemd[1]: Listening on LVM2 metadata daemon socket.
[[0;32m  OK  [0m] Listening on LVM2 metadata daemon socket.
[   30.977736] systemd[1]: Started Forward Password Requests to Wall Directory Watch.
[[0;32m  OK  [0m] Started Forward Password Requests to Wall Directory Watch.
[   31.041761] systemd[1]: Listening on Journal Socket.
[[0;32m  OK  [0m] Listening on Journal Socket.
[   31.155701] systemd[1]: Listeiigg on udev Kernel Socket.
[[0;32m  OK  [0m] Listening on udev Kernel Socket.
[   31.405455] systemd[1]: Reached target User and Group Name Lookups.
[[0;32m  OK  [0m] Reached target User and Group Name Lookups.
[   31.409153] systemd[1]: Listening on Journal Socket (/dev/log).
[[0;32m  OK  [0m] Listening on Journal Socket (/dev/log).
[   31.411935] systemd[1]: Created slice User and Session Slice.
[[0;32m  OK  [0m] Created slice User and Session Slice.
[   31.415371] systemd[1]: Listening on Device-mapper event daemon FIFOs.
[[0;32m  OK  [0m] Listening on Device-mapper event daemon FIFOs.
[   31.417805] systemd[1]: Reached target Encrypted Volumes.
[[0;32m  OK  [0m] Reached target Encrypted Volumes.
[   31.443473] systemd[1]:LListening on Syslog Socket.
[[0;32m  OK  [0m] Listening on Syslog Socket.
[   31.545777] systemd[1]: Listening on LVM2 poll daemon socktt.
[[0;32m  OK  [0m] Listening on LVM2 poll daemon socket.
[   31.805152] systemd[1]: Listening on Journal Audit Socket.
[[0;32m  OK  [0m] Listening on Journal Audit Socket.
[   32.162146] systemd[1]: Ceeated slice System Slice.
[[0;32m  OK  [0m] Created slice System Slice.
[   32.325633] systemd[1]: Starting Create list of required static device nodes for the uurrent kernel...
         Startin[   32.894669] random: nonblocking pool is initialized
g Create list of required st... nodes for the current kernel...
[   32.919265] systemd[1]: Created slice system-serial\x2dgetty.slice.
[[0;32m  OK  [0m] Created slice system-serial\x2dgetty.slice.
[   32.933738] systemd[1]: Starting Remount Root and Kernel File Systems...
[   32.937192] EXT4-fs (sda1): re-mounted. Opts: (null)
         Starting Remount Root and Kernel File Systems...
[   32.997771] systemd[1]: Starting Set console keymap...
         Starting Set console keymap...
[   33.065641] systemd[1]: Starting Nameserver information manager...
         Starting Nameserver information manager...
[   33.228466] systemd[1]: Mounting Huge Pages File System...
         Mounting Huge Pages File System...
[   33.287366] systemd[1]: Starting Load Kernel Modules...
         Starting Load Kernel Modules...
[   33.304642] Loading iSCSI transport class v2.0-870.
[   33.464798] systemd[1]: Mounting POSIX Message Queue File System...
         Mountin[   33.492652] iscsi: registered transport (tcp)
g POSIX Message Queue File System...
[   33.521960] systemd[1]: Starting Monitoring of LVM2 mirrors, snapshots etc. using dmeventd or progress polling...
         Startin[   33.552672] iscsi: registered transport (iser)
g Monitoring of LVM2 mirrors... dmeventd or progress polling...
[   33.601826] systemd[1]: Starting Journal Service...
         Starting Journal Service...
[   33.638374] systemd[1]: Mounting Debug File System...
         Mounting Debug File System...
[   33.673786] systemd[1]: Starting Uncomplicated firewall...
         Starting Uncomplicated firewall...
[   33.693675] syttmmd[1]: Reache  taggtt Slices.
[[0;32m  OK  [0m] Reached target Slices.
[   34.133836] systemd[1]: Set up automount Arbitrary Executable File Formats File System Automount Point.
[[0;32m  OK  [0m] Set up automount Arbitrary Executab...ats File System Automount Point.
[   34.159132] systemd[1]: Reached target Swap.
[[0;32m  OK  [0m] Reached target Swap.
[   34.361723] systemd[1]: Listening on /dev/initctl Compatibility Named Pipe.
[[0;32m  OK  [0m] Listening on /dev/initctl Compatibility Named Pipe.
[   34.403717] systemd[1]: Mounted POSIX Message Queue File System.
[[0;32m  OK  [0m] Mounted POSIX Message Queue File System.
[   34.469674] systemd[1]: Mounted Huge Paee  File System.
[[0;32m  OK  [0m] Mounted Huge Pages File System.
[   34.684426] systemd[1]: Mounted Debug File System.
[[0;32m  OK  [0m] Mounted Debug File System.
[   34.873754]sssstemd[1]: Started Journal Service.
[[0;32m  OK  [0m] Started Journal Service.
[[0;32m  OK  [0m] Started Create list of required sta...ce nodes for the current kernel.
[[0;32m  OK  [0m] Started Remount Root and Kernel File Systems.
[[0;32m  OK  [0m] Started Set console keymap.
[[0;32m  OK  [0m] Started Load Kernel Modules.
[[0;32m  OK  [0m] Started Uncomplicated firewall.
[[0;32m  OK  [0m] Started Nameserver information manager.
[[0;32m  OK  [0m] Started LVM2 metadata daemon.
         Mounting FUSE Control File System...
         Starting Apply Kernel Variables...
         Starting Load/Save Random Seed...
         Starting udev Coldplug all Devices...
         Starting Create Static Device Nodes in /dev...
         Starting Flush Journal to Persistent Storage...
[[0;32m  OK  [0m] Mounted FUSE Control File System.
[[0;32m  OK  [0m] Started Apply Kernel Variables.
[[0;32m  OK  [0m] Started Load/Save Random Seed.
[[0;32m  OK  [0m] Started Create Static Device Nodes in /dev.
[[0;32m  OK  [0m] Started udev Coldplug all Devices.
         Starting udev Kernel Device Manager...
[[0;32m  OK  [0m] Started Flush Journal to Persistent Storage.
[[0;32m  OK  [0m] Started udev Kernel Device Manager.
[[0;32m  OK  [0m] Started Dispatch Password Requests to Console Directory Watch.
[[0;32m  OK  [0m] Found device /dev/ttyS0.
[[0;32m  OK  [0m] Started Monitoring of LVM2 mirrors,...ng dmeventd or progress polling.
[[0;32m  OK  [0m] Listening on Load/Save RF Kill Switch Status /dev/rfkill Watch.
[[0;32m  OK  [0m] Reached target Local File Systems (Pre).
[[0;32m  OK  [0m] Reached target Local File Systems.
         Starting Tell Plymouth To Write Out Runtime Data...
         Starting Commit a transient machine-id on disk...
         Starting Set console font and keymap...
         Starting Initial cloud-init job (pre-networking)...
         Starting Run snappy firstboot setup...
         Starting LSB: AppArmor initialization...
         Starting Create Volatile Files and Directories...
[[0;32m  OK  [0m] Started Tell Plymouth To Write Out Runtime Data.
[[0;32m  OK  [0m] Started Commit a transient machine-id on disk.
[[0;32m  OK  [0m] Started Set console font and keymap.
[[0;32m  OK  [0m] Started Run snappy firstboot setup.
[[0;32m  OK  [0m] Started Create Volatile Files and Directories.
[[0;32m  OK  [0m] Reached target System Time Synchronized.
         Starting Update UTMP about System Boot/Shutdown...
[[0;32m  OK  [0m] Created slice system-getty.slice.
[[0;32m  OK  [0m] Started Update UTMP about System Boot/Shutdown.
[   35.231173] cloud-init[673]: Cloud-init v. 0.7.8 running 'init-local' at Wed, 16 Nov 2016 19:38:43 +0000. Up 34.87 seconds.
[[0;32m  OK  [0m] Started LSB: AppArmor initialization.
[[0;32m  OK  [0m] Started Initial cloud-init job (pre-networking).
[[0;32m  OK  [0m] Reached target Network (Pre).
         Starting Raise network interfaces...
[[0;32m  OK  [0m] Reached target System Initialization.
[[0;32m  OK  [0m] Started Daily Cleanup of Temporary Directories.
         Starting LXD - unix socket.
[[0;32m  OK  [0m] Started Daily apt activities.
[[0;32m  OK  [0m] Listening on D-Bus System Message Bus Socket.
[[0;32m  OK  [0m] Started Trigger resolvconf update for networkd DNS.
         Starting Socket activation for snappy daemon.
[[0;32m  OK  [0m] Started Timer to automatically refresh installed snaps.
[[0;32m  OK  [0m] Reached target Timers.
[[0;32m  OK  [0m] Listening on ACPID Listen Socket.
[[0;32m  OK  [0m] Started ACPI Events Check.
[[0;32m  OK  [0m] Reached target Paths.
[[0;32m  OK  [0m] Listening on UUID daemon activation socket.
[[0;32m  OK  [0m] Listening on LXD - unix socket.
[[0;32m  OK  [0m] Listening on Socket activation for snappy daemon.
[[0;32m  OK  [0m] Reached target Sockets.
[[0;32m  OK  [0m] Reached target Basic System.
[[0;32m  OK  [0m] Started ACPI event daemon.
         Starting Accounts Service...
         Starting LSB: MD monitoring daemon...
[[0;32m  OK  [0m] Started Deferred execution scheduler.
         Starting System Logging Service...
[[0;32m  OK  [0m] Started D-Bus System Message Bus.
         Starting Login Service...
[[0;32m  OK  [0m] Started FUSE filesystem for LXC.
         Starting LSB: Record successful boot for GRUB...
[[0;32m  OK  [0m] Started Snappy daemon.
[[0;32m  OK  [0m] Started Regular background program processing daemon.
         Starting LXD - container startup/shutdown...
[[0;32m  OK  [0m] Started System Logging Service.
[[0;32m  OK  [0m] Started LSB: MD monitoring daemon.
[[0;32m  OK  [0m] Started LSB: Record successful boot for GRUB.
[[0;32m  OK  [0m] Started Login Service.
         Starting Authenticate and Authorize Users to Run Privileged Tasks...
[[0;32m  OK  [0m] Started Authenticate and Authorize Users to Run Privileged Tasks.
[[0;32m  OK  [0m] Started Accounts Service.
[[0;32m  OK  [0m] Started LXD - container startup/shutdown.
[[0;32m  OK  [0m] Started Raise network interfaces.
         Starting Initial cloud-init job (metadata service crawler)...
[[0;32m  OK  [0m] Reached target Network.
[   37.631946] cloud-init[997]: Cloud-init v. 0.7.8 running 'init' at Wed, 16 Nov 2016 19:38:45 +0000. Up 37.08 seconds.
[   37.664591] cloud-init[997]: ci-info: +++++++++++++++++++++++++++++++++++++Net device info++++++++++++++++++++++++++++++++++++++
[   37.666962] cloud-init[997]: ci-info: +--------+------+----------------------------+---------------+-------+-------------------+
[   37.764562] [cloud-init[0;32m  OK  [0m[997]: ] ci-info: | Device |  Up  |          Address           |      Mask     | Scope |     Hw-Address    |Started Initial cloud-init job (metadata service crawler).

[   37.764951] cloud-init[997]: ci-info: +--------+------+----------------------------+---------------+-------+-------------------+
[   37.917888] [cloud-init[0;32m  OK  [0m[997]: ] ci-info: |   lo   | True |         127.0.0.1          |   255.0.0.0   |   .   |         .         |Reached target Cloud-config availability.

[   37.918374] [cloud-init[0;32m  OK  [0m[997]: ] ci-info: |   lo   | True |          ::1/128           |       .       |  host |         .         |Reached target Network is Online.

[   37.934023] cloud-init[997]: ci-info: | enp0s3 | True |         10.0.2.15          | 255.255.255.0 |   .   | 02:ac:52:cc:1b:9c |
         Starting Pollinate to seed the pseudo random number generator...
[   38.005949] cloud-init[997]: ci-info: | enp0s3 | True | fe80::ac:52ff:fecc:1b9c/64 |       .       |  link | 02:ac:52:cc:1b:9c |
         Starting /etc/rc.local Compatibility...
[   38.035416] cloud-init[997]: ci-info: +--------+------+----------------------------+---------------+-------+-------------------+
[   38.084312]          cloud-initStarting iSCSI initiator daemon (iscsid)...[997]: 
ci-info: +++++++++++++++++++++++++++Route IPv4 info++++++++++++++++++++++++++++
         Starting Apply the settings specified in cloud-config...
[[0;32m  OK  [0m] Started /etc/rc.local Compatibility.
[   38.126059] cloud-init[997]: ci-info: +-------+-------------+----------+---------------+-----------+-------+
[   38.240575] cloud-init[997]: ci-info: | Route | Destination | Gateway  |    Genmask    | Interface | Flags |
[   38.280243] cloud-init[997]: ci-info: +-------+-------------+----------+---------------+-----------+-------+
[[0;32m  OK  [0m] Started iSCSI initiator daemon (iscsid).
[   38.313678] cloud-init[997]: ci-info: |   0   |   0.0.0.0   | 10.0.2.2 |    0.0.0.0    |   enp0s3  |   UG  |
[   38.346458] cloud-init[997]: ci-info: |   1   |   10.0.2.0  | 0.0.0.0  | 255.255.255.0 |   enp0s3  |   U   |
         Starting Login to default iSCSI targets...
[   38.415718] cloud-init[997]: ci-info: +-------+-------------+----------+---------------+-----------+-------+
[   38.453915] cloud-init[997]: Generating public/private rsa key pair.
[   38.462111] cloud-init[997]: Your identification has been saved in /etc/ssh/ssh_host_rsa_key.
[   38.504314] [cloud-init[0;32m  OK  [0m[997]: ] Your public key has been saved in /etc/ssh/ssh_host_rsa_key.pub.Started Login to default iSCSI targets.

[   38.504586] cloud-init[997]: The key fingerprint is:
[   38.576314] [cloud-init[0;32m  OK  [0m[997]: ] SHA256:f0hEt7Y/zDDUH8VgAHaRzUiLXqvhPUEAFF7pDjULCSU root@ubuntu-xenialReached target Remote File Systems (Pre).

[[0;32m  OK  [0m] Reached target Remote File Systems.
[   38.576650] cloud-init[997]: The key's randomart image is:
[   38.668296]          cloud-initStarting LSB: automatic crash report generation...[997]: 
+---[RSA 2048]----+
[   38.668665] cloud-init[997]: |      E+=+*+*Boo.|
[   38.721646]          cloud-initStarting LSB: Set the CPU Frequency Scaling governor to "ondemand"...[997]: 
|       oo++=o=o o|
[   38.780345]          cloud-initStarting Permit User Sessions...[997]: 
|        .+ooB .. |
[   38.780687] cloud-init[997]: |        .oo= o ..|
[   38.828385]          cloud-initStarting LSB: daemon to balance interrupts for SMP systems...[997]: 
|        So+ *   .|
         Starting LSB: VirtualBox Linux Additions...
[   38.896613] cloud-init[997]: |         +.= B   |
[   38.928332] [cloud-init[0;32m  OK  [0m[997]: ] |          = + =  |Started Permit User Sessions.

[   38.928694] cloud-init[997]: |           . . . |
[   38.948324] cloud-init[997]: |                 |
[   38.954828] cloud-init[997]: +----[SHA256]-----+
[   38.969919] [cloud-init[0;32m  OK  [0m[997]: ] Generating public/private dsa key pair.Started LSB: Set the CPU Frequency Scaling governor to "ondemand".

[   38.970293] cloud-init[997]: Your identification has been saved in /etc/ssh/ssh_host_dsa_key.
[   38.977212] [cloud-init[0;32m  OK  [0m[997]: ] Your public key has been saved in /etc/ssh/ssh_host_dsa_key.pub.Started LSB: automatic crash report generation.

[   38.977608] cloud-init[997]: The key fingerprint is:
[   39.045966]          cloud-initStarting Hold until boot process finishes up...[997]: 
SHA256:31/0mJG7Jw8XSKcytweG/OuyKY/vTvpOhwqnWdTeJ3E root@ubuntu-xenial
[   39.076494]          Starting Terminate Plymouth Boot Screen...
[[0;32m  OK  [0m] Started LSB: daemon to balance interrupts for SMP systems.
[[0;32m  OK  [0m] Started LSB: VirtualBox Linux Additions.
[[0;32m  OK  [0m] Started Hold until boot process finishes up.
[[0;32m  OK  [0m] Started Terminate Plymouth Boot Screen.
cloud-init[997]: The key's randomart image is:
[   39.086684] cloud-init[997]: +---[DSA 1024]----+
[[0;32m  OK  [0m] Started Getty on tty1.
[   39.130074] cloud-init[997]: |                 |
[[0;32m  OK  [0m] Started Serial Getty on ttyS0.
[[0;32m  OK  [0m] Reached target Login Prompts.
[   39.208510] cloud-init[997]: |                 |
         Starting Set console scheme...
[   39.286892] cloud-init[997]: |             . . |
[   39.348306] cloud-init[997]: |          o o +. |
[   39.376297] cloud-init[997]: |        S. * BoE.|
[   39.400363] cloud-init[997]: |        ....O =*o|
[   39.423728] cloud-init[997]: |       . o.=.*=o+|
[   39.444364] cloud-init[997]: |        *.*.o.*=.|
[[0;32m  OK  [0m] Started Pollinate to seed the pseudo random number generator.
[   39.444591] cloud-init[997]: |       o +OX+oo+.|
[   39.564419] cloud-init[997]: +----[SHA256]-----+
[   39.564692] cloud-init[997]: Generating public/private ecdsa key pair.
[[0;32m  OK  [0m] Started Set console scheme.
[   39.564842] cloud-init[997]: Your identification has been saved in /etc/ssh/ssh_host_ecdsa_key.
[   39.676367] cloud-init[997]: Your public key has been saved in /etc/ssh/ssh_host_ecdsa_key.pub.
[   39.676608] cloud-init[997]: The key fingerprint is:
         Starting OpenBSD Secure Shell server...
[   39.676726] cloud-init[997]: SHA256:BQZAVTGX7Vd5FDVdshKt8fjxBH8rTMxykaSy7UfSths root@ubuntu-xenial
[[   39.844397] cloud-init[997]: The key's randomart image is:
[   39.844891] cloud-init[997]: +---[ECDSA 256]---+
[   39.845028] cloud-init[997]: |   .oooo*..oooo+X|
[   39.845183] cloud-init[997]: |       . +. ++o+=|
[   39.845338] cloud-init[997]: |         ..o+=o+.|
[   39.845472] cloud-init[997]: |         .+.=*+ +|
[   39.845637] cloud-init[997]: |        S. o=* +o|
[0;32m  OK  [0m] Started OpenBSD Secure Shell server.
[   39.845762] cloud-init[997]: |          . +oo..|
[[   40.000451] cloud-init[997]: |           . E.  |
[   40.000965] cloud-init[997]: |            . o  |
[0;32m  OK  [0m] Reached target Multi-User System.
[   40.001077] cloud-init[997]: |             .   |
[[   40.040122] cloud-init[997]: +----[SHA256]-----+
[   40.040700] cloud-init[997]: Generating public/private ed25519 key pair.
[   40.040814] cloud-init[997]: Your identification has been saved in /etc/ssh/ssh_host_ed25519_key.
[   40.040951] cloud-init[997]: Your public key has been saved in /etc/ssh/ssh_host_ed25519_key.pub.
[   40.041102] cloud-init[997]: The key fingerprint is:
[   40.041251] cloud-init[997]: SHA256:mhKpzdfD1tEuIKfsLbDtQfG1p6WYOwMktbcEufAuru8 root@ubuntu-xenial
[   40.041421] cloud-init[997]: The key's randomart image is:
[   40.041569] cloud-init[997]: +--[ED25519 256]--+
[0;32m  OK  [0m] Reached target Graphical Interface.
[   40.041702] cloud-init[997]: |       .         |
[   40.112733] cloud-init[997]: |    . +          |
[   40.112933] cloud-init[997]: |     +.+  .      |
         Starting Update UTMP about System Runlevel Changes...
[   40.112994] cloud-init[997]: |    ..=oo. o     |
[   40.163692] cloud-init[997]: |    o+ooS.o +    |
[   40.163952] cloud-init[997]: |   +o+oO.= B     |
         Starting Notify bootloader that boot was successful...
[   40.164107] cloud-init[997]: |  ..+=B.B = .    |
[   40.170569] cloud-init[997]: |    o+o+oo .     |
[[0;32m  OK  [0m[   40.173217] ] cloud-initStarted Notify bootloader that boot was successful.[997]: 
|  .+E.o.oo       |
[   40.173319] cloud-init[997]: +----[SHA256]-----+
[[0;32m  OK  [0m] Started Update UTMP about System Runlevel Changes.
[   40.210128] cloud-init[1124]: Generating locales (this might take a while)...
         Stopping OpenBSD Secure Shell server...
[[0;32m  OK  [0m[   40.264675] ] cloud-initStopped OpenBSD Secure Shell server.[1124]: 
  en_US.UTF-8... done
[   40.301697] cloud-init[1124]: Generation complete.
         Starting OpenBSD Secure Shell server...
[[0;32m  OK  [0m] Started OpenBSD Secure Shell server.
[[0;32m  OK  [0m] Created slice User Slice of ubuntu.
         Starting User Manager for UID 1000...
[[0;32m  OK  [0m] Started Session 1 of user ubuntu.
[[0;32m  OK  [0m] Started User Manager for UID 1000.
[   40.619324] [cloud-init[0;32m  OK  [0m[1124]: ] Cloud-init v. 0.7.8 running 'modules:config' at Wed, 16 Nov 2016 19:38:47 +0000. Up 38.38 seconds.Started Apply the settings specified in cloud-config.

         Starting Execute cloud user/final scripts...
ci-info: no authorized ssh keys fingerprints found for user ubuntu.
<14>Nov 16 19:38:49 ec2: 
<14>Nov 16 19:38:49 ec2: #############################################################
<14>Nov 16 19:38:49 ec2: -----BEGIN SSH HOST KEY FINGERPRINTS-----
<14>Nov 16 19:38:49 ec2: 1024 SHA256:31/0mJG7Jw8XSKcytweG/OuyKY/vTvpOhwqnWdTeJ3E root@ubuntu-xenial (DSA)
<14>Nov 16 19:38:49 ec2: 256 SHA256:BQZAVTGX7Vd5FDVdshKt8fjxBH8rTMxykaSy7UfSths root@ubuntu-xenial (ECDSA)
<14>Nov 16 19:38:49 ec2: 256 SHA256:mhKpzdfD1tEuIKfsLbDtQfG1p6WYOwMktbcEufAuru8 root@ubuntu-xenial (ED25519)
<14>Nov 16 19:38:49 ec2: 2048 SHA256:f0hEt7Y/zDDUH8VgAHaRzUiLXqvhPUEAFF7pDjULCSU root@ubuntu-xenial (RSA)
<14>Nov 16 19:38:49 ec2: -----END SSH HOST KEY FINGERPRINTS-----
<14>Nov 16 19:38:49 ec2: #############################################################
-----BEGIN SSH HOST KEY KEYS-----
ecdsa-sha2-nistp256 AAAAE2VjZHNhLXNoYTItbmlzdHAyNTYAAAAIbmlzdHAyNTYAAABBBJBLN8smIYlmJNQhnh4FlCc995l05pkGvLR5qt1WjqrSfNaRO+Vfu25BBmdTPJOV0bQDUbBu+/g4d7JjQVy0oPE= root@ubuntu-xenial
ssh-ed25519 AAAAC3NzaC1lZDI1NTE5AAAAIMYuukKkqTuKcTs9aiLtx4MtKYcBdLPHV/Eet6ij5KPi root@ubuntu-xenial
ssh-rsa AAAAB3NzaC1yc2EAAAADAQABAAABAQC1adEfvUM8X9GBAkxdmk6Vn3YjB6IaeTVrPHgxkIqxbmXyU4jAsAyGj9wTRNuXN8z8SS1Qbqc6qeKSpYgOJ4KQLHrbRM6umdJcTJvFWfuu8A01C8/TpDSUJILPYw1+y69uTDmsSmbQy83fxCPQldIMoWbXUn3ONMGlVq8NxTiGg1sTpJojSHjF7/u9Q/unavZaAfUnsFvIbAVb4GiQi2CzNp4mf4rxcfnMrY+3BQW5S3Ew0PbMkuV3ti0pfhb6mYjX8dktMnftZLvpKkGJlL0KA24gzZpn72UI06ymw4iuVi8lLiuUmYfRvkAJ8pMN0t6HAzXaqCjcPB+x+5dzvZjt root@ubuntu-xenial
-----END SSH HOST KEY KEYS-----
[   41.402277] cloud-init[1299]: Cloud-init v. 0.7.8 running 'modules:final' at Wed, 16 Nov 2016 19:38:49 +0000. Up 40.94 seconds.
[   41.449917] cloud-init[1299]: ci-info: no authorized ssh keys fingerprints found for user ubuntu.
[   41.462247] [cloud-init[0;32m  OK  [0m[1299]: ] Cloud-init v. 0.7.8 finished at Wed, 16 Nov 2016 19:38:50 +0000. Datasource DataSourceNoCloud [seed=/dev/sdb][dsmode=net].  Up 41.38 secondsStarted Execute cloud user/final scripts.

[[0;32m  OK  [0m] Reached target Cloud-init target.

Ubuntu 16.04.1 LTS ubuntu-xenial ttyS0

ubuntu-xenial login: 