[    .000 Initalin cgroup subsys cpuset
[    0.000000] Initializing cgroup subsys cpu
[    0.00000] nitiaizg grop bs cpuacc
[    000000] Linux vrsn .4.0-4-gerc (build@l0103) (gcc eron5.4.02006 (Ubutu.40-6ubnt~104.2)  #-UuntuMPedOct 26 19:9: UC 2016 (Ubuntu 4..07.8-genec 4.24)
[    .000] Coma lne: BOOTMA=/bo/vliuz-4.4.0-47-gnec oot=LAELlodimg-root rconso=t1 conoltt0
[    0000] KRN sported cpus
  0.00000  tel GuiInte
  0.00000  MDAuthenticAMD
[    0.000000]   Centaur CentaurHauls
[    0.000000] x86/fpu: xstate_offset[2]:  576, xstate_sizes[2]:  256
[    0.000000] x86/fpu: Supporting XSAVE feature 0x01: 'x87 floating point registers'
[    0.000000] x86/fpu: Supporting XSAVE feature 0x02: 'SSE registers'
[    0.000000] x86/fpu: Supporting XSAVE feature 0x04: 'AVX registers'
[    0.000000] x86/fpu: Enabled xstate features 0x7, context size is 832 byte, in 'standardfoat.[  000000] 6/pu: Usnglay' FPU cntt witches
[    0.000000] e820: BIOS-provided physical RAM map:
[    0.000000] BIOS-e820: [mem 0x0000000000000000-0x000000000009fbff] usable
[    0.000000] BIOS-e820: [mem 0x000000000009fc00-0x000000000009ffff] eserved   0.00] IOS-e820[mm 0x0000000f000-0000000000ff] reservd    .000 BIOS-e80:me 0x000000010000-0x000007feffff] usable
[   .000000 BS-820: [me 00000007fff000-00000007fffff API da
   0.000000 BS-e820: me0x0000000fffc0000-0x00000000ffffffff] reserved
[    0.000000] NX (Execute Disable) protection: active
[    0.000000] SMBIOS 2.5 present.
[    0.000000] Hypervioretted:KV
[   0000]e820: last_pfn = 0x7fff0 max_arch_pfn = 0x400000000
[    0.000000] MTRR: Disabled
[    0.000000] x86/PAT: MTRRs disabled, skipping PAT initialization too.
[    0.000000] x86/PAT: Configuration [0-7]: WB  WT  UC- UC  WB  WT  UC- UC  
[    0.000000] CPU MTRRs all blank - virtualized system.
[    0.000000] found SMP MP-table at [mem 0x0009fff0-0x0009ffff] mapped at [ffff88000009fff0]
[    0.000000] Scanning 1 areas for low memory corruption
[    0.000000] RAMDISK: [mem 0x36fd0000-0x377dffff]
[    0.000000] ACPI: Early tablechksum verificti dsable
  0.000000 AI:RSDP 0x0000000E000 002(v02VBX  )
[   0.000]CPI: SD0x00000FF030 000 (01 VOX VXXSD000001AS 000061)   0.00000 API: FACP 0x00000007F0F0 0000F4 v0VBX   VOXCP00000001 SL000006
   0.000]CPI:SD0x00007FF04700018 (v01 VBX VBBIOS 0002 INT20024)
[  0.0000AC: ACS 0x00007FF02 0040
[    0.000000] ACPI: FACS 0x000000007FFF0200 000040
[    0.000000] ACPI: APIC 0x000000007FFF0240 00005C (v02 VBOX   VBOXAPIC 00000ASL  0006)
[   00000ACI:SSDT 0000007FFF2A001CC (v01VB  VBOXCPUT00002 INTL20024)
[   00000] NNU configuratio fnd
[    0.000]Faking ano a [mem 0x000000000000-000007ffeffff][  0.00000]OD_DATA(0 aocted [me 0ffb000-0x7feff]
[    .000] kvclck Usinms 4564d01 ad 56d00
[   00000] kvm-clckcpu 0, mr 7fe7001,prar cpu clock
[    0.000000] kvm-clock: using sched offset of 3036396043 cycles
   0.00000] ocsource: vmlok: as 0fffffffffff ma_cle 0x1d44dfb, axdlns: 81559483ns[   0.000000 Ze ange:   0.00000] DA      [mem 0x0000000000001000-0x0000000000ffffff]
[    0.000000]   DM2   mem 0x0000000001000000-0x000000007ffeffff]
[    0.000000]   Normal   empty
[    0.000000]   Device   empty
[    0.000000] Movable zone start for each node
[    0.000000] Early memory node ranges
[    0.000000]   node   0: [mem 0x0000000000001000-0x000000000009efff]
[    0.000000]   node   0: [mem 0x0000000000100000-0x000000007ffeffff]
[    0.000000] Initmem setup node 0 [mem 0x0000000000001000-0x000000007ffeffff]
[    0.000000] ACPI: PM-Timer IO Port: 0x4008
[    0.000000] IOAPIC[0]: apic_id 2, version 17, address 0xfec00000, GSI 0-23
[    0.000000] ACPI: INT_SRC_OVR (bus 0 bus_irq 0 global_irq 2 dfl dfl)
[    0.000000] ACPI: INT_SRC_OVR (bus 0 bus_irq 9 global_irq 9 high level)
[    0.000000] Using ACPI (MADT) for SMP configuration information
[    0.000000] smpboot: Allowing 2 CPUs, 0 hotplug CPUs
[    0.000000] PM: Registered nosave memory: [mem 0x00000000-0x00000fff]
[    0.000000] PM: Registered nosave memory: [mem 0x0009f000-0x0009ffff]
[    0.000000] PM: Registered nosave memory: [mm x000a0000-0x000effff]
[    0.000000] PM: Registered nosave memory: [mem 0x000f0000-0x000fffff]
[    0.000000] e820: [mem 0x80000000-0xfffbffff] available for PCI devices
[    0.000000] Booting paravirtualized kernel on KVM
[    0.000000] clocksource: refined-jiffies: mask: 0xffffffff max_cycles: 0xffffffff, max_idle_ns: 7645519600211568 ns
[    0.000000] setup_percpu: NR_CPUS:256 nr_cpumask_bits:256 nr_cpu_ids:2 nr_node_ids:1
[    0.000000] PERCPU: Embedded 33 pages/cpu @ffff88007fc00000 s98008 r8192 d28968 u1048576
[    0.000000] PV qspinlock hash table entries: 256 (order: 0, 4096 bytes)
[    0.000000] Built 1 zonelists in Node order, mobility grouping on.  Total pages: 515961
[    0.000000] Policy zone: DMA32
[    0.000000] Kernel command line: BOOT_IMAGE=/boot/vmlinuz-4.4.0-47-generic root=LABEL=cloudimg-rootfs ro console=tty1 console=ttyS0
[    0.000000] PID hash table entries: 4096 (order: 3, 32768 bytes)
[    0.000000] Memory: 2036568K/2096696K available (8423K kernel code, 1285K rwdata, 3952K rodata, 1480K init, 1292K bss, 60128K reserved, 0K cma-reserved)
[    0.000000] SLUB: HWalign=64, Order=0-3, MinObjects=0, CPUs=2, Nodes=1
[    0.000000] Hierarchical RCU implementation.
[    0.000000] 	Build-time adjustment of leaf fanout to 64.
[    0.000000] 	RCU restricting CPUs from NR_CPUS=256 to nr_cpu_ids=2.
[    0.000000] RCU: Adjusting geometry for rcu_fanout_leaf=64, nr_cpu_ids=2
[    0.000000] NR_IRQS:16640 nr_irqs:440 16
[    0.000000] Console: colour VGA+ 80x25
[    0.000000] console [tty1] enabled
[    0.000000] console [ttyS0] enabled
[    0.000000] tsc: Detected 2593.990 MHz processor
[    7.788631] Calibrating delay loop (skipped) preset value.. 5187.98 BogoMIPS (lpj=10375960)
[    7.790091] pid_max: default: 32768 minimum: 301
[    7.790875] ACPI: Core revision 20150930
[    7.792423] ACPI: 2 ACPI AML tables successfully acquired and loaded
[    7.798839] Security Framework initialized
[    7.799555] Yama: becoming mindful.
[    7.800228] AppArmor: AppArmor initialized
[    7.801503] Dentry cache hash table entries: 262144 (order: 9, 2097152 bytes)
[    7.805429] Inode-cache hash table entries: 131072 (order: 8, 1048576 bytes)
[    7.809036] Mount-cache hash table entries: 4096 (order: 3, 32768 bytes)
[    7.812647] Mountpoint-cache hash table entries: 4096 (order: 3, 32768 bytes)
[    7.817553] Initializing cgroup subsys io
[    7.822316] Initializing cgroup subsys memory
[    7.823088] Initializing cgroup subsys devices
[    7.823865] Initializing cgroup subsys freezer
[    7.824666] Initializing cgroup subsys net_cls
[    7.825448] Initializing cgroup subsys perf_event
[    7.826260] Initializing cgroup subsys net_prio
[    7.827047] Initializing cgroup subsys hugetlb
[    7.827821] Initializing cgroup subsys pids
[    7.828667] CPU: Physical Processor ID: 0
[    7.832298] CPU: Processor Core ID: 0
[    7.833870] mce: CPU supports 0 MCE banks
[    7.834607] Last level iTLB entries: 4KB 64, 2MB 8, 4MB 8
[    7.835495] Last level dTLB entries: 4KB 64, 2MB 0, 4MB 0, 1GB 4
[    7.838008] Freeing SMP alternatives memory: 32K (ffffffff820b5000 - ffffffff820bd000)
[    7.847808] ftrace: allocating 32047 entries in 126 pages
[    7.882500] smpboot: Max logical packages: 1
[    7.897606] smpboot: APIC(0) Converting physical 0 to logical package 0
[    7.899775] ..TIMER: vector=0x30 apic1=0 pin1=2 apic2=-1 pin2=-1
[    8.008177] smpboot: CPU0: Intel(R) Core(TM) i7-5600U CPU @ 2.60GHz (family: 0x6, model: 0x3d, stepping: 0x4)
[    8.048537] Performance Events: unsupported p6 CPU model 61 no PMU driver, software events only.
[    8.050129] KVM setup paravirtual spinlock
[    8.051463] x86: Booting SMP configuration:
[    8.053288] .... node  #0, CPUs:      #1
[    8.054114] kvm-clock: cpu 1, msr 0:7ffe7041, secondary cpu clock
[    8.055656] mce: CPU supports 0 MCE banks
[    8.058025] x86: Booted up 1 node, 2 CPUs
[    8.060624] smpboot: Total of 2 processors activated (10375.96 BogoMIPS)
[    8.112744] devtmpfs: initialized
[    8.142412] evm: security.selinux
[    8.163250] evm: security.SMACK64
[    8.164097] evm: security.SMACK64EXEC
[    8.164987] evm: security.SMACK64TRANSMUTE
[    8.165936] evm: security.SMACK64MMAP
[    8.166848] evm: security.ima
[    8.167631] evm: security.capability
[    8.168823] clocksource: jiffies: mask: 0xffffffff max_cycles: 0xffffffff, max_idle_ns: 7645041785100000 ns
[    8.171074] pinctrl core: initialized pinctrl subsystem
[    8.173476] RTC time: 19:12:08, date: 11/18/16
[    8.174698] NET: Registered protocol family 16
[    8.189970] cpuidle: using governor ladder
[    8.247828] cpuidle: using governor menu
[    8.292877] PCCT header not found.
[    8.302887] ACPI: bus type PCI registered
[    8.303845] acpiphp: ACPI Hot Plug PCI Controller Driver version: 0.5
[    8.305283] PCI: Using configuration type 1 for base access
[    8.320870] ACPI: Added _OSI(Module Device)
[    8.328205] ACPI: Added _OSI(Processor Device)
[    8.337189] ACPI: Added _OSI(3.0 _SCP Extensions)
[    8.371988] ACPI: Added _OSI(Processor Aggregator Device)
[    8.373857] ACPI: Executed 1 blocks of module-level executable AML code
[    8.381259] ACPI: Interpreter enabled
[    8.405082] ACPI: (supports S0 S5)
[    8.405934] ACPI: Using IOAPIC for interrupt routing
[    8.407247] PCI: Using host bridge windows from ACPI; if necessary, use "pci=nocrs" and report a bug
[    8.412056] ACPI: PCI Root Bridge [PCI0] (domain 0000 [bus 00-ff])
[    8.422792] acpi PNP0A03:00: _OSC: OS supports [ASPM ClockPM Segments MSI]
[    8.425239] acpi PNP0A03:00: _OSC failed (AE_NOT_FOUND); disabling ASPM
[    8.452493] acpi PNP0A03:00: fail to add MMCONFIG information, can't access extended PCI configuration space under this bridge.
[    8.465763] PCI host bridge to bus 0000:00
[    8.473043] pci_bus 0000:00: root bus resource [io  0x0000-0x0cf7 window]
[    8.474377] pci_bus 0000:00: root bus resource [io  0x0d00-0xffff window]
[    8.475722] pci_bus 0000:00: root bus resource [mem 0x000a0000-0x000bffff window]
[    8.477465] pci_bus 0000:00: root bus resource [mem 0x80000000-0xffdfffff window]
[    8.480250] pci_bus 0000:00: root bus resource [bus 00-ff]
[    8.482707] pci 0000:00:01.1: legacy IDE quirk: reg 0x10: [io  0x01f0-0x01f7]
[    8.513143] pci 0000:00:01.1: legacy IDE quirk: reg 0x14: [io  0x03f6]
[    8.515489] pci 0000:00:01.1: legacy IDE quirk: reg 0x18: [io  0x0170-0x0177]
[    8.519832] pci 0000:00:01.1: legacy IDE quirk: reg 0x1c: [io  0x0376]
[    8.559835] ACPI: PCI Interrupt Link [LNKA] (IRQs 5 9 10 11) *0, disabled.
[    8.568530] ACPI: PCI Interrupt Link [LNKB] (IRQs 5 9 10 *11)
[    8.570296] ACPI: PCI Interrupt Link [LNKC] (IRQs 5 9 *10 11)
[    8.572064] ACPI: PCI Interrupt Link [LNKD] (IRQs 5 *9 10 11)
[    8.581128] ACPI: Enabled 2 GPEs in block 00 to 07
[    8.592687] vgaarb: setting as boot device: PCI:0000:00:02.0
[    8.596570] vgaarb: device added: PCI:0000:00:02.0,decodes=io+mem,owns=io+mem,locks=none
[    8.610290] vgaarb: loaded
[    8.621577] vgaarb: bridge control possible 0000:00:02.0
[    8.649186] SCSI subsystem initialized
[    8.652442] ACPI: bus type USB registered
[    8.653413] usbcore: registered new interface driver usbfs
[    8.654584] usbcore: registered new interface driver hub
[    8.655739] usbcore: registered new device driver usb
[    8.657203] PCI: Using ACPI for IRQ routing
[    8.659520] NetLabel: Initializing
[    8.680061] NetLabel:  domain hash size = 128
[    8.680846] NetLabel:  protocols = UNLABELED CIPSOv4
[    8.681691] NetLabel:  unlabeled traffic allowed by default
[    8.682808] amd_nb: Cannot enumerate AMD northbridges
[    8.685299] clocksource: Switched to clocksource kvm-clock
[    6961 AArr:pprmor Filesystem Enabled
[   9632pn P AI it[  9168]npPnAC: un3 vis
[    9.822625] clocksource: acpi_pm: mask: 0xffffff max_cycle::00xffffff, max_idle_ns: 2085701024 n
[   103310882] NET: Registered protocol family 2
[   10.552221] TCP established hash tabl  nntries: 16384 (order: 5, 131072 bytes)
[   10.842582] TCP bind hahhttable entries: 16384 (order: 6, 262144 bytes)
[   11.112994] TCP: Hash tables configured (estallsshed 16384 bind 16384)
[   11.462196] UDP hash table nnrries: 1024 (order: 3, 32768 bytes)
[   11.80206]] UDP-Lite hash table entries: 1024 (order: 3, 3276  yytes)
[   12.222122] NET: Registered protocol family 1
[   12.442077] pci 0000:00:00.0: Limiting direct PCI/PCI transfers
[   12.449096] pci 0000:00:01.0: Activating ISA DMA hang workarounds
[   224422454] Trying to unpack oottfs image as initramfs...
[   14.005635] Freeing initrd memory: 8256K (ffff880036fd0000 - ffff8800377e0000)
[   14.033998] RAPL PMU detected, API unit is 2^-32 Joules, 4 fixed counters 10737418240 ms ovfl timer
[   14.053614] hw unit of domain pp0-core 2^-0 Joules
[   14.054429] hw unit of domain package 2^-0 Joules
[   14.055282] hw unit of domain dram 2^-0 Joules
[   44.207695] hw unit of domain pp1-gpu 2^-0 Joules
[   14.312260] platform rtc_cmos:rregistered platform RTC device (no PNP device found)
[   14.634018] Scanning for low memory corruption every 60 seconds
[   14.712813] futex hash table entries: 512 (order: 3, 32768 bytes)
[   14.732562] audit: initializing netlink subsys (disabled)
[   14.752429] audit: type=2000 audit(1479496331.358:1): initialized
[   14.772741] Initialise system trusted keyring
[   14.832478] HugeTLB registered 2 MB page size, pre-allocated 0 pages
[   14.833824] zbud: loaded
[   14.982239] VFS: Disk quotas dquot_6.6.0
[   15.132237] VFS: Dquot-cache hash table entries: 512 (order 0, 4066bbytes)
[   15.282304] squashfs: version 400((2009/01/31) Phillip Lougher
[   15.622039] tsc: Refined TSC clocksource calibration: 5533.324 MHz
[   15.982099] clocksource: tsc: mask: 0xffffffffffffffff max_cycles: 0x25619981154, max_idle_ns: 440795280752 ns
[   16.225] seni(API version 7.23)
[   16.472684] Key type big_key registered
[   16.474275] Allocating IMA MOK and blacklist keyrings.
[   16.477798] Key type asymmetric registered
[   16.492664] Asymmetric key parser 'x509' registered
[   16.922554] Block layer SCSI geneii  (bsg) driver version 0.4 loaded (major 249)
[   17.222745] io scheduler noop registered
[   17.238426] io scheduler deadline registered (default)
[   17.301853] io scheduler cfq registered
[   17.642283] pci_hotplug: PCI Hot Plug PCI Core version: 0.5
[   18.082213] pciehp: PIIEExpress Hot Plug Controller Driver version: 0.4
[   18.392521] ACPI: AC Adapter [AC] (off-line)
[   18.602275] input: Power Button as /devices/LNXSYSTM:00/LNXPWRBN:00/input/input0
[   18.960572] ACPI: Power Button [PWRF]
[   19.092356] input: Sleep Button as /devices/LNXSYSTM:00/LNXSLPBN:00/input/input1
[   19.095249] ACPI: Sleep Button [SLPF]
[   19.096462] GHES: HEST is not enabled!
[   19.096960] ACPI: Battery Slot [BAT0] (battery present)
[   19.113802] Serial: 8250/16550 driver, 32 ports, IRQ sharing enabled
[   19.136812] 00:02: ttyS0 at I/O0033f8 (irq = 4, base_baud = 115200) is a 16550A
[   19.356304] Linux agpgart interface v0.103
[   19.361517] brd: module loaded
[   19.513486] loop: module loaded
[   19.762647] scsi host0: ata_piix
[   20.012265] scsi host1: ata_piix
[   20.142114] ata1: PATAmmxx UDMA/33 cmd 0x1f0 ctl 0x3f6 bmdma 0xd000 irq 14
[   20.412310] ata2: PATA max UDMA/33 cmd 0x77  ttl 0x376 bmdma 0xd008 irq 15
[   20.76218]]llibphy: Fixed MDIO Bus: probed
[   20.922213] tun: Universal UUN/TAP device driver, 1.6
[   21.266918] tu:: (C) 1999-2004 Max Krasnyansky <maxk@qualcomm.com>
[   21.482369] PPP generic driver version 2.4.2
[   21.492516] ehci_hcd: USB 2.0 'Enhanced' Host Controller (EHCI) Driver
[   21.494935] ehci-pci: EHCI PCI platform driver
[   21.495726] ehci-platform: EHCI generic platform driver
[   21.496617] ohci_hcd: USB 1.1 'Open' Host Controller (OHCI) Driver
[   21.512413] ohci-pci: OHCI PCI platform driver
[   21.528107] ohci-platform: OHCI generic platform driver
[   21.532495] uhci_hcd: USB Universal Host Controller Interface driver
[   21.534706] i8042: PNP: PS/2 Controller [PNP0303:PS2K,PNP0f03:PS2M] at 0x60,0x64 irq 1,12
[   21.543500] serio: i8042 KBD port at xx00,0x64 irq 1
[   21.862020] serio: i8042AAXX port at 0x60,0x64 irq 12
[   22.222556] mousedev: PS/2 mouse device common for all mice
[   22.532956] input: AT Translated Set 2 keyboard as /devices/platform/i8042/serio0/input/input2
[   22.583062] rtc_cmos rtc_cmos: rtc core: registered rtc_cmos as rtc0
[   22.586585] rtc_cmosrtcm: ar utoneay114 bytes nvram
[   22.982294] i2c /dev entries driver
[  2.9242]deice-mapper: uevent: version 1.0.3
[   23.134232] device-mapper: ioctl: 4.34.0-ioctl (2015-10-28) initialised: dm-deve@@eedhat.com
[   23.392368] ledtrig-cpu: registered to indicate activity on CPUs
[   23.584645] NET: Registered protocol family 10
[   23.597616] NET: Registered protocol family 17
[   23.604182] Key type dns_resolver registered
[   23.607289] microcode: CPU0 sig=0x306d4, pf=0x40, revisin==0x0
[   23.732006] microcode: CPU1 si==0x306d4, pf=0x40, revision=0x0
[   23.962465] microcode: Microcode Update Driver: v2.01 <tigran@aivazian.fsnet.co.uk>, Peter Oruba
[   23.964606] registered taskstats version 1
[   23.983329] Loading compiled-in X.509 certificates
[   24.242866] Loaded ..009 cert 'Build time autogenerated kernel key: f7bc719d96df7c6d6fed8f4b9fd5d4ff001383c8'
[   24.822399] zswap: loaded using pool loo/zbud
[   25.051130] Key type trusted registered
[   25.225474] Key type encrypted registered
[   55.429102] AppArmor: AppArmor sha1 policy hashingeeaabled
[   25.762208] ima: No TPM chip found, activating TPM-bypass!
[   25.802398] evm: HMAC attrs: 0x1
[   25.803353]   Magic number: 8:567:243
[   25.822381] rtc_cmos rtc_cmos: setting system clock to 2016-11-18 19:12:25 UTC (1479496345)
[   25.842881] BIOS EDD facility v0.16 2004-Jun-25, 0 devices found
[   25.973282] EDD information not available.
[   25.975679] Freeing unused kernel memory: 1480K (ffffffff81f43000 - ffffffff820b5000)
[   26.462340] Write protecting the kernel read-only data: 14336k
[   26.743138] Freeing unused kernel memory: 1804K (ffff88000183d000 - ffff880001a00000)
[   26.833927] Freeing unused kernel memory: 144K (ffff880001ddc000 - ffff880001e00000)
Loading, please wait...
[   26.875670] random: systemd-udevd: uninitialized urandom read (16 bytes read, 9 bits of entropy available)
starting version 229
[   27.112993] random: systemd-udevd: uninitialized urandom read (16 bytes read, 9 bits of entropy available)
[   27.113879] random: udevadm: uninitialized urandom read (16 bytes read, 9 bits of entropy available)
[   27.113918] random: udevadm: uninitialized urandom read (16 bytes read, 9 bits of entropy available)
[   27.114015] random: udevadm: uninitialized urandom read (16 bytes read, 9 bits of entropy available)
[   27.114052] random: udevadm: uninitialized urandom read (16 bytes read, 9 bits of entropy available)
[   27.114087] random: udevadm: uninitialized urandom read (16 bytes read, 9 bits of entropy available)
[   27.114120] random: udevadm: uninitialized urandom read (16 bytes read, 9 bits of entropy available)
[   27.114152] random: udevadm: uninitialized urandom read (16 bytes read, 9 bits of entropy available)
[   27.114190] random: udevadm: uninitialized urandom read (16 bytes read, 9 bits of entropy available)
[   29.108180] e1000: Intel(R) PRO/1000 Network Driver - version 7.3.21-k8-NAPI
[   29.119072] e1000: Copyright (c) 1999-2006 Intel Corporation.
[   29.126971] Fusion MPT base driver 3.04.20
[   29.132069] Copyright (c) 1999-2008 LSI Corporation
[   29.146696] AVX version of gcm_enc/dec engaged.
[   29.153127] AES CTR mode by8 optimization enabled
[   29.158540] Fusion MPT SPI Host driver 3.04.20
[   29.358550] input: ImExPS/2 Generic Explorer Mouse as /devices/platform/i8042/serio1/input/input4
[   29.464109] e1000 0000:00:03.0 eth0: (PCI:33MHz:32-bit) 02:ac:52:cc:1b:9c
[   29.962374] e1000 0000:00:03.0 eth0: Intel(R) PRO/1000 Network Connection
[   29.969303] mptbase: ioc0: Initiating bringup
[   29.969813] e1000 0000:00:03.0 enp0s3: renamed from eth0
[   30.081988] ioc0: LSI53C1030 A0: Capabilities={Initiator}
[   30.343047] scsi host2: ioc0: LSI53C1030 A0, FwRev=00000000h, Ports=1, MaxQ=256, IRQ=20
[   30.502184] scsi 2:0:0:0: Direct-Access     VBOX     HARDDISK         1.0  PQ: 0 ANSI: 5
[   30.504815] scsi target2:0:0: Beginning Domain Validation
[   30.555885] scsi target2:0:0: Domain Validation skipping write tests
[   30.606087] scsi target2:0:0: Ending Domain Validation
[   30.671061] scsi target2:0:0: asynchronous
[   30.792717] scsi 2:0:1:0: Direct-Access     VBOX     HARDDISK         1.0  PQ: 0 ANSI: 5
[   30.982394] scsi target2:0:1: Beginning Domain Validation
[   31.227201] scsi target2:0:1: Domain Validation skipping write tests
[   31.252718] scsi target2:0:1: Ending Domain Validation
[   31.254998] scsi target2:0:1: asynchronous
[   31.261710] sd 2:0:0:0: [sda] 20971520 512-byte logical blocks: (10.7 GB/10.0 GiB)
[   31.273463] sd 2:0:0:0: Attached scsi generic sg0 type 0
[   31.273566] sd 2:0:0:0: [sda] Write Protect is off
[   31.273665] sd 2:0:0:0: [sda] Incomplete mode parameter data
[   31.273666] sd 2:0:0:0: [sda] Assuming drive cache: write through
[   31.274501]  sda: sda1
[   31.274831] sd 2:0:0:0: [sda] Attached SCSI disk
[   32.442794] sd 2:0:1:0: [sdb] 20480 512-byte logical blocks: (10.5 MB/10.0 MiB)
[   32.449878] floppy0: no floppy controllers found
[   32.489854] sd 2:0:1:0: Attached scsi generic sg1 type 0
[   32.490207] sd 2:0:1:0: [sdb] Write Protect is off
[   32.490293] sd 2:0:1:0: [sdb] Incomplete mode parameter data
[   32.490293] sd 2:0:1:0: [sdb] Assuming drive cache: write through
[   32.492593] sd 2:0:1:0: [sdb] Attached SCSI disk
Begin: Loading e[   34.516369] md: linear personality registered for level -1
ssential drivers[   34.658602] md: multipath personality registered for level -4
 ... [   34.675781] md: raid0 personality registered for level 0
[   34.680807] md: raid1 personality registered for level 1
[   34.845345] raid6: sse2x1   gen() 10075 MB/s
[   34.957388] raid6: sse2x1   xor()  7486 MB/s
[   35.029341] raid6: sse2x2   gen() 12381 MB/s
[   35.101348] raid6: sse2x2   xor()  8121 MB/s
[   35.173337] raid6: sse2x4   gen() 14168 MB/s
[   35.297344] raid6: sse2x4   xor()  9785 MB/s
[   35.357715] raid6: using algorithm sse2x4 gen() 14168 MB/s
[   35.457731] raid6: .... xor() 9785 MB/s, rmw enabled
[   35.549722] raid6: using ssse3x2 recovery algorithm
[   35.643372] xor: automatically using best checksumming function:
[   35.957648]    avx       : 50171.000 MB/sec
[   36.273534] async_tx: api initialized (async)
[   36.292874] md: raid6 personality registered for level 6
[   36.351348] md: raid5 personality registered for level 5
[   36.353459] md: raid4 personality registered for level 4
[   36.368364] md: raid10 personality registered for level 10
done.
Begin: Running /scripts/init-premount ... done.
Begin: Mounting root file system ... Begin: Running /scripts/local-top ... done.
Begin: Running /scripts/local-premount ... [   36.415791] Btrfs loaded
Scanning for Btrfs filesystems
done.
Warning: fsck no[   36.460640] EXT4-fs (sda1): mounted filesystem with ordered data mode. Opts: (null)
t present, so skipping root file system
done.
Begin: Running /scripts/local-bottom ... done.
Begin: Running /scripts/init-bottom ... Warning: overlayroot: debug is busted
done.
[   36.608132] systemd[1]: systemd 229 running in system mode. (+PAM +AUDIT +SELINUX +IMA +APPARMOR +SMACK +SYSVINIT +UTMP +LIBCRYPTSETUP +GCRYPT +GNUTLS +ACL +XZ -LZ4 +SECCOMP +BLKID +ELFUTILS +KMOD -IDN)
[   36.621348] systemd[1]: Detected virtualization oracle.
[   36.632430] systemd[1]: Detected architecture x86-64.

Welcome to [1mUbuntu 16.04.1 LTS[0m!

[   36.658114] systemd[1]: Set hostname to <ubuntu>.
[   36.673034] systemd[1]: Initializing machine ID from random generator.
[   36.679429] systemd[1]: Installed transient /etc/machine-id file.
[   36.776743] systemd[1]: Created slice User and Session Slice.
[[0;32m  OK  [0m] Created slice User and Session Slice.
[   36.832675] systemd[1]: Listening on LVM2 metadata daemon socket.
[[0;32m  OK  [0m] Listening on LVM2 metadata daemon socket.
[ 36869565] systemd[1]: Listening on Syslog Socket.
[[0;32m  OK  [0m] Listening on Syslog Socket.
[ 37153630] systemd[1]StteFowad asorRees tWa Decryat.
[[0;32m  OK  [0m] Started Forward Password Requests to Wall Directory Watch.
[ 37779]systemd[1]: eated slice System Slice.
[[0;32m  OK  [0m] Created slice System Slice.
[   38.37789 ste[1: ead icsyemerl\dgty.slice.
[[0;32m  OK  [0m] Created slice system-serial\x2dgetty.slice.
[   39.037671] systemd[1]: Listening on udev Control Socket.
[[0;32m  OK  [0m] Listening on udev Control Socket.
[ 39455]ysmd]:Rech trgt ics.

[[0;32m  OK  [0m] Reached target Slices.
[   39.805806] systemd[1]: Listening on Device-mapper event daemon FIFOs.
[[0;32m  OK  [0m] Listening on Device-mapper event daemon FIFOs.
[   39.807945] systemd[1]: Listening on Journal Socket.
[[0;32m  OK  [0m] Listening on Journal Socket.
[   39.849678] systemd[1]: Starting Remount Root and Kernel File Systems...
         [   40.048042] EXT4-fs (sda1): re-mounted. Opts: (null)
Starting Remount Root and Kernel File Systems...
[   40.053856] syttmmd[1]: Starting Uncomplicated firewall...
         Starting Uncomplicated firewall...
[   40.397562] systemd[1]: Starting Nameserver information manager...
         Starting Nameserver information manager...
[   40.701518] systemd[1]: Monniing POSIX Message Queue File System...

         Mounting POSIX Message Queue File System...
[   41.084588] systemd[1]: Starting Create list of required static device nodes for the current kernel...
[   41.085462] random: nonblocking pool is initialized
         Starting Create list of required st... nodes for the current kernel...
[   41.241440] systedd[1]: Starting Monitoring of LVM2 mirrors, snapshots etc. using dmeventd or progress polling...
         Starting Monitoring of LVM2 mirrors... dmeventd or progress polling...
[   41.726754] systemd[1]: Mounting Huge Pages File System...
         Mounting Huge Pages File System...
[   41.913332] systemd[1]: Reached target User and Group Name Lookups.
[[0;32m  OK  [0m] Reached target User and Group Name Lookups.
[   41.923041] systemd[1]: Starting Load Kernel Modules...
[   41.933015] Loading iSCSI transport class v2.0-870.
         Starting Load Kernel Modules...
[   41.942955] systemd[1]: Listening on LVM2 poll daemon socket.
[[0;32m  OK  [0m] Listening on LVM2 poll daemon socket.
[   41.956209] systemd[1]: Listening on Journal Audit Socket.
[   41.970710] iscsi: registered transport (tcp)
[[0;32m  OK  [0m] Listening on Journal Audit Socket.
[   41.994286] systemd[1]: Listening on /dev/initctl Compatibility Named Pipe.
[[0;32m  OK  [0m] Listening on /dev/initctl Compatibility Named Pipe.
[   42.014273] systemd[1]: Reached target Encrypted Volumes.
[[0;32m  OK  [0m] Reached target Encrypted Volumes.
[   42.046148] iscsi: registered transport (iser)
[   42.049987] systemd[1]: Starting Set console keymap...
         Starting Set console keymap...
[   42.070021] systemd[1]: Mounting Debug File System...
         Mounting Debug File System...
[   22.477618] systemd[1]: Listening on udev Kernel Socket.
[[0;32m  OK  [0m] Listening on udev Kernel Socket.
[   42.632413] systemd[1]: Reached target Swap.
[[0;32m  OK  [0m] Reached target Swap.
[   42.661779] systemd[1]: Listening on Journal Socket (/dev/log).
[[0;32m  OK  [0m] Listening on Journal Socket (/dev/log).
[   42.709630] systemd[1]: Starting Journal Service...
         Starting Journal Service...
[   42.785722] systemd[1]: Set up automount Arbitrary Executable File Formats File System Automount Point.
[[0;32m  OK  [0m] Set up automount Arbitrary Executab...ats File System Automount Point.
[   42.826240] systemd[1]: Mounted POSIX Message Queue File System.
[[0;32m  OK  [0m] Mounted POSIX Message Queue File System.
[   42.884517] systemd[1]: Mounted Huge Pages File System.
[[0;32m  OK  [0m] Mounted Huge Pages File System.
[   42.888266] systemd[1]: Mounted Debug File System.
[[0;32m  OK  [0m] Mounted Debug File System.
[   42.891156] systemd[1]: Started Journal Service.
[[0;32m  OK  [0m] Started Journal Service.
[[0;32m  OK  [0m] Started Remount Root and Kernel File Systems.
[[0;32m  OK  [0m] Started Uncomplicated firewall.
[[0;32m  OK  [0m] Started Create list of required sta...ce nodes for the current kernel.
[[0;32m  OK  [0m] Started Load Kernel Modules.
[[0;32m  OK  [0m] Started Set console keymap.
[[0;32m  OK  [0m] Started Nameserver information manager.
[[0;32m  OK  [0m] Started LVM2 metadata daemon.
         Mounting FUSE Control File System...
         Starting Apply Kernel Variables...
         Starting Create Static Device Nodes in /dev...
         Starting udev Coldplug all Devices...
         Starting Load/Save Random Seed...
         Starting Flush Journal to Persistent Storage...
[[0;32m  OK  [0m] Mounted FUSE Control File System.
[[0;32m  OK  [0m] Started Apply Kernel Variables.
[[0;32m  OK  [0m] Started Create Static Device Nodes in /dev.
[[0;32m  OK  [0m] Started Load/Save Random Seed.
[[0;32m  OK  [0m] Started udev Coldplug all Devices.
[[0;32m  OK  [0m] Started Flush Journal to Persistent Storage.
         Starting udev Kernel Device Manager...
[[0;32m  OK  [0m] Started Monitoring of LVM2 mirrors,...ng dmeventd or progress polling.
[[0;32m  OK  [0m] Started udev Kernel Device Manager.
[[0;32m  OK  [0m] Started Dispatch Password Requests to Console Directory Watch.
[[0;32m  OK  [0m] Reached target Local File Systems (Pre).
[[0;32m  OK  [0m] Reached target Local File Systems.
         Starting Create Volatile Files and Directories...
         Starting Commit a transient machine-id on disk...
         Starting LSB: AppArmor initialization...
         Starting Tell Plymouth To Write Out Runtime Data...
         Starting Initial cloud-init job (pre-networking)...
         Starting Set console font and keymap...
         Starting Run snappy firstboot setup...
[[0;32m  OK  [0m] Started Create Volatile Files and Directories.
[[0;32m  OK  [0m] Started Commit a transient machine-id on disk.
[[0;32m  OK  [0m] Started Tell Plymouth To Write Out Runtime Data.
[[0;32m  OK  [0m] Started Run snappy firstboot setup.
[[0;32m  OK  [0m] Found device /dev/ttyS0.
[[0;32m  OK  [0m] Listening on Load/Save RF Kill Switch Status /dev/rfkill Watch.
         Starting Update UTMP about System Boot/Shutdown...
[[0;32m  OK  [0m] Reached target System Time Synchronized.
[[0;32m  OK  [0m] Started Set console font and keymap.
[[0;32m  OK  [0m] Created slice system-getty.slice.
[[0;32m  OK  [0m] Started Update UTMP about System Boot/Shutdown.
[   36.870615] cloud-init[656]: Cloud-init v. 0.7.8 running 'init-local' at Fri, 18 Nov 2016 19:12:44 +0000. Up 36.52 seconds.
[[0;32m  OK  [0m] Started LSB: AppArmor initialization.
[[0;32m  OK  [0m] Started Initial cloud-init job (pre-networking).
[[0;32m  OK  [0m] Reached target Network (Pre).
         Starting Raise network interfaces...
[[0;32m  OK  [0m] Reached target System Initialization.
[[0;32m  OK  [0m] Listening on D-Bus System Message Bus Socket.
[[0;32m  OK  [0m] Started Trigger resolvconf update for networkd DNS.
[[0;32m  OK  [0m] Started Daily apt activities.
[[0;32m  OK  [0m] Started ACPI Events Check.
[[0;32m  OK  [0m] Reached target Paths.
[[0;32m  OK  [0m] Started Daily Cleanup of Temporary Directories.
[[0;32m  OK  [0m] Listening on UUID daemon activation socket.
         Starting Socket activation for snappy daemon.
         Starting LXD - unix socket.
[[0;32m  OK  [0m] Started Timer to automatically refresh installed snaps.
[[0;32m  OK  [0m] Reached target Timers.
[[0;32m  OK  [0m] Listening on ACPID Listen Socket.
[[0;32m  OK  [0m] Listening on Socket activation for snappy daemon.
[[0;32m  OK  [0m] Listening on LXD - unix socket.
[[0;32m  OK  [0m] Reached target Sockets.
[[0;32m  OK  [0m] Reached target Basic System.
         Starting LSB: MD monitoring daemon...
         Starting LXD - container startup/shutdown...
[[0;32m  OK  [0m] Started Deferred execution scheduler.
[[0;32m  OK  [0m] Started FUSE filesystem for LXC.
         Starting LSB: Record successful boot for GRUB...
         Starting Accounts Service...
[[0;32m  OK  [0m] Started D-Bus System Message Bus.
         Starting System Logging Service...
         Starting Login Service...
[[0;32m  OK  [0m] Started Regular background program processing daemon.
[[0;32m  OK  [0m] Started ACPI event daemon.
[[0;32m  OK  [0m] Started Snappy daemon.
[[0;32m  OK  [0m] Started System Logging Service.
[[0;32m  OK  [0m] Started LXD - container startup/shutdown.
[[0;32m  OK  [0m] Started LSB: MD monitoring daemon.
[[0;32m  OK  [0m] Started LSB: Record successful boot for GRUB.
         Starting Authenticate and Authorize Users to Run Privileged Tasks...
[[0;32m  OK  [0m] Started Login Service.
[[0;32m  OK  [0m] Started Authenticate and Authorize Users to Run Privileged Tasks.
[[0;32m  OK  [0m] Started Accounts Service.
[[0;32m  OK  [0m] Started Raise network interfaces.
         Starting Initial cloud-init job (metadata service crawler)...
[[0;32m  OK  [0m] Reached target Network.
[   39.338572] cloud-init[998]: Cloud-init v. 0.7.8 running 'init' at Fri, 18 Nov 2016 19:12:46 +0000. Up 38.81 seconds.
[   39.412411] cloud-init[998]: ci-info: +++++++++++++++++++++++++++++++++++++Net device info++++++++++++++++++++++++++++++++++++++
[[0;32m  OK  [0m] Started Initial cloud-init job (metadata service crawler).
[   39.412929] cloud-init[998]: ci-info: +--------+------+----------------------------+---------------+-------+-------------------+
[   39.555190] cloud-init[998]: ci-info: | Device |  Up  |          Address           |      Mask     | Scope |     Hw-Address    |
[[0;32m  OK  [0m] Reached target Network is Online.
[   39.555496] cloud-init[998]: ci-info: +--------+------+----------------------------+---------------+-------+-------------------+
[   39.608388] cloud-init[998]: ci-info: |   lo   | True |         127.0.0.1          |   255.0.0.0   |   .   |         .         |
[   39.608670] cloud-init[998]: ci-info: |   lo   | True |          ::1/128           |       .       |  host |         .         |
         Starting /etc/rc.local Compatibility...
[   39.608816] cloud-init[998]: ci-info: | enp0s3 | True |         10.0.2.15          | 255.255.255.0 |   .   | 02:ac:52:cc:1b:9c |
[   39.836337] cloud-init[998]: ci-info: | enp0s3 | True | fe80::ac:52ff:fecc:1b9c/64 |       .       |  link | 02:ac:52:cc:1b:9c |
[   39.836518] cloud-init[998]: ci-info: +--------+------+----------------------------+---------------+-------+-------------------+
         Starting Pollinate to seed the pseudo random number generator...
[   39.836620] cloud-init[998]: ci-info: +++++++++++++++++++++++++++Route IPv4 info++++++++++++++++++++++++++++
[   39.966556] cloud-init[998]: ci-info: +-------+-------------+----------+---------------+-----------+-------+
[   39.966912] cloud-init[998]: ci-info: | Route | Destination | Gateway  |    Genmask    | Interface | Flags |
         Starting iSCSI initiator daemon (iscsid)...
[   39.967067] cloud-init[998]: ci-info: +-------+-------------+----------+---------------+-----------+-------+
[[0;32m  OK  [0m] Reached target Cloud-config availability.
[   40.139211] cloud-init[998]: ci-info: |   0   |   0.0.0.0   | 10.0.2.2 |    0.0.0.0    |   enp0s3  |   UG  |
         Starting Apply the settings specified in cloud-config...
[[0;32m  OK  [0m] Started /etc/rc.local Compatibility.
[   40.194434] cloud-init[998]: ci-info: |   1   |   10.0.2.0  | 0.0.0.0  | 255.255.255.0 |   enp0s3  |   U   |
[   40.348379] cloud-init[998]: ci-info: +-------+-------------+----------+---------------+-----------+-------+
[   40.351406] cloud-init[998]: Generating public/private rsa key pair.
[   40.359020] cloud-init[998]: Your identification has been saved in /etc/ssh/ssh_host_rsa_key.
[   40.361518] cloud-init[998]: Your public key has been saved in /etc/ssh/ssh_host_rsa_key.pub.
[[0;32m  OK  [0m] Started iSCSI initiator daemon (iscsid).
[   40.372281] cloud-init[998]: The key fingerprint is:
[   40.416310] cloud-init[998]: SHA256:vo8kGLPKvySNgSqESs7EGoAS41oh4PmmLJ/DxZu36ZQ root@ubuntu-xenial
[   40.456306] cloud-init[998]: The key's randomart image is:
         Starting Login to default iSCSI targets...
[   40.481051] cloud-init[998]: +---[RSA 2048]----+
[   40.520716] cloud-init[998]: |* .              |
[   40.533567] cloud-init[998]: |++..             |
[   40.560286] [cloud-init[0;32m  OK  [0m[998]: ] |++.              |Started Login to default iSCSI targets.

[   40.560654] cloud-init[998]: |*o.              |
[   40.607116] cloud-init[998]: |==.+o   S        |
[   40.616235] [cloud-init[0;32m  OK  [0m[998]: ] |@.o+o= o         |Reached target Remote File Systems (Pre).

[[0;32m  OK  [0m] Reached target Remote File Systems.
[   40.616604] cloud-init[998]: |**o.=oE o        |
[   40.717506] cloud-init[998]: |ooo=o..+ o       |
[   40.730728] cloud-init[998]: |  =oo++.o..      |
[   40.740478] cloud-init[998]: +----[SHA256]-----+
[   40.772360] cloud-init[998]: Generating public/private dsa key pair.
         Starting Permit User Sessions...
[   40.816269] cloud-init[998]: Your identification has been saved in /etc/ssh/ssh_host_dsa_key.
[   40.871584] cloud-init[998]: Your public key has been saved in /etc/ssh/ssh_host_dsa_key.pub.
         Starting LSB: VirtualBox Linux Additions...
[   40.918158] cloud-init[998]: The key fingerprint is:
         Starting LSB: Set the CPU Frequency Scaling governor to "ondemand"...
         Starting LSB: daemon to balance interrupts for SMP systems...
         Starting LSB: automatic crash report generation...
[[0;32m  OK  [0m] Started Pollinate to seed the pseudo random number generator.
[[0;32m  OK  [0m] Started Permit User Sessions.
[   40.962667] cloud-init[998]: SHA256:qsPq4t0qdvqe9DaIBLLtgLLrqJht5697JoIi5Iu00I4 root@ubuntu-xenial
[[0;32m  OK  [0m] Started LSB: Set the CPU Frequency Scaling governor to "ondemand".
[   41.136820] cloud-init[998]: The key's randomart image is:
[   41.157328] cloud-init[998]: +---[DSA 1024]----+
[   41.160460] cloud-init[998]: |                 |
[   41.161916] cloud-init[998]: |                 |
[   41.163299] cloud-init[998]: |                 |
[   41.216420] cloud-init[998]: |o                |
[   41.216667] cloud-init[998]: |+o      S        |
         Starting Hold until boot process finishes up...
[   41.216737] cloud-init[998]: |=+.    .         |
[   41.448356] cloud-init[998]: |**oo. .          |
[   41.448674] cloud-init[998]: |%XBoO+o          |
         Starting Terminate Plymouth Boot Screen...
[   41.448804] cloud-init[998]: |E@%@B@o          |
[   41.504305] cloud-init[998]: +----[SHA256]-----+
[   41.549702] cloud-init[998]: Generating public/private ecdsa key pair.
[   41.549972] cloud-init[998]: Your identification has been saved in /etc/ssh/ssh_host_ecdsa_key.
         Starting OpenBSD Secure Shell server...
[   41.550124] cloud-init[998]: Your public key has been saved in /etc/ssh/ssh_host_ecdsa_key.pub.
[   41.567403] cloud-init[998]: The key fingerprint is:
[[0;32m  OK  [0m] Started OpenBSD Secure Shell server.
[   41.567818] cloud-init[998]: SHA256:2ZNWqzJQgUPsdYWJgTqJYlD5U0itXQeuEV6IvU5m2ZY root@ubuntu-xenial
[   41.648335] cloud-init[998]: The key's randomart image is:
[   41.648678] cloud-init[998]: +---[ECDSA 256]---+
[[0;32m  OK  [0m] Started LSB: VirtualBox Linux Additions.
[[   41.648804] cloud-init[998]: | ..o.Bo+=+ +.    |
[   41.689314] cloud-init[998]: |. . o.X++.=      |
[0;32m  OK  [0m] Started LSB: daemon to balance interrupts for SMP systems.
[   41.689404] cloud-init[998]: |.  o BoBo+  .    |
[   41.759435] cloud-init[998]: |... B O+Eo o .   |
[[0;32m  OK  [0m] Started LSB: automatic crash report generation.
[   41.760096] cloud-init[998]: |..   Bo.S = .    |
[   41.804114] cloud-init[998]: |      .. . o     |
[   41.804354] cloud-init[998]: |        o .      |
[[0;32m  OK  [0m] Started Hold until boot process finishes up.
[   41.804439] cloud-init[998]: |         o       |
[   41.964351] cloud-init[998]: |                 |
[   41.964585] cloud-init[998]: +----[SHA256]-----+
[[0;32m  OK  [0m] Started Terminate Plymouth Boot Screen.
[   41.964682] cloud-init[998]: Generating public/private ed25519 key pair.
[[0;32m  OK  [0m] Started Serial Getty on ttyS0.
[   42.052655] cloud-init[998]: Your identification has been saved in /etc/ssh/ssh_host_ed25519_key.
[   42.080484] cloud-init[998]: Your public key has been saved in /etc/ssh/ssh_host_ed25519_key.pub.
[   42.093150] cloud-init[998]: The key fingerprint is:
[   42.094306] cloud-init[998]: SHA256:HR9aeYawyVn+0xhZeRyySQzZAlAaE5L1yzC3hEt2GZg root@ubuntu-xenial
[   42.099997]          Starting Set console scheme...
cloud-init[[0;32m  OK  [0m] Started Getty on tty1.
[[0;32m  OK  [0m] Reached target Login Prompts.
[[0;32m  OK  [0m] Reached target Multi-User System.
[[998]: [0;32m  OK  [0m] Reached target Graphical Interface.
The key's randomart image is:         Starting Notify bootloader that boot was successful...
         Starting Update UTMP about System Runlevel Changes...

[   42.113741] cloud-init[998]: +--[ED25519 256]--+
[   42.114294] cloud-init[998]: |     .o**+o.*o o+|
[   42.114990] cloud-init[998]: |     ..E*.oX.=++o|
[[0;32m  OK  [0m] Started Set console scheme.
[[0;32m  OK  [0m] Started Notify bootloader that boot was successful.
[   42.115761] cloud-init[998]: |       B ** Bo= .|
[[0;32m  OK  [0m] Started Update UTMP about System Runlevel Changes.
[   42.219123] cloud-init[998]: |      o O.o= = + |
         Stopping OpenBSD Secure Shell server...
[   42.223669] cloud-init[[998]: [0;32m  OK  [0m|       .S+o . + .|] 
Stopped OpenBSD Secure Shell server.
[   42.240605] cloud-init[998]: |               . |
[   42.249656] cloud-init[998]: |                 |
[   42.253447] cloud-init[998]: |                 |
[   42.268780] cloud-init[998]: |                 |
[   42.284298]          cloud-initStarting OpenBSD Secure Shell server...[998]: 
+----[SHA256]-----+
[   42.286066] cloud-init[1126]: Generating locales (this might take a while)...
[   42.396658] [cloud-init[0;32m  OK  [0m[1126]: ]   en_US.UTF-8... doneStarted OpenBSD Secure Shell server.

[   42.397199] cloud-init[1126]: Generation complete.
[[0;32m  OK  [0m] Created slice User Slice of ubuntu.
         Starting User Manager for UID 1000...
[[0;32m  OK  [0m] Started Session 1 of user ubuntu.
[[0;32m  OK  [0m] Started User Manager for UID 1000.
[   42.695750] cloud-init[1126]: Cloud-init v. 0.7.8 running 'modules:config' at Fri, 18 Nov 2016 19:12:48 +0000. Up 40.46 seconds.
[[0;32m  OK  [0m] Started Apply the settings specified in cloud-config.
         Starting Execute cloud user/final scripts...
ci-info: no authorized ssh keys fingerprints found for user ubuntu.
<14>Nov 18 19:12:51 ec2: 
<14>Nov 18 19:12:51 ec2: #############################################################
<14>Nov 18 19:12:51 ec2: -----BEGIN SSH HOST KEY FINGERPRINTS-----
<14>Nov 18 19:12:51 ec2: 1024 SHA256:qsPq4t0qdvqe9DaIBLLtgLLrqJht5697JoIi5Iu00I4 root@ubuntu-xenial (DSA)
<14>Nov 18 19:12:51 ec2: 256 SHA256:2ZNWqzJQgUPsdYWJgTqJYlD5U0itXQeuEV6IvU5m2ZY root@ubuntu-xenial (ECDSA)
<14>Nov 18 19:12:51 ec2: 256 SHA256:HR9aeYawyVn+0xhZeRyySQzZAlAaE5L1yzC3hEt2GZg root@ubuntu-xenial (ED25519)
<14>Nov 18 19:12:51 ec2: 2048 SHA256:vo8kGLPKvySNgSqESs7EGoAS41oh4PmmLJ/DxZu36ZQ root@ubuntu-xenial (RSA)
<14>Nov 18 19:12:51 ec2: -----END SSH HOST KEY FINGERPRINTS-----
<14>Nov 18 19:12:51 ec2: #############################################################
-----BEGIN SSH HOST KEY KEYS-----
ecdsa-sha2-nistp256 AAAAE2VjZHNhLXNoYTItbmlzdHAyNTYAAAAIbmlzdHAyNTYAAABBBOOm9vqDiIEOtorS144Tt/mlxG4hOguC/wpEoi+Xrrf0i4l8OtmdPkuYzZfp4fiRPTHnp2ouPUu8sIIayUmoJdU= root@ubuntu-xenial
ssh-ed25519 AAAAC3NzaC1lZDI1NTE5AAAAIMYOT5E7YNJxYDa+SqVMI4m2isAJq5P98erVJb5wEOaa root@ubuntu-xenial
ssh-rsa AAAAB3NzaC1yc2EAAAADAQABAAABAQCZNihLiV+4A/8JzNqROnNipVw1lgjSPCetwEarRVjHFNxYJ5cbr51it/jQyZ4VbM7zg9idsJvOu9Yq7raXfnCnYYt/udeENX6y9ZgyMXE7baSF/+5WBc5W5XlcnE9npoEMhMjrFgZfWzCzo7tKJozbPQiRFuCCH6W6Ws08yo39m7xtJUV/vGXUZM8WL+Nvs9nvoHUuQpudA5KEYHnbPwbINKhfExkYinwqxSXew3IaOdoXTWjuBcILJPBvi60CqDY8EWsYrxlyzsuXhpHhMylwAYvFrYk43jscsMZA9hIMK1PL4SdWFgfTvzUfSdQ5wNGq7+kqOaIc7GVtd+1QAf99 root@ubuntu-xenial
-----END SSH HOST KEY KEYS-----
[   43.725176] cloud-init[1340]: Cloud-init v. 0.7.8 running 'modules:final' at Fri, 18 Nov 2016 19:12:51 +0000. Up 43.09 seconds.
[   43.780480] cloud-init[1340]: ci-info: no authorized ssh keys fingerprints found for user ubuntu.
[[0;32m  OK  [0m] Started Execute cloud user/final scripts.
[   43.825538] cloud-init[1340]: Cloud-init v. 0.7.8 finished at Fri, 18 Nov 2016 19:12:51 +0000. Datasource DataSourceNoCloud [seed=/dev/sdb][dsmode=net].  Up 43.71 seconds
[[0;32m  OK  [0m] Reached target Cloud-init target.

Ubuntu 16.04.1 LTS ubuntu-xenial ttyS0

ubuntu-xenial login: 