[    .0000]niializing cgroupsuyscpuset
[    0.000000] Initializin crop subsys pu[    0.0000 Iitializing cgroup subsys cpuacct
[    0.000000] Linux version 4.4.0-47-generic (buildd@lcy01-03) (gcc version 5.4.0 20160609 (Ubuntu 5.4.0-6ubuntu1~16.04.2) ) #68-Ubuntu SMP Wed Oct 26 19:39:52 UTC 2016 (Ubuntu 4.4.0-47.68-generic 4.4.24)
[    0.000000] Command line: BOOT_IMAGE=/boot/vmlinuz-4.4.0-47-generic root=LABEL=cloudimg-rootfs ro console=tty1 console=ttyS0
[    0.000000] KERNEL supported cpus:
[    0.000000]   Intel GenuineIntel
[    0.000000]   AMD AuthenticAMD
[    0.000000]   Centaur CentaurHauls
[    0.000000] x86/fpu: xstate_offset[2]:  576, xstate_sizes[2]:  256
[    0.000000] x86/fpu: Supporting XSAVE feature 0x01: 'x87 floating point registers'
[    0.000000] x86/fpu: Supporting XSAVE feature 0x02: 'SSE registers'
[    0.000000] x86/fpu: Supporting XSAVE feature 0x04: 'AVX registers'
[    0.000000] x86/fpu: Enabled xstate features 0x7, context size is 832 bytes, using 'standard' format.
[    0.000000] x86/fpu: Using 'lazy' FPU context switches.
[    0.000000] e820: BIOS-provided physical RAM map:
[    0.000000] BIOS-e820: [mem 0x0000000000000000-0x000000000009fbff] usable
[    0.000000] BIOS-e820: [mem 0x000000000009fc00-0x000000000009ffff] reserved
[    0.000000] BIOS-e820: [mem 0x00000000000f0000-0x00000000000fffff] reserved
[    0.000000] BIOS-e820: [mem 0x0000000000100000-0x000000007ffeffff] usable
[    0.000000] BIOS-e820: [mem 0x000000007fff0000-0x000000007fffffff] ACPI data
[    0.000000] BIOS-e820: [mem 0x00000000fffc0000-0x00000000ffffffff] reserved
[    0.000000] NX (Execute Disable) protection: active
[    0.000000] SMBIOS 2.5 present.
[    0.000000] Hypervisor detected: KVM
[    0.000000] e820: last_pfn = 0x7fff0 max_arch_pfn = 0x400000000
[    0.000000] MTRR: Disabled
[    0.000000] x86/PAT: MTRRs disabled, skipping PAT initialization too.
[    0.000000] x86/PAT: Configuration [0-7]: WB  WT  UC- UC  WB  WT  UC- UC  
[    0.000000] CPU MTRRs all blank - virtualized system.
[    0.000000] found SMP MP-table at [mem 0x0009fff0-0x0009ffff] mapped at [ffff88000009fff0]
[    0.000000] Scanning 1 areas for low memory corruption
[    0.000000] RAMDISK: [mem 0x36fca000-0x377dcfff]
[    0.000000] ACPI: Early table checksum verification disabled
[    0.000000] ACPI: RSDP 0x00000000000E0000 000024 (v02 VBOX  )
[    0.000000] ACPI: XSDT 0x000000007FFF0030 00003C (v01 VBOX   VBOXXSDT 00000001 ASL  00000061)
[    0.000000] ACPI: FACP 0x000000007FFF00F0 0000F4 (v04 VBOX   VBOXFACP 00000001 ASL  00000061)
[    0.000000] ACPI: DSDT 0x000000007FFF0470 002118 (v01 VBOX   VBOXBIOS 00000002 INTL 20140214)
[    0.000000] ACPI: FACS 0x000000007FFF0200 000040
[    0.000000] ACPI: FACS 0x000000007FFF0200 000040
[    0.000000] ACPI: APIC 0x000000007FFF0240 00005C (v02 VBOX   VBOXAPIC 00000001 ASL  00000061)
[    0.000000] ACPI: SSDT 0x000000007FFF02A0 0001CC (v01 VBOX   VBOXCPUT 00000002 INTL 20140214)
[    0.000000] No NUMA configuration found
[    0.000000] Faking a node at [mem 0x0000000000000000-0x000000007ffeffff]
[    0.000000] NODE_DATA(0) allocated [mem 0x7ffeb000-0x7ffeffff]
[    0.000000] kvm-clock: Using msrs 4b564d01 and 4b564d00
[    0.000000] kvm-clock: cpu 0, msr 0:7ffe7001, primary cpu clock
[    0.000000] kvm-clock: using sched offset of 3023491052 cycles
[    0.000000] clocksource: kvm-clock: mask: 0xffffffffffffffff max_cycles: 0x1cd42e4dffb, max_idle_ns: 881590591483 ns
[    0.000000] Zone ranges:
[    0.000000]   DMA      [mem 0x0000000000001000-0x0000000000ffffff]
[    0.000000]   DMA32    [mem 0x0000000001000000-0x000000007ffeffff]
[    0.000000]   Normal   empty
[    0.000000]   Device   empty
[    0.000000] Movable zone start for each node
[    0.000000] Early memory node ranges
[    0.000000]   node   0: [mem 0x0000000000001000-0x000000000009efff]
[    0.000000]   node   0: [mem 0x0000000000100000-0x000000007ffeffff]
[    0.000000] Initmem setup node 0 [mem 0x0000000000001000-0x000000007ffeffff]
[    0.000000] ACPI: PM-Timer IO Port: 0x4008
[    0.000000] IOAPIC[0]: apic_id 2, version 17, address 0xfec00000, GSI 0-23
[    0.000000] ACPI: INT_SRC_OVR (bus 0 bus_irq 0 global_irq 2 dfl dfl)
[    0.000000] ACPI: INT_SRC_OVR (bus 0 bus_irq 9 global_irq 9 high level)
[    0.000000] Using ACPI (MADT) for SMP configuration information
[    0.000000] smpboot: Allowing 2 CPUs, 0 hotplug CPUs
[    0.000000] PM: Registered nosave memory: [mem 0x00000000-0x00000fff]
[    0.000000] PM: Registered nosave memory: [mem 0x0009f000-0x0009ffff]
[    0.000000] PM: Registered nosave memory: [mem 0x000a0000-0x000effff]
[    0.000000] PM: Registered nosave memory: [mem 0x000f0000-0x000fffff]
[    0.000000] e820: [mem 0x80000000-0xfffbffff] available for PCI devices
[    0.000000] Booting paravirtualized kernel on KVM
[    0.000000] clocksource: refined-jiffies: mask: 0xffffffff max_cycles: 0xffffffff, max_idle_ns: 7645519600211568 ns
[    0.000000] setup_percpu: NR_CPUS:256 nr_cpumask_bits:256 nr_cpu_ids:2 nr_node_ids:1
[    0.000000] PERCPU: Embedded 33 pages/cpu @ffff88007fc00000 s98008 r8192 d28968 u1048576
[    0.000000] PV qspinlock hash table entries: 256 (order: 0, 4096 bytes)
[    0.000000] Built 1 zonelists in Node order, mobility grouping on.  Total pages: 515961
[    0.000000] Policy zone: DMA32
[    0.000000] Kernel command line: BOOT_IMAGE=/boot/vmlinuz-4.4.0-47-generic root=LABEL=cloudimg-rootfs ro console=tty1 console=ttyS0
[    0.000000] PID hash table entries: 4096 (order: 3, 32768 bytes)
[    0.000000] Memory: 2036556K/2096696K available (8423K kernel code, 1285K rwdata, 3952K rodata, 1480K init, 1292K bss, 60140K reserved, 0K cma-reserved)
[    0.000000] SLUB: HWalign=64, Order=0-3, MinObjects=0, CPUs=2, Nodes=1
[    0.000000] Hierarchical RCU implementation.
[    0.000000] 	Build-time adjustment of leaf fanout to 64.
[    0.000000] 	RCU restricting CPUs from NR_CPUS=256 to nr_cpu_ids=2.
[    0.000000] RCU: Adjusting geometry for rcu_fanout_leaf=64, nr_cpu_ids=2
[    0.000000] NR_IRQS:16640 nr_irqs:440 16
[    0.000000] Console: colour VGA+ 80x25
[    0.000000] console [tty1] enabled
[    0.000000] console [ttyS0] enabled
[    0.000000] tsc: Detected 2593.994 MHz processor
[    0.411816] Calibrating delay loop (skipped) preset value.. 5187.98 BogoMIPS (lpj=10375976)
[    0.413106] pid_max: default: 32768 minimum: 301
[    0.413797] ACPI: Core revision 20150930
[    0.415245] ACPI: 2 ACPI AML tables successfully acquired and loaded
[    0.416240] Security Framework initialized
[    0.416873] Yama: becoming mindful.
[    0.417460] AppArmor: AppArmor initialized
[    0.418632] Dentry cache hash table entries: 262144 (order: 9, 2097152 bytes)
[    0.419865] Inode-cache hash table entries: 131072 (order: 8, 1048576 bytes)
[    0.420947] Mount-cache hash table entries: 4096 (order: 3, 32768 bytes)
[    0.421842] Mountpoint-cache hash table entries: 4096 (order: 3, 32768 bytes)
[    0.423350] Initializing cgroup subsys io
[    0.427520] Initializing cgroup subsys memory
[    0.428185] Initializing cgroup subsys devices
[    0.428857] Initializing cgroup subsys freezer
[    0.429526] Initializing cgroup subsys net_cls
[    0.430196] Initializing cgroup subsys perf_event
[    0.430891] Initializing cgroup subsys net_prio
[    0.431583] Initializing cgroup subsys hugetlb
[    0.432254] Initializing cgroup subsys pids
[    0.432964] CPU: Physical Processor ID: 0
[    0.433591] CPU: Processor Core ID: 0
[    0.435069] mce: CPU supports 0 MCE banks
[    0.435723] Last level iTLB entries: 4KB 64, 2MB 8, 4MB 8
[    0.436489] Last level dTLB entries: 4KB 64, 2MB 0, 4MB 0, 1GB 4
[    0.438875] Freeing SMP alternatives memory: 32K (ffffffff820b5000 - ffffffff820bd000)
[    0.446635] ftrace: allocating 32047 entries in 126 pages
[    0.480644] smpboot: Max logical packages: 1
[    0.501268] smpboot: APIC(0) Converting physical 0 to logical package 0
[    0.503287] ..TIMER: vector=0x30 apic1=0 pin1=2 apic2=-1 pin2=-1
[    0.611350] smpboot: CPU0: Intel(R) Core(TM) i7-5600U CPU @ 2.60GHz (family: 0x6, model: 0x3d, stepping: 0x4)
[    0.652522] Performance Events: unsupported p6 CPU model 61 no PMU driver, software events only.
[    0.694474] KVM setup paravirtual spinlock
[    0.695733] x86: Booting SMP configuration:
[    0.696382] .... node  #0, CPUs:      #1
[    0.697102] kvm-clock: cpu 1, msr 0:7ffe7041, secondary cpu clock
[    0.698720] mce: CPU supports 0 MCE banks
[    0.701184] x86: Booted up 1 node, 2 CPUs
[    0.734817] smpboot: Total of 2 processors activated (10375.97 BogoMIPS)
[    0.741352] devtmpfs: initialized
[    0.743198] evm: security.selinux
[    0.743788] evm: security.SMACK64
[    0.744344] evm: security.SMACK64EXEC
[    0.744933] evm: security.SMACK64TRANSMUTE
[    0.745563] evm: security.SMACK64MMAP
[    0.756731] evm: security.ima
[    0.789768] evm: security.capability
[    0.853310] clocksource: jiffies: mask: 0xffffffff max_cycles: 0xffffffff, max_idle_ns: 7645041785100000 ns
[    0.862973] pinctrl core: initialized pinctrl subsystem
[    0.863854] RTC time: 16:51:42, date: 11/23/16
[    0.864674] NET: Registered protocol family 16
[    0.875356] cpuidle: using governor ladder
[    0.887431] cpuidle: using governor menu
[    0.888177] PCCT header not found.
[    0.888871] ACPI: bus type PCI registered
[    0.889546] acpiphp: ACPI Hot Plug PCI Controller Driver version: 0.5
[    0.890481] PCI: Using configuration type 1 for base access
[    0.904168] ACPI: Added _OSI(Module Device)
[    0.906093] ACPI: Added _OSI(Processor Device)
[    0.906757] ACPI: Added _OSI(3.0 _SCP Extensions)
[    0.907480] ACPI: Added _OSI(Processor Aggregator Device)
[    0.908805] ACPI: Executed 1 blocks of module-level executable AML code
[    0.911875] ACPI: Interpreter enabled
[    0.951560] ACPI: (supports S0 S5)
[    0.987837] ACPI: Using IOAPIC for interrupt routing
[    0.988685] PCI: Using host bridge windows from ACPI; if necessary, use "pci=nocrs" and report a bug
[    0.992692] ACPI: PCI Root Bridge [PCI0] (domain 0000 [bus 00-ff])
[    0.993536] acpi PNP0A03:00: _OSC: OS supports [ASPM ClockPM Segments MSI]
[    0.994451] acpi PNP0A03:00: _OSC failed (AE_NOT_FOUND); disabling ASPM
[    0.995337] acpi PNP0A03:00: fail to add MMCONFIG information, can't access extended PCI configuration space under this bridge.
[    0.997078] PCI host bridge to bus 0000:00
[    0.997715] pci_bus 0000:00: root bus resource [io  0x0000-0x0cf7 window]
[    0.998611] pci_bus 0000:00: root bus resource [io  0x0d00-0xffff window]
[    0.999509] pci_bus 0000:00: root bus resource [mem 0x000a0000-0x000bffff window]
[    1.000677] pci_bus 0000:00: root bus resource [mem 0x80000000-0xffdfffff window]
[    1.001828] pci_bus 0000:00: root bus resource [bus 00-ff]
[    1.003666] pci 0000:00:01.1: legacy IDE quirk: reg 0x10: [io  0x01f0-0x01f7]
[    1.004597] pci 0000:00:01.1: legacy IDE quirk: reg 0x14: [io  0x03f6]
[    1.005467] pci 0000:00:01.1: legacy IDE quirk: reg 0x18: [io  0x0170-0x0177]
[    1.006409] pci 0000:00:01.1: legacy IDE quirk: reg 0x1c: [io  0x0376]
[    1.039833] ACPI: PCI Interrupt Link [LNKA] (IRQs 5 9 10 11) *0, disabled.
[    1.046765] ACPI: PCI Interrupt Link [LNKB] (IRQs 5 9 10 *11)
[    1.048085] ACPI: PCI Interrupt Link [LNKC] (IRQs 5 9 *10 11)
[    1.049347] ACPI: PCI Interrupt Link [LNKD] (IRQs 5 *9 10 11)
[    1.050652] ACPI: Enabled 2 GPEs in block 00 to 07
[    1.051879] vgaarb: setting as boot device: PCI:0000:00:02.0
[    1.052741] vgaarb: device added: PCI:0000:00:02.0,decodes=io+mem,owns=io+mem,locks=none
[    1.054084] vgaarb: loaded
[    1.063550] vgaarb: bridge control possible 0000:00:02.0
[    1.064572] SCSI subsystem initialized
[    1.065391] ACPI: bus type USB registered
[    1.066098] usbcore: registered new interface driver usbfs
[    1.066955] usbcore: registered new interface driver hub
[    1.067843] usbcore: registered new device driver usb
[    1.068970] PCI: Using ACPI for IRQ routing
[    1.069886] NetLabel: Initializing
[    1.070495] NetLabel:  domain hash size = 128
[    1.071245] NetLabel:  protocols = UNLABELED CIPSOv4
[    1.072038] NetLabel:  unlabeled traffic allowed by default
[    1.074230] amd_nb: Cannot enumerate AMD northbridges
[    1.075079] clocksource: Switched to clocksource kvm-clock
[    1.081772] AppArmor: AppArmor Filesystem Enabled
[    1.087878] pnp: PnP ACPI init
[    1.088972] pnp: PnP ACPI: found 3 devices
[   1.099861] clocksource: acpi_pm: mask: 0xffffff max_cycles: 0xffffff, max_idle_ns: 2085701024 ns
[    1.122106] NET: Registered protocol family 2

[    1.122982] TCP established hash table entries: 16384 (order: 5, 131072 bytes)
[    1.124313] TCP bind hash table entries: 16384 (order: 6, 262144 bytes)
[    1.125324] TCP: Hash tables configured (established 16384 bind 16384)
[    1.126305] UDP hash table entries: 1024 (order: 3, 32768 bytes)
[    1.127253] UDP-Lite hash table entries: 1024 (order: 3, 32768 bytes)
[    1.128258] NET: Registered protocol family 1
[    1.129009] pci 0000:00:00.0: Limiting direct PCI/PCI transfers
[    1.129933] pci 0000:00:01.0: Activating ISA DMA hang workarounds
[   .130970] Trying to unpack rootfs image as initramfs...

[    2.334140] Freeing initrd memory: 8268K (ffff880036fca000 - ffff8800377dd000)
[    2.337337] RAPL PMU detected, API unit is 2^-32 Joules, 4 fixed counters 10737418240 ms ovfl timer
[    2.338810] hw unit of domain pp0-core 2^-0 Joules
[    2.367446] hw unit of domain package 2^-0 Joules
[    2.368204] hw unit of domain dram 2^-0 Joules
[    2.368928] hw unit of domain pp1-gpu 2^-0 Joules
[    2.369774] platform rtc_cmos: registered platform RTC device (no PNP device found)
[    2.371099] Scanning for low memory corruption every 60 seconds
[    2.372442] futex hash table entries: 512 (order: 3, 32768 bytes)
[    2.373381] audit: initializing netlink subsys (disabled)
[    2.374229] audit: type=2000 audit(1479919907.746:1): initialized
[    2.375396] Initialise system trusted keyring
[    2.376387] HugeTLB registered 2 MB page size, pre-allocated 0 pages
[    2.378523] zbud: loaded
[    2.379307] VFS: Disk quotas dquot_6.6.0
[    2.380009] VFS: Dquot-cache hash table entries: 512 (order 0, 4096 bytes)
[    2.381216] squashfs: version 4.0 (2009/01/31) Phillip Lougher
[    2.382364] fuse init (API version 7.23)
[    2.383163] Key type big_key registered
[    2.383889] Allocating IMA MOK and blacklist keyrings.
[    2.385653] Key type asymmetric registered
[    2.386441] Asymmetric key parser 'x509' registered
[    2.387352] Block layer SCSI generic (bsg) driver version 0.4 loaded (major 249)
[    2.388724] io scheduler noop registered
[    2.389419] io scheduler deadline registered (default)
[    2.390272] io scheduler cfq registered
[    2.391042] pci_hotplug: PCI Hot Plug PCI Core version: 0.5
[    2.391948] pciehp: PCI Express Hot Plug Controller Driver version: 0.4
[    2.393008] ACPI: AC Adapter [AC] (off-line)
[    2.393757] input: Power Button as /devices/LNXSYSTM:00/LNXPWRBN:00/input/input0
[    2.395016] ACPI: Power Button [PWRF]
[    2.395770] input: Sleep Button as /devices/LNXSYSTM:00/LNXSLPBN:00/input/input1
[    2.397032] ACPI: Sleep Button [SLPF]
[    2.397857] GHES: HEST is not enabled!
[    2.399013] ACPI: Battery Slot [BAT0] (battery present)
[    2.399935] Serial: 8250/16550 driver, 32 ports, IRQ sharing enabled
[    2.422161] 00:02: ttyS0 at I/O 0x3f8 (irq = 4, base_baud = 115200) is a 16550A
[    2.425969] Linux agpgart interface v0.103
[    2.429453] brd: module loaded
[    2.434404] loop: module loaded
[    2.435608] scsi host0: ata_piix
[    2.437684] scsi host1: ata_piix
[    2.438316] ata1: PATA max UDMA/33 cmd 0x1f0 ctl 0x3f6 bmdma 0xd000 irq 14
[    2.439325] ata2: PATA max UDMA/33 cmd 0x170 ctl 0x376 bmdma 0xd008 irq 15
[    2.440817] libphy: Fixed MDIO Bus: probed
[    2.441509] tun: Universal TUN/TAP device driver, 1.6
[    2.442301] tun: (C) 1999-2004 Max Krasnyansky <maxk@qualcomm.com>
[    2.443259] PPP generic driver version 2.4.2
[    2.444104] ehci_hcd: USB 2.0 'Enhanced' Host Controller (EHCI) Driver
[    2.445096] ehci-pci: EHCI PCI platform driver
[    2.445844] ehci-platform: EHCI generic platform driver
[    2.448752] ohci_hcd: USB 1.1 'Open' Host Controller (OHCI) Driver
[    2.449695] ohci-pci: OHCI PCI platform driver
[    2.450439] ohci-platform: OHCI generic platform driver
[    2.451300] uhci_hcd: USB Universal Host Controller Interface driver
[    2.452333] i8042: PNP: PS/2 Controller [PNP0303:PS2K,PNP0f03:PS2M] at 0x60,0x64 irq 1,12
[    2.454126] serio: i8042 KBD port at 0x60,0x64 irq 1
[    2.454926] serio: i8042 AUX port at 0x60,0x64 irq 12
[    2.455870] mousedev: PS/2 mouse device common for all mice
[    2.457091] rtc_cmos rtc_cmos: rtc core: registered rtc_cmos as rtc0
[    2.458146] rtc_cmos rtc_cmos: alarms up to one day, 114 bytes nvram
[    2.459158] i2c /dev entries driver
[    2.459938] input: AT Translated Set 2 keyboard as /devices/platform/i8042/serio0/input/input2
[    2.461395] device-mapper: uevent: version 1.0.3
[    2.462315] device-mapper: ioctl: 4.34.0-ioctl (2015-10-28) initialised: dm-devel@redhat.com
[    2.463720] ledtrig-cpu: registered to indicate activity on CPUs
[    2.465184] NET: Registered protocol family 10
[    2.466144] NET: Registered protocol family 17
[    2.466907] Key type dns_resolver registered
[    2.467880] microcode: CPU0 sig=0x306d4, pf=0x40, revision=0x0
[    2.548092] microcode: CPU1 sig=0x306d4, pf=0x40, revision=0x0
[    2.549045] microcode: Microcode Update Driver: v2.01 <tigran@aivazian.fsnet.co.uk>, Peter Oruba
[    2.550754] registered taskstats version 1
[    2.552551] Loading compiled-in X.509 certificates
[    2.553869] Loaded X.509 cert 'Build time autogenerated kernel key: f7bc719d96df7c6d6fed8f4b9fd5d4ff001383c8'
[    2.555475] zswap: loaded using pool lzo/zbud
[    2.557868] Key type trusted registered
[    2.563652] Key type encrypted registered
[    2.567621] AppArmor: AppArmor sha1 policy hashing enabled
[    2.568495] ima: No TPM chip found, activating TPM-bypass!
[    2.569378] evm: HMAC attrs: 0x1
[    2.570219]   Magic number: 8:795:894
[    2.570963] rtc_cmos rtc_cmos: setting system clock to 2016-11-23 16:51:44 UTC (1479919904)
[    2.572557] BIOS EDD facility v0.16 2004-Jun-25, 0 devices found
[    2.573461] EDD information not available.
[    2.596545] Freeing unused kernel memory: 1480K (ffffffff81f43000 - ffffffff820b5000)
[    2.608197] Write protecting the kernel read-only data: 14336k
[    2.609750] Freeing unused kernel memory: 1804K (ffff88000183d000 - ffff880001a00000)
[    2.611457] Freeing unused kernel memory: 144K (ffff880001ddc000 - ffff880001e00000)
Loading, please wait...
starting version[    2.624306] random: systemd-udevd: uninitialized urandom read (16 bytes read, 3 bits of entropy available)
 229
[    2.628736] random: udevadm: uninitialized urandom read (16 bytes read, 3 bits of entropy available)
[    2.628767] random: udevadm: uninitialized urandom read (16 bytes read, 3 bits of entropy available)
[    2.628866] random: udevadm: uninitialized urandom read (16 bytes read, 3 bits of entropy available)
[    2.628899] random: udevadm: uninitialized urandom read (16 bytes read, 3 bits of entropy available)
[    2.628930] random: udevadm: uninitialized urandom read (16 bytes read, 3 bits of entropy available)
[    2.628962] random: udevadm: uninitialized urandom read (16 bytes read, 3 bits of entropy available)
[    2.628995] random: udevadm: uninitialized urandom read (16 bytes read, 3 bits of entropy available)
[    2.629024] random: udevadm: uninitialized urandom read (16 bytes read, 3 bits of entropy available)
[    2.629053] random: udevadm: uninitialized urandom read (16 bytes read, 3 bits of entropy available)
[    2.679217] e1000: Intel(R) PRO/1000 Network Driver - version 7.3.21-k8-NAPI
[    2.688008] e1000: Copyright (c) 1999-2006 Intel Corporation.
[    2.691601] Fusion MPT base driver 3.04.20
[    2.701168] Copyright (c) 1999-2008 LSI Corporation
[    2.715083] AVX version of gcm_enc/dec engaged.
[    2.715087] Fusion MPT SPI Host driver 3.04.20
[    3.047582] AES CTR mode by8 optimization enabled
[    3.276390] input: ImExPS/2 Generic Explorer Mouse as /devices/platform/i8042/serio1/input/input4
[    3.367152] tsc: Refined TSC clocksource calibration: 2594.450 MHz
[    3.373944] clocksource: tsc: mask: 0xffffffffffffffff max_cycles: 0x2565c1560d0, max_idle_ns: 440795297346 ns
[    3.377039] e1000 0000:00:03.0 eth0: (PCI:33MHz:32-bit) 02:c2:b4:4c:cc:47
[    3.383722] e1000 0000:00:03.0 eth0: Intel(R) PRO/1000 Network Connection
[    3.385678] mptbase: ioc0: Initiating bringup
[    3.386191] e1000 0000:00:03.0 enp0s3: renamed from eth0
[    3.451358] ioc0: LSI53C1030 A0: Capabilities={Initiator}
[    3.637233] scsi host2: ioc0: LSI53C1030 A0, FwRev=00000000h, Ports=1, MaxQ=256, IRQ=20
[    3.867824] scsi 2:0:0:0: Direct-Access     VBOX     HARDDISK         1.0  PQ: 0 ANSI: 5
[    4.757635] scsi target2:0:0: Beginning Domain Validation
[    4.920508] scsi target2:0:0: Domain Validation skipping write tests
[    4.923990] scsi target2:0:0: Ending Domain Validation
[    4.924785] scsi target2:0:0: asynchronous
[    4.925700] scsi 2:0:1:0: Direct-Access     VBOX     HARDDISK         1.0  PQ: 0 ANSI: 5
[    4.936076] scsi target2:0:1: Beginning Domain Validation
[    4.937569] scsi target2:0:1: Domain Validation skipping write tests
[    4.938441] scsi target2:0:1: Ending Domain Validation
[    4.939275] scsi target2:0:1: asynchronous
[    4.943927] sd 2:0:0:0: Attached scsi generic sg0 type 0
[    5.095385] sd 2:0:0:0: [sda] 20971520 512-byte logical blocks: (10.7 GB/10.0 GiB)
[    5.168324] sd 2:0:1:0: [sdb] 20480 512-byte logical blocks: (10.5 MB/10.0 MiB)
[    5.169638] sd 2:0:0:0: [sda] Write Protect is off
[    5.169696] sd 2:0:1:0: [sdb] Write Protect is off
[    5.169769] sd 2:0:1:0: [sdb] Incomplete mode parameter data
[    5.169771] sd 2:0:1:0: [sdb] Assuming drive cache: write through
[    5.178972] sd 2:0:0:0: [sda] Incomplete mode parameter data
[    5.179040] sd 2:0:1:0: Attached scsi generic sg1 type 0
[    5.180513] sd 2:0:1:0: [sdb] Attached SCSI disk
[    5.229006] sd 2:0:0:0: [sda] Assuming drive cache: write through
[    5.231093]  sda: sda1
[    5.258172] sd 2:0:0:0: [sda] Attached SCSI disk
[    6.075417] floppy0: no floppy controllers found
Begin: Loading e[    7.437197] md: linear personality registered for level -1
ssential drivers[    7.532936] md: multipath personality registered for level -4
 ... [    7.591184] md: raid0 personality registered for level 0
[    7.611199] md: raid1 personality registered for level 1
[    7.691107] raid6: sse2x1   gen()  8783 MB/s
[    7.795102] raid6: sse2x1   xor()  7573 MB/s
[    7.951132] raid6: sse2x2   gen() 12669 MB/s
[    8.067105] raid6: sse2x2   xor()  7919 MB/s
[    8.199120] raid6: sse2x4   gen() 14316 MB/s
[    8.307120] raid6: sse2x4   xor() 10081 MB/s
[    8.368887] raid6: using algorithm sse2x4 gen() 14316 MB/s
[    8.369659] raid6: .... xor() 10081 MB/s, rmw enabled
[    8.370389] raid6: using ssse3x2 recovery algorithm
[    8.372408] xor: automatically using best checksumming function:
[    8.439773]    avx       : 69138.000 MB/sec
[    8.444682] async_tx: api initialized (async)
[    8.452238] md: raid6 personality registered for level 6
[    8.467828] md: raid5 personality registered for level 5
[    8.468681] md: raid4 personality registered for level 4
[    8.474245] md: raid10 personality registered for level 10
done.
Begin: Running /scripts/init-premount ... done.
Begin: Mounting root file system ... Begin: Running /scripts/local-top ... done.
Begin: Running /scripts/local-premount ... [    8.523331] Btrfs loaded
Scanning for Btrfs filesystems
done.
Warning: fsck not present, so skipping root file system
[    8.600617] EXT4-fs (sda1): mounted filesystem with ordered data mode. Opts: (null)
done.
Begin: Running /scripts/local-bottom ... done.
Begin: Running /scripts/init-bottom ... Warning: overlayroot: debug is busted
done.
[    8.709451] systemd[1]: systemd 229 running in system mode. (+PAM +AUDIT +SELINUX +IMA +APPARMOR +SMACK +SYSVINIT +UTMP +LIBCRYPTSETUP +GCRYPT +GNUTLS +ACL +XZ -LZ4 +SECCOMP +BLKID +ELFUTILS +KMOD -IDN)
[    8.729163] systemd[1]: Detected virtualization oracle.
[    8.729917] systemd[1]: Detected architecture x86-64.

Welcome to [1mUbuntu 16.04.1 LTS[0m!

[  8677] systemd[1]: Set hostname to <ubuntu>.
[    8.989131] systemd[1]: Initializing machine ID from random generator.
[    9.147591] systemd[1]: Installed transient /etc/machine-id file.
[  9444] systemd[1]: Set up automount Arbitrary Executable File Formats File System Automount Point.
[[0;32m  OK  [0m] Set up automount Arbitrary Executab...ats File System Automount Point.
[  9.697317] systemd[1]: Listening on Journal Socket.
[[0;32m  OK  [0m] Listening on Journal Socket.
[    9.789542] systemd[1]: Listening on /dev/initctl Compatibility Named Pipe.
[[0;32m  OK  [0m] Listening on /dev/initctl Compatibility Named Pipe.
[    9.797341] systemd[1]: Reached target Encrypted Volumes.
[[0;32m  OK  [0m] Reached target Encrypted Volumes.
[    9.799413] systemd[1]: Created slice User and Session Slice.
[[0;32m  OK  [0m] Created slice User and Session Slice.
[    9.801113] systemd[1]: Listening on Device-mapper event daemon FIFOs.
[[0;32m  OK  [0m] Listening on Device-mapper event daemon FIFOs.
[    9.802906] systemd[1]: Reached target Swap.
[[0;32m  OK  [0m] Reached target Swap.
[    9.804382] systemd[1]: Listening on udev Control Socket.
[[0;32m  OK  [0m] Listening on udev Control Socket.
[    9.806005] systemd[1]: Listening on LVM2 poll daemon socket.
[[0;32m  OK  [0m] Listening on LVM2 poll daemon socket.
[    9.807862] systemd[1]: Created slice System Slice.
[[0;32m  OK  [0m] Created slice System Slice.
[    9.819391] systemd[1]: Starting Uncomplicated firewall...
         Starting Uncomplicated firewall...
[    9.927437] systemd[1]: Starting Remount Root and Kernel File Systems...
         [   10.124581] EXT4-fs (sda1): re-mounted. Opts: (null)
Starting Remount Root and Kernel File Systems...
[   10.175292] systemd[1]: Starting Nameserver information manager...
         Starting Nameserver information manager...
[   10.179091] systemd[1]: Mounting Huge Pages File System...
         Mounting Huge Pages File System...
[   10.182603] systemd[1]: Starting Create list of required static device nodes for the current kernel...
[   10.446494] random: nonblocking pool is initialized
         Starting Create list of required st... nodes for the current kernel...
[   10.513985] systemd[1]: Reached target Slices.
[[0;32m  OK  [0m] Reached target Slices.
[   10.517502] systemd[1]: Starting Load Kernel Modules...
         Starting Load Kernel Modules...
[   10.527701] systemd[1]: Created slice system-serial\x2dgetty.slice.
[[0;32m  OK  [0m] Created slice system-serial\x2dgetty.slice.[   10.538674] Loading iSCSI transport class v2.0-870.

[   10.567679] systemd[1]: Listening on Journal Audit Socket.
[[0;32m  OK  [0m] Listening on Journal Audit Socke[   10.574128] iscsi: registered transport (tcp)
t.
[   10.747301] systemd[1]: Listening on LVM2 metadata daemon socket.
[[0;32m  OK  [0m] Listening on LVM2 metadata daemon socket.
[   10.774876] iscsi: registered transport (iser)
[   10.819563] systemd[1]: Starting Monitoring of LVM2 mirrors, snapshots etc. using dmeventd or progress polling...
         Starting Monitoring of LVM2 mirrors... dmeventd or progress polling...
[   10.849407] systemd[1]: Listening on udev Kernel Socket.
[[0;32m  OK  [0m] Listening on udev Kernel Socket.
[   10.868403] systemd[1]: Listening on Syslog Socket.
[[0;32m  OK  [0m] Listening on Syslog Socket.
[   10.870469] systemd[1]: Mounting POSIX Message Queue File System...
         Mounting POSIX Message Queue File System...
[   10.888762] systemd[1]: Reached target User and Group Name Lookups.
[[0;32m  OK  [0m] Reached target User and Group Name Lookups.
[   10.909196] systemd[1]: Starting Set console keymap...
         Starting Set console keymap...
[   10.954899] systemd[1]: Listening on Journal Socket (/dev/log).
[[0;32m  OK  [0m] Listening on Journal Socket (/dev/log).
[   10.957175] systemd[1]: Starting Journal Service...
         Starting Journal Service...
[   10.988795] systemd[1]: Mounting Debug File System...
         Mounting Debug File System...
[   11.008470] systemd[1]: Started Forward Password Requests to Wall Directory Watch.
[[0;32m  OK  [0m] Started Forward Password Requests to Wall Directory Watch.
[   11.023066] systemd[1]: Mounted Debug File System.
[[0;32m  OK  [0m] Mounted Debug File System.
[   11.028444] systemd[1]: Mounted POSIX Message Queue File System.
[[0;32m  OK  [0m] Mounted POSIX Message Queue File System.
[   11.078587] systemd[1]: Mounted Huge Pages File System.
[[0;32m  OK  [0m] Mounted Huge Pages File System.
[   11.080234] systemd[1]: Started Journal Service.
[[0;32m  OK  [0m] Started Journal Service.
[[0;32m  OK  [0m] Started Uncomplicated firewall.
[[0;32m  OK  [0m] Started Remount Root and Kernel File Systems.
[[0;32m  OK  [0m] Started Create list of required sta...ce nodes for the current kernel.
[[0;32m  OK  [0m] Started Load Kernel Modules.
[[0;32m  OK  [0m] Started Set console keymap.
[[0;32m  OK  [0m] Started Nameserver information manager.
[[0;32m  OK  [0m] Started LVM2 metadata daemon.
         Mounting FUSE Control File System...
         Starting Apply Kernel Variables...
         Starting Create Static Device Nodes in /dev...
         Starting udev Coldplug all Devices...
         Starting Load/Save Random Seed...
         Starting Flush Journal to Persistent Storage...
[[0;32m  OK  [0m] Mounted FUSE Control File System.
[[0;32m  OK  [0m] Started Apply Kernel Variables.
[[0;32m  OK  [0m] Started Create Static Device Nodes in /dev.
[[0;32m  OK  [0m] Started Load/Save Random Seed.
[[0;32m  OK  [0m] Started udev Coldplug all Devices.
[[0;32m  OK  [0m] Started Flush Journal to Persistent Storage.
         Starting udev Kernel Device Manager...
[[0;32m  OK  [0m] Started Monitoring of LVM2 mirrors,...ng dmeventd or progress polling.
[[0;32m  OK  [0m] Started udev Kernel Device Manager.
[[0;32m  OK  [0m] Started Dispatch Password Requests to Console Directory Watch.
[[0;32m  OK  [0m] Reached target Local File Systems (Pre).
[[0;32m  OK  [0m] Reached target Local File Systems.
         Starting Run snappy firstboot setup...
         Starting Commit a transient machine-id on disk...
         Starting Tell Plymouth To Write Out Runtime Data...
         Starting Create Volatile Files and Directories...
         Starting Initial cloud-init job (pre-networking)...
         Starting LSB: AppArmor initialization...
         Starting Set console font and keymap...
[[0;32m  OK  [0m] Started Run snappy firstboot setup.
[[0;32m  OK  [0m] Started Commit a transient machine-id on disk.
[[0;32m  OK  [0m] Started Tell Plymouth To Write Out Runtime Data.
[[0;32m  OK  [0m] Started Create Volatile Files and Directories.
[[0;32m  OK  [0m] Found device /dev/ttyS0.
[[0;32m  OK  [0m] Listening on Load/Save RF Kill Switch Status /dev/rfkill Watch.
[[0;32m  OK  [0m] Reached target System Time Synchronized.
         Starting Update UTMP about System Boot/Shutdown...
[[0;32m  OK  [0m] Started Update UTMP about System Boot/Shutdown.
[[0;32m  OK  [0m] Started Set console font and keymap.
[[0;32m  OK  [0m] Created slice system-getty.slice.
[   12.496336] cloud-init[659]: Cloud-init v. 0.7.8 running 'init-local' at Wed, 23 Nov 2016 16:51:54 +0000. Up 12.11 seconds.
[[0;32m  OK  [0m] Started LSB: AppArmor initialization.
[[0;32m  OK  [0m] Reached target System Initialization.
[[0;32m  OK  [0m] Started Daily apt activities.
         Starting Socket activation for snappy daemon.
[[0;32m  OK  [0m] Started Timer to automatically refresh installed snaps.
[[0;32m  OK  [0m] Started ACPI Events Check.
[[0;32m  OK  [0m] Started Daily Cleanup of Temporary Directories.
[[0;32m  OK  [0m] Reached target Timers.
[[0;32m  OK  [0m] Started Trigger resolvconf update for networkd DNS.
[[0;32m  OK  [0m] Reached target Paths.
[[0;32m  OK  [0m] Listening on ACPID Listen Socket.
[[0;32m  OK  [0m] Listening on D-Bus System Message Bus Socket.
         Starting LXD - unix socket.
[[0;32m  OK  [0m] Listening on UUID daemon activation socket.
[[0;32m  OK  [0m] Listening on Socket activation for snappy daemon.
[[0;32m  OK  [0m] Listening on LXD - unix socket.
[[0;32m  OK  [0m] Started Initial cloud-init job (pre-networking).
[[0;32m  OK  [0m] Reached target Network (Pre).
         Starting Raise network interfaces...
[[0;32m  OK  [0m] Reached target Sockets.
[[0;32m  OK  [0m] Reached target Basic System.
[[0;32m  OK  [0m] Started ACPI event daemon.
[[0;32m  OK  [0m] Started Deferred execution scheduler.
[[0;32m  OK  [0m] Started Snappy daemon.
[[0;32m  OK  [0m] Started Regular background program processing daemon.
         Starting Accounts Service...
[[0;32m  OK  [0m] Started FUSE filesystem for LXC.
         Starting Login Service...
[[0;32m  OK  [0m] Started D-Bus System Message Bus.
         Starting LXD - container startup/shutdown...
         Starting System Logging Service...
         Starting LSB: Record successful boot for GRUB...
         Starting LSB: MD monitoring daemon...
[[0;32m  OK  [0m] Started System Logging Service.
[[0;32m  OK  [0m] Started Login Service.
         Starting Authenticate and Authorize Users to Run Privileged Tasks...
[[0;32m  OK  [0m] Started LSB: Record successful boot for GRUB.
[[0;32m  OK  [0m] Started LSB: MD monitoring daemon.
[[0;32m  OK  [0m] Started Authenticate and Authorize Users to Run Privileged Tasks.
[[0;32m  OK  [0m] Started Accounts Service.
[[0;32m  OK  [0m] Started LXD - container startup/shutdown.
[[0;32m  OK  [0m] Started Raise network interfaces.
         Starting Initial cloud-init job (metadata service crawler)...
[[0;32m  OK  [0m] Reached target Network.
[   14.939472] cloud-init[1003]: Cloud-init v. 0.7.8 running 'init' at Wed, 23 Nov 2016 16:51:57 +0000. Up 14.35 seconds.
[   14.966941] cloud-init[1003]: ci-info: +++++++++++++++++++++++++++++++++++++Net device info++++++++++++++++++++++++++++++++++++++
[   14.968437] cloud-init[1003]: ci-info: +--------+------+----------------------------+---------------+-------+-------------------+
[   14.969918] cloud-init[1003]: ci-info: | Device |  Up  |          Address           |      Mask     | Scope |     Hw-Address    |
[   14.971392] cloud-init[1003]: ci-info: +--------+------+----------------------------+---------------+-------+-------------------+
[   14.972838] cloud-init[1003]: ci-info: |   lo   | True |         127.0.0.1          |   255.0.0.0   |   .   |         .         |
[   14.974272] cloud-init[1003]: ci-info: |   lo   | True |          ::1/128           |       .       |  host |         .         |
[   14.975741] cloud-init[1003]: ci-info: | enp0s3 | True |         10.0.2.15          | 255.255.255.0 |   .   | 02:c2:b4:4c:cc:47 |
[   14.983987] cloud-init[1003]: ci-info: | enp0s3 | True | fe80::c2:b4ff:fe4c:cc47/64 |       .       |  link | 02:c2:b4:4c:cc:47 |
[   14.987850] cloud-init[1003]: ci-info: +--------+------+----------------------------+---------------+-------+-------------------+
[[0;32m  OK  [0m] Started Initial cloud-init job (metadata service crawler).
[[0;32m  OK  [0m] Reached target Cloud-config availability.
[[0;32m  OK  [0m] Reached target Network is Online.
[   14.992547] cloud-init[1003]: ci-info: +++++++++++++++++++++++++++Route IPv4 info++++++++++++++++++++++++++++
[   14.998383] cloud-init[1003]: ci-info: +-------+-------------+----------+---------------+-----------+-------+
[   15.001130] cloud-init[1003]: ci-info: | Route | Destination | Gateway  |    Genmask    | Interface | Flags |
[   15.005163] cloud-init[1003]: ci-info: +-------+-------------+----------+---------------+-----------+-------+
[   15.009170] cloud-init[1003]: ci-info: |   0   |   0.0.0.0   | 10.0.2.2 |    0.0.0.0    |   enp0s3  |   UG  |
[   15.012961]          cloud-initStarting Apply the settings specified in cloud-config...[1003]: 
ci-info: |   1   |   10.0.2.0  | 0.0.0.0  | 255.255.255.0 |   enp0s3  |   U   |
[   15.020675]          cloud-initStarting iSCSI initiator daemon (iscsid)...[1003]: 
ci-info: +-------+-------------+----------+---------------+-----------+-------+
         Starting /etc/rc.local Compatibility...
[   15.025835] cloud-init[1003]: Generating public/private rsa key pair.
         Starting Pollinate to seed the pseudo random number generator...
[   15.034843] cloud-init[1003]: Your identification has been saved in /etc/ssh/ssh_host_rsa_key.
[   15.126574] [cloud-init[0;32m  OK  [0m[1003]: ] Your public key has been saved in /etc/ssh/ssh_host_rsa_key.pub.Started /etc/rc.local Compatibility.

[   15.126871] [cloud-init[0;32m  OK  [0m[1003]: ] The key fingerprint is:Started iSCSI initiator daemon (iscsid).

[   15.156729] cloud-init[1003]: SHA256:z/fN2DlN2OtrOn3AJ0xIpT87++r15wCeqtQkiGSyw9E root@ubuntu-xenial
[   15.159545] cloud-init[1003]: The key's randomart image is:
[   15.162259] cloud-init[1003]: +---[RSA 2048]----+
[   15.164158] cloud-init[1003]: |             ..  |
[   15.166290] cloud-init[1003]: |   .        ..   |
[   15.168578] cloud-init[1003]: |  o E      ...   |
[   15.172584]          cloud-initStarting Login to default iSCSI targets...[1003]: 
| . * . .    ...  |
[   15.177133] cloud-init[1003]: |  + . . S . .+oo |
[   15.182821] cloud-init[1003]: |   .     * . o*o+|
[   15.186329] cloud-init[1003]: |        . + + ==+|
[   15.188354] cloud-init[1003]: |       .   o o #*|
[   15.196414] cloud-init[1003]: |        ...  o@B%|
[   15.196592] cloud-init[1003]: +----[SHA256]-----+
[   15.196709] cloud-init[1003]: Generating public/private dsa key pair.
[   15.196831] cloud-init[1003]: Your identification has been saved in /etc/ssh/ssh_host_dsa_key.
[   15.196942] cloud-init[1003]: Your public key has been saved in /etc/ssh/ssh_host_dsa_key.pub.
[   15.197058] cloud-init[1003]: The key fingerprint is:
[   15.197175] cloud-init[1003]: SHA256:67JJWDOx5bKqk561PU1A4hu1AyKnRVXyEM3gE1NPMhE root@ubuntu-xenial
[   15.197294] cloud-init[1003]: The key's randomart image is:
[   15.197409] cloud-init[1003]: +---[DSA 1024]----+
[   15.197525] cloud-init[1003]: | ...OBEo.        |
[   15.197643] cloud-init[1003]: |. +.o*==         |
[   15.197760] cloud-init[1003]: | = oo=o.o        |
[   15.197877] cloud-init[1003]: |.   o.+=         |
[   15.197995] cloud-init[1003]: |     o*oS        |
[   15.198111] cloud-init[1003]: |    .o =..       |
[   15.198226] cloud-init[1003]: |   .o oo.        |
[   15.198343] cloud-init[1003]: |  oo =oo.        |
[   15.198460] cloud-init[1003]: | .+oo ++.        |
[   15.198577] cloud-init[1003]: +----[SHA256]-----+
[   15.198693] cloud-init[1003]: Generating public/private ecdsa key pair.
[   15.198811] cloud-init[1003]: Your identification has been saved in /etc/ssh/ssh_host_ecdsa_key.
[   15.198928] cloud-init[1003]: Your public key has been saved in /etc/ssh/ssh_host_ecdsa_key.pub.
[   15.199046] cloud-init[1003]: The key fingerprint is:
[   15.199160] cloud-init[1003]: SHA256:4y7UVg360C7oY9Hz7VAOgbiUtXmhuI6L3mPb/ZCxgAs root@ubuntu-xenial
[   15.199279] cloud-init[1003]: The key's randomart image is:
[   15.199393] cloud-init[1003]: +---[ECDSA 256]---+
[   15.199510] cloud-init[1003]: |        . .      |
[   15.199625] cloud-init[1003]: |       = =..     |
[   15.199742] cloud-init[1003]: |      = =ooo     |
[   15.199859] cloud-init[1003]: |     o oo.o..    |
[   15.199994] cloud-init[1003]: |  E . ++S=. .    |
[   15.200365] cloud-init[1003]: |   . ++o*=o+     |
[   15.200477] cloud-init[1003]: |    oo.o=+...    |
[   15.200593] cloud-init[1003]: |   ooo=o ....    |
[   15.200709] cloud-init[1003]: | .o.++.oo....    |
[   15.200823] cloud-init[1003]: +----[SHA256]-----+
[   15.200944] cloud-init[1003]: Generating public/private ed25519 key pair.
[   15.201058] cloud-init[1003]: Your identification has been saved in /etc/ssh/ssh_host_ed25519_key.
[   15.201174] cloud-init[1003]: Your public key has been saved in /etc/ssh/ssh_host_ed25519_key.pub.
[   15.201291] cloud-init[1003]: The key fingerprint is:
[   15.201406] cloud-init[1003]: SHA256:g4RkMsWrT2iA1sBosDKj8ilrhtl2rkdxeBaVjGB57fw root@ubuntu-xenial
[   15.201523] cloud-init[1003]: The key's randomart image is:
[   15.201639] cloud-init[1003]: +--[ED25519 256]--+
[   15.201756] cloud-init[1003]: |= oo*o =..       |
[   15.201873] cloud-init[1003]: |.= *o.+ +        |
[   15.201988] cloud-init[1003]: |B o .+.+         |
[   15.202105] cloud-init[1003]: |=+ .+.+.o        |
[   15.202223] cloud-init[1003]: |+. o =. S.       |
[   15.202339] cloud-init[1003]: |..+.o    .E      |
[   15.202456] cloud-init[1003]: |o+o+             |
[   15.204108] cloud-init[1003]: |o=o +            |
[   15.204557] cloud-init[1003]: |+..=.            |
[   15.204687] cloud-init[1003]: +----[SHA256]-----+
[[0;32m  OK  [0m] Started Login to default iSCSI targets.
[[0;32m  OK  [0m] Reached target Remote File Systems (Pre).
[[0;32m  OK  [0m] Reached target Remote File Systems.
         Starting LSB: VirtualBox Linux Additions...
         Starting LSB: daemon to balance interrupts for SMP systems...
         Starting Permit User Sessions...
         Starting LSB: automatic crash report generation...
         Starting LSB: Set the CPU Frequency Scaling governor to "ondemand"...
[   15.376549] cloud-init[1084]: Generating locales (this might take a while)...
[[0;32m  OK  [0m] Started Permit User Sessions.
         Starting Terminate Plymouth Boot Screen...
         Starting Hold until boot process finishes up...
[[0;32m  OK  [0m] Started LSB: VirtualBox Linux Additions.
[[0;32m  OK  [0m] Started LSB: daemon to balance interrupts for SMP systems.
[[0;32m  OK  [0m] Started LSB: automatic crash report generation.
[[0;32m  OK  [0m] Started Terminate Plymouth Boot Screen.
[[0;32m  OK  [0m] Started Hold until boot process finishes up.
[[0;32m  OK  [0m] Started LSB: Set the CPU Frequency Scaling governor to "ondemand".
[[0;32m  OK  [0m] Started Getty on tty1.
[[0;32m  OK  [0m] Started Serial Getty on ttyS0.
[[0;32m  OK  [0m] Reached target Login Prompts.
         Starting Set console scheme...
[[0;32m  OK  [0m] Started Set console scheme.
[   16.002078] cloud-init[1084]:   en_US.UTF-8... done
[   16.007414] cloud-init[1084]: Generation complete.
[[0;32m  OK  [0m] Stopped OpenBSD Secure Shell server.
         Starting OpenBSD Secure Shell server...
[[0;32m  OK  [0m] Started OpenBSD Secure Shell server.
[[0;32m  OK  [0m] Started Pollinate to seed the pseudo random number generator.
[[0;32m  OK  [0m] Reached target Multi-User System.
         Starting Notify bootloader that boot was successful...
[[0;32m  OK  [0m] Reached target Graphical Interface.
         Starting Update UTMP about System Runlevel Changes...
[[0;32m  OK  [0m] Started Notify bootloader that boot was successful.
[[0;32m  OK  [0m] Started Apply the settings specified in cloud-config.
[   16.356677] cloud-init[1084]: Cloud-init v. 0.7.8 running 'modules:config' at Wed, 23 Nov 2016 16:51:58 +0000. Up 15.28 seconds.
[[0;32m  OK  [0m] Started Update UTMP about System Runlevel Changes.
         Starting Execute cloud user/final scripts...
ci-info: no authorized ssh keys fingerprints found for user ubuntu.
<14>Nov 23 16:51:59 ec2: 
<14>Nov 23 16:51:59 ec2: #############################################################
<14>Nov 23 16:51:59 ec2: -----BEGIN SSH HOST KEY FINGERPRINTS-----
<14>Nov 23 16:51:59 ec2: 1024 SHA256:67JJWDOx5bKqk561PU1A4hu1AyKnRVXyEM3gE1NPMhE root@ubuntu-xenial (DSA)
<14>Nov 23 16:51:59 ec2: 256 SHA256:4y7UVg360C7oY9Hz7VAOgbiUtXmhuI6L3mPb/ZCxgAs root@ubuntu-xenial (ECDSA)
<14>Nov 23 16:51:59 ec2: 256 SHA256:g4RkMsWrT2iA1sBosDKj8ilrhtl2rkdxeBaVjGB57fw root@ubuntu-xenial (ED25519)
<14>Nov 23 16:51:59 ec2: 2048 SHA256:z/fN2DlN2OtrOn3AJ0xIpT87++r15wCeqtQkiGSyw9E root@ubuntu-xenial (RSA)
<14>Nov 23 16:51:59 ec2: -----END SSH HOST KEY FINGERPRINTS-----
<14>Nov 23 16:51:59 ec2: #############################################################
-----BEGIN SSH HOST KEY KEYS-----
ecdsa-sha2-nistp256 AAAAE2VjZHNhLXNoYTItbmlzdHAyNTYAAAAIbmlzdHAyNTYAAABBBHQ1X8KXKY8vMiAif1GsO3pCqheY5cE4K6Fbp5TQCfj0PYbUBMwZNrH4Sn01+EqROs1bYE6rE7Bb6r2wWH8Avao= root@ubuntu-xenial
ssh-ed25519 AAAAC3NzaC1lZDI1NTE5AAAAIHFsnSFDHsTw8UOToGI6BrfssAx2Lkd0P9VSgnrhRqs3 root@ubuntu-xenial
ssh-rsa AAAAB3NzaC1yc2EAAAADAQABAAABAQDPzllIqo+K2wCJL78O9iI5kENipBdsmweH7J4L63D8zPrNshYv4xOQauY+g/9tN8rmT3Sw3BRTkNz21Ubzryyvhv7HJ7uyFBZGLdg3AF24FBaJuoSo+Lc4hiqtdh4tUyLUWlJ/CgdWFZjRGhx69tjJQc5ejXuiJwHygWdlTJZa2jAErWNO668I1EYk82DcFMOlvfl+TemdRX2TdYoR0SS63oOFepugVHxu2Ctuff6hhtpvN/8N3q90vspgUOSWwOyeLUmNHXQ9JeCmB2G12A9u34mM8Vdg/N0zyJ4ao+OgMoYwheuWmbCSaOX0A387cVYBGbALNu23tLJNv/ARy+c7 root@ubuntu-xenial
-----END SSH HOST KEY KEYS-----
[   17.083993] cloud-init[1296]: Cloud-init v. 0.7.8 running 'modules:final' at Wed, 23 Nov 2016 16:51:59 +0000. Up 16.65 seconds.
[   17.089307] cloud-init[1296]: ci-info: no authorized ssh keys fingerprints found for user ubuntu.
[   17.090540] cloud-init[1296]: Cloud-init v. 0.7.8 finished at Wed, 23 Nov 2016 16:51:59 +0000. Datasource DataSourceNoCloud [seed=/dev/sdb][dsmode=net].  Up 17.07 seconds
[[0;32m  OK  [0m] Started Execute cloud user/final scripts.
[[0;32m  OK  [0m] Reached target Cloud-init target.

Ubuntu 16.04.1 LTS ubuntu-xenial ttyS0

ubuntu-xenial login: 