[    0.000000] Initializing cgroup subsys cpuset
[    0.000000] Initializing cgroup subsys cpu
[    0.000000] Initializing cgroup subsys cpuacct
[    0.000000] Linux version 4.4.0-47-eneric (buildd@lcy01-03) (gcc version 5.4.0 20160609 (Ubuntu 5.4.0-6ubuntu1~16.04.2) ) #68-Ubuntu SMP Wed Oct 26 19:39:52 UTC 2016 (Ubuntu 4.4.0478-eneric .44)
[    0.0000] ommand in BOT_IMAG/bot/vmlinuz-4.4.0-47-generic root=LABEL=cloudimg-rootfs ro console=tty1 console=ttyS0
[    0.000000] KERNEL supported cpus:
[    0.000000]   Intel GenuineIntel
[    0.000000]   AMD AuthenticAMD
[    0.000000]   Centaur CentaurHauls
[    0.000000] x86/fpu: xstate_offst[: 576, xsatsies[2: 56
[    0.000]x86/fpu Spoting XSVEeaure x0 '7 flti point regsts'
[    0.000000] x86/fpu: Supporting XSAVE feature 0x02: 'SSE registers'
[    0.000000] x86/fpu: Supporting XSAVE feature 0x04: 'AVX registers'
[    0.000000] x86/fpu: Enabled xstate features 0x7, context size is 832 bytes, using 'standard' format.
[    0.000000] x86/fpu: Using 'lazy' FPU context switches.
[    0.000000] e820: BIOS-provided physical RAM map:
[    0.000000] BIOS-e820: [mem 0x0000000000000000-0x000000000009fbff] usable
[    0.000000] BIOS-e820: [mem 0x000000000009fc00-0x000000000009ffff] reserved
[    0.000000] BIOS-e820: [mem 0x00000000000f0000-0x00000000000fffff] reserved
[    0.000000] BIOS-e820: [mem 0x0000000000100000-0x000000001ffeffff] usable
[    0.000000] BIOS-e820: [mem 0x000000001fff0000-0x000000001fffffff] ACPI data
[    0.000000] BIOS-e820: [mem 0x00000000fffc0000-0x00000000ffffffff] reserved
[    0.000000] NX (Execute Disable) protection: active
[    0.000000] SMBIOS 2.5 present.
[    0.000000] Hypervisor detected: KVM
[    0.000000] e820: lt_fn = 0x1fff0 max_arch_pfn = 0x400000000
[    0.000000] MTRR: Disabled
[    0.000000] x86/PAT: MTRRs disabled, skipping PAT initialization too.
[    0.000000] x86/PAT: Configuration [0-7]: WB  WT  UC- UC  WB  WT  UC- UC  
[    0.000000] CPU MTRRs all blank - virtualized system.
[    0.000000] found SMP MP-table at [mem 0x0009fff0-0x0009ffff] mapped at [ffff88000009fff0]
[    0.000000] Scanning 1 areas for low memory corruption
[    0.000000] RAMDISK: [mem 0x1ef64000-0x1f773fff]
[    0.000000] ACPI: Early table checksum verification disabled
[    0.000000] ACPI: RSDP 0x00000000000E0000 000024 (v02 VBOX  )
[    0.000000] ACPI: XSDT 0x000000001FFF0030 00003C (v01 VBOX   VBOXXSDT 00000001 ASL  00000061)
[    0.000000] ACPI: FACP 0x000000001FFF00F0 0000F4 (v04 VBOX   VBOXFACP 00000001 ASL  00000061)
[    0.000000] ACPI: DSDT 0x000000001FFF0470 002118 (v01 VBOX   VBOXBIOS 00000002 INTL 20140214)
[    0.000000] ACPI: FACS 0x000000001FFF0200 000040
[    0.000000] ACPI: FACS 0x000000001FFF0200 000040
[    0.000000] ACPI: APIC 0x000000001FFF0240 00005C (v02 VBOX   VBOXAPIC 00000001 ASL  00000061)
[    0.000000] ACPI: SSDT 0x000000001FFF02A0 0001CC (v01 VBOX   VBOXCPUT 00000002 INTL 20140214)
[    0.000000] No NUMA configuration found
[    0.000000] Faking a node at [mem 0x0000000000000000-0x000000001ffeffff]
[    0.000000] NODE_DATA(0) allocated [mem 0x1ffeb000-0x1ffeffff]
[    0.000000] kvm-clock: Using msrs 4b564d01 and 4b564d00
[    0.000000] kvm-clock: cpu 0, msr 0:1ffe7001, primary cpu clock
[    0.000000] kvm-clock: using sched offset of 3031212209 cycles
[    0.000000] clocksource: kvm-clock: mask: 0xffffffffffffffff max_cycles: 0x1cd42e4dffb, max_idle_ns: 881590591483 ns
[    0.000000] Zone ranges:
[    0.000000]   DMA      [mem 0x0000000000001000-0x0000000000ffffff]
[    0.000000]   DMA32    [mem 0x0000000001000000-0x000000001ffeffff]
[    0.000000]   Normal   empty
[    0.000000]   Device   empty
[    0.000000] Movable zone start for each node
[    0.000000] Early memory node ranges
[    0.000000]   node   0: [mem 0x0000000000001000-0x000000000009efff]
[    0.000000]   node   0: [mem 0x0000000000100000-0x000000001ffeffff]
[    0.000000] Initmem setup node 0 [mem 0x0000000000001000-0x000000001ffeffff]
[    0.000000] ACPI: PM-Timer IO Port: 0x4008
[    0.000000] IOAPIC[0]: apic_id 2, version 17, address 0xfec00000, GSI 0-23
[    0.000000] ACPI: INT_SRC_OVR (bus 0 bus_irq 0 global_irq 2 dfl dfl)
[    0.000000] ACPI: INT_SRC_OVR (bus 0 bus_irq 9 global_irq 9 high level)
[    0.000000] Using ACPI (MADT) for SMP configuration information
[    0.000000] smpboot: Allowing 2 CPUs, 0 hotplug CPUs
[    0.000000] PM: Registered nosave memory: [mem 0x00000000-0x00000fff]
[    0.000000] PM: Registered nosave memory: [mem 0x0009f000-0x0009ffff]
[    0.000000] PM: Registered nosave memory: [mem 0x000a0000-0x000effff]
[    0.000000] PM: Registered nosave memory: [mem 0x000f0000-0x000fffff]
[    0.000000] e820: [mem 0x20000000-0xfffbffff] available for PCI devices
[    0.000000] Booting paravirtualized kernel on KVM
[    0.000000] clocksource: refined-jiffies: mask: 0xffffffff max_cycles: 0xffffffff, max_idle_ns: 7645519600211568 ns
[    0.000000] setup_percpu: NR_CPUS:256 nr_cpumask_bits:256 nr_cpu_ids:2 nr_node_ids:1
[    0.000000] PERCPU: Embedded 33 pages/cpu @ffff88001fc00000 s98008 r8192 d28968 u1048576
[    0.000000] PV qspinlock hash table entries: 256 (order: 0, 4096 bytes)
[    0.000000] Built 1 zonelists in Node order, mobility grouping on.  Total pages: 128889
[    0.000000] Policy zone: DMA32
[    0.000000] Kernel command line: BOOT_IMAGE=/boot/vmlinuz-4.4.0-47-generic root=LABEL=cloudimg-rootfs ro console=tty1 console=ttyS0
[    0.000000] PID hash table entries: 2048 (order: 2, 16384 bytes)
[    0.000000] Memory: 488296K/523832K available (8423K kernel code, 1285K rwdata, 3952K rodata, 1480K init, 1292K bss, 35536K reserved, 0K cma-reserved)
[    0.000000] SLUB: HWalign=64, Order=0-3, MinObjects=0, CPUs=2, Nodes=1
[    0.000000] Hierarchical RCU implementation.
[    0.000000] 	Build-time adjustment of leaf fanout to 64.
[    0.000000] 	RCU restricting CPUs from NR_CPUS=256 to nr_cpu_ids=2.
[    0.000000] RCU: Adjusting geometry for rcu_fanout_leaf=64, nr_cpu_ids=2
[    0.000000] NR_IRQS:16640 nr_irqs:440 16
[    0.000000] Console: colour VGA+ 80x25
[    0.000000] console [tty1] enabled
[    0.000000] console [ttyS0] enabled
[    0.000000] tsc: Detected 2593.990 MHz processor
[    0.980176] Calibrating delay loop (skipped) preset value.. 5187.98 BogoMIPS (lpj=10375960)
[    0.981475] pid_max: default: 32768 minimum: 301
[    0.982169] ACPI: Core revision 20150930
[    1.033640] ACPI: 2 ACPI AML tables successfully acquired and loaded
[    1.034658] Security Framework initialized
[    1.035309] Yama: becoming mindful.
[    1.035896] AppArmor: AppArmor initialized
[    1.036578] Dentry cache hash table entries: 65536 (order: 7, 524288 bytes)
[    1.037573] Inode-cache hash table entries: 32768 (order: 6, 262144 bytes)
[    1.038525] Mount-cache hash table entries: 1024 (order: 1, 8192 bytes)
[    1.039428] Mountpoint-cache hash table entries: 1024 (order: 1, 8192 bytes)
[    1.040485] Initializing cgroup subsys io
[    1.041122] Initializing cgroup subsys memory
[    1.041790] Initializing cgroup subsys devices
[    1.042468] Initializing cgroup subsys freezer
[    1.043145] Initializing cgroup subsys net_cls
[    1.043836] Initializing cgroup subsys perf_event
[    1.044535] Initializing cgroup subsys net_prio
[    1.077079] Initializing cgroup subsys hugetlb
[    1.077756] Initializing cgroup subsys pids
[    1.078481] CPU: Physical Processor ID: 0
[    1.079112] CPU: Processor Core ID: 0
[    1.080612] mce: CPU supports 0 MCE banks
[    1.081258] Last level iTLB entries: 4KB 64, 2MB 8, 4MB 8
[    1.082024] Last level dTLB entries: 4KB 64, 2MB 0, 4MB 0, 1GB 4
[    1.085610] Freeing SMP alternatives memory: 32K (ffffffff820b5000 - ffffffff820bd000)
[    1.132466] ftrace: allocating 32047 entries in 126 pages
[    1.167092] smpboot: Max logical packages: 1
[    1.196249] smpboot: APIC(0) Converting physical 0 to logical package 0
[    1.198276] ..TIMER: vector=0x30 apic1=0 pin1=2 apic2=-1 pin2=-1
[    1.307483] smpboot: CPU0: Intel(R) Core(TM) i7-5600U CPU @ 2.60GHz (family: 0x6, model: 0x3d, stepping: 0x4)
[    1.320998] Performance Events: unsupported p6 CPU model 61 no PMU driver, software events only.
[    1.336620] KVM setup paravirtual spinlock
[    1.337879] x86: Booting SMP configuration:
[    1.338544] .... node  #0, CPUs:      #1
[    1.339267] kvm-clock: cpu 1, msr 0:1ffe7041, secondary cpu clock
[    1.340883] mce: CPU supports 0 MCE banks
[    1.343318] x86: Booted up 1 node, 2 CPUs
[    1.351928] smpboot: Total of 2 processors activated (10375.96 BogoMIPS)
[    1.368653] devtmpfs: initialized
[    1.370395] evm: security.selinux
[    1.370959] evm: security.SMACK64
[    1.371522] evm: security.SMACK64EXEC
[    1.372134] evm: security.SMACK64TRANSMUTE
[    1.374950] evm: security.SMACK64MMAP
[    1.403289] evm: security.ima
[    1.403858] evm: security.capability
[    1.404759] clocksource: jiffies: mask: 0xffffffff max_cycles: 0xffffffff, max_idle_ns: 7645041785100000 ns
[    1.406476] pinctrl core: initialized pinctrl subsystem
[    1.408534] RTC time:  3:53:57, date: 11/18/16
[    1.409458] NET: Registered protocol family 16
[    1.419311] cpuidle: using governor ladder
[    1.431452] cpuidle: using governor menu
[    1.435308] PCCT header not found.
[    1.485300] ACPI: bus type PCI registered
[    1.486107] acpiphp: ACPI Hot Plug PCI Controller Driver version: 0.5
[    1.491907] PCI: Using configuration type 1 for base access
[    1.504165] ACPI: Added _OSI(Module Device)
[    1.510149] ACPI: Added _OSI(Processor Device)
[    1.510919] ACPI: Added _OSI(3.0 _SCP Extensions)
[    1.511724] ACPI: Added _OSI(Processor Aggregator Device)
[    1.513115] ACPI: Executed 1 blocks of module-level executable AML code
[    1.517269] ACPI: Interpreter enabled
[    1.517928] ACPI: (supports S0 S5)
[    1.518570] ACPI: Using IOAPIC for interrupt routing
[    1.519526] PCI: Using host bridge windows from ACPI; if necessary, use "pci=nocrs" and report a bug
[    1.523942] ACPI: PCI Root Bridge [PCI0] (domain 0000 [bus 00-ff])
[    1.529046] acpi PNP0A03:00: _OSC: OS supports [ASPM ClockPM Segments MSI]
[    1.530065] acpi PNP0A03:00: _OSC failed (AE_NOT_FOUND); disabling ASPM
[    1.531098] acpi PNP0A03:00: fail to add MMCONFIG information, can't access extended PCI configuration space under this bridge.
[    1.533054] PCI host bridge to bus 0000:00
[    1.533756] pci_bus 0000:00: root bus resource [io  0x0000-0x0cf7 window]
[    1.534812] pci_bus 0000:00: root bus resource [io  0x0d00-0xffff window]
[    1.535874] pci_bus 0000:00: root bus resource [mem 0x000a0000-0x000bffff window]
[    1.537132] pci_bus 0000:00: root bus resource [mem 0x20000000-0xffdfffff window]
[    1.538397] pci_bus 0000:00: root bus resource [bus 00-ff]
[    1.540322] pci 0000:00:01.1: legacy IDE quirk: reg 0x10: [io  0x01f0-0x01f7]
[    1.541369] pci 0000:00:01.1: legacy IDE quirk: reg 0x14: [io  0x03f6]
[    1.542342] pci 0000:00:01.1: legacy IDE quirk: reg 0x18: [io  0x0170-0x0177]
[    1.543458] pci 0000:00:01.1: legacy IDE quirk: reg 0x1c: [io  0x0376]
[    1.557163] ACPI: PCI Interrupt Link [LNKA] (IRQs 5 9 10 11) *0, disabled.
[    1.564095] ACPI: PCI Interrupt Link [LNKB] (IRQs 5 9 10 *11)
[    1.565352] ACPI: PCI Interrupt Link [LNKC] (IRQs 5 9 *10 11)
[    1.566610] ACPI: PCI Interrupt Link [LNKD] (IRQs 5 *9 10 11)
[    1.567919] ACPI: Enabled 2 GPEs in block 00 to 07
[    1.569104] vgaarb: setting as boot device: PCI:0000:00:02.0
[    1.569984] vgaarb: device added: PCI:0000:00:02.0,decodes=io+mem,owns=io+mem,locks=none
[    1.571327] vgaarb: loaded
[    1.580811] vgaarb: bridge control possible 0000:00:02.0
[    1.581866] SCSI subsystem initialized
[    1.583200] ACPI: bus type USB registered
[    1.585328] usbcore: registered new interface driver usbfs
[    1.586190] usbcore: registered new interface driver hub
[    1.587069] usbcore: registered new device driver usb
[    1.588240] PCI: Using ACPI for IRQ routing
[    1.589156] NetLabel: Initializing
[    1.589774] NetLabel:  domain hash size = 128
[    1.590525] NetLabel:  protocols = UNLABELED CIPSOv4
[    1.591364] NetLabel:  unlabeled traffic allowed by default
[    1.595180] amd_nb: Cannot enumerate AMD northbridges
[    1.596070] clocksource: Switched to clocksource kvm-clock
[    1.602762] AppArmor: AppArmor Filesystem Enabled
[    1.608901] pnp: PnP ACPI init
[    1.610016] pnp: PnP ACPI: found 3 devics

[  1410]losoceaci_pm: mask: 0xffffff max_cycles: 0xffffff, max_idle_ns: 2085701024 ns
[    1.960029] NET: Registered protocol family 2
[    1.960884] TCP established hash table entries: 4096 (order: 3, 32768 bytes)
[    1.961828] TCP bind hash table entries: 4096 (order: 4, 65536 bytes)
[    1.962713] TCP: Hash tables configured (established 4096 bind 4096)
[    1.963588] UDP hash table entries: 256 (order: 1, 8192 bytes)
[    1.964412] UDP-Lite hash table entries: 256 (order: 1, 8192 bytes)
[    1.995324] NET: Registered protocol family 1
[    1.996001] pci 0000:00:00.0: Limiting direct PCI/PCI transfers
[    1.996856] pci 0000:00:01.0: Activating ISA DMA hang workarounds
[    1.997782] Trying to unpack rootfs image as initramfs...
[    3.163587] Freeing initrd memory: 8256K (ffff88001ef64000 - ffff88001f774000)
[    3.235803] RAPL PMU detected, API unit is 2^-32 Joules, 4 fixed counters 10737418240 ms ovfl timer
[    3.245697] hw unit of domain pp0-core 2^-0 Joules
[    3.246428] hw unit of domain package 2^-0 Joules
[    3.247145] hw unit of domain dram 2^-0 Joules
[    3.247833] hw unit of domain pp1-gpu 2^-0 Joules
[    3.248627] platform rtc_cmos: registered platform RTC device (no PNP device found)
[    3.249866] Scanning for low memory corruption every 60 seconds
[    3.251039] futex hash table entries: 512 (order: 3, 32768 bytes)
[    3.251927] audit: initializing netlink subsys (disabled)
[    3.252778] audit: type=2000 audit(1479441242.285:1): initialized
[    3.253864] Initialise system trusted keyring
[    3.254802] HugeTLB registered 2 MB page size, pre-allocated 0 pages
[    3.256936] zbud: loaded
[    3.257685] VFS: Disk quotas dquot_6.6.0
[    3.258367] VFS: Dquot-cache hash table entries: 512 (order 0, 4096 bytes)
[    3.259510] squashfs: version 4.0 (2009/01/31) Phillip Lougher
[    3.260644] fuse init (API version 7.23)
[    3.261393] Key type big_key registered
[    3.262037] Allocating IMA MOK and blacklist keyrings.
[    3.265876] Key type asymmetric registered
[    3.266549] Asymmetric key parser 'x509' registered
[    3.267316] Block layer SCSI generic (bsg) driver version 0.4 loaded (major 249)
[    3.268566] io scheduler noop registered
[    3.269211] io scheduler deadline registered (default)
[    3.270001] io scheduler cfq registered
[    3.270717] pci_hotplug: PCI Hot Plug PCI Core version: 0.5
[    3.271529] pciehp: PCI Express Hot Plug Controller Driver version: 0.4
[    3.272563] ACPI: AC Adapter [AC] (off-line)
[    3.273280] input: Power Button as /devices/LNXSYSTM:00/LNXPWRBN:00/input/input0
[    3.278781] ACPI: Power Button [PWRF]
[    3.281364] input: Sleep Button as /devices/LNXSYSTM:00/LNXSLPBN:00/input/input1
[    3.282550] ACPI: Sleep Button [SLPF]
[    3.283767] ACPI: Battery Slot [BAT0] (battery present)
[    3.284623] GHES: HEST is not enabled!
[    3.285439] Serial: 8250/16550 driver, 32 ports, IRQ sharing enabled
[    3.307704] 00:02: ttyS0 at I/O 0x3f8 (irq = 4, base_baud = 115200) is a 16550A
[    3.313285] Linux agpgart interface v0.103
[    3.317596] brd: module loaded
[    3.334413] loop: module loaded
[    3.337254] scsi host0: ata_piix
[    3.340882] scsi host1: ata_piix
[    3.341531] ata1: PATA max UDMA/33 cmd 0x1f0 ctl 0x3f6 bmdma 0xd000 irq 14
[    3.342593] ata2: PATA max UDMA/33 cmd 0x170 ctl 0x376 bmdma 0xd008 irq 15
[    3.343788] libphy: Fixed MDIO Bus: probed
[    3.344556] tun: Universal TUN/TAP device driver, 1.6
[    3.345380] tun: (C) 1999-2004 Max Krasnyansky <maxk@qualcomm.com>
[    3.346457] PPP generic driver version 2.4.2
[    3.348827] ehci_hcd: USB 2.0 'Enhanced' Host Controller (EHCI) Driver
[    3.349801] ehci-pci: EHCI PCI platform driver
[    3.350555] ehci-platform: EHCI generic platform driver
[    3.351384] ohci_hcd: USB 1.1 'Open' Host Controller (OHCI) Driver
[    3.358675] ohci-pci: OHCI PCI platform driver
[    3.359448] ohci-platform: OHCI generic platform driver
[    3.360325] uhci_hcd: USB Universal Host Controller Interface driver
[    3.361371] i8042: PNP: PS/2 Controller [PNP0303:PS2K,PNP0f03:PS2M] at 0x60,0x64 irq 1,12
[    3.363206] serio: i8042 KBD port at 0x60,0x64 irq 1
[    3.365127] serio: i8042 AUX port at 0x60,0x64 irq 12
[    3.371475] mousedev: PS/2 mouse device common for all mice
[    3.372717] input: AT Translated Set 2 keyboard as /devices/platform/i8042/serio0/input/input2
[    3.380441] rtc_cmos rtc_cmos: rtc core: registered rtc_cmos as rtc0
[    3.380512] rtc_cmos rtc_cmos: alarms up to one day, 114 bytes nvram
[    3.380521] i2c /dev entries driver
[    3.380587] device-mapper: uevent: version 1.0.3
[    3.380655] device-mapper: ioctl: 4.34.0-ioctl (2015-10-28) initialised: dm-devel@redhat.com
[    3.380670] ledtrig-cpu: registered to indicate activity on CPUs
[    3.383142] NET: Registered protocol family 10
[    3.383294] NET: Registered protocol family 17
[    3.383304] Key type dns_resolver registered
[    3.425813] microcode: CPU0 sig=0x306d4, pf=0x40, revision=0x0
[    3.425838] microcode: CPU1 sig=0x306d4, pf=0x40, revision=0x0
[    3.425902] microcode: Microcode Update Driver: v2.01 <tigran@aivazian.fsnet.co.uk>, Peter Oruba
[    3.426059] registered taskstats version 1
[    3.426075] Loading compiled-in X.509 certificates
[    3.426908] Loaded X.509 cert 'Build time autogenerated kernel key: f7bc719d96df7c6d6fed8f4b9fd5d4ff001383c8'
[    3.426931] zswap: loaded using pool lzo/zbud
[    3.428610] Key type trusted registered
[    3.431159] Key type encrypted registered
[    3.431167] AppArmor: AppArmor sha1 policy hashing enabled
[    3.431169] ima: No TPM chip found, activating TPM-bypass!
[    3.431190] evm: HMAC attrs: 0x1
[    3.431407]   Magic number: 8:39:867
[    3.460242] rtc_cmos rtc_cmos: setting system clock to 2016-11-18 03:53:59 UTC (1479441239)
[    3.460356] BIOS EDD facility v0.16 2004-Jun-25, 0 devices found
[    3.460356] EDD information not available.
[    3.661267] Freeing unused kernel memory: 1480K (ffffffff81f43000 - ffffffff820b5000)
[    3.665960] Write protecting the kernel read-only data: 14336k
[    3.670679] Freeing unused kernel memory: 1804K (ffff88000183d000 - ffff880001a00000)
[    3.675905] Freeing unused kernel memory: 144K (ffff880001ddc000 - ffff880001e00000)
Loading, please wait...
starting version[    3.689531] random: systemd-udevd: uninitialized urandom read (16 bytes read, 3 bits of entropy available)
 229
[    3.771351] random: systemd-udevd: uninitialized urandom read (16 bytes read, 3 bits of entropy available)
[    3.772226] random: udevadm: uninitialized urandom read (16 bytes read, 3 bits of entropy available)
[    3.772257] random: udevadm: uninitialized urandom read (16 bytes read, 3 bits of entropy available)
[    3.772355] random: udevadm: uninitialized urandom read (16 bytes read, 3 bits of entropy available)
[    3.772391] random: udevadm: uninitialized urandom read (16 bytes read, 3 bits of entropy available)
[    3.772422] random: udevadm: uninitialized urandom read (16 bytes read, 3 bits of entropy available)
[    3.772456] random: udevadm: uninitialized urandom read (16 bytes read, 3 bits of entropy available)
[    3.772488] random: udevadm: uninitialized urandom read (16 bytes read, 3 bits of entropy available)
[    3.772518] random: udevadm: uninitialized urandom read (16 bytes read, 3 bits of entropy available)
[    3.803079] e1000: Intel(R) PRO/1000 Network Driver - version 7.3.21-k8-NAPI
[    3.815767] e1000: Copyright (c) 1999-2006 Intel Corporation.
[    3.818814] Fusion MPT base driver 3.04.20
[    3.835453] Copyright (c) 1999-2008 LSI Corporation
[    4.019486] AVX version of gcm_enc/dec engaged.
[    4.105334] AES CTR mode by8 optimization enabled
[    4.110239] Fusion MPT SPI Host driver 3.04.20
[    4.218941] input: ImExPS/2 Generic Explorer Mouse as /devices/platform/i8042/serio1/input/input4
[    4.248135] tsc: Refined TSC clocksource calibration: 2594.726 MHz
[    4.251253] clocksource: tsc: mask: 0xffffffffffffffff max_cycles: 0x2566c5e3865, max_idle_ns: 440795203506 ns
[    4.979019] e1000 0000:00:03.0 eth0: (PCI:33MHz:32-bit) 02:ac:52:cc:1b:9c
[    5.168093] e1000 0000:00:03.0 eth0: Intel(R) PRO/1000 Network Connection
[    5.373300] e1000 0000:00:03.0 enp0s3: renamed from eth0
[    5.535331] mptbase: ioc0: Initiating bringup
[    5.612421] ioc0: LSI53C1030 A0: Capabilities={Initiator}
[    5.893972] scsi host2: ioc0: LSI53C1030 A0, FwRev=00000000h, Ports=1, MaxQ=256, IRQ=20
[    6.024869] scsi 2:0:0:0: Direct-Access     VBOX     HARDDISK         1.0  PQ: 0 ANSI: 5
[    6.272768] scsi target2:0:0: Beginning Domain Validation
[    6.355534] scsi target2:0:0: Domain Validation skipping write tests
[    6.356452] scsi target2:0:0: Ending Domain Validation
[    6.357240] scsi target2:0:0: asynchronous
[    6.358210] scsi 2:0:1:0: Direct-Access     VBOX     HARDDISK         1.0  PQ: 0 ANSI: 5
[    6.368598] scsi target2:0:1: Beginning Domain Validation
[    6.369990] scsi target2:0:1: Domain Validation skipping write tests
[    6.370871] scsi target2:0:1: Ending Domain Validation
[    6.371654] scsi target2:0:1: asynchronous
[    6.378023] sd 2:0:0:0: [sda] 20971520 512-byte logical blocks: (10.7 GB/10.0 GiB)
[    6.405987] sd 2:0:0:0: [sda] Write Protect is off
[    6.405994] sd 2:0:0:0: Attached scsi generic sg0 type 0
[    6.415267] sd 2:0:0:0: [sda] Incomplete mode parameter data
[    6.416251] sd 2:0:0:0: [sda] Assuming drive cache: write through
[    6.417302] sd 2:0:1:0: [sdb] 20480 512-byte logical blocks: (10.5 MB/10.0 MiB)
[    6.417375] sd 2:0:1:0: Attached scsi generic sg1 type 0
[    6.419528] sd 2:0:1:0: [sdb] Write Protect is off
[    6.420511] sd 2:0:1:0: [sdb] Incomplete mode parameter data
[    6.421315] sd 2:0:1:0: [sdb] Assuming drive cache: write through
[    6.423137]  sda: sda1
[    6.515921] sd 2:0:0:0: [sda] Attached SCSI disk
[    6.517848] sd 2:0:1:0: [sdb] Attached SCSI disk
[    7.108518] floppy0: no floppy controllers found
Begin: Loading e[    8.427407] md: linear personality registered for level -1
ssential drivers ... [    8.438965] md: multipath personality registered for level -4
[    8.444342] md: raid0 personality registered for level 0
[    8.453129] md: raid1 personality registered for level 1
[    8.532121] raid6: sse2x1   gen()  9806 MB/s
[    8.604118] raid6: sse2x1   xor()  7486 MB/s
[    8.672118] raid6: sse2x2   gen() 12505 MB/s
[    8.740121] raid6: sse2x2   xor()  7724 MB/s
[    8.812117] raid6: sse2x4   gen() 14479 MB/s
[    8.880118] raid6: sse2x4   xor()  9837 MB/s
[    8.885881] raid6: using algorithm sse2x4 gen() 14479 MB/s
[    8.886759] raid6: .... xor() 9837 MB/s, rmw enabled
[    8.887549] raid6: using ssse3x2 recovery algorithm
[    8.889576] xor: automatically using best checksumming function:
[    8.928119]    avx       : 24519.000 MB/sec
[    8.935489] async_tx: api initialized (async)
[    8.951368] md: raid6 personality registered for level 6
[    8.961878] md: raid5 personality registered for level 5
[    8.962642] md: raid4 personality registered for level 4
[    8.968034] md: raid10 personality registered for level 10
done.
Begin: Running /scripts/init-premount ... done.
Begin: Mounting root file system ... Begin: Running /scripts/local-top ... done.
Begin: Running /scripts/local-premount ... [    9.004720] Btrfs loaded
Scanning for Btrfs filesystems
done.
Warning: fsck not present, so sk[    9.181130] EXT4-fs (sda1): mounted filesystem with ordered data mode. Opts: (null)
ipping root file system
done.
Begin: Running /scripts/local-bottom ... done.
Begin: Running /scripts/init-bottom ... Warning: overlayroot: debug is busted
done.
[    9.414141] systemd[1]: systemd 229 running in system mode. (+PAM +AUDIT +SELINUX +IMA +APPARMOR +SMACK +SYSVINIT +UTMP +LIBCRYPTSETUP +GCRYPT +GNUTLS +ACL +XZ -LZ4 +SECCOMP +BLKID +ELFUTILS +KMOD -IDN)
[    9.422586] systemd[1]: Detected virtualization oracle.
[    9.424663] systemd[1]: Detected architecture x86-64.

Welcome to [1mUbuntu 16.04.1 LTS[0m!

[    9.435616] systemd[1]: Set hostname to <ubuntu>.
[    9.438624] systemd[1]: Initializing machine ID from random generator.
[    9.513834] systemd[1]: Installed transient /etc/machine-id file.
[    9.764165] systemd[1]: Reached target Encrypted Volumes.
[[0;32m  OK  [0m] Reached target Encrypted Volumes.
[    9.840408] systemd[1]: Listening on udev Control Socket.
[[0;32m  OK  [0m] Listening on udev Control Socket.
[    9.927365] systemd[1]: Started Forward Password Requests to Wall Directory Watch.
[[0;32m  OK  [0m] Started Forward Password Requests to Wall Directory Watch.
[    9.929575] systemd[1]: Listening on udev Kernel Socket.
[[0;32m  OK  [0m] Listening on udev Kernel Socket.
[    9.931211] systemd[1]: Listening on Journal Socket.
[[0;32m  OK  [0m] Listening on Journal Socket.
[    9.932815] systemd[1]: Listening on /dev/initctl Compatibility Named Pipe.
[[0;32m  OK  [0m] Listening on /dev/initctl Compatibility Named Pipe.
[    9.934701] systemd[1]: Reached target Swap.
[[0;32m  OK  [0m] Reached target Swap.
[    9.936166] systemd[1]: Listening on LVM2 poll daemon socket.
[[0;32m  OK  [0m] Listening on LVM2 poll daemon socket.
[    9.937851] systemd[1]: Listening on Syslog Socket.
[[0;32m  OK  [0m] Listening on Syslog Socket.
[    9.939596] systemd[1]: Created slice User and Session Slice.
[[0;32m  OK  [0m] Created slice User and Session Slice.
[    9.941318] systemd[1]: Listening on Journal Socket (/dev/log).
[[0;32m  OK  [0m] Listening on Journal Socket (/dev/log).
[    9.943037] systemd[1]: Listening on LVM2 metadata daemon socket.
[[0;32m  OK  [0m] Listening on LVM2 metadata daemon socket.
[    9.944961] systemd[1]: Created slice System Slice.
[[0;32m  OK  [0m] Created slice System Slice.
[    9.960282] systemd[1]: Starting Nameserver information manager...
         Starting Nameserver information manager...
[    9.963482] systemd[1]: Mounting Debug File System...
         Mounting Debug File System...
[    9.965578] systemd[1]: Reached target Slices.
[[0;32m  OK  [0m] Reached target Slices.
[   10.011543] systemd[1]: Starting Set console keymap...
         Starting Set console keymap...
[   10.060337] systemd[1]: Mounting POSIX Message Queue File System...
         Mounting POSIX Message Queue File System...
[   10.078937] systemd[1]: Created slice system-serial\x2dgetty.slice.
[[0;32m  OK  [0m] Created slice system-serial\x2dgetty.slice.
[   10.082067] systemd[1]: Reached target User and Group Name Lookups.
[[0;32m  OK  [0m] Reached target User and Group Name Lookups.
[   10.084447] systemd[1]: Mounting Huge Pages File System...
         Mounting Huge Pages File System...
[   10.094416] systemd[1]: Starting Uncomplicated firewall...
         Starting Uncomplicated firewall...
[   00.456095] systemd[1]: Set up automount Arbitrary Executable File Formats File System Automount Point.
[[0;32m  OK  [0m] Set up automount Arbitrary Executab...ats File System Automount Point.
[   10.549150] systemd[1]: Listening on Device-mapper event daemon FIFOs.
[[0;32m  OK  [0m] Listening on Device-mapper event daemon FIFOs.
[   10.551697] systemd[1]: Starting Monitoring of LVM2 mirrors, snapshots etc. using dmeventd or progress polling...
         Starting Monitoring of LVM2 mirrors... dmeventd or progress polling...
[   10.563014] systemd[1]: Listening on Journal Audit Socket.
[[0;32m  OK  [0m] Listening on Journal Audit Socket.
[   10.576311] systemd[1]: Starting Remount Root and Kernel File Systems...
[   10.579054] EXT4-fs (sda1): re-mounted. Opts: (null)
         Starting Remount Root and Kernel File Systems...
[   10.617874] random: nonblocking pool is initialized
[   10.636514] systemd[1]: Starting Load Kernel Modules...
         Startin[   10.655804] Loading iSCSI transport class v2.0-870.
g Load Kernel Mo[   10.766608] iscsi: registered transport (tcp)
dules...
[   10.858163] iscsi: registered transport (iser)
[   10.860300] systemd[1]: Starting Journal Service...
         Starting Journal Service...
[   009940738] systemd[1]: Starting Create list of required static device nodes for the current kernel...
         Starting Create list of required st... nodes for the current kernel...
[   11.038262] systemd[1]: Mounted POSIX Message Queue File System.
[[0;32m  OK  [0m] Mounted POSIX Message Queue File System.
[   11.056444] systemd[1]: Mounted Huge Pages File System.
[[0;32m  OK  [0m] Mounted Huge Pages File System.
[   11.097358] systemd[1]: Mounted Debug File System.
[[0;32m  OK  [0m] Mounted Debug File System.
[   11.098970] systemd[1]: Started Journal Service.
[[0;32m  OK  [0m] Started Journal Service.
[[0;32m  OK  [0m] Started Set console keymap.
[[0;32m  OK  [0m] Started Uncomplicated firewall.
[[0;32m  OK  [0m] Started Remount Root and Kernel File Systems.
[[0;32m  OK  [0m] Started Load Kernel Modules.
[[0;32m  OK  [0m] Started Create list of required sta...ce nodes for the current kernel.
[[0;32m  OK  [0m] Started Nameserver information manager.
[[0;32m  OK  [0m] Started LVM2 metadata daemon.
         Starting Create Static Device Nodes in /dev...
         Mounting FUSE Control File System...
         Starting Apply Kernel Variables...
         Starting Load/Save Random Seed...
         Starting udev Coldplug all Devices...
         Starting Flush Journal to Persistent Storage...
[[0;32m  OK  [0m] Mounted FUSE Control File System.
[[0;32m  OK  [0m] Started Create Static Device Nodes in /dev.
[[0;32m  OK  [0m] Started Apply Kernel Variables.
[[0;32m  OK  [0m] Started Load/Save Random Seed.
[[0;32m  OK  [0m] Started udev Coldplug all Devices.
[[0;32m  OK  [0m] Started Flush Journal to Persistent Storage.
         Starting udev Kernel Device Manager...
[[0;32m  OK  [0m] Started udev Kernel Device Manager.
[[0;32m  OK  [0m] Started Dispatch Password Requests to Console Directory Watch.
[[0;32m  OK  [0m] Found device /dev/ttyS0.
[[0;32m  OK  [0m] Started Monitoring of LVM2 mirrors,...ng dmeventd or progress polling.
[[0;32m  OK  [0m] Listening on Load/Save RF Kill Switch Status /dev/rfkill Watch.
[[0;32m  OK  [0m] Reached target Local File Systems (Pre).
[[0;32m  OK  [0m] Reached target Local File Systems.
         Starting Create Volatile Files and Directories...
         Starting Run snappy firstboot setup...
         Starting Commit a transient machine-id on disk...
         Starting Tell Plymouth To Write Out Runtime Data...
         Starting Set console font and keymap...
         Starting LSB: AppArmor initialization...
         Starting Initial cloud-init job (pre-networking)...
[[0;32m  OK  [0m] Started Create Volatile Files and Directories.
[[0;32m  OK  [0m] Started Run snappy firstboot setup.
[[0;32m  OK  [0m] Started Commit a transient machine-id on disk.
[[0;32m  OK  [0m] Started Tell Plymouth To Write Out Runtime Data.
         Starting Update UTMP about System Boot/Shutdown...
[[0;32m  OK  [0m] Reached target System Time Synchronized.
[[0;32m  OK  [0m] Started Update UTMP about System Boot/Shutdown.
[[0;32m  OK  [0m] Started Set console font and keymap.
[[0;32m  OK  [0m] Created slice system-getty.slice.
[[0;32m  OK  [0m] Started LSB: AppArmor initialization.
[[0;32m  OK  [0m] Reached target System Initialization.
[[0;32m  OK  [0m] Started Timer to automatically refresh installed snaps.
[[0;32m  OK  [0m] Started Daily apt activities.
         Starting Socket activation for snappy daemon.
[[0;32m  OK  [0m] Started ACPI Events Check.
[   11.886859] cloud-init[671]: Cloud-init v. 0.7.8 running 'init-local' at Fri, 18 Nov 2016 03:54:09 +0000. Up 11.59 seconds.
         Starting LXD - unix socket.
[[0;32m  OK  [0m] Listening on D-Bus System Message Bus Socket.
[[0;32m  OK  [0m] Started Daily Cleanup of Temporary Directories.
[[0;32m  OK  [0m] Reached target Timers.
[[0;32m  OK  [0m] Started Trigger resolvconf update for networkd DNS.
[[0;32m  OK  [0m] Reached target Paths.
[[0;32m  OK  [0m] Listening on ACPID Listen Socket.
[[0;32m  OK  [0m] Listening on UUID daemon activation socket.
[[0;32m  OK  [0m] Listening on Socket activation for snappy daemon.
[[0;32m  OK  [0m] Listening on LXD - unix socket.
[[0;32m  OK  [0m] Started Initial cloud-init job (pre-networking).
[[0;32m  OK  [0m] Reached target Network (Pre).
         Starting Raise network interfaces...
[[0;32m  OK  [0m] Reached target Sockets.
[[0;32m  OK  [0m] Reached target Basic System.
[[0;32m  OK  [0m] Started Snappy daemon.
[[0;32m  OK  [0m] Started D-Bus System Message Bus.
         Starting LSB: MD monitoring daemon...
         Starting System Logging Service...
         Starting Login Service...
[[0;32m  OK  [0m] Started ACPI event daemon.
[[0;32m  OK  [0m] Started FUSE filesystem for LXC.
[[0;32m  OK  [0m] Started Regular background program processing daemon.
         Starting LXD - container startup/shutdown...
         Starting Accounts Service...
[[0;32m  OK  [0m] Started Deferred execution scheduler.
         Starting LSB: Record successful boot for GRUB...
[[0;32m  OK  [0m] Started System Logging Service.
[[0;32m  OK  [0m] Started Login Service.
         Starting Authenticate and Authorize Users to Run Privileged Tasks...
[[0;32m  OK  [0m] Started LSB: MD monitoring daemon.
[[0;32m  OK  [0m] Started LSB: Record successful boot for GRUB.
[[0;32m  OK  [0m] Started Authenticate and Authorize Users to Run Privileged Tasks.
[[0;32m  OK  [0m] Started LXD - container startup/shutdown.
[[0;32m  OK  [0m] Started Accounts Service.
[[0;32m  OK  [0m] Started Raise network interfaces.
         Starting Initial cloud-init job (metadata service crawler)...
[[0;32m  OK  [0m] Reached target Network.
[   14.455284] cloud-init[998]: Cloud-init v. 0.7.8 running 'init' at Fri, 18 Nov 2016 03:54:11 +0000. Up 13.82 seconds.
[[0;32m  OK  [0m] Started Initial cloud-init job (metadata service crawler).
[   14.566523] cloud-init[998]: ci-info: +++++++++++++++++++++++++++++++++++++Net device info++++++++++++++++++++++++++++++++++++++
[   14.597760] cloud-init[998]: [[0;32m  OK  [0m] Reached target Cloud-config availability.
[[0;32m  OK  [0m] Reached target Network is Online.
ci-info: +--------+------+----------------------------+---------------+-------+-------------------+
[   14.600610] cloud-init[998]: ci-info: | Device |  Up  |          Address           |      Mask     | Scope |     Hw-Address    |
[   14.601975] cloud-init[998]: ci-info: +--------+------+----------------------------+---------------+-------+-------------------+
[   14.603333] cloud-init[998]: ci-info: |   lo   | True |         127.0.0.1          |   255.0.0.0   |   .   |         .         |
[   14.604759] cloud-init[998]: ci-info: |   lo   | True |          ::1/128           |       .       |  host |         .         |
[   14.606110] cloud-init[998]: ci-info: | enp0s3 | True |         10.0.2.15          | 255.255.255.0 |   .   | 02:ac:52:cc:1b:9c |
[   14.607464] cloud-init[998]: ci-info: | enp0s3 | True | fe80::ac:52ff:fecc:1b9c/64 |       .       |  link | 02:ac:52:cc:1b:9c |         Starting iSCSI initiator daemon (iscsid)...

[   14.609703]          Starting /etc/rc.local Compatibility...
cloud-init[998]:          Starting Apply the settings specified in cloud-config...
ci-info: +--------+------+----------------------------+---------------+-------+-------------------+
[   14.654125] cloud-init[998]: ci-info: +++++++++++++++++++++++++++Route IPv4 info++++++++++++++++++++++++++++
[   14.654382] cloud-init[998]: ci-info: +-------+-------------+----------+---------------+-----------+-------+
[   14.654510] cloud-init[998]: ci-info: | Route | Destination | Gateway  |    Genmask    | Interface | Flags |
         Starting Pollinate to seed the pseudo random number generator...
[   14.654650] cloud-init[998]: ci-info: +-------+-------------+----------+---------------+-----------+-------+
[   14.661147] cloud-init[998]: ci-info: |   0   |   0.0.0.0   | 10.0.2.2 |    0.0.0.0    |   enp0s3  |   UG  |
[   14.664775] cloud-init[998]: ci-info: |   1   |   10.0.2.0  | 0.0.0.0  | 255.255.255.0 |   enp0s3  |   U   |
[   14.666233] cloud-init[998]: ci-info: +-------+-------------+----------+---------------+-----------+-------+
[[0;32m  OK  [0m[   14.717321] ] cloud-initStarted /etc/rc.local Compatibility.[998]: 
Generating public/private rsa key pair.
[   14.717455] cloud-init[998]: Your identification has been saved in /etc/ssh/ssh_host_rsa_key.
[   14.762892] cloud-init[998]: Your public key has been saved in /etc/ssh/ssh_host_rsa_key.pub.
[   14.763069] cloud-init[998]: The key fingerprint is:
[[0;32m  OK  [0m] Started iSCSI initiator daemon (iscsid).
[   14.763141] cloud-init[998]: SHA256:FHOky0YKUEFPC8oS2IQnYPjLaJ2mWLlG/2fneXJTr2o root@ubuntu-xenial
[   14.858663] cloud-init[998]: The key's randomart image is:
[   14.858883] cloud-init[998]: +---[RSA 2048]----+
         Starting Login to default iSCSI targets...
[   14.858957] cloud-init[998]: |*=oo=.. o.o      |
[   15.005377] cloud-init[998]: |*ooo + . =       |
[   15.007154] cloud-init[998]: |.+o . o +        |
[   15.036274] cloud-init[998]: | ..  . = .       |
[   15.036454] cloud-init[998]: | o.o. . S        |
[[0;32m  OK  [0m] Started Login to default iSCSI targets.
[   15.036539] cloud-init[998]: |..*+   .      .  |
[   15.051666] cloud-init[998]: |oooo         . . |
[   15.052544] cloud-init[998]: |..o .   o o.E   .|
[   15.053366] cloud-init[998]: | .   ..o oo=.o.. |
[   15.054166] cloud-init[998]: +----[SHA256]-----+
[   15.055034] cloud-init[998]: Generating public/private dsa key pair.
[   15.056046] cloud-init[998]: Your identification has been saved in /etc/ssh/ssh_host_dsa_key.
[   15.057285] cloud-init[998]: Your public key has been saved in /etc/ssh/ssh_host_dsa_key.pub.
[   15.059596] cloud-init[998]: The key fingerprint is:
[   15.065036] cloud-init[998]: SHA256:DU6jCUQpOWCe7qe6+0OMb6+60D9GJoW5mSEKI0i8/gQ root@ubuntu-xenial
[   15.065225] cloud-init[998]: The key's randomart image is:
[[0;32m  OK  [0m] Reached target Remote File Systems (Pre).
[[   15.065304] cloud-init[998]: +---[DSA 1024]----+
[   15.073690] cloud-init[998]: |oo oo.           |
[   15.073728] cloud-init[998]: |oo=..            |
[0;32m  OK  [0m] Reached target Remote File Systems.
[   15.073778] cloud-init[998]: |oo.=.   +        |
[   15.080559] cloud-init[998]: |BE+ .. = +       |
[   15.084786] cloud-init[998]: |=*.*  o S .      |
[   15.086614] cloud-init[998]: |+oB.o            |
[   15.088499] cloud-init[998]: |.++=             |
[   15.090368] cloud-init[998]: |. *oo            |
[   15.128242] cloud-init[998]: |BOo=o.           |
[   15.128420] cloud-init[998]: +----[SHA256]-----+
         Starting LSB: automatic crash report generation...
[   15.128500] cloud-init[998]: Generating public/private ecdsa key pair.
[   15.192307] cloud-init[998]: Your identification has been saved in /etc/ssh/ssh_host_ecdsa_key.
[   15.192505] cloud-init[998]: Your public key has been saved in /etc/ssh/ssh_host_ecdsa_key.pub.
         Starting LSB: Set the CPU Frequency Scaling governor to "ondemand"...
[   15.192580] cloud-init[998]: The key fingerprint is:
[   15.230265] cloud-init[998]: SHA256:fkCfgYUZQtegWAz0cC+wHdrAWgg2QmR4salGUzk4qg4 root@ubuntu-xenial
[   15.232592] cloud-init[998]: The key's randomart image is:
[   15.233480] cloud-init[998]: +---[ECDSA 256]---+
[   15.234274] cloud-init[998]: |*Bo*B+* +*.      |
[   15.236166] cloud-init[998]: |=o==o&.*oo.      |
[   15.239708] cloud-init[998]: |.++o= * + .      |
[   15.240552] cloud-init[998]: |o.o    o . o     |
[   15.241364] cloud-init[998]: |o.      S o      |
[   15.242159] cloud-init[998]: |E      . .       |
[   15.242963] cloud-init[998]: |o       . .      |
[   15.243746] cloud-init[998]: | .       .       |
         Starting LSB: daemon to balance interrupts for SMP systems...
         Starting LSB: VirtualBox Linux Additions...
         Starting Permit User Sessions...
[   15.253435] cloud-init[998]: |                 |
[[0;32m  OK  [0m] Started LSB: Set the CPU Frequency Scaling governor to "ondemand".
[[0;32m  OK  [0m] Started LSB: automatic crash report generation.
[[0;32m  OK  [0m] Started LSB: daemon to balance interrupts for SMP systems.
[[0;32m  OK  [0m] Started LSB: VirtualBox Linux Additions.
[[0;32m  OK  [0m] Started Permit User Sessions.
[   15.319742] cloud-init[998]: +----[SHA256]-----+
[   15.512324] cloud-init[998]: Generating public/private ed25519 key pair.
         Starting Hold until boot process finishes up...
[   15.558729] cloud-init[998]: Your identification has been saved in /etc/ssh/ssh_host_ed25519_key.
[   15.626032] cloud-init[998]: Your public key has been saved in /etc/ssh/ssh_host_ed25519_key.pub.
[   15.630380] cloud-init[998]: The key fingerprint is:
         Starting Terminate Plymouth Boot Screen...
[[0;32m  OK  [0m] Started Hold until boot process finishes up.
[[0;32m  OK  [0m] Started Terminate Plymouth Boot Screen.
[   15.633337] cloud-init[998]: SHA256:zooocLJqmZOd1uRn+q2z9aErBWdpjCyLcEtCt+oqFA4 root@ubuntu-xenial
[   15.679075] cloud-init[998]: The key's randomart image is:
[   15.679351] cloud-init[998]: +--[ED25519 256]--+
         Starting Set console scheme...
[   15.679465] cloud-init[998]: |                 |
[   15.688388] cloud-init[998]: | . .             |
[   15.692548] cloud-init[998]: |. . . . o .      |
[   15.692771] cloud-init[998]: |E+ + . + *       |
[[0;32m  OK  [0m] Started Serial Getty on ttyS0.
[   15.692893] cloud-init[998]: |o B o o S        |
[   15.700198] cloud-init[998]: |o+.o o o .       |
[   15.702264] cloud-init[998]: |++= =   +. .     |
[   15.702533] cloud-init[998]: |+B = + *o o .    |
[[0;32m  OK  [0m] Started Getty on tty1.
[[   15.702939] cloud-init[998]: |B.+ ..*+=+..     |
[   15.705397] cloud-init[998]: +----[SHA256]-----+
[0;32m  OK  [0m] Reached target Login Prompts.
[   15.706037] cloud-init[1081]: Generating locales (this might take a while)...
[   15.709532] cloud-init[1081]:   en_US.UTF-8... done
[[0;32m  OK  [0m] Started Pollinate to seed the pseudo random number generator.
[   15.709732] cloud-init[1081]: Generation complete.
[[0;32m  OK  [0m] Started Set console scheme.
         Starting OpenBSD Secure Shell server...
[[0;32m  OK  [0m] Started OpenBSD Secure Shell server.
[[0;32m  OK  [0m] Reached target Multi-User System.
         Starting Notify bootloader that boot was successful...
[[0;32m  OK  [0m] Reached target Graphical Interface.
         Starting Update UTMP about System Runlevel Changes...
[[0;32m  OK  [0m] Started Notify bootloader that boot was successful.
[[0;32m  OK  [0m] Started Update UTMP about System Runlevel Changes.
         Stopping OpenBSD Secure Shell server...
[[0;32m  OK  [0m] Stopped OpenBSD Secure Shell server.
         Starting OpenBSD Secure Shell server...
[[0;32m  OK  [0m] Started OpenBSD Secure Shell server.
[   16.198352] cloud-init[1081]: Cloud-init v. 0.7.8 running 'modules:config' at Fri, 18 Nov 2016 03:54:12 +0000. Up 14.90 seconds.
[[0;32m  OK  [0m] Started Apply the settings specified in cloud-config.
         Starting Execute cloud user/final scripts...
ci-info: no authorized ssh keys fingerprints found for user ubuntu.
<14>Nov 18 03:54:14 ec2: 
<14>Nov 18 03:54:14 ec2: #############################################################
<14>Nov 18 03:54:14 ec2: -----BEGIN SSH HOST KEY FINGERPRINTS-----
<14>Nov 18 03:54:14 ec2: 1024 SHA256:DU6jCUQpOWCe7qe6+0OMb6+60D9GJoW5mSEKI0i8/gQ root@ubuntu-xenial (DSA)
<14>Nov 18 03:54:14 ec2: 256 SHA256:fkCfgYUZQtegWAz0cC+wHdrAWgg2QmR4salGUzk4qg4 root@ubuntu-xenial (ECDSA)
<14>Nov 18 03:54:14 ec2: 256 SHA256:zooocLJqmZOd1uRn+q2z9aErBWdpjCyLcEtCt+oqFA4 root@ubuntu-xenial (ED25519)
<14>Nov 18 03:54:14 ec2: 2048 SHA256:FHOky0YKUEFPC8oS2IQnYPjLaJ2mWLlG/2fneXJTr2o root@ubuntu-xenial (RSA)
<14>Nov 18 03:54:14 ec2: -----END SSH HOST KEY FINGERPRINTS-----
<14>Nov 18 03:54:14 ec2: #############################################################
-----BEGIN SSH HOST KEY KEYS-----
ecdsa-sha2-nistp256 AAAAE2VjZHNhLXNoYTItbmlzdHAyNTYAAAAIbmlzdHAyNTYAAABBBNyOXcLNXFjpoJyqk1r3hlUbIuPr5jKTLiVTWQkTytLeZzcP8AfS08ZTMiGSTAfC2oxjisPiHr4wFmq/vpqs/JE= root@ubuntu-xenial
ssh-ed25519 AAAAC3NzaC1lZDI1NTE5AAAAIKuVOzWOdeBQWptcxDF2XTKvOrvfHGa0WMGQlryXVmdT root@ubuntu-xenial
ssh-rsa AAAAB3NzaC1yc2EAAAADAQABAAABAQDHlhVMTsrvtcwgRi1QJCdClVebsAw1HDcy0f441IPPrem9iFzR3NYm5maGtE3GEC2jPhKhQ1JbsWEPeEga+k8gfqUIZ88DtoCG/uICkFAg1mTL07GmpMUDnhzK6RtXdlXj/zxKkZAGl7/5aMFvh+NX+Iq+ZZwvYrHq1lDJN4QNOwX0ARsIMSRTp6su080+p2uFdauEF7MwiliS/v2Ui52t+FAR9/htTeQ1h2NtbDnfjT+9OlI08zBgmriebp7X+A23pDRxpvYT0/xIFt9fuK/SeUeXuYIFCVkQtGXqiGB5+jne3HmHGMfIMsw5c3j2pxypy9ebvIxOpQRLiPJhrXU3 root@ubuntu-xenial
-----END SSH HOST KEY KEYS-----
[   16.708755] cloud-init[1298]: Cloud-init v. 0.7.8 running 'modules:final' at Fri, 18 Nov 2016 03:54:13 +0000. Up 16.47 seconds.
[   16.728852] cloud-init[1298]: ci-info: no authorized ssh keys fingerprints found for user ubuntu.
[   16.748208] cloud-init[1298]: Cloud-init v. 0.7.8 finished at Fri, 18 Nov 2016 03:54:14 +0000. Datasource DataSourceNoCloud [seed=/dev/sdb][dsmode=net].  Up 16.70 seconds
[[0;32m  OK  [0m] Started Execute cloud user/final scripts.
[[0;32m  OK  [0m] Reached target Cloud-init target.

Ubuntu 16.04.1 LTS ubuntu-xenial ttyS0

ubuntu-xenial login: 