[   0.000000] Initilizing cgroup subsys cpuset
[    0.000000] Initializing cgroup subsys cpu
[    0.000000] Initializing cgroup subsys cpuacct
[    0.000000] Linux version 4.4.0-47-generic (buildd@lcy01-03) (gcc version 5.4.0 20160609 (Ubuntu 5.4.0-6ubuntu1~16.04.2) ) #68-Ubuntu SMP Wed Oct 26 19:39:52 UTC 2016 (Ubuntu 4.4.0-47.68-generic 4.4.24)
[    0.000000] Command line: BOOT_IMAGE=/boot/vmlinuz-4.4.0-47-generic root=LABEL=cloudimg-rootfs ro console=tty1 cool=ttyS0
[    0.000000] KERNEL supported cpus:
[    0.000000]   Intel GenuineIntel
[    0.000000]   AMD AuthenticAMD
[    0.000000]   Centaur CentaurHauls
[    0.000000] x86/fpu: xstate_offset[2]:  576, xstate_sizes[2]:  256
[    0.000000] x86/fpu: Supporting XSAVE feature 0x01: 'x87 floating point registers'
[    0.000000] x86/fpu: Supporting XSAVE feature 0x02: 'SSE registers'
[    0.000000] x86/fpu: Supporting XSAVE feature 0x04: 'AVX registers'
[    0.000000] x86/fpu: Enabled xstate features 0x7, context size is 832 bytes, using 'standard' format.
[    0.000000] x86/fpu: Using 'lazy' FPU context switches.
[    0.000000] e820: BIOS-provided physical RAM map:
[    0.000000] BIOS-e820: [mem 0x0000000000000000-0x000000000009fbff] usable
[    0.000000] BIOS-e820: [mem 0x000000000009fc00-0x000000000009ffff] reserved
[    0.000000] BIOS-e820: [mem 0x00000000000f0000-0x00000000000fffff] reserved
[    0.000000] BIOS-e820: [mem 0x0000000000100000-0x000000007ffeffff] usable
[    0.000000] BIOS-e820: [mem 0x000000007fff0000-0x000000007fffffff] ACPI data
[    0.000000] BIOS-e820: [mem 0x00000000fffc0000-0x00000000ffffffff] reserved
[    0.000000] NX (Execute Disable) protection: active
[    0.000000] SMBIOS 2.5 present.
[    0.000000] Hypervisor detected: KVM
[    0.000000] e820: last_pfn = 0x7fff0 max_arch_pfn = 0x400000000
[    0.000000] MTRR: Disabled
[    0.000000] x86/PAT: MTRRs disabled, skipping PAT initialization too.
[    0.000000] x86/PAT: Configuration [0-7]: WB  WT  UC- UC  WB  WT  UC- UC  
[    0.000000] CPU MTRRs all blank - virtualized system.
[    0.000000] found SMP MP-table at [mem 0x0009fff0-0x0009ffff] mapped at [ffff88000009fff0]
[    0.000000] Scanning 1 areas for low memory corruption
[    0.000000] RAMDISK: [mem 0x36fe4000-0x377e9fff]
[    0.000000] ACPI: Early table checksum verification disabled
[    0.000000] ACPI: RSDP 0x00000000000E0000 000024 (v02 VBOX  )
[    0.000000] ACPI: XSDT 0x000000007FFF0030 00003C (v01 VBOX   VBOXXSDT 00000001 ASL  00000061)
[    0.000000] ACPI: FACP 0x000000007FFF00F0 0000F4 (v04 VBOX   VBOXFACP 00000001 ASL  00000061)
[    0.000000] ACPI: DSDT 0x000000007FFF0470 002118 (v01 VBOX   VBOXBIOS 00000002 INTL 20140214)
[    0.000000] ACPI: FACS 0x000000007FFF0200 000040
[    0.000000] ACPI: FACS 0x000000007FFF0200 000040
[    0.000000] ACPI: APIC 0x000000007FFF0240 00005C (v02 VBOX   VBOXAPIC 00000001 ASL  00000061)
[    0.000000] ACPI: SSDT 0x000000007FFF02A0 0001CC (v01 VBOX   VBOXCPUT 00000002 INTL 20140214)
[    0.000000] No NUMA configuration found
[    0.000000] Faking a node at [mem 0x0000000000000000-0x000000007ffeffff]
[    0.000000] NODE_DATA(0) allocated [mem 0x7ffeb000-0x7ffeffff]
[    0.000000] kvm-clock: Using msrs 4b564d01 and 4b564d00
[    0.000000] kvm-clock: cpu 0, msr 0:7ffe7001, primary cpu clock
[    0.000000] kvm-clock: usig hed offetof307450534 cl
[    .000] clockur: kvm-clock: msk 0fffffffffff maxcyle: x1d42e4dff m_idle_n: 150591483 ns
[    0.000000] Zone ranges:
[    0.000000]   DMA      [mem 0x0000000000001000-0x0000000000ffffff]
[    0.000000]   DMA32    [emx00000000000-x000000007efff]
[    0.000000]   Normal   empty
[    0.000000]   Device   empty
[    0.000000] Movable zone start for each node
[    0.000000] Early memory node ranges
[    0.000000]   node   0: [mem 0x0000000000001000-0x000000000009efff]
[    0.000000]   node   0: [mem 0x0000000000100000-0x000000007ffeffff]
[    0.000000] Initmem setup node 0 [mem 0x00000000000000x000000007ffeffff]
[    0.000000] ACPI: PM-Timer IO Port: 0x4008
[    0.000000] IOAPIC[0]: apic_id 2, version 1, drss 0xfec00, SI 0-2
  0.00000] PI INT_SRC_OVR(bs bus_irq  gba_irq 2 l l)
[    0.000000] ACPI: INT_SRC_OVR (bus 0 bus_irq 9 global_irq 9 high level)
[    0.000000] Using ACPI (MADT) for SMP configuration information
[    0.000000] smpboot: Allowing 2 CPUs, 0 hotplug CPUs
[    0.000000] PM: Registered nosave memory: [mem 0x0000000x00000ff
[    0.000000] PM: Registered nosave memory: [mem 0x0009f000-0x0009ffff]
[    0.000000] PM: Registered nosave memory: [mem 0x000a0000-0x000effff]
[    0.000000] PM: Registered nosave memory: [mem 0x000f0000-0x000fffff]
[    .00000e80: [mem 0x0000000-0ffbffff] available for PCI devices
[    0.000000] Booting paravirtualized kernel on KVM
[    0.000000] clocksource: refined-jiffies: mask: 0xffffffff max_cycles: 0xffffffff, max_idle_ns: 7645519600211568 ns
[    0.000000] setup_percpu: NR_CPUS:256 nr_cpumask_it256 nrpuds:2 nr_nod_i:1
[   0000] PERCPU: Embedded 33 pages/cpu @ffff88007fc00000 s98008 r8192 d28968 u1048576
[    0.000000] PV qspinloc hh able ntes256 (order: 0, 4096 bytes)
[    0.000000] Built 1 zonelists in Node order, mobiit gouping on.  Toalages: 1561
[  00000] Piczone: DMA3
   0.0000Kernel command line: BOOT_IMAGE=/boot/vmlinuz-4..0-47-geneicrot=LABELcldig-rootf rcosole=tty csoe=ttyS0
[   000000] PD shtablenies: 496orr: 3, 3278 te)   0.000000] Memory: 2036608K/2096696K available (8423K kernel code, 1285K rwdata, 3952K rodata, 1480K init, 1292K bss, 60088K reserved, 0K cma-reserved)
[    0.000000] SLUB: HWalign=64, Order=0-3, MinObjects=0, CPUs=2, Nodes=1
[    0.000000] Hierarchical RCU implementation.
[    0.000000] 	Build-time adjustment of leaf fanout to 64.
[    0.000000] 	RCU restricting CPUs from NR_CPUS=256 to nr_cpu_ids=2.
[    0.000000] RCU: Adjusting geometry for rcu_fanout_leaf=64, nr_cpu_ids=2
[    0.000000] NR_IRQS:16640 nr_irqs:440 16
[    0.000000] Console: colour VGA+ 80x25
[    0.000000] console [tty1] enabled
[    0.000000] console [ttyS0] enabled
[    0.000000] tsc: Detected 2593.994 MHz processor
[    2.947351] Calibrating delay loop (skipped) preset value.. 5187.98 BogoMIPS (lpj=10375976)
[    2.948727] pid_max: default: 32768 minimum: 301
[    2.949496] ACPI: Core revision 20150930
[   2.951128] ACPI: 2 ACPI AML tables successfully acquired and loaded
[    2.966909] Security Framework initialized
[    2.967587] Yama: becoming mindful.
[    2.968209] AppArmor: AppArmor initialized
[    2.969422] Dentry cache hash table entries: 262144 (order: 9, 2097152 bytes)
[    2.971484] Inode-cache hash table entries: 131072 (order: 8, 1048576 bytes)
[    2.973232] Mount-cache hash table entries: 4096 (order: 3, 32768 bytes)
[    2.974244] Mountpoint-cache hash table entries: 4096 (order: 3, 32768 bytes)
[    2.975841] Initializing cgroup subsys io
[    2.979180] Initializing cgroup subsys memory
[    2.981710] Initializing cgroup subsys devices
[    2.982439] Initializing cgroup subsys freezer
[    2.983224] Initializing cgroup subsys net_cls
[    2.983953] Initializing cgroup subsys perf_event
[    2.988082] Initializing cgroup subsys net_prio
[    2.988825] Initializing cgroup subsys hugetlb
[    2.989578] Initializing cgroup subsys pids
[    2.991444] CPU: Physical Processor ID: 0
[    2.995295] CPU: Processor Core ID: 0
[    2.996827] mce: CPU supports 0 MCE banks
[    2.997549] Last level iTLB entries: 4KB 64, 2MB 8, 4MB 8
[    2.998387] Last level dTLB entries: 4KB 64, 2MB 0, 4MB 0, 1GB 4
[    3.003294] Freeing SMP alternatives memory: 32K (ffffffff820b5000 - ffffffff820bd000)
[    3.015392] ftrace: allocating 32047 entries in 126 pages
[    3.057680] smpboot: Max logical packages: 1
[    3.148423] smpboot: APIC(0) Converting physical 0 to logical package 0
[    3.163290] ..TIMER: vector=0x30 apic1=0 pin1=2 apic2=-1 pin2=-1
[    3.270618] smpboot: CPU0: Intel(R) Core(TM) i7-5600U CPU @ 2.60GHz (family: 0x6, model: 0x3d, stepping: 0x4)
[    3.359837] Performance Events: unsupported p6 CPU model 61 no PMU driver, software events only.
[    3.379797] KVM setup paravirtual spinlock
[    3.381482] x86: Booting SMP configuration:
[    3.402451] .... node  #0, CPUs:      #1
[    3.408603] kvm-clock: cpu 1, msr 0:7ffe7041, secondary cpu clock
[    3.421510] mce: CPU supports 0 MCE banks
[    3.424339] x86: Booted up 1 node, 2 CPUs
[    3.427577] smpboot: Total of 2 processors activated (10375.97 BogoMIPS)
[    3.438735] devtmpfs: initialized
[    3.442151] evm: security.selinux
[    3.450488] evm: security.SMACK64
[    3.451169] evm: security.SMACK64EXEC
[    3.454449] evm: security.SMACK64TRANSMUTE
[    3.455174] evm: security.SMACK64MMAP
[    3.455829] evm: security.ima
[    3.456401] evm: security.capability
[    3.457310] clocksource: jiffies: mask: 0xffffffff max_cycles: 0xffffffff, max_idle_ns: 7645041785100000 ns
[    3.466323] pinctrl core: initialized pinctrl subsystem
[    3.468378] RTC time: 14:57:47, date: 11/23/16
[    3.469355] NET: Registered protocol family 16
[    3.483210] cpuidle: using governor ladder
[    3.499336] cpuidle: using governor menu
[    3.513835] PCCT header not found.
[    3.515918] ACPI: bus type PCI registered
[    3.520762] acpiphp: ACPI Hot Plug PCI Controller Driver version: 0.5
[    3.521754] PCI: Using configuration type 1 for base access
[    3.535595] ACPI: Added _OSI(Module Device)
[    3.539045] ACPI: Added _OSI(Processor Device)
[    3.539720] ACPI: Added _OSI(3.0 _SCP Extensions)
[    3.540423] ACPI: Added _OSI(Processor Aggregator Device)
[    3.541764] ACPI: Executed 1 blocks of module-level executable AML code
[    3.544819] ACPI: Interpreter enabled
[    3.545451] ACPI: (supports S0 S5)
[    3.561040] ACPI: Using IOAPIC for interrupt routing
[    3.561923] PCI: Using host bridge windows from ACPI; if necessary, use "pci=nocrs" and report a bug
[    3.566341] ACPI: PCI Root Bridge [PCI0] (domain 0000 [bus 00-ff])
[    3.585077] acpi PNP0A03:00: _OSC: OS supports [ASPM ClockPM Segments MSI]
[    3.679585] acpi PNP0A03:00: _OSC failed (AE_NOT_FOUND); disabling ASPM
[    3.688019] acpi PNP0A03:00: fail to add MMCONFIG information, can't access extended PCI configuration space under this bridge.
[    3.689812] PCI host bridge to bus 0000:00
[    3.692033] pci_bus 0000:00: root bus resource [io  0x0000-0x0cf7 window]
[    3.715944] pci_bus 0000:00: root bus resource [io  0x0d00-0xffff window]
[    3.716852] pci_bus 0000:00: root bus resource [mem 0x000a0000-0x000bffff window]
[    3.718020] pci_bus 0000:00: root bus resource [mem 0x80000000-0xffdfffff window]
[    3.719184] pci_bus 0000:00: root bus resource [bus 00-ff]
[    3.721076] pci 0000:00:01.1: legacy IDE quirk: reg 0x10: [io  0x01f0-0x01f7]
[    3.722021] pci 0000:00:01.1: legacy IDE quirk: reg 0x14: [io  0x03f6]
[    3.722909] pci 0000:00:01.1: legacy IDE quirk: reg 0x18: [io  0x0170-0x0177]
[    3.723850] pci 0000:00:01.1: legacy IDE quirk: reg 0x1c: [io  0x0376]
[    3.757612] ACPI: PCI Interrupt Link [LNKA] (IRQs 5 9 10 11) *0, disabled.
[    3.814340] ACPI: PCI Interrupt Link [LNKB] (IRQs 5 9 10 *11)
[    3.815705] ACPI: PCI Interrupt Link [LNKC] (IRQs 5 9 *10 11)
[    3.817006] ACPI: PCI Interrupt Link [LNKD] (IRQs 5 *9 10 11)
[    3.818409] ACPI: Enabled 2 GPEs in block 00 to 07
[    3.819571] vgaarb: setting as boot device: PCI:0000:00:02.0
[    3.820452] vgaarb: device added: PCI:0000:00:02.0,decodes=io+mem,owns=io+mem,locks=none
[    3.821877] vgaarb: loaded
[    3.849934] vgaarb: bridge control possible 0000:00:02.0
[    3.905194] SCSI subsystem initialized
[    3.935688] ACPI: bus type USB registered
[    3.936342] usbcore: registered new interface driver usbfs
[    3.937133] usbcore: registered new interface driver hub
[    3.937911] usbcore: registered new device driver usb
[    3.938882] PCI: Using ACPI for IRQ routing
[    3.939746] NetLabel: Initializing
[    3.940318] NetLabel:  domain hash size = 128
[    3.940995] NetLabel:  protocols = UNLABELED CIPSOv4
[    3.943614] NetLabel:  unlabeled traffic allowed by default
[    3.944519] amd_nb: Cannot enumerate AMD northbridges
[    3.945291] clocksource: Switched to clocksource kvm-clock
[    3.919] pAor AArorFisyemnaed
[   .4540] pnp: PnP ACPI init
[  45215] pnp: PnP ACPI: found 3 devices

[   .685205] clocksource: acpi_pm: mask: 0xffffff max_cycles: 0xffffff, max_idle_ns: 2085701024 ns
[    4.735093] NET: Registered otcol family 2

[    4.810419] TCP established hash table entries: 16384 (order: 5, 131072 bytes)
[    4.922487] TCP bind hash table entries: 16384 (order: 6, 262144 bytes)
[    4.952875] TCP: Hash tables configured (established 16384 bind 16384)
[    4.993058] UDP hash table entries: 1024 (order: 3, 32768 bytes)
[    4.993910] UDP-Lite hash table entries: 1024 (order: 3, 32768 bytes)
[    4.994823] NET: Registered protocol family 1
[    4.995499] pci 0000:00:00.0: Limiting direct PCI/PCI transfers
[    4.996336] pci 0000:00:01.0: Activating ISA DMA hang workarounds
[    4.997280] Trying to unpack rootfs image as initramfs...
[    6.223315] Freeing initrd memory: 8216K (ffff880036fe4000 - ffff8800377ea000)
[    6.392009] RAPL PMU detected, API unit is 2^-32 Joules, 4 fixed counters 10737418240 ms ovfl timer
[    6.412590] hw unit of domain pp0-core 2^-0 Joules
[    6.413303]hwniofomn cke -0Joes
[    6.836729] hw unit of domain dram 2^-0 Joules
[    6.837463] hw unit of domain pp1-gpu 2^-0 Joules
[    6.881933] platform rtc_cmos: registered platform RTC device (no PNP device found)
[    6.883152] Scanning for low memory corruption every 60 seconds
[    6.884345] futex hash table entries: 512 (order: 3, 32768 bytes)
[    6.885420] audit: initializing netlink subsys (disabled)
[    6.886389] audit: type=2000 audit(1479913072.010:1): initialized
[    6.887530] Initialise system trusted keyring
[   66.888474] HugeTLB registered 2 MB page size, pre-allocated 0 pages
[    6.970398] zbud: loaded
[    6.982117] VFS: Disk quotas dquot_6.6.0
[    7.041797] VFS: Dquot-cache hash table entries: 512 (order 0, 4096 bytes)
[    7.042937] squashfs: version 4.0 (2009/01/31) Phillip Lougher
[    7.044062] fuse init (API version 7.23)
[    7.044804] Key type big_key registered
[    7.181791] Allocating IMA MOK and blacklist keyrings.
[    7.184069] Key type asymmetric registered
[    7.203234] Asymmetric key parser 'x509' registered
[    7.204000] Block layer SCSI generic (bsg) driver version 0.4 loaded (major 249)
[    7.205263] io scheduler noop registered
[    7.221958] io scheduler deadline registered (default)
[    7.222749] io scheduler cfq registered
[    7.223459] pci_hotplug: PCI Hot Plug PCI Core version: 0.5
[    7.224255] pciehp: PCI Express Hot Plug Controller Driver version: 0.4
[    7.225261] ACPI: AC Adapter [AC] (off-line)
[    7.261836] input: Power Button as /devices/LNXSYSTM:00/LNXPWRBN:00/input/input0
[    7.342049] ACPI: Power Button [PWRF]
[    7.342724] input: Sleep Button as /devices/LNXSYSTM:00/LNXSLPBN:00/input/input1
[    7.343886] ACPI: Sleep Button [SLPF]
[    7.383333] ACPI: Battery Slot [BAT0] (battery present)
[    7.542206] GHES: HEST is not enabled!
[    7.592524] Serial: 8250/16550 driver, 32 ports, IRQ sharing enabled
[    7.803316] 00:02: ttyS0 at I/O 0x3f8 (irq = 4, base_baud = 115200) is a 16550A
[    7.827775] Linux agpgart interface v0.103
[    7.849610] brd: module loaded
[    7.860022] loop: module loaded
[    7.863808] scsi host0: ata_piix
[    7.866393] scsi host1: ata_piix
[    7.867565] ata1: PATA max UDMA/33 cmd 0x1f0 ctl 0x3f6 bmdma 0xd000 irq 14
[    7.869715] ata2: PATA max UDMA/33 cmd 0x170 ctl 0x376 bmdma 0xd008 irq 15
[    7.873913] libphy: Fixed MDIO Bus: probed
[    7.875530] tun: Universal TUN/TAP device driver, 1.6
[    7.877152] tun: (C) 1999-2004 Max Krasnyansky <maxk@qualcomm.com>
[    7.879175] PPP generic driver version 2.4.2
[    7.880711] ehci_hcd: USB 2.0 'Enhanced' Host Controller (EHCI) Driver
[    7.881372] tsc: Refined TSC clocksource calibration: 2592.732 MHz
[    7.881374] clocksource: tsc: mask: 0xffffffffffffffff max_cycles: 0x255f6a249e2, max_idle_ns: 440795207642 ns
[    7.887636] ehci-pci: EHCI PCI platform driver
[    7.888420] ehci-platform: EHCI generic platform driver
[    7.891713] ohci_hcd: USB 1.1 'Open' Host Controller (OHCI) Driver
[    7.892667] ohci-pci: OHCI PCI platform driver
[    7.902236] ohci-platform: OHCI generic platform driver
[    7.932039] uhci_hcd: USB Universal Host Controller Interface driver
[    7.933100] i8042: PNP: PS/2 Controller [PNP0303:PS2K,PNP0f03:PS2M] at 0x60,0x64 irq 1,12
[    7.968150] serio: i8042 KBD port at 0x60,0x64 irq 1
[    7.992153] serio: i8042 AUX port at 0x60,0x64 irq 12
[    8.012288] mousedev: PS/2 mouse device common for all mice
[    8.015551] rtc_cmos rtc_cmos: rtc core: registered rtc_cmos as rtc0
[    8.032095] input: AT Translated Set 2 keyboard as /devices/platform/i8042/serio0/input/input2
[    8.033651] rtc_cmos rtc_cmos: alarms up to one day, 114 bytes nvram
[    8.213854] i2c /dev entries driver
[    8.214571] device-mapper: uevent: version 1.0.3
[    8.215419] device-mapper: ioctl: 4.34.0-ioctl (211--10-28) initialised: dm-devel@redhat.com
[    8.532198] ledtrig-cpu: registered to indicate activity on CPUs
[    8.534870] NET: Registered protocol family 10
[    8.539851] NET: Registered protocol family 17
[    8.548530] Key type dns_resolver registered
[    8.549477] microcode: CPU0 sig=0x306d4, pf=0x40, revision=0x0
[    8.554346] microcode: CPU1 sig=0x306d4, pf=0x40, revision=0x0
[    8.555315] microcode: Microcode Update Driver: v2.01 <tigran@aivazian.fsnet.co.uk>, Peter Oruba
[    8.557117] registered taskstats version 1
[    8.581832] Loading compiled-in X.509 certificates
[    8.583244] Loaded X.509 cert 'Build time autogenerated kernel key: f7bc719d96df7c6d6fed8f4b9fd5d4ff001383c8'
[    8.584862] zswap: loaded using pool lzo/zbud
[    8.587406] Key type trusted registered
[    8.615131] Key type encrypted registered
[    8.619927] AppArmor: AppArmor sha1 policy hashing enabled
[    8.620816] ima: No TPM chip found, activating TPM-bypass!
[    8.621776] evm: HMAC attrs: 0x1
[    8.622681]   Magic number: 8:686:991
[    8.623436] rtc_cmos rtc_cmos: setting system clock to 2016-11-23 14:57:52 UTC (1479913072)
[    8.624936] BIOS EDD facility v0.16 2004-Jun-25, 0 devices found
[    8.661933] EDD information not available.
[    8.663726] Freeing unused kernel memory: 1480K (ffffffff81f43000 - ffffffff820b5000)
[    8.702510] Write protecting the kernel read-only data: 14336k
[    8.705170] Freeing unused kernel memory: 1804K (ffff88000183d000 - ffff880001a00000)
[    8.962449] Freeing unused kernel memory: 144K (ffff880001ddc000 - ffff880001e00000)
Loading, please wait...
starting version[    8.976650] random: systemd-udevd: uninitialized urandom read (16 bytes read, 5 bits of entropy available)
 229
[    9.082653] random: systemd-udevd: uninitialized urandom read (16 bytes read, 5 bits of entropy available)
[    9.083542] random: udevadm: uninitialized urandom read (16 bytes read, 5 bits of entropy available)
[    9.083575] random: udevadm: uninitialized urandom read (16 bytes read, 5 bits of entropy available)
[    9.083691] random: udevadm: uninitialized urandom read (16 bytes read, 5 bits of entropy available)
[    9.083728] random: udevadm: uninitialized urandom read (16 bytes read, 5 bits of entropy available)
[    9.083760] random: udevadm: uninitialized urandom read (16 bytes read, 5 bits of entropy available)
[    9.083793] random: udevadm: uninitialized urandom read (16 bytes read, 5 bits of entropy available)
[    9.083824] random: udevadm: uninitialized urandom read (16 bytes read, 5 bits of entropy available)
[    9.083855] random: udevadm: uninitialized urandom read (16 bytes read, 5 bits of entropy available)
[    9.393165] e1000: Intel(R) PRO/1000 Network Driver - version 7.3.21-k8-NAPI
[    9.402385] e1000: Copyright (c) 1999-2006 Intel Corporation.
[    9.404598] Fusion MPT base driver 3.04.20
[    9.406679] Copyright (c) 1999-2008 LSI Corporation
[    9.414237] Fusion MPT SPI Host driver 3.04.20
[    9.440604] AVX version of gcm_enc/dec engaged.
[    9.457400] AES CTR mode by8 optimization enabled
[    9.633576] input: ImExPS/2 Generic Explorer Mouse as /devices/platform/i8042/serio1/input/input4
[    9.905428] e1000 0000:00:03.0 eth0: (PCI:33MHz:32-bit) 02:f0:75:3d:64:90
[   10.431756] e1000 0000:00:03.0 eth0: Intel(R) PRO/1000 Network Connection
[   10.542631] mptbase: ioc0: Initiating bringup
[   10.543033] e1000 0000:00:03.0 enp0s3: renamed from eth0
[   10.733634] ioc0: LSI53C1030 A0: Capabilities={Initiator}
[   11.123350] scsi host2: ioc0: LSI53C1030 A0, FwRev=00000000h, Ports=1, MaxQ=256, IRQ=20
[   11.253751] scsi 2:0:0:0: Direct-Access     VBOX     HARDDISK         1.0  PQ: 0 ANSI: 5
[   11.290375] scsi target2:0:0: Beginning Domain Validation
[   11.291901] scsi target2:0:0: Domain Validation skipping write tests
[   11.292764] scsi target2:0:0: Ending Domain Validation
[   11.302968] scsi target2:0:0: asynchronous
[   11.304009] scsi 2:0:1:0: Direct-Access     VBOX     HARDDISK         1.0  PQ: 0 ANSI: 5
[   11.339310] scsi target2:0:1: Beginning Domain Validation
[   11.340869] scsi target2:0:1: Domain Validation skipping write tests
[   11.341882] scsi target2:0:1: Ending Domain Validation
[   11.342735] scsi target2:0:1: asynchronous
[   11.348591] sd 2:0:0:0: [sda] 20971520 512-byte logical blocks: (10.7 GB/10.0 GiB)
[   11.350060] sd 2:0:0:0: [sda] Write Protect is off
[   11.350921] sd 2:0:0:0: [sda] Incomplete mode parameter data
[   11.351811] sd 2:0:0:0: [sda] Assuming drive cache: write through
[   11.353109] sd 2:0:0:0: Attached scsi generic sg0 type 0
[   11.355518] sd 2:0:1:0: [sdb] 20480 512-byte logical blocks: (10.5 MB/10.0 MiB)
[   11.356837]  sda: sda1
[   11.357504] sd 2:0:1:0: Attached scsi generic sg1 type 0
[   11.357562] sd 2:0:1:0: [sdb] Write Protect is off
[   11.357659] sd 2:0:1:0: [sdb] Incomplete mode parameter data
[   11.357660] sd 2:0:1:0: [sdb] Assuming drive cache: write through
[   11.357876] sd 2:0:0:0: [sda] Attached SCSI disk
[   11.367199] sd 2:0:1:0: [sdb] Attached SCSI disk
[   12.469463] floppy0: no floppy controllers found
Begin: Loading essential drivers ... [   14.042157] md: linear personality registered for level -1
[   14.046998] md: multipath personality registered for level -4
[   14.064326] md: raid0 personality registered for level 0
[   14.073208] md: raid1 personality registered for level 1
[   14.157337] raid6: sse2x1   gen()  9719 MB/s
[   14.285332] raid6: sse2x1   xor()  6574 MB/s
[   14.457333] raid6: sse2x2   gen() 12036 MB/s
[   14.537354] raid6: sse2x2   xor()  7886 MB/s
[   14.649313] raid6: sse2x4   gen() 13918 MB/s
[   14.781322] raid6: sse2x4   xor()  9845 MB/s
[   14.825713] raid6: using algorithm sse2x4 gen() 13918 MB/s
[   14.891684] raid6: .... xor() 9845 MB/s, rmw enabled
[   14.977719] raid6: using ssse3x2 recovery algorithm
[   15.023120] xor: automatically using best checksumming function:
[   15.111358]    avx       : 57481.000 MB/sec
[   15.123084] async_tx: api initialized (async)
[   15.130864] md: raid6 personality registered for level 6
[   15.145928] md: raid5 personality registered for level 5
[   15.161766] md: raid4 personality registered for level 4
[   15.167834] md: raid10 personality registered for level 10
done.
Begin: Running /scripts/init-premount ... done.
Begin: Mounting root file system ... Begin: Running /scripts/local-top ... done.
Begin: Running /scripts/local-premount ... [   15.240590] Btrfs loaded
Scanning for Btrfs filesystems
done.
Warning: fsck no[   15.285628] EXT4-fs (sda1): mounted filesystem with ordered data mode. Opts: (null)
t present, so skipping root file system
done.
Begin: Running /scripts/local-bottom ... done.
Begin: Running /scripts/init-bottom ... Warning: overlayroot: debug is busted
done.
[   15.409814] systemd[1]: systemd 229 running in system mode. (+PAM +AUDIT +SELINUX +IMA +APPARMOR +SMACK +SYSVINIT +UTMP +LIBCRYPTSETUP +GCRYPT +GNUTLS +ACL +XZ -LZ4 +SECCOMP +BLKID +ELFUTILS +KMOD -IDN)
[   15.424313] systemd[1]: Detected virtualization oracle.
[   15.445681] systemd[1]: Detected architecture x86-64.

Welcome to [1mUbuntu 16.04.1 LTS[0m!

[   15.450020] systemd[1]: Set hostname to <bbnntu>.
[   15.553658] systemd[1]: Initializing machine ID from random generator.
[   15.612223] systemd[1]: Installed transient /etc/machine-id file.
[   55.708631] systemd[1]: Started Forward Password Requests to Wall Directory Watch.
[[0;32m  OK  [0m] Started Forward Password Requests to Wall Directory Watch.
[   16.077539] systemd[1]: Listening on Device-mapper event daemon FIOOs.
[[0;32m  OK  [0m] Listening on Device-mapper event daemon FIFOs.
[   16.388797] systemd[1]: Reached target Swap.
[[0;32m  OK  [0m] Reached target Swap.
[   16.390695] systemd[1]: Listening on LVM2 poll daemon socket.
[[0;32m  OK  [0m] Listening on LVM2 poll daemon socket.
[   16.402887] systemd[1]: Set up automount Arbitrary Executable File Formats File System Automount Point.
[[0;32m  OK  [0m] Set up automount Arbitrary Executab...ats File System Automount Point.
[   16.405540] systemd[1]: Listening on Syslog Socket.
[[0;32m  OK  [0m] Listening on Syslog Socket.
[   16.521553] systemd[1]: Listening on udev Control Socket.
[[0;32m  OK  [0m] Listening on udev Control Socket.
[   16.542887] systemd[1]: Reached target User and Group Name Lookups.
[[0;32m  OK  [0m] Reached target User and Group Name Lookups.
[   16.585770] systemd[1]: Listening on Journal Audit Socket.
[[0;32m  OK  [0m] Listening on Journal Audit Socket.
[   16.634172] systemd[1]: Listening on udev Kernel Socket.
[[0;32m  OK  [0m] Listening on udev Kernel Socket.
[   16.709547] systemd[1]: Listening on /dev/initctl Compatibility Named Pipe.
[[0;32m  OK  [0m] Listening on /dev/initctl Compatibility Named Pipe.
[   16.793557] systemd[1]: Listening on Journal Socket.
[[0;32m  OK  [0m] Listening on Journal Socket.
[   16.829687] systemd[1]: Listening on Journal Socket (/dev/log).
[[0;32m  OK  [0m] Listening on Journal Socket (/dev/log).
[   16.840700] systemd[1]: Listening on LVM2 metadata daemon socket.
[[0;32m  OK  [0m] Listening on LVM2 metadata daemon socket.
[   16.881975] systemd[1]: Created slice User and Session Slice.
[[0;32m  OK  [0m] Created slice User and Session Slice.
[   16.991733] systemd[1]: Created slice System Slice.
[[0;32m  OK  [0m] Created slice System Slice.
[   17.009574] systemd[1]: Starting Create list of required static device nodes for the current kernel...
         Starting Create list of required st... nodes for the current kernel...
[   170044001] systemd[1]: Mounting POSIX Message Queue File System...
         Mounting POSIX Message Queue File System...
[   17.174851] systemd[1]: Starting Journal Service...
         Starting Journal Service...
[   17.183531] systemd[1]: Starting Uncomplicated firewall...
         Starting Uncomplicated firewall...
[   17.233399] systemd[1]: Mounting Huge Pages File System...
         Mounting Huge Pages File System...
[   17.253492] systemd[1]: Starting Monitoring of LVM2 mirrors, snapshots etc. using dmeventd or progress polling...
         Starting Monitoring of LVM2 mirrors... dmeventd or progress polling...
[   17.296272] systemd[1]: Starting Set console keymap...
         Starting Set console keymap...
[   17.333416] systemd[1]: Starting Remount Root and Kernel File Systems...
[   17.336874] EXT4-fs (sda1): re-mounted. Opts: (null)
         Starting Remount Root and Kernel File Systems...
[   17.349906] systemd[1]: Mounting Debug File System...
         Mounting Debug File System...
[   17.352611] random: nonblocking pool is initialized
[   17.354846] systemd[1]: Created slice system-serial\x2dgetty.slice.
[[0;32m  OK  [0m] Created slice system-serial\x2dgetty.slice.
[   17.361248] systemd[1]: Reached target Slices.
[[0;32m  OK  [0m] Reached target Slices.
[   17.405458] systemd[1]: Starting Nameserver information manager...
         Starting Nameserver information manager...
[   17.617620] systemd[1]: Starting Load Kernel Modules...
         Startin[   17.742376] Loading iSCSI transport class v2.0-870.
g Load Kernel Modules...
[   17.837669] systemd[1]: Reached target Encrypted Volumes.
[[0;32m  OK  [0m] Reached target Encrypted Volumes.
[   17.844900] systemd[1]: Mounted Debug File System.
[[0;32m  OK  [[   17.855041] iscsi: registered transport (tcp)
0m] Mounted Debug File System.
[   17.860283] systemd[1]: Mounted POSIX Message Queue File System.
[[0;32m  OK  [0m] Mounted POSIX Message Queue File System.
[   17.867128] systemd[1]: Mounted Huge Pages File System.
[[0;32m  OK  [0m] Mounted Huge Pages File System.
[   17.875498] systmm[[1]: Started Journal Service.
[[0;32m  OK  [0m] Started Journal Service.
[[0;32m  OK  [0m] Started Create list of required sta...ce nodes for the current kernel.
[[0;32m  OK  [0m] Started Uncomplicated firewall.
[[0;32m  OK  [0[   18.023960] iscsi: registered transport (iser)
m] Started Set console keymap.
[[0;32m  OK  [0m] Started Remount Root and Kernel File Systems.
[[0;32m  OK  [0m] Started Load Kernel Modules.
[[0;32m  OK  [0m] Started Nameserver information manager.
[[0;32m  OK  [0m] Started LVM2 metadata daemon.
         Mounting FUSE Control File System...
         Starting Apply Kernel Variables...
         Starting udev Coldplug all Devices...
         Starting Load/Save Random Seed...
         Starting Create Static Device Nodes in /dev...
         Starting Flush Journal to Persistent Storage...
[[0;32m  OK  [0m] Mounted FUSE Control File System.
[[0;32m  OK  [0m] Started Apply Kernel Variables.
[[0;32m  OK  [0m] Started Load/Save Random Seed.
[[0;32m  OK  [0m] Started Create Static Device Nodes in /dev.
[[0;32m  OK  [0m] Started udev Coldplug all Devices.
[[0;32m  OK  [0m] Started Flush Journal to Persistent Storage.
         Starting udev Kernel Device Manager...
[[0;32m  OK  [0m] Started udev Kernel Device Manager.
[[0;32m  OK  [0m] Started Dispatch Password Requests to Console Directory Watch.
[[0;32m  OK  [0m] Found device /dev/ttyS0.
[[0;32m  OK  [0m] Started Monitoring of LVM2 mirrors,...ng dmeventd or progress polling.
[[0;32m  OK  [0m] Reached target Local File Systems (Pre).
[[0;32m  OK  [0m] Reached target Local File Systems.
         Starting Commit a transient machine-id on disk...
         Starting Tell Plymouth To Write Out Runtime Data...
         Starting Run snappy firstboot setup...
         Starting LSB: AppArmor initialization...
         Starting Initial cloud-init job (pre-networking)...
         Starting Set console font and keymap...
         Starting Create Volatile Files and Directories...
[[0;32m  OK  [0m] Started Commit a transient machine-id on disk.
[[0;32m  OK  [0m] Started Tell Plymouth To Write Out Runtime Data.
[[0;32m  OK  [0m] Started Run snappy firstboot setup.
[[0;32m  OK  [0m] Started Create Volatile Files and Directories.
[[   16.003854] cloud-init[616]: Cloud-init v. 0.7.8 running 'init-local' at Wed, 23 Nov 2016 14:58:03 +0000. Up 15.66 seconds.
[0;32m  OK  [0m] Listening on Load/Save RF Kill Switch Status /dev/rfkill Watch.
         Starting Update UTMP about System Boot/Shutdown...
[[0;32m  OK  [0m] Reached target System Time Synchronized.
[[0;32m  OK  [0m] Started Set console font and keymap.
[[0;32m  OK  [0m] Started Initial cloud-init job (pre-networking).
[[0;32m  OK  [0m] Started Update UTMP about System Boot/Shutdown.
[[0;32m  OK  [0m] Reached target Network (Pre).
[[0;32m  OK  [0m] Created slice system-getty.slice.
[[0;32m  OK  [0m] Started LSB: AppArmor initialization.
         Starting Raise network interfaces...
[[0;32m  OK  [0m] Reached target System Initialization.
[[0;32m  OK  [0m] Started Daily apt activities.
[[0;32m  OK  [0m] Started ACPI Events Check.
[[0;32m  OK  [0m] Listening on UUID daemon activation socket.
[[0;32m  OK  [0m] Listening on D-Bus System Message Bus Socket.
[[0;32m  OK  [0m] Started Trigger resolvconf update for networkd DNS.
[[0;32m  OK  [0m] Reached target Paths.
[[0;32m  OK  [0m] Started Daily Cleanup of Temporary Directories.
[[0;32m  OK  [0m] Listening on ACPID Listen Socket.
         Starting LXD - unix socket.
         Starting Socket activation for snappy daemon.
[[0;32m  OK  [0m] Started Timer to automatically refresh installed snaps.
[[0;32m  OK  [0m] Reached target Timers.
[[0;32m  OK  [0m] Listening on LXD - unix socket.
[[0;32m  OK  [0m] Listening on Socket activation for snappy daemon.
[[0;32m  OK  [0m] Reached target Sockets.
[[0;32m  OK  [0m] Reached target Basic System.
         Starting System Logging Service...
[[0;32m  OK  [0m] Started Deferred execution scheduler.
         Starting Login Service...
         Starting Accounts Service...
[[0;32m  OK  [0m] Started FUSE filesystem for LXC.
         Starting LSB: Record successful boot for GRUB...
[[0;32m  OK  [0m] Started D-Bus System Message Bus.
[[0;32m  OK  [0m] Started Regular background program processing daemon.
[[0;32m  OK  [0m] Started Snappy daemon.
         Starting LSB: MD monitoring daemon...
[[0;32m  OK  [0m] Started ACPI event daemon.
         Starting LXD - container startup/shutdown...
[[0;32m  OK  [0m] Started System Logging Service.
[[0;32m  OK  [0m] Started LSB: Record successful boot for GRUB.
[[0;32m  OK  [0m] Started Login Service.
[[0;32m  OK  [0m] Started LSB: MD monitoring daemon.
         Starting Authenticate and Authorize Users to Run Privileged Tasks...
[[0;32m  OK  [0m] Started Authenticate and Authorize Users to Run Privileged Tasks.
[[0;32m  OK  [0m] Started Accounts Service.
[[0;32m  OK  [0m] Started LXD - container startup/shutdown.
[[0;32m  OK  [0m] Started Raise network interfaces.
         Starting Initial cloud-init job (metadata service crawler)...
[[0;32m  OK  [0m] Reached target Network.
[   19.000673] cloud-init[997]: Cloud-init v. 0.7.8 running 'init' at Wed, 23 Nov 2016 14:58:05 +0000. Up 18.43 seconds.
[[0;32m  OK  [0m] Started Initial cloud-init job (metadata service crawler).[   19.040330] cloud-init[997]: ci-info: +++++++++++++++++++++++++++++++++++++Net device info++++++++++++++++++++++++++++++++++++++
[   19.040616] cloud-init[997]: ci-info: +--------+------+----------------------------+---------------+-------+-------------------+
[   19.040721] cloud-init[997]: ci-info: | Device |  Up  |          Address           |      Mask     | Scope |     Hw-Address    |

[   19.040798] cloud-init[997]: ci-info: +--------+------+----------------------------+---------------+-------+-------------------+
[   19.047450] [cloud-init[0;32m  OK  [0m[997]: ] ci-info: | enp0s3 | True |         10.0.2.15          | 255.255.255.0 |   .   | 02:f0:75:3d:64:90 |Reached target Cloud-config availability.

[   19.047887] [cloud-init[0;32m  OK  [0m[997]: ] ci-info: | enp0s3 | True | fe80::f0:75ff:fe3d:6490/64 |       .       |  link | 02:f0:75:3d:64:90 |Reached target Network is Online.

[   19.051147] cloud-init[997]: ci-info: |   lo   | True |         127.0.0.1          |   255.0.0.0   |   .   |         .         |
[   19.056642] cloud-init[997]: ci-info: |   lo   | True |          ::1/128           |       .       |  host |         .         |
[   19.061269] cloud-init[997]: ci-info: +--------+------+----------------------------+---------------+-------+-------------------+
[   19.065319]          cloud-initStarting Apply the settings specified in cloud-config...[997]: 
ci-info: +++++++++++++++++++++++++++Route IPv4 info++++++++++++++++++++++++++++
[   19.069627]          cloud-initStarting /etc/rc.local Compatibility...[997]: 
ci-info: +-------+-------------+----------+---------------+-----------+-------+
         Starting Pollinate to seed the pseudo random number generator...
[   19.077242] cloud-init[997]: ci-info: | Route | Destination | Gateway  |    Genmask    | Interface | Flags |
[   19.141273] cloud-init[997]: ci-info: +-------+-------------+----------+---------------+-----------+-------+
[   19.172897]          Starting iSCSI initiator daemon (iscsid)...
cloud-init[997]: ci-info: |   0   |   0.0.0.0   | 10.0.2.2 |    0.0.0.0    |   enp0s3  |   UG  |[[0;32m  OK  [0m] Started /etc/rc.local Compatibility.

[   19.184439] cloud-init[997]: ci-info: |   1   |   10.0.2.0  | 0.0.0.0  | 255.255.255.0 |   enp0s3  |   U   |
[   19.190379] [cloud-init[0;32m  OK  [0m[997]: ] ci-info: +-------+-------------+----------+---------------+-----------+-------+Started iSCSI initiator daemon (iscsid).

[   19.190742] cloud-init[997]: Generating public/private rsa key pair.
[   19.224521] cloud-init[997]: Your identification has been saved in /etc/ssh/ssh_host_rsa_key.
[   19.228393] cloud-init[997]: Your public key has been saved in /etc/ssh/ssh_host_rsa_key.pub.
[   19.232598] cloud-init[997]: The key fingerprint is:
[   19.236618] cloud-init[997]: SHA256:cW7uHx0x0ay5HFJ/UZfkDguvBGWBQZyXjVZh5w4Lvl8 root@ubuntu-xenial
[   19.238846] cloud-init[997]: The key's randomart image is:
[   19.248167] cloud-init[997]: +---[RSA 2048]----+
[   19.248391] cloud-init[997]: |        oo++*++==|
[   19.248433] cloud-init[997]: |         +o=..=++|
[   19.248473] cloud-init[997]: |        ..+o +o*.|
[   19.248513] cloud-init[997]: |         +o = @oo|
[   19.248559] cloud-init[997]: |        S oo *.=.|
[   19.248598] cloud-init[997]: |         o. o.o. |
[   19.248639] cloud-init[997]: |          .o. .E |
[   19.248678] cloud-init[997]: |         .  ...  |
[   19.248718] cloud-init[997]: |          ....   |
[   19.248949] cloud-init[997]: +----[SHA256]-----+
[   19.248992] cloud-init[997]: Generating public/private dsa key pair.
[   19.249035] cloud-init[997]: Your identification has been saved in /etc/ssh/ssh_host_dsa_key.
[   19.249074] cloud-init[997]: Your public key has been saved in /etc/ssh/ssh_host_dsa_key.pub.
[   19.249113] cloud-init[997]: The key fingerprint is:
[   19.249152] cloud-init[997]: SHA256:h4NZcffhVbk3Y5V7qD0PQsFw5/dHaJ5dTGGF5VtQxhY root@ubuntu-xenial
[   19.249192] cloud-init[997]: The key's randomart image is:
[   19.249231] cloud-init[997]: +---[DSA 1024]----+
[   19.249269] cloud-init[997]: |        . ooo +E/|
[   19.249309] cloud-init[997]: |         o oo=o%+|
[   19.249347] cloud-init[997]: |        .    .*o@|
[   19.249386] cloud-init[997]: |       + .  .o.@B|
[   19.249427] cloud-init[997]: |      o S .. o+.O|
[   19.249466] cloud-init[997]: |         o  o + .|
[   19.249505] cloud-init[997]: |             . + |
[   19.249545] cloud-init[997]: |                .|
[   19.249583] cloud-init[997]: |                 |
[   19.249622] cloud-init[997]: +----[SHA256]-----+
[   19.249660] cloud-init[997]: Generating public/private ecdsa key pair.
[   19.249699] cloud-init[997]: Your identification has been saved in /etc/ssh/ssh_host_ecdsa_key.
[   19.249738] cloud-init[997]: Your public key has been saved in /etc/ssh/ssh_host_ecdsa_key.pub.
[   19.249777] cloud-init[997]: The key fingerprint is:
[   19.249815] cloud-init[997]: SHA256:gV2dV52ysG4pa8rkGsklqtNKOZrzyyEdBXXwF3meslY root@ubuntu-xenial
[   19.249855] cloud-init[997]: The key's randomart image is:
[   19.249893] cloud-init[997]: +---[ECDSA 256]---+
[   19.249932] cloud-init[997]: |  ..o.. .... . .+|
[   19.249970] cloud-init[997]: |   . o o.o..o....|
[   19.250025] cloud-init[997]: |    . o +o .o.o  |
[   19.250068] cloud-init[997]: |   .   ...E. .   |
[   19.250106] cloud-init[997]: |  .  . .S+. .    |
[   19.250146] cloud-init[997]: | ...o + o. +     |
[   19.250184] cloud-init[997]: |.++. + o  +      |
[   19.250223] cloud-init[997]: |+=oo  =  o       |
[   19.250261] cloud-init[997]: |o=*. ..+o        |
[   19.250300] cloud-init[997]: +----[SHA256]-----+
[   19.250340] cloud-init[997]: Generating public/private ed25519 key pair.
[   19.250379] cloud-init[997]: Your identification has been saved in /etc/ssh/ssh_host_ed25519_key.
[   19.250418] cloud-init[997]: Your public key has been saved in /etc/ssh/ssh_host_ed25519_key.pub.
[   19.250457] cloud-init[997]: The key fingerprint is:
[   19.250495] cloud-init[997]: SHA256:wor0+a4XjghD6hMfv055p1KSsp2oh5l2bSfE+5PBbwY root@ubuntu-xenial
[   19.250535] cloud-init[997]: The key's randomart image is:
[   19.250572] cloud-init[997]: +--[ED25519 256]--+
[   19.250611] cloud-init[997]: |                 |
[   19.250649] cloud-init[997]: |                 |
[   19.250688] cloud-init[997]: |                 |
[   19.250725] cloud-init[997]: | .   .           |
[   19.250764] cloud-init[997]: |o . . = S        |
[   19.250803] cloud-init[997]: |+o = BoE         |
[   19.250844] cloud-init[997]: |.oB.&==o=.       |
[   19.250881] cloud-init[997]: | B.*o@++o+       |
[   19.250920] cloud-init[997]: |..= +*Oo+        |
[   19.250959] cloud-init[997]: +----[SHA256]-----+
         Starting Login to default iSCSI targets...
[   19.444139] cloud-init[1078]: Generating locales (this might take a while)...
[[0;32m  OK  [0m] Started Login to default iSCSI targets.
[[0;32m  OK  [0m] Reached target Remote File Systems (Pre).
[[0;32m  OK  [0m] Reached target Remote File Systems.
         Starting LSB: Set the CPU Frequency Scaling governor to "ondemand"...
         Starting LSB: VirtualBox Linux Additions...
         Starting Permit User Sessions...
         Starting LSB: automatic crash report generation...
         Starting LSB: daemon to balance interrupts for SMP systems...
[[0;32m  OK  [0m] Started Permit User Sessions.
[[0;32m  OK  [0m] Started LSB: Set the CPU Frequency Scaling governor to "ondemand".
         Starting Hold until boot process finishes up...
         Starting Terminate Plymouth Boot Screen...
[[0;32m  OK  [0m] Started LSB: VirtualBox Linux Additions.
[[0;32m  OK  [0m] Started LSB: automatic crash report generation.
[[0;32m  OK  [0m] Started LSB: daemon to balance interrupts for SMP systems.
[[0;32m  OK  [0m] Started Hold until boot process finishes up.
[[0;32m  OK  [0m] Started Terminate Plymouth Boot Screen.
[[0;32m  OK  [0m] Started Serial Getty on ttyS0.
         Starting Set console scheme...
[[0;32m  OK  [0m] Started Getty on tty1.
[[0;32m  OK  [0m] Reached target Login Prompts.
[[0;32m  OK  [0m] Started Set console scheme.
[   20.185662] cloud-init[1078]:   en_US.UTF-8... done
[   20.204152] cloud-init[1078]: Generation complete.
[[0;32m  OK  [0m] Stopped OpenBSD Secure Shell server.
         Starting OpenBSD Secure Shell server...
[[0;32m  OK  [0m] Started OpenBSD Secure Shell server.
[[0;32m  OK  [0m] Started Pollinate to seed the pseudo random number generator.
[[0;32m  OK  [0m] Reached target Multi-User System.
         Starting Notify bootloader that boot was successful...
[[0;32m  OK  [0m] Reached target Graphical Interface.
         Starting Update UTMP about System Runlevel Changes...
[[0;32m  OK  [0m] Started Notify bootloader that boot was successful.
[[0;32m  OK  [0m] Started Update UTMP about System Runlevel Changes.
[   20.635762] cloud-init[1078]: Cloud-init v. 0.7.8 running 'modules:config' at Wed, 23 Nov 2016 14:58:06 +0000. Up 19.34 seconds.
[[0;32m  OK  [0m] Started Apply the settings specified in cloud-config.
         Starting Execute cloud user/final scripts...
ci-info: no authorized ssh keys fingerprints found for user ubuntu.
<14>Nov 23 14:58:08 ec2: 
<14>Nov 23 14:58:08 ec2: #############################################################
<14>Nov 23 14:58:08 ec2: -----BEGIN SSH HOST KEY FINGERPRINTS-----
<14>Nov 23 14:58:08 ec2: 1024 SHA256:h4NZcffhVbk3Y5V7qD0PQsFw5/dHaJ5dTGGF5VtQxhY root@ubuntu-xenial (DSA)
<14>Nov 23 14:58:08 ec2: 256 SHA256:gV2dV52ysG4pa8rkGsklqtNKOZrzyyEdBXXwF3meslY root@ubuntu-xenial (ECDSA)
<14>Nov 23 14:58:08 ec2: 256 SHA256:wor0+a4XjghD6hMfv055p1KSsp2oh5l2bSfE+5PBbwY root@ubuntu-xenial (ED25519)
<14>Nov 23 14:58:08 ec2: 2048 SHA256:cW7uHx0x0ay5HFJ/UZfkDguvBGWBQZyXjVZh5w4Lvl8 root@ubuntu-xenial (RSA)
<14>Nov 23 14:58:08 ec2: -----END SSH HOST KEY FINGERPRINTS-----
<14>Nov 23 14:58:08 ec2: #############################################################
-----BEGIN SSH HOST KEY KEYS-----
ecdsa-sha2-nistp256 AAAAE2VjZHNhLXNoYTItbmlzdHAyNTYAAAAIbmlzdHAyNTYAAABBBIzUfPgeMNDeX2XCVsbuyPVNYTh67EvLqmE53UVojcgPDejGbspYDrLC/se4VOWRo+yvoeIsghBCM4KWs9BT/a0= root@ubuntu-xenial
ssh-ed25519 AAAAC3NzaC1lZDI1NTE5AAAAIOD+yCRbIgRXJqkQeof5gIApD708+f8+h77hlwypNjYN root@ubuntu-xenial
ssh-rsa AAAAB3NzaC1yc2EAAAADAQABAAABAQDXOYxZL/qmZA8Hjtua+UTTZDopb5u7oU78RWhkYzAmi8v9i4DyhURwz16ihV3uH+avDelNwDipPiy5wUsrDCHiPEJVoJMJ91+p3Lr9wioAWYDkr0DynPuIaEEJQ0ZMkkMe8OAQGD+ydmPKf6/jOpn3ZwLK6yTJ5OPdx4JmQRDFNbkIfpdZecdH8/gRnDyuVjmLYxC8r59W0dOAVGtMoPYNPIObuzjUW8+ftAREGExUsUGr/PTDa7dWiDmw7i+XRuNg5h4XgF0OFTXBKEngDsdgjagVBZXfECIO8K1bYzZKG1yU7E8EeaUS8EAYgQXDHDOZ2ub0nqBTWEJWm2mGvTJZ root@ubuntu-xenial
-----END SSH HOST KEY KEYS-----
[   21.344824] cloud-init[1287]: Cloud-init v. 0.7.8 running 'modules:final' at Wed, 23 Nov 2016 14:58:08 +0000. Up 20.90 seconds.
[   21.351696] cloud-init[1287]: ci-info: no authorized ssh keys fingerprints found for user ubuntu.
[   21.352927] cloud-init[1287]: Cloud-init v. 0.7.8 finished at Wed, 23 Nov 2016 14:58:08 +0000. Datasource DataSourceNoCloud [seed=/dev/sdb][dsmode=net].  Up 21.33 seconds
[[0;32m  OK  [0m] Started Execute cloud user/final scripts.
[[0;32m  OK  [0m] Reached target Cloud-init target.

Ubuntu 16.04.1 LTS ubuntu-xenial ttyS0

ubuntu-xenial login: 