[  0.000000] Initializing cgroup subsys cpuset
[    0.000000] Initializing cgroup subsys cpu
[    0.000000] Initializing cgroup subsys cpuacct
[    0.000000] Linux version 4.4.0-47-generic (buildd@lcy01-03) (gcc version 5.4.0 20160609 (Ubuntu 5.4.0-6ubuntu1~16.04.2) ) #68-Ubuntu SMP Wed Oct 26 19:39:52 UTC 2016 (Ubuntu 4.4.0-47.68-generic 4.4.24)
[    0.000000] Command line: BOOT_IMAGE=/boot/vmlinuz-4.4.0-47-generic root=LABEL=cloudimg-rootfs ro console=tty1 console=ttyS0
[    0.000000] KERNEL supported cpus:
[    0.000000]   Intel GenuineIntel
[    0.000000]   AMD AuthenticAMD
[    0.000000]   Centaur CentaurHauls
[    0.000000] x86/fpu: xstate_offset[2]:  576, xstate_sizes[2]:  256
[    0.000000] x86/fpu: Supporting XSAVE feature 0x01: 'x87 floating point registers'
[    0.000000] x86/fpu: Supporting XSAVE feature 0x02: 'SSE registers'
[    0.000000] x86/fpu: Supporting XSAVE feature 0x04: 'AVX registers'
[    0.000000] x86/fpu: Enabled xstate features 0x7, context size is 832 bytes, using 'standard' format.
[    0.000000] x86/fpu: Using 'lazy' FPU context switches.
[    0.000000] e820: BIOS-provided physical RAM map:
[    0.000000] BIOS-e820: [mem 0x0000000000000000-0x000000000009fbff] usable
[    0.000000] BIOS-e820: [mem 0x000000000009fc00-0x000000000009ffff] reserved
[    0.000000] BIOS-e820: [mem 0x00000000000f0000-0x00000000000fffff] reserved
[    0.000000] BIOS-e820: [mem 0x0000000000100000-0x000000001ffeffff] usable
[    0.000000] BIOS-e820: [mem 0x000000001fff0000-0x000000001fffffff] ACPI data
[    0.000000] BIOS-e820: [mem 0x00000000fffc0000-0x00000000ffffffff] reserved
[    0.000000] NX (Execute Disable) protection: active
[    0.000000] SMBIOS 2.5 present.
[    0.000000] Hypervisor detected: KVM
[    0.000000] e820: last_pfn = 0x1fff0 max_arch_pfn = 0x400000000
[    0.000000] MTRR: Disabled
[    0.000000] x86/PAT: MTRRs disabled, skipping PAT initialization too.
[    0.000000] x86/PAT: Configuration [0-7]: WB  WT  UC- UC  WB  WT  UC- UC  
[    0.000000] CPU MTRRs all blank - virtualized system.
[    0.000000] found SMP MP-table at [mem 0x0009fff0-0x0009ffff] mapped at [ffff88000009fff0]
[    0.000000] Scanning 1 areas for low memory corruption
[    0.000000] RAMDISK: [mem 0x1ef64000-0x1f773fff]
[    0.000000] ACPI: Early table checksum verification disabled
[    0.000000] ACPI: RSDP 0x00000000000E0000 000024 (v02 VBOX  )
[    0.000000] ACPI: XSDT 0x000000001FFF0030 00003C (v01 VBOX   VBOXXSDT 00000001 ASL  00000061)
[    0.000000] ACPI: FACP 0x000000001FFF00F0 0000F4 (v04 VBOX   VBOXFACP 00000001 ASL  00000061)
[    0.000000] ACPI: DSDT 0x000000001FFF0470 002118 (v01 VBOX   VBOXBIOS 00000002 INTL 20140214)
[    0.000000] ACPI: FACS 0x000000001FFF0200 000040
[    0.000000] ACPI: FACS 0x000000001FFF0200 000040
[    0.000000] ACPI: APIC 0x000000001FFF0240 00005C (v02 VBOX   VBOXAPIC 00000001 ASL  00000061)
[    0.000000] ACPI: SSDT 0x000000001FFF02A0 0001CC (v01 VBOX   VBOXCPUT 00000002 INTL 20140214)
[    0.000000] No NUMA configuration found
[    0.000000] Faking a node at [mem 0x0000000000000000-0x000000001ffeffff]
[    0.000000] NODE_DATA(0) allocated [mem 0x1ffeb000-0x1ffeffff]
[    0.000000] kvm-clock: Using msrs 4b564d01 and 4b564d00
[    0.000000] kvm-clock: cpu 0, msr 0:1ffe7001, primary cpu clock
[    0.000000] kvm-clock: using sched offset of 3027162361 cycles
[    0.000000] clocksource: kvm-clock: mask: 0xffffffffffffffff max_cycles: 0x1cd42e4dffb, max_idle_ns: 881590591483 ns
[    0.000000] Zone ranges:
[    0.000000]   DMA      [mem 0x0000000000001000-0x0000000000ffffff]
[    0.000000]   DMA32    [mem 0x0000000001000000-0x000000001ffeffff]
[    0.000000]   Normal   empty
[    0.000000]   Device   empty
[    0.000000] Movable zone start for each node
[    0.000000] Early memory node ranges
[    0.000000]   node   0: [mem 0x0000000000001000-0x000000000009efff]
[    0.000000]   node   0: [mem 0x0000000000100000-0x000000001ffeffff]
[    0.000000] Initmem setup node 0 [mem 0x0000000000001000-0x000000001ffeffff]
[    0.000000] ACPI: PM-Timer IO Port: 0x4008
[    0.000000] IOAPIC[0]: apic_id 2, version 17, address 0xfec00000, GSI 0-23
[    0.000000] ACPI: INT_SRC_OVR (bus 0 bus_irq 0 global_irq 2 dfl dfl)
[    0.000000] ACPI: INT_SRC_OVR (bus 0 bus_irq 9 global_irq 9 high level)
[    0.000000] Using ACPI (MADT) for SMP configuration information
[    0.000000] smpboot: Allowing 2 CPUs, 0 hotplug CPUs
[    0.000000] PM: Registered nosave memory: [mem 0x00000000-0x00000fff]
[    0.000000] PM: Registered nosave memory: [mem 0x0009f000-0x0009ffff]
[    0.000000] PM: Registered nosave memory: [mem 0x000a0000-0x000effff]
[    0.000000] PM: Registered nosave memory: [mem 0x000f0000-0x000fffff]
[    0.000000] e820: [mem 0x20000000-0xfffbffff] available for PCI devices
[    0.000000] Booting paravirtualized kernel on KVM
[    0.000000] clocksource: refined-jiffies: mask: 0xffffffff max_cycles: 0xffffffff, max_idle_ns: 7645519600211568 ns
[    0.000000] setup_percpu: NR_CPUS:256 nr_cpumask_bits:256 nr_cpu_ids:2 nr_node_ids:1
[    0.000000] PERCPU: Embedded 33 pages/cpu @ffff88001fc00000 s98008 r8192 d28968 u1048576
[    0.000000] PV qspinlock hash table entries: 256 (order: 0, 4096 bytes)
[    0.000000] Built 1 zonelists in Node order, mobility grouping on.  Total pages: 128889
[    0.000000] Policy zone: DMA32
[    0.000000] Kernel command line: BOOT_IMAGE=/boot/vmlinuz-4.4.0-47-generic root=LABEL=cloudimg-rootfs ro console=tty1 console=ttyS0
[    0.000000] PID hash table entries: 2048 (order: 2, 16384 bytes)
[    0.000000] Memory: 488296K/523832K available (8423K kernel code, 1285K rwdata, 3952K rodata, 1480K init, 1292K bss, 35536K reserved, 0K cma-reserved)
[    0.000000] SLUB: HWalign=64, Order=0-3, MinObjects=0, CPUs=2, Nodes=1
[    0.000000] Hierarchical RCU implementation.
[    0.000000] 	Build-time adjustment of leaf fanout to 64.
[    0.000000] 	RCU restricting CPUs from NR_CPUS=256 to nr_cpu_ids=2.
[    0.000000] RCU: Adjusting geometry for rcu_fanout_leaf=64, nr_cpu_ids=2
[    0.000000] NR_IRQS:16640 nr_irqs:440 16
[    0.000000] Console: colour VGA+ 80x25
[    0.000000] console [tty1] enabled
[    0.000000] console [ttyS0] enabled
[    0.000000] tsc: Detected 2593.992 MHz processor
[    0.148087] Calibrating delay loop (skipped) preset value.. 5187.98 BogoMIPS (lpj=10375968)
[    0.149486] pid_max: default: 32768 minimum: 301
[    0.150228] ACPI: Core revision 20150930
[    0.151747] ACPI: 2 ACPI AML tables successfully acquired and loaded
[    0.152809] Security Framework initialized
[    0.153494] Yama: becoming mindful.
[    0.154119] AppArmor: AppArmor initialized
[    0.154848] Dentry cache hash table entries: 65536 (order: 7, 524288 bytes)
[    0.155966] Inode-cache hash table entries: 32768 (order: 6, 262144 bytes)
[    0.157003] Mount-cache hash table entries: 1024 (order: 1, 8192 bytes)
[    0.157972] Mountpoint-cache hash table entries: 1024 (order: 1, 8192 bytes)
[    0.159104] Initializing cgroup subsys io
[    0.159831] Initializing cgroup subsys memory
[    0.160595] Initializing cgroup subsys devices
[    0.161320] Initializing cgroup subsys freezer
[    0.162043] Initializing cgroup subsys net_cls
[    0.162767] Initializing cgroup subsys perf_event
[    0.163548] Initializing cgroup subsys net_prio
[    0.164287] Initializing cgroup subsys hugetlb
[    0.165012] Initializing cgroup subsys pids
[    0.165769] CPU: Physical Processor ID: 0
[    0.166444] CPU: Processor Core ID: 0
[    0.167998] mce: CPU supports 0 MCE banks
[    0.168694] Last level iTLB entries: 4KB 64, 2MB 8, 4MB 8
[    0.169524] Last level dTLB entries: 4KB 64, 2MB 0, 4MB 0, 1GB 4
[    0.172010] Freeing SMP alternatives memory: 32K (ffffffff820b5000 - ffffffff820bd000)
[    0.179778] ftrace: allocating 32047 entries in 126 pages
[    0.214932] smpboot: Max logical packages: 1
[    0.238638] smpboot: APIC(0) Converting physical 0 to logical package 0
[    0.246015] ..TIMER: vector=0x30 apic1=0 pin1=2 apic2=-1 pin2=-1
[    0.351506] smpboot: CPU0: Intel(R) Core(TM) i7-5600U CPU @ 2.60GHz (family: 0x6, model: 0x3d, stepping: 0x4)
[    0.355853] Performance Events: unsupported p6 CPU model 61 no PMU driver, software events only.
[    0.357396] KVM setup paravirtual spinlock
[    0.358688] x86: Booting SMP configuration:
[    0.359393] .... node  #0, CPUs:      #1
[    0.360220] kvm-clock: cpu 1, msr 0:1ffe7041, secondary cpu clock
[    0.364978] mce: CPU supports 0 MCE banks
[    0.367357] x86: Booted up 1 node, 2 CPUs
[    0.368403] smpboot: Total of 2 processors activated (10375.96 BogoMIPS)
[    0.369838] devtmpfs: initialized
[    0.371689] evm: security.selinux
[    0.375860] evm: security.SMACK64
[    0.376490] evm: security.SMACK64EXEC
[    0.377126] evm: security.SMACK64TRANSMUTE
[    0.377810] evm: security.SMACK64MMAP
[    0.378445] evm: security.ima
[    0.379002] evm: security.capability
[    0.379935] clocksource: jiffies: mask: 0xffffffff max_cycles: 0xffffffff, max_idle_ns: 7645041785100000 ns
[    0.381655] pinctrl core: initialized pinctrl subsystem
[    0.382582] RTC time: 21:42:47, date: 11/17/16
[    0.383558] NET: Registered protocol family 16
[    0.395074] cpuidle: using governor ladder
[    0.411144] cpuidle: using governor menu
[    0.411897] PCCT header not found.
[    0.412607] ACPI: bus type PCI registered
[    0.413241] acpiphp: ACPI Hot Plug PCI Controller Driver version: 0.5
[    0.414190] PCI: Using configuration type 1 for base access
[    0.427751] ACPI: Added _OSI(Module Device)
[    0.428542] ACPI: Added _OSI(Processor Device)
[    0.429236] ACPI: Added _OSI(3.0 _SCP Extensions)
[    0.429934] ACPI: Added _OSI(Processor Aggregator Device)
[    0.431331] ACPI: Executed 1 blocks of module-level executable AML code
[    0.433878] ACPI: Interpreter enabled
[    0.434486] ACPI: (supports S0 S5)
[    0.435062] ACPI: Using IOAPIC for interrupt routing
[    0.435921] PCI: Using host bridge windows from ACPI; if necessary, use "pci=nocrs" and report a bug
[    0.439933] ACPI: PCI Root Bridge [PCI0] (domain 0000 [bus 00-ff])
[    0.440834] acpi PNP0A03:00: _OSC: OS supports [ASPM ClockPM Segments MSI]
[    0.503246] acpi PNP0A03:00: _OSC failed (AE_NOT_FOUND); disabling ASPM
[    0.551524] acpi PNP0A03:00: fail to add MMCONFIG information, can't access extended PCI configuration space under this bridge.
[    0.611791] PCI host bridge to bus 0000:00
[    0.612441] pci_bus 0000:00: root bus resource [io  0x0000-0x0cf7 window]
[    0.613351] pci_bus 0000:00: root bus resource [io  0x0d00-0xffff window]
[    0.614260] pci_bus 0000:00: root bus resource [mem 0x000a0000-0x000bffff window]
[    0.615439] pci_bus 0000:00: root bus resource [mem 0x20000000-0xffdfffff window]
[    0.616604] pci_bus 0000:00: root bus resource [bus 00-ff]
[    0.618440] pci 0000:00:01.1: legacy IDE quirk: reg 0x10: [io  0x01f0-0x01f7]
[    0.619404] pci 0000:00:01.1: legacy IDE quirk: reg 0x14: [io  0x03f6]
[    0.620291] pci 0000:00:01.1: legacy IDE quirk: reg 0x18: [io  0x0170-0x0177]
[    0.621237] pci 0000:00:01.1: legacy IDE quirk: reg 0x1c: [io  0x0376]
[    0.634544] ACPI: PCI Interrupt Link [LNKA] (IRQs 5 9 10 11) *0, disabled.
[    0.752006] ACPI: PCI Interrupt Link [LNKB] (IRQs 5 9 10 *11)
[    0.782155] ACPI: PCI Interrupt Link [LNKC] (IRQs 5 9 *10 11)
[    0.783323] ACPI: PCI Interrupt Link [LNKD] (IRQs 5 *9 10 11)
[    0.787402] ACPI: Enabled 2 GPEs in block 00 to 07
[    0.863505] vgaarb: setting as boot device: PCI:0000:00:02.0
[    0.864307] vgaarb: device added: PCI:0000:00:02.0,decodes=io+mem,owns=io+mem,locks=none
[    0.865532] vgaarb: loaded
[    0.877082] vgaarb: bridge control possible 0000:00:02.0
[    0.920819] SCSI subsystem initialized
[    0.922020] ACPI: bus type USB registered
[    0.963494] usbcore: registered new interface driver usbfs
[    0.964289] usbcore: registered new interface driver hub
[    0.965074] usbcore: registered new device driver usb
[    0.966036] PCI: Using ACPI for IRQ routing
[    0.966891] NetLabel: Initializing
[    0.967495] NetLabel:  domain hash size = 128
[    0.968166] NetLabel:  protocols = UNLABELED CIPSOv4
[    0.968898] NetLabel:  unlabeled traffic allowed by default
[    0.971229] amd_nb: Cannot enumerate AMD northbridges
[    0.971994] clocksource: Switched to clocksource kvm-clock
[    0.981929] AppArmor: AppArmor Filesystem Enabled
[    1.041016] pnp: PnP ACPI init
[   0405pn P ACPI fnd dic
[   4790clksrc: acpi_pm: mask: 0xffffff max_cycles: 0xffffff, max_idle_ns: 2085701024 ns
[    1.791512] NET: Registered protocol family 2
[    1.792372] TCP established hash table entries: 4096 (order: 3, 32768 bytes)
[    1.793314] TCP bind hash table entries: 4096 (order: 4, 65536 bytes)
[    1.794188] TCP: Hash tables configured (established 4096 bind 4096)
[    1.795059] UDP hash table entries: 256 (order: 1, 8192 bytes)
[    1.795872] UDP-Lite hash table entries: 256 (order: 1, 8192 bytes)
[    1.796776] NET: Registered protocol family 1
[    1.797451] pci 0000:00:00.0: Limiting direct PCI/PCI transfers
[    1.798287] pci 0000:00:01.0: Activating ISA DMA hang workarounds
[    1.799211] Trying to unpack rootfs image as initramfs...
[    2.959185] Freeing initrd memory: 8256K (ffff88001ef64000 - ffff88001f774000)
[    2.968152] RAPL PMU detected, API unit is 2^-32 Joules, 4 fixed counters 10737418240 ms ovfl timer
[    2.969585] hw unit of domain pp0-core 2^-0 Joules
[    2.970353] hw unit of domain package 2^-0 Joules
[    2.971115] hw unit of domain dram 2^-0 Joules
[    2.971840] hw unit of domain pp1-gpu 2^-0 Joules
[    2.972701] platform rtc_cmos: registered platform RTC device (no PNP device found)
[    2.974024] Scanning for low memory corruption every 60 seconds
[    2.975251] futex hash table entries: 512 (order: 3, 22768 bytes)
[    3.000947] audit: initializing netlink subsys (disabled)
[    3.001826] audit: type=2000 audit(1479418973.840:1): initialized
[    3.003047] Initialise system trusted keyring
[    3.023341] HugeTLB registered 2 MB page size, pre-allocated 0 pages
[    3.025685] zbud: loaded
[    3.041165] VFS: Disk quotas dquot_6.6.0
[    3.041839] VFS: Dquot-cache hash table entries: 512 (order 0, 4096 bytes)
[    3.042982] squashfs: version 4.0 (2009/01/31) Phillip Lougher
[    3.044128] fuse init (API version 7.23)
[    3.044878] Key type big_key registered
[    3.045522] Allocating IMA MOK and blacklist keyrings.
[    3.047093] Key type asymmetric registered
[    3.047757] Asymmetric key parser 'x509' registered
[    3.048553] Block layer SCSI generic (bsg) driver version 0.4 loaded (major 249)
[    3.049790] io scheduler noop registered
[    3.050434] io scheduler deadline registered (default)
[    3.051222] io scheduler cfq registered
[    3.051932] pci_hotplug: PCI Hot Plug PCI Core version: 0.5
[    3.060137] pciehp: PCI Express Hot Plug Controller Driver version: 0.4
[    3.061145] ACPI: AC Adapter [AC] (off-line)
[    3.061860] input: Power Button as /devices/LNXSYSTM:00/LNXPWRBN:00/input/input0
[    3.063038] ACPI: Power Button [PWRF]
[    3.063688] input: Sleep Button as /devices/LNXSYSTM:00/LNXSLPBN:00/input/input1
[    3.071189] ACPI: Sleep Button [SLPF]
[    3.071959] GHES: HEST is not enabled!
[   33.072585] ACPI: Battery Slot [BAT0] (battery present)
[    3.382091] Serial: 8250/16550 driver, 32 ports, IRQ sharing enabled
[    3.426864] 00:02: ttyS0 at I/O 0x3f8 (irq==44, base_baud = 115200) is a 16550A
[    3.626835] Linux agpgart interface v0.103
[    3.629944] brd: module loaded
[    3.631654] loop: module loaded
[    3.632787] scsi host0: ata_piix
[    3.633498] scsi host1: ata_piix
[    3.634083] ata1: PATA max UDMA/33 cmd 0x1f0 ctl 0x3f6 bmdma 0xd000 irq 14
[    3.635000] ata2: PATA max UDMA/33 cmd 0x170 ctl 0x376 bmdma 0xd008 irq 15
[    3.636283] libphy: Fixed MDIO Bus: probed
[    3.640970] tun: Universal TUN/TAP device driver, 1.6
[    3.641706] tun: (C) 1999-2004 Max Krasnyansky <maxk@qualcomm.com>
[    3.642586] PPP generic driver version 2.4.2
[    3.643291] ehci_hcd: USB 2.0 'Enhanced' Host Controller (EHCI) Driver
[    3.644185] ehci-pci: EHCI PCI platform driver
[    3.644897] ehci-platform: EHCI generic platform driver
[    3.650802] ohci_hcd: USB 1.1 'Open' Host Controller (OHCI) Driver
[    3.651662] ohci-pci: OHCI PCI platform driver
[    3.652369] ohci-platform: OHCI generic platform driver
[    3.659965] uhci_hcd: USB Universal Host Controller Interface driver
[    3.668079] i8042: PNP: PS/2 Controller [PNP0303:PS2K,PNP0f03:PS2M] at 0x60,0x64 irq 1,12
[    3.669742] serio: i8042 KBD port at 0x60,0x64 irq 1
[    3.670479] serio: i8042 AUX port at 0x60,0x64 irq 12
[    3.671300] mousedev: PS/2 mouse device common for all mice
[    3.672477] rtc_cmos rtc_cmos: rtc core: registered rtc_cmos as rtc0
[    3.673460] input: AT Translated Set 2 keyboard as /devices/platform/i8042/serio0/input/input2
[    3.674780] rtc_cmos rtc_cmos: alarms up to one day, 114 bytes nvram
[    3.675733] i2c /dev entries driver
[    3.676365] device-mapper: uevent: version 1.0.3
[    3.677137] device-mapper: ioctl: 4.34.0-ioctl (2015-10-28) initialised: dm-devel@redhat.com
[    3.678419] ledtrig-cpu: registered to indicate activity on CPUs
[    3.679601] NET: Registered protocol family 10
[    3.680494] NET: Registered protocol family 17
[    3.681189] Key type dns_resolver registered
[    3.682489] microcode: CPU0 sig=0x306d4, pf=0x40, revision=0x0
[    3.684620] microcode: CPU1 sig=0x306d4, pf=0x40, revision=0x0
[    3.691225] microcode: Microcode Update Driver: v2.01 <tigran@aivazian.fsnet.co.uk>, Peter Oruba
[    3.692629] registered taskstats version 1
[    3.693322] Loading compiled-in X.509 certificates
[    3.694596] Loaded X.509 cert 'Build time autogenerated kernel key: f7bc719d96df7c6d6fed8f4b9fd5d4ff001383c8'
[    3.696020] zswap: loaded using pool lzo/zbud
[    3.698256] Key type trusted registered
[    3.703748] Key type encrypted registered
[    3.711016] AppArmor: AppArmor sha1 policy hashing enabled
[    3.711798] ima: No TPM chip found, activating TPM-bypass!
[    3.712617] evm: HMAC attrs: 0x1
[    3.713420]   Magic number: 8:222:753
[    3.714035] tty ttyS4: hash matches
[    3.714686] rtc_cmos rtc_cmos: setting system clock to 2016-11-17 21:42:50 UTC (1479418970)
[    3.716101] BIOS EDD facility v0.16 2004-Jun-25, 0 devices found
[    3.716936] EDD information not available.
[    3.793272] Freeing unused kernel memory: 1480K (ffffffff81f43000 - ffffffff820b5000)
[    4.441120] Write protecting the kernel read-only data: 14336k
[    4.471137] tsc: Refined TSC clocksource calibration: 2593.394 MHz
[    4.472000] clocksource: tsc: mask: 0xffffffffffffffff max_cycles: 0x2561dbb080e, max_idle_ns: 440795246268 ns
[    4.473930] Freeing unused kernel memory: 1804K (ffff88000183d000 - ffff880001a00000)
[    4.475581] Freeing unused kernel memory: 144K (ffff880001ddc000 - ffff880001e00000)
Loading, please wait...
starting version[    4.490558] random: systemd-udevd: uninitialized urandom read (16 bytes read, 3 bits of entropy available)
 229
[    4.491047] random: udevadm: uninitialized urandom read (16 bytes read, 3 bits of entropy available)
[    4.491078] random: udevadm: uninitialized urandom read (16 bytes read, 3 bits of entropy available)
[    4.491172] random: udevadm: uninitialized urandom read (16 bytes read, 3 bits of entropy available)
[    4.491207] random: udevadm: uninitialized urandom read (16 bytes read, 3 bits of entropy available)
[    4.491239] random: udevadm: uninitialized urandom read (16 bytes read, 3 bits of entropy available)
[    4.491270] random: udevadm: uninitialized urandom read (16 bytes read, 3 bits of entropy available)
[    4.491301] random: udevadm: uninitialized urandom read (16 bytes read, 3 bits of entropy available)
[    4.491332] random: udevadm: uninitialized urandom read (16 bytes read, 3 bits of entropy available)
[    4.491362] random: udevadm: uninitialized urandom read (16 bytes read, 3 bits of entropy available)
[    4.522735] e1000: Intel(R) PRO/1000 Network Driver - version 7.3.21-k8-NAPI
[    4.531325] e1000: Copyright (c) 1999-2006 Intel Corporation.
[    4.539441] Fusion MPT base driver 3.04.20
[    4.551094] Copyright (c) 1999-2008 LSI Corporation
[    4.561534] Fusion MPT SPI Host driver 3.04.20
[    4.585292] AVX version of gcm_enc/dec engaged.
[    4.591387] AES CTR mode by8 optimization enabled
[    4.766995] input: ImExPS/2 Generic Explorer Mouse as /devices/platform/i8042/serio1/input/input4
[    4.891015] e1000 0000:00:03.0 eth0: (PCI:33MHz:32-bit) 02:ac:52:cc:1b:9c
[    4.965419] e1000 0000:00:03.0 eth0: Intel(R) PRO/1000 Network Connection
[    4.972508] mptbase: ioc0: Initiating bringup
[    4.972783] e1000 0000:00:03.0 enp0s3: renamed from eth0
[    5.040758] ioc0: LSI53C1030 A0: Capabilities={Initiator}
[    5.631754] scsi host2: ioc0: LSI53C1030 A0, FwRev=00000000h, Ports=1, MaxQ=256, IRQ=20
[    5.780969] scsi 2:0:0:0: Direct-Access     VBOX     HARDDISK         1.0  PQ: 0 ANSI: 5
[    5.787615] scsi target2:0:0: Beginning Domain Validation
[    5.791526] scsi target2:0:0: Domain Validation skipping write tests
[    5.792528] scsi target2:0:0: Ending Domain Validation
[    5.793392] scsi target2:0:0: asynchronous
[    5.794444] scsi 2:0:1:0: Direct-Access     VBOX     HARDDISK         1.0  PQ: 0 ANSI: 5
[    5.804698] scsi target2:0:1: Beginning Domain Validation
[    5.806268] scsi target2:0:1: Domain Validation skipping write tests
[    5.807222] scsi target2:0:1: Ending Domain Validation
[    5.808118] scsi target2:0:1: asynchronous
[    5.813491] sd 2:0:0:0: Attached scsi generic sg0 type 0
[    5.816864] sd 2:0:0:0: [sda] 20971520 512-byte logical blocks: (10.7 GB/10.0 GiB)
[    5.818311] sd 2:0:0:0: [sda] Write Protect is off
[    5.819254] sd 2:0:0:0: [sda] Incomplete mode parameter data
[    5.820245] sd 2:0:0:0: [sda] Assuming drive cache: write through
[    5.820271] sd 2:0:1:0: [sdb] 20480 512-byte logical blocks: (10.5 MB/10.0 MiB)
[    5.820354] sd 2:0:1:0: Attached scsi generic sg1 type 0
[    5.825645] sd 2:0:1:0: [sdb] Write Protect is off
[    5.831006] sd 2:0:1:0: [sdb] Incomplete mode parameter data
[    5.831640]  sda: sda1
[    5.922913] sd 2:0:1:0: [sdb] Assuming drive cache: write through
[    5.924571] sd 2:0:0:0: [sda] Attached SCSI disk
[    5.930769] sd 2:0:1:0: [sdb] Attached SCSI disk
[    7.576248] floppy0: no floppy controllers found
Begin: Loading e[    8.961890] md: linear personality registered for level -1
ssential drivers ... [    8.969080] md: multipath personality registered for level -4
[    8.983954] md: raid0 personality registered for level 0
[    9.004014] md: raid1 personality registered for level 1
[    9.092131] raid6: sse2x1   gen()  9701 MB/s
[    9.348107] raid6: sse2x1   xor()  7266 MB/s
[    9.532775] raid6: sse2x2   gen() 11838 MB/s
[    9.792114] raid6: sse2x2   xor()  7230 MB/s
[   10.212132] raid6: sse2x4   gen() 14376 MB/s
[   10.680422] raid6: sse2x4   xor() 10577 MB/s
[   10.870771] raid6: using algorithm sse2x4 gen() 14376 MB/s
[   10.922648] raid6: .... xor() 10577 MB/s, rmw enabled
[   10.923383] raid6: using ssse3x2 recovery algorithm
[   10.925441] xor: automatically using best checksumming function:
[   10.964006]    avx       : 20246.000 MB/sec
[   10.977701] async_tx: api initialized (async)
[   10.987853] md: raid6 personality registered for level 6
[   11.041115] md: raid5 personality registered for level 5
[   11.041885] md: raid4 personality registered for level 4
[   11.047120] md: raid10 personality registered for level 10
done.
Begin: Running /scripts/init-premount ... done.
Begin: Mounting root file system ... Begin: Running /scripts/local-top ... done.
Begin: Running /scripts/local-premount ... [   11.098211] Btrfs loaded
Scanning for Btrfs filesystems
done.
Warning: fsck no[   11.215195] EXT4-fs (sda1): mounted filesystem with ordered data mode. Opts: (null)
t present, so skipping root file system
done.
Begin: Running /scripts/local-bottom ... done.
Begin: Running /scripts/init-bottom ... Warning: overlayroot: debug is busted
done.
[   11.315160] systemd[1]: systemd 229 running in system mode. (+PAM +AUDIT +SELINUX +IMA +APPARMOR +SMACK +SYSVINIT +UTMP +LIBCRYPTSETUP +GCRYPT +GNUTLS +ACL +XZ -LZ4 +SECCOMP +BLKID +ELFUTILS +KMOD -IDN)
[   11.531875] systemd[1]: Detected virtualization oracle.
[   11.532683] systemd[1]: Detected architecture x86-64.

Welcome to [1mUbuntu 16.04.1 LTS[0m!

[   11.537118] systemd[1]: Set hostname to <ubuntu>.
[   11.539565] systemd[1]: Initializing machine ID from random generator.
[   11.664648] systemd[1]: Installed transient /etc/machine-id file.
[   11.893710] systemd[1]: Listening on LVM2 poll daemon socket.
[[0;32m  OK  [0m] Listening on LVM2 poll daemon socket.
[   11.905883] systemd[1]: Listening on Journal Socket (/dev/log).
[[0;32m  OK  [0m] Listening on Journal Socket (/dev/log).
[   11.907639] systemd[1]: Listening on udev Kernel Socket.
[[0;32m  OK  [0m] Listening on udev Kernel Socket.
[   11.909538] systemd[1]: Created slice System Slice.
[[0;32m  OK  [0m] Created slice System Slice.
[   11.911107] systemd[1]: Listening on Syslog Socket.
[[0;32m  OK  [0m] Listening on Syslog Socket.
[   11.912702] systemd[1]: Reached target User and Group Name Lookups.
[[0;32m  OK  [0m] Reached target User and Group Name Lookups.
[   11.914506] systemd[1]: Listening on Journal Audit Socket.
[[0;32m  OK  [0m] Listening on Journal Audit Socket.
[   11.916218] systemd[1]: Listening on /dev/initctl Compatibility Named Pipe.
[[0;32m  OK  [0m] Listening on /dev/initctl Compatibility Named Pipe.
[   11.918267] systemd[1]: Created slice User and Session Slice.
[[0;32m  OK  [0m] Created slice User and Session Slice.
[   11.919973] systemd[1]: Listening on udev Control Socket.
[[0;32m  OK  [0m] Listening on udev Control Socket.
[   11.953176] systemd[1]: Created slice system-serial\x2dgetty.slice.
[[0;32m  OK  [0m] Created slice system-serial\x2dgetty.slice.
[   11.954957] systemd[1]: Listening on LVM2 metadata daemon socket.
[[0;32m  OK  [0m] Listening on LVM2 metadata daemon socket.
[   11.956715] systemd[1]: Reached target Encrypted Volumes.
[[0;32m  OK  [0m] Reached target Encrypted Volumes.
[   11.958343] systemd[1]: Listening on Device-mapper event daemon FIFOs.
[[0;32m  OK  [0m] Listening on Device-mapper event daemon FIFOs.
[   11.960180] systemd[1]: Reached target Slices.
[[0;32m  OK  [0m] Reached target Slices.
[   11.964947] systemd[1]: Set up automount Arbitrary Executable File Formats File System Automount Point.
[[0;32m  OK  [0m] Set up automount Arbitrary Executab...ats File System Automount Point.
[   11.967385] systemd[1]: Started Forward Password Requests to Wall Directory Watch.
[[0;32m  OK  [0m] Started Forward Password Requests to Wall Directory Watch.
[   11.969601] systemd[1]: Listening on Journal Socket.
[[0;32m  OK  [0m] Listening on Journal Socket.
[   11.980262] systemd[1]: Starting Uncomplicated firewall...
         Starting Uncomplicated firewall...
[   12.017926] systemd[1]: Starting Load Kernel Modules...
         [   12.115787] Loading iSCSI transport class v2.0-870.
Starting Load Kernel Modules...
[   12.121895] systemd[1]: Starting Set console keymap...
         [   12.222775] iscsi: registered transport (tcp)
Starting Set console keymap...
[   12.223041] random: nonblocking pool is initialized
[   12.225377] systemd[1]: Mounting POSIX Message Queue File System...
         Mounting POSIX Message Queue File System...
[   12.237008] systemd[1]: Starting Journal Service...
         Starting Journal Servic[   12.372001] iscsi: registered transport (iser)
e...
[   12.460362] systemd[1]: Starting Nameserver information manager...
         Starting Nameserver information manager...
[   12.532267] systemd[1]: Starting Monitoring of LVM2 mirrors, snapshots etc. using dmeventd or progress polling...
         Starting Monitoring of LVM2 mirrors... dmeventd or progress polling...
[   12.732296] systemd[1]: Starting Remount Root and Kernel File Systems...
         Starting Remount[   12.901835] EXT4-fs (sda1): re-mounted. Opts: (null)
 Root and Kernel File Systems...
[   12.926247] systemd[1]: Mounting Debug File System...
         Mounting Debug File System...
[   12.948437] systemd[1]: Starting Create list of required static device nodes for the current kernel...
         Starting Create list of required st... nodes for the current kernel...
[   13.028276] systemd[1]: Mounting Huge Pages File System...
         Mounting Huge Pages File System...
[   13.174696] systemd[1]: Reached target Swap.
[[0;32m  OK  [0m] Reached target Swap.
[   13.177442] systemd[1]: Mounted POSIX Message Queue File System.
[[0;32m  OK  [0m] Mounted POSIX Message Queue File System.
[   13.179101] systemd[1]: Mounted Huge Pages File System.
[[0;32m  OK  [0m] Mounted Huge Pages File System.
[   13.181022] systemd[1]: Mounted Debug File System.
[[0;32m  OK  [0m] Mounted Debug File System.
[   13.182641] systemd[1]: Started Journal Service.
[[0;32m  OK  [0m] Started Journal Service.
[[0;32m  OK  [0m] Started Uncomplicated firewall.
[[0;32m  OK  [0m] Started Load Kernel Modules.
[[0;32m  OK  [0m] Started Set console keymap.
[[0;32m  OK  [0m] Started Remount Root and Kernel File Systems.
[[0;32m  OK  [0m] Started Create list of required sta...ce nodes for the current kernel.
[[0;32m  OK  [0m] Started Nameserver information manager.
[[0;32m  OK  [0m] Started LVM2 metadata daemon.
         Starting Create Static Device Nodes in /dev...
         Starting Load/Save Random Seed...
         Starting udev Coldplug all Devices...
         Mounting FUSE Control File System...
         Starting Apply Kernel Variables...
         Starting Flush Journal to Persistent Storage...
[[0;32m  OK  [0m] Mounted FUSE Control File System.
[[0;32m  OK  [0m] Started Create Static Device Nodes in /dev.
[[0;32m  OK  [0m] Started Load/Save Random Seed.
[[0;32m  OK  [0m] Started Apply Kernel Variables.
[[0;32m  OK  [0m] Started Monitoring of LVM2 mirrors,...ng dmeventd or progress polling.
[[0;32m  OK  [0m] Started udev Coldplug all Devices.
[[0;32m  OK  [0m] Started Flush Journal to Persistent Storage.
         Starting udev Kernel Device Manager...
[[0;32m  OK  [0m] Started udev Kernel Device Manager.
[[0;32m  OK  [0m] Started Dispatch Password Requests to Console Directory Watch.
[[0;32m  OK  [0m] Reached target Local File Systems (Pre).
[[0;32m  OK  [0m] Reached target Local File Systems.
         Starting Create Volatile Files and Directories...
         Starting Run snappy firstboot setup...
         Starting Tell Plymouth To Write Out Runtime Data...
         Starting Commit a transient machine-id on disk...
         Starting Initial cloud-init job (pre-networking)...
         Starting LSB: AppArmor initialization...
         Starting Set console font and keymap...
[[0;32m  OK  [0m] Started Create Volatile Files and Directories.
[[0;32m  OK  [0m] Started Run snappy firstboot setup.
[[0;32m  OK  [0m] Started Tell Plymouth To Write Out Runtime Data.
[[0;32m  OK  [0m] Started Commit a transient machine-id on disk.
[[0;32m  OK  [0m] Found device /dev/ttyS0.
[   14.124113] cloud-init[534]: Cloud-init v. 0.7.8 running 'init-local' at Thu, 17 Nov 2016 21:43:01 +0000. Up 13.85 seconds.
[[0;32m  OK  [0m] Started Initial cloud-init job (pre-networking).
[[0;32m  OK  [0m] Listening on Load/Save RF Kill Switch Status /dev/rfkill Watch.
[[0;32m  OK  [0m] Reached target Network (Pre).
         Starting Update UTMP about System Boot/Shutdown...
[[0;32m  OK  [0m] Reached target System Time Synchronized.
[[0;32m  OK  [0m] Started Set console font and keymap.
[[0;32m  OK  [0m] Started Update UTMP about System Boot/Shutdown.
[[0;32m  OK  [0m] Created slice system-getty.slice.
[[0;32m  OK  [0m] Started LSB: AppArmor initialization.
         Starting Raise network interfaces...
[[0;32m  OK  [0m] Reached target System Initialization.
[[0;32m  OK  [0m] Listening on UUID daemon activation socket.
[[0;32m  OK  [0m] Started Daily apt activities.
[[0;32m  OK  [0m] Started Daily Cleanup of Temporary Directories.
[[0;32m  OK  [0m] Started ACPI Events Check.
[[0;32m  OK  [0m] Started Trigger resolvconf update for networkd DNS.
[[0;32m  OK  [0m] Reached target Paths.
[[0;32m  OK  [0m] Listening on ACPID Listen Socket.
[[0;32m  OK  [0m] Started Timer to automatically refresh installed snaps.
[[0;32m  OK  [0m] Reached target Timers.
         Starting Socket activation for snappy daemon.
         Starting LXD - unix socket.
[[0;32m  OK  [0m] Listening on D-Bus System Message Bus Socket.
[[0;32m  OK  [0m] Listening on Socket activation for snappy daemon.
[[0;32m  OK  [0m] Listening on LXD - unix socket.
[[0;32m  OK  [0m] Reached target Sockets.
[[0;32m  OK  [0m] Reached target Basic System.
         Starting LSB: MD monitoring daemon...
[[0;32m  OK  [0m] Started Deferred execution scheduler.
         Starting System Logging Service...
[[0;32m  OK  [0m] Started FUSE filesystem for LXC.
         Starting Accounts Service...
[[0;32m  OK  [0m] Started D-Bus System Message Bus.
[[0;32m  OK  [0m] Started ACPI event daemon.
[[0;32m  OK  [0m] Started Snappy daemon.
         Starting Login Service...
         Starting LXD - container startup/shutdown...
[[0;32m  OK  [0m] Started Regular background program processing daemon.
         Starting LSB: Record successful boot for GRUB...
[[0;32m  OK  [0m] Started System Logging Service.
[[0;32m  OK  [0m] Started LSB: MD monitoring daemon.
         Starting Authenticate and Authorize Users to Run Privileged Tasks...
[[0;32m  OK  [0m] Started LSB: Record successful boot for GRUB.
[[0;32m  OK  [0m] Started Login Service.
[[0;32m  OK  [0m] Started Authenticate and Authorize Users to Run Privileged Tasks.
[[0;32m  OK  [0m] Started Accounts Service.
[[0;32m  OK  [0m] Started LXD - container startup/shutdown.
[[0;32m  OK  [0m] Started Raise network interfaces.
         Starting Initial cloud-init job (metadata service crawler)...
[[0;32m  OK  [0m] Reached target Network.
[   17.498712] cloud-init[993]: Cloud-init v. 0.7.8 running 'init' at Thu, 17 Nov 2016 21:43:04 +0000. Up 16.81 seconds.
[   17.503566] cloud-init[993]: ci-info: +++++++++++++++++++++++++++++++++++++Net device info++++++++++++++++++++++++++++++++++++++
[   17.514005] cloud-init[993]: ci-info: +--------+------+----------------------------+---------------+-------+-------------------+
[   17.515546] cloud-init[993]: ci-info: | Device |  Up  |          Address           |      Mask     | Scope |     Hw-Address    |
[   17.517073] cloud-init[993]: ci-info: +--------+------+----------------------------+---------------+-------+-------------------+
[   17.550477] cloud-init[993]: ci-info: | enp0s3 | True |         10.0.2.15          | 255.255.255.0 |   .   | 02:ac:52:cc:1b:9c |
[   17.552525] cloud-init[993]: ci-info: | enp0s3 | True | fe80::ac:52ff:fecc:1b9c/64 |       .       |  link | 02:ac:52:cc:1b:9c |
[   17.579613] cloud-init[993]: ci-info: |   lo   | True |         127.0.0.1          |   255.0.0.0   |   .   |         .         |
[[0;32m  OK  [0m] Started Initial cloud-init job (metadata service crawler).
[[0;32m  OK  [0m] Reached target Network is Online.
[   17.591189] cloud-init[993]: ci-info: |   lo   | True |          ::1/128           |       .       |  host |         .         |
[   17.595659] cloud-init[993]: ci-info: +--------+------+----------------------------+---------------+-------+-------------------+
[   17.597130] cloud-init[993]: ci-info: +++++++++++++++++++++++++++Route IPv4 info++++++++++++++++++++++++++++
[   17.598434] cloud-init[993]: ci-info: +-------+-------------+----------+---------------+-----------+-------+
[   17.601062] cloud-init[993]: ci-info: | Route | Destination | Gateway  |    Genmask    | Interface | Flags |
         Starting iSCSI initiator daemon (iscsid)...
[   17.605355] cloud-init[993]: ci-info: +-------+-------------+----------+---------------+-----------+-------+
[   17.618628]          Starting Pollinate to seed the pseudo random number generator...
cloud-init[993]: ci-info: |   0   |   0.0.0.0   | 10.0.2.2 |    0.0.0.0    |   enp0s3  |   UG  |
[   17.646605]          cloud-initStarting /etc/rc.local Compatibility...[993]: 
ci-info: |   1   |   10.0.2.0  | 0.0.0.0  | 255.255.255.0 |   enp0s3  |   U   |
[   17.658728] [cloud-init[0;32m  OK  [0m[993]: ] ci-info: +-------+-------------+----------+---------------+-----------+-------+Reached target Cloud-config availability.

[   17.659065] cloud-init[993]: Generating public/private rsa key pair.
[   17.760232] cloud-init[993]: Your identification has been saved in /etc/ssh/ssh_host_rsa_key.
         Starting Apply the settings specified in cloud-config...
[   17.818818] cloud-init[993]: Your public key has been saved in /etc/ssh/ssh_host_rsa_key.pub.
[[0;32m  OK  [0m] Started /etc/rc.local Compatibility.
[[0;32m  OK  [0m] Started iSCSI initiator daemon (iscsid).
[   17.942028] cloud-init[993]: The key fingerprint is:
[   18.032438] cloud-init[993]: SHA256:pH+il6rj2e2rh6Au6aG2eEBmfzJhJ2jAc3lXA4F2Hqg root@ubuntu-xenial
[   18.035093] cloud-init[993]: The key's randomart image is:
         Starting Login to default iSCSI targets...
[   18.054623] cloud-init[993]: +---[RSA 2048]----+
[   18.093893] cloud-init[993]: |.   . oo+o       |
[   18.122162] cloud-init[993]: |.o o = +  .      |
[[0;32m  OK  [0m] Started Login to default iSCSI targets.
[   18.138690] cloud-init[993]: |. + + + o        |
[   18.144042] cloud-init[993]: | * E . +         |
[   18.148537] cloud-init[993]: |= o + . S        |
[   18.150950] cloud-init[993]: |.  +.. .         |
[[0;32m  OK  [0m] Reached target Remote File Systems (Pre).
[[0;32m  OK  [0m] Reached target Remote File Systems.
[   18.155680] cloud-init[993]: | + .+. .o..      |
[   18.164327] cloud-init[993]: |=.+ .o.o+o       |
[   18.212290]          cloud-initStarting LSB: daemon to balance interrupts for SMP systems...[993]: 
|=*o.+o=*+.       |
         Starting LSB: Set the CPU Frequency Scaling governor to "ondemand"...
[   18.254667] cloud-init[993]: +----[SHA256]-----+
[   18.296504] cloud-init[993]: Generating public/private dsa key pair.
         Starting LSB: automatic crash report generation...
[   18.336754] cloud-init[993]: Your identification has been saved in /etc/ssh/ssh_host_dsa_key.
[   18.367322] cloud-init[993]: Your public key has been saved in /etc/ssh/ssh_host_dsa_key.pub.
[   18.369627] cloud-init[993]: The key fingerprint is:
         Starting LSB: VirtualBox Linux Additions...
[   18.386806] cloud-init[993]: SHA256:pV/rQelJ7nEramkrRbAO46HGD/62Upjsu1Y6fuzVB6k root@ubuntu-xenial
[   18.418034] cloud-init[993]: The key's randomart image is:
[   18.419013] cloud-init[993]: +---[DSA 1024]----+
[   18.419892] cloud-init[993]: |                 |
[   18.421880] cloud-init[993]: |        .        |
[   18.422739] cloud-init[993]: |         o.      |
[   18.423590] cloud-init[993]: |      + .o.. .   |
[   18.424490] cloud-init[993]: |   o = =S.o =    |
[   18.425339] cloud-init[993]: |    O + .+.B o   |
[   18.426187] cloud-init[993]: |   + B  E.o.O .  |
         Starting Permit User Sessions...
[   18.428200] cloud-init[993]: |    B =.. ++.+ . |
[   18.443970] cloud-init[993]: |   o+X+. +ooo..  |
[[0;32m  OK  [0m] Started Permit User Sessions.
[   18.450912] cloud-init[993]: +----[SHA256]-----+
[   18.500842] cloud-init[993]: Generating public/private ecdsa key pair.
[[0;32m  OK  [0m] Started LSB: daemon to balance interrupts for SMP systems.
[[0;32m  OK  [0m] Started LSB: Set the CPU Frequency Scaling governor to "ondemand".
[[0;32m  OK  [0m] Started LSB: automatic crash report generation.
[[0;32m  OK  [0m] Started LSB: VirtualBox Linux Additions.
[   18.507906] cloud-init[993]: Your identification has been saved in /etc/ssh/ssh_host_ecdsa_key.
[   18.588430] cloud-init[993]: Your public key has been saved in /etc/ssh/ssh_host_ecdsa_key.pub.
[   18.602481]          cloud-initStarting Terminate Plymouth Boot Screen...[993]: 
The key fingerprint is:
[   18.602888] cloud-init[993]: SHA256:FibQzi9d9bxXESD4dvq3u7Pfel1jcqeLmGBgI57UO98 root@ubuntu-xenial         
Starting Hold until boot process finishes up...
[[0;32m  OK  [0m] Started Terminate Plymouth Boot Screen.
[[0;32m  OK  [0m] Started Hold until boot process finishes up.
[   18.690759] cloud-init[993]: The key's randomart image is:
[   18.748549] cloud-init[993]: +---[ECDSA 256]---+
[   18.761307] cloud-init[993]: |    ..    .. ....|
[   18.762255] cloud-init[993]: |     ..  .  o  . |
[   18.763190] cloud-init[993]: |     o. o .. o  .|
[   18.764146] cloud-init[993]: |     .oo ..o .o .|
[   18.765127] cloud-init[993]: |    o =oS.. o  ..|
[[0;32m  OK  [0m] Started Serial Getty on ttyS0.
[   18.769173] cloud-init[993]: |   o +.=o  . ..++|
[   18.804338] cloud-init[993]: |    o o.o   . +o=|
[   18.828394] cloud-init[993]: |       + o o o.o+|
[[   18.868373] cloud-init[993]: |        . E . +OX|
[   18.868678] cloud-init[993]: +----[SHA256]-----+
[   18.868786] cloud-init[993]: Generating public/private ed25519 key pair.
[   18.868897] cloud-init[993]: Your identification has been saved in /etc/ssh/ssh_host_ed25519_key.
[   18.868998] cloud-init[993]: Your public key has been saved in /etc/ssh/ssh_host_ed25519_key.pub.
[   18.869102] cloud-init[993]: The key fingerprint is:
[   18.869209] cloud-init[993]: SHA256:Z2fGKQ7Dx9T/FCGfBOrewsmeyPRR8tfXyD9/eMxSJcY root@ubuntu-xenial
[   18.869306] cloud-init[993]: The key's randomart image is:
[0;32m  OK  [0m] Started Getty on tty1.
[[0;32m  OK  [0m] Reached target Login Prompts.
[   18.869420] cloud-init[993]: +--[ED25519 256]--+
         Starting Set console scheme...
[[0;32m  OK  [0m] Started Pollinate to seed the pseudo random number generator.
[[0;32m  OK  [0m] Started Set console scheme.
[   18.927229] cloud-init[993]: |             o.o |
[   18.973865] cloud-init[993]: |           .. + o|
[   18.975296] cloud-init[993]: |          .... + |
[   18.984268] cloud-init[993]: |       . o.. oE o|
         Starting OpenBSD Secure Shell server...
[[0;32m  OK  [0m] Started OpenBSD Secure Shell server.
[[0;32m  OK  [0m] Reached target Multi-User System.
[   19.022123] cloud-init[993]: |        S *o*o..o|
[   19.060346]          cloud-initStarting Notify bootloader that boot was successful...[993]: 
|         B+=*. ++|
[   19.080866] [cloud-init[0;32m  OK  [0m[993]: ] |         ..B oo*=|Reached target Graphical Interface.

[   19.081184] cloud-init[993]: |        o + + +o*|
[   19.088562] cloud-init[993]: |         o +   o*|
[   19.094570] cloud-init[993]: +----[SHA256]-----+
         Starting Update UTMP about System Runlevel Changes...
[[0;32m  OK  [0m] Started Notify bootloader that boot was successful.
[   19.102970] cloud-init[1120]: Generating locales (this might take a while)...
[   19.110255] [cloud-init[0;32m  OK  [0m[1120]: ]   en_US.UTF-8... doneStarted Update UTMP about System Runlevel Changes.

[   19.110753] cloud-init[1120]: Generation complete.
         Stopping OpenBSD Secure Shell server...
[[0;32m  OK  [0m] Stopped OpenBSD Secure Shell server.
         Starting OpenBSD Secure Shell server...
[[0;32m  OK  [0m] Started OpenBSD Secure Shell server.
[   19.443086] cloud-init[1120]: Cloud-init v. 0.7.8 running 'modules:config' at Thu, 17 Nov 2016 21:43:05 +0000. Up 17.95 seconds.
[[0;32m  OK  [0m] Created slice User Slice of ubuntu.
         Starting User Manager for UID 1000...
[[0;32m  OK  [0m] Started Apply the settings specified in cloud-config.
[[0;32m  OK  [0m] Started User Manager for UID 1000.
[[0;32m  OK  [0m] Started Session 1 of user ubuntu.
         Starting Execute cloud user/final scripts...
ci-info: no authorized ssh keys fingerprints found for user ubuntu.
<14>Nov 17 21:43:07 ec2: 
<14>Nov 17 21:43:07 ec2: #############################################################
<14>Nov 17 21:43:07 ec2: -----BEGIN SSH HOST KEY FINGERPRINTS-----
<14>Nov 17 21:43:07 ec2: 1024 SHA256:pV/rQelJ7nEramkrRbAO46HGD/62Upjsu1Y6fuzVB6k root@ubuntu-xenial (DSA)
<14>Nov 17 21:43:07 ec2: 256 SHA256:FibQzi9d9bxXESD4dvq3u7Pfel1jcqeLmGBgI57UO98 root@ubuntu-xenial (ECDSA)
<14>Nov 17 21:43:07 ec2: 256 SHA256:Z2fGKQ7Dx9T/FCGfBOrewsmeyPRR8tfXyD9/eMxSJcY root@ubuntu-xenial (ED25519)
<14>Nov 17 21:43:07 ec2: 2048 SHA256:pH+il6rj2e2rh6Au6aG2eEBmfzJhJ2jAc3lXA4F2Hqg root@ubuntu-xenial (RSA)
<14>Nov 17 21:43:07 ec2: -----END SSH HOST KEY FINGERPRINTS-----
<14>Nov 17 21:43:07 ec2: #############################################################
-----BEGIN SSH HOST KEY KEYS-----
ecdsa-sha2-nistp256 AAAAE2VjZHNhLXNoYTItbmlzdHAyNTYAAAAIbmlzdHAyNTYAAABBBEH33yF3VC3YxKclCw+y2xKevJjPNO0Api0EegWs3IXEcOP9mnqT8FPKWTbLbO9QO0tORTtzvhDkTRoffY+dIwo= root@ubuntu-xenial
ssh-ed25519 AAAAC3NzaC1lZDI1NTE5AAAAIArGjzUQj/kaPFNs196L5Xhmn1BCnYs+CxdxlKj1dLRL root@ubuntu-xenial
ssh-rsa AAAAB3NzaC1yc2EAAAADAQABAAABAQCsKVFKjCrcgt3UFWDvpkLkZ8xz/3yvI0/qo/ftakQ17/+F/sog9Q+kN3/GhFT8bVSLu4uBCgx4dnOZdkUUtLvcwMsWWFcTu9ZEU98M2YehtquNCK/+URmdyQhzZnOE4xvg8SJ17ngdzn5bwWFeqDiLG7J66iP0LVah+eXSEhhifGKAoQoZCYvOdleKXpcVTTUSIZvBdhRB6VI4+ycy4qS4IhcksOOGKYmNF4c1U3lxD4Ub/yGx/DVv+YWyWyHu3N06qYolMt/or2rv5eb4vbimcZF+hdfmsk0k2AdP+Eda3sLC114CbwBkAT6wmGPXl4SQKqJ/t3NkhmPLh1UmjsyN root@ubuntu-xenial
-----END SSH HOST KEY KEYS-----
[   20.070078] cloud-init[1298]: Cloud-init v. 0.7.8 running 'modules:final' at Thu, 17 Nov 2016 21:43:07 +0000. Up 19.86 seconds.
[   20.085405] cloud-init[1298]: ci-info: no authorized ssh keys fingerprints found for user ubuntu.
[   20.088104] cloud-init[1298]: Cloud-init v. 0.7.8 finished at Thu, 17 Nov 2016 21:43:07 +0000. Datasource DataSourceNoCloud [seed=/dev/sdb][dsmode=net].  Up 20.06 seconds
[[0;32m  OK  [0m] Started Execute cloud user/final scripts.
[[0;32m  OK  [0m] Reached target Cloud-init target.

Ubuntu 16.04.1 LTS ubuntu-xenial ttyS0

ubuntu-xenial login: 