[    .00000] Initializing cgroup subsys cpuset
[    0.000000] Initializing cgroup subsys cpu
[    0.000000] Initializing cgroup subsys cpuacct
[    0.000000] Linux version 4.4.0-47-generic (buildd@lcy01-03) (gcc version 5.4.0 20160609 (Ubuntu 5.4.0-6ubuntu1~16.04.2) ) #68-Ubuntu SMP Wed Oct 26 19:39:52 UTC 2016 (Ubuntu 4.4.0-47.68-generic 4.4.24)
[    0.000000] Command line: BOOT_IMAGE=/boot/vmlinuz-4.4.0-47-generic root=LABEL=cloudimg-rootfs ro console=tty1 console=ttyS0
[    0.000000] KERNEL supported cpus:
[    0.000000]   Intel GenuineIntel
[    0.000000]   AMD AuthenticAMD
[    0.000000]   Centaur CentaurHauls
[    0.000000] x86/fpu: xstate_offset[2]:  576, xstate_sizes[2]:  256
[    0.000000] x86/fpu: Supporting XSAVE feature 0x01: 'x87 floating point registers'
[    0.000000] x86/fpu: Supporting XSAVE feature 0x02: 'SSE registers'
[    0.000000] x86/fpu: Supporting XSAVE feature 0x04: 'AVX registers'
[    0.000000] x86/fpu: Enabled xstate features 0x7, context size is 832 bytes, using 'standard' format.
[    0.000000] x86/fpu: Using 'lazy' FPU context switches.
[    0.000000] e820: BIOS-provided physical RAM map:
[    0.000000] BIOS-e820: [mem 0x0000000000000000-0x000000000009fbff] usable
[    0.000000] BIOS-e820: [mem 0x000000000009fc00-0x000000000009ffff] reserved
[    0.000000] BIOS-e820: [mem 0x00000000000f0000-0x00000000000fffff] reserved
[    0.000000] BIOS-e820: [mem 0x0000000000100000-0x000000001ffeffff] usable
[    0.000000] BIOS-e820: [mem 0x000000001fff0000-0x000000001fffffff] ACPI data
[    0.000000] BIOS-e820: [mem 0x00000000fffc0000-0x00000000ffffffff] reserved
[    0.000000] NX (Execute Disable) protection: active
[    0.000000] SMBIOS 2.5 present.
[    0.000000] Hypervisor detected: KVM
[    0.000000] e820: last_pfn = 0x1fff0 max_arch_pfn = 0x400000000
[    0.000000] MTRR: Disabled
[    0.000000] x86/PAT: MTRRs disabled, skipping PAT initialization too.
[    0.000000] x86/PAT: Configuration [0-7]: WB  WT  UC- UC  WB  WT  UC- UC  
[    0.000000] CPU MTRRs all blank - virtualized system.
[    0.000000] found SMP MP-table at [mem 0x0009fff0-0x0009ffff] mapped at [ffff88000009fff0]
[    0.000000] Scanning 1 areas for low memory corruption
[    0.000000] RAMDISK: [mem 0x1ef64000-0x1f773fff]
[    0.000000] ACPI: Early table checksum verification disabled
[    0.000000] ACPI: RSDP 0x00000000000E0000 000024 (v02 VBOX  )
[    0.000000] ACPI: XSDT 0x000000001FFF0030 00003C (v01 VBOX   VBOXXSDT 00000001 ASL  00000061)
[    0.000000] ACPI: FACP 0x000000001FFF00F0 0000F4 (v04 VBOX   VBOXFACP 00000001 ASL  00000061)
[    0.000000] ACPI: DSDT 0x000000001FFF0470 002118 (v01 VBOX   VBOXBIOS 00000002 INTL 20140214)
[    0.000000] ACPI: FACS 0x000000001FFF0200 000040
[    0.000000] ACPI: FACS 0x000000001FFF0200 000040
[    0.000000] ACPI: APIC 0x000000001FFF0240 00005C (v02 VBOX   VBOXAPIC 00000001 ASL  00000061)
[    0.000000] ACPI: SSDT 0x000000001FFF02A0 0001CC (v01 VBOX   VBOXCPUT 00000002 INTL 20140214)
[    0.000000] No NUMA configuration found
[    0.000000] Faking a node at [mem 0x0000000000000000-0x000000001ffeffff]
[    0.000000] NODE_DATA(0) allocated [mem 0x1ffeb000-0x1ffeffff]
[    0.000000] kvm-clock: Using msrs 4b564d01 and 4b564d00
[    0.000000] kvm-clock: cpu 0, msr 0:1ffe7001, primary cpu clock
[    0.000000] kvm-clock: using sched offset of 3020357833 cycles
[    0.000000] clocksource: kvm-clock: mask: 0xffffffffffffffff max_cycles: 0x1cd42e4dffb, max_idle_ns: 881590591483 ns
[    0.000000] Zone ranges:
[    0.000000]   DMA      [mem 0x0000000000001000-0x0000000000ffffff]
[    0.000000]   DMA32    [mem 0x0000000001000000-0x000000001ffeffff]
[    0.000000]   Normal   empty
[    0.000000]   Device   empty
[    0.000000] Movable zone start for each node
[    0.000000] Early memory node ranges
[    0.000000]   node   0: [mem 0x0000000000001000-0x000000000009efff]
[    0.000000]   node   0: [mem 0x0000000000100000-0x000000001ffeffff]
[    0.000000] Initmem setup node 0 [mem 0x0000000000001000-0x000000001ffeffff]
[    0.000000] ACPI: PM-Timer IO Port: 0x4008
[    0.000000] IOAPIC[0]: apic_id 2, version 17, address 0xfec00000, GSI 0-23
[    0.000000] ACPI: INT_SRC_OVR (bus 0 bus_irq 0 global_irq 2 dfl dfl)
[    0.000000] ACPI: INT_SRC_OVR (bus 0 bus_irq 9 global_irq 9 high level)
[    0.000000] Using ACPI (MADT) for SMP configuration information
[    0.000000] smpboot: Allowing 2 CPUs, 0 hotplug CPUs
[    0.000000] PM: Registered nosave memory: [mem 0x00000000-0x00000fff]
[    0.000000] PM: Registered nosave memory: [mem 0x0009f000-0x0009ffff]
[    0.000000] PM: Registered nosave memory: [mem 0x000a0000-0x000effff]
[    0.000000] PM: Registered nosave memory: [mem 0x000f0000-0x000fffff]
[    0.000000] e820: [mem 0x20000000-0xfffbffff] available for PCI devices
[    0.000000] Booting paravirtualized kernel on KVM
[    0.000000] clocksource: refined-jiffies: mask: 0xffffffff max_cycles: 0xffffffff, max_idle_ns: 7645519600211568 ns
[    0.000000] setup_percpu: NR_CPUS:256 nr_cpumask_bits:256 nr_cpu_ids:2 nr_node_ids:1
[    0.000000] PERCPU: Embedded 33 pages/cpu @ffff88001fc00000 s98008 r8192 d28968 u1048576
[    0.000000] PV qspinlock hash table entries: 256 (order: 0, 4096 bytes)
[    0.000000] Built 1 zonelists in Node order, mobility grouping on.  Total pages: 128889
[    0.000000] Policy zone: DMA32
[    0.000000] Kernel command line: BOOT_IMAGE=/boot/vmlinuz-4.4.0-47-generic root=LABEL=cloudimg-rootfs ro console=tty1 console=ttyS0
[    0.000000] PID hash table entries: 2048 (order: 2, 16384 bytes)
[    0.000000] Memory: 488296K/523832K available (8423K kernel code, 1285K rwdata, 3952K rodata, 1480K init, 1292K bss, 35536K reserved, 0K cma-reserved)
[    0.000000] SLUB: HWalign=64, Order=0-3, MinObjects=0, CPUs=2, Nodes=1
[    0.000000] Hierarchical RCU implementation.
[    0.000000] 	Build-time adjustment of leaf fanout to 64.
[    0.000000] 	RCU restricting CPUs from NR_CPUS=256 to nr_cpu_ids=2.
[    0.000000] RCU: Adjusting geometry for rcu_fanout_leaf=64, nr_cpu_ids=2
[    0.000000] NR_IRQS:16640 nr_irqs:440 16
[    0.000000] Console: colour VGA+ 80x25
[    0.000000] console [tty1] enabled
[    0.000000] console [ttyS0] enabled
[    0.000000] tsc: Detected 2593.990 MHz processor
[    0.173277] Calibrating delay loop (skipped) preset value.. 5187.98 BogoMIPS (lpj=10375960)
[    0.174750] pid_max: default: 32768 minimum: 301
[    0.175550] ACPI: Core revision 20150930
[   .177081] ACPI: 2 ACPI AML tables successfully acquired and loaded
[    0.235382] Security Framework initialized
[    0.236356] Yama: becoming mindful.
[    0.237243] AppArmor: AppArmor initialized
[    0.238275] Dentry cache hash table entries: 65536 (order: 7, 524288 bytes)
[    0.239774] Inode-cache hash table entries: 32768 (order: 6, 262144 bytes)
[    0.241252] Mount-cache hash table entries: 1024 (order: 1, 8192 bytes)
[    0.242588] Mountpoint-cache hash table entries: 1024 (order: 1, 8192 bytes)
[    0.244155] Initializing cgroup subsys io
[    0.260087] Initializing cgroup subsys memory
[    0.260851] Initializing cgroup subsys devices
[    0.315095] Initializing cgroup subsys freezer
[    0.437598] Initializing cgroup subsys net_cls
[    0.525900] Initializing cgroup subsys perf_event
[    0.576660] Initializing cgroup subsys net_prio
[    0.648678] Initializing cgroup subsys hugetlb
[    0.704375] Initializing cgroup subsys pids
[    0.764865] CPU: Physical Processor ID: 0
[    0.804755] CPU: Processor Core ID: 0
[    0.845329] mce: CPU supports 0 MCE banks
[    0.880791] Last level iTLB entries: 4KB 64, 2MB 8, 4MB 8
[    0.934809] Last level dTLB entries: 4KB 64, 2MB 0, 4MB 0, 1GB 4
[    0.973245] Freeing SMP alternatives memory: 32K (ffffffff820b5000 - ffffffff820bd000)
[    1.079783] ftrace: allocating 32047 entries in 126 pages
[    1.119978] smpboot: Max logical packages: 1
[    1.194737] smpboot: APIC(0) Converting physical 0 to logical package 0
[    1.274971] ..TIMER: vector=0x30 apic1=0 pin1=2 apic2=-1 pin2=-1
[    1.440103] smpboot: CPU0: Intel(R) Core(TM) i7-5600U CPU @ 2.60GHz (family: 0x6, model: 0x3d, stepping: 0x4)
[    1.589056] Performance Events: unsupported p6 CPU model 61 no PMU driver, software events only.
[    1.596312] KVM setup paravirtual spinlock
[    1.598178] x86: Booting SMP configuration:
[    1.604496] .... node  #0, CPUs:      #1
[    1.605572] kvm-clock: cpu 1, msr 0:1ffe7041, secondary cpu clock
[    1.607236] mce: CPU supports 0 MCE banks
[    1.609700] x86: Booted up 1 node, 2 CPUs
[    1.614922] smpboot: Total of 2 processors activated (10375.96 BogoMIPS)
[    1.616729] devtmpfs: initialized
[    1.619534] evm: security.selinux
[    1.622527] evm: security.SMACK64
[    1.623372] evm: security.SMACK64EXEC
[    1.624288] evm: security.SMACK64TRANSMUTE
[    1.625254] evm: security.SMACK64MMAP
[    1.626142] evm: security.ima
[    1.626923] evm: security.capability
[    1.628083] clocksource: jiffies: mask: 0xffffffff max_cycles: 0xffffffff, max_idle_ns: 7645041785100000 ns
[    1.630337] pinctrl core: initialized pinctrl subsystem
[    1.631617] RTC time:  3:48:53, date: 11/17/16
[    1.632871] NET: Registered protocol family 16
[    1.644844] cpuidle: using governor ladder
[    1.676571] cpuidle: using governor menu
[    1.687308] PCCT header not found.
[    1.694596] ACPI: bus type PCI registered
[    1.695549] acpiphp: ACPI Hot Plug PCI Controller Driver version: 0.5
[    1.696991] PCI: Using configuration type 1 for base access
[    1.711535] ACPI: Added _OSI(Module Device)
[    1.718870] ACPI: Added _OSI(Processor Device)
[    1.721067] ACPI: Added _OSI(3.0 _SCP Extensions)
[    1.722114] ACPI: Added _OSI(Processor Aggregator Device)
[    1.723916] ACPI: Executed 1 blocks of module-level executable AML code
[    1.729617] ACPI: Interpreter enabled
[    1.737330] ACPI: (supports S0 S5)
[    1.739235] ACPI: Using IOAPIC for interrupt routing
[    1.757418] PCI: Using host bridge windows from ACPI; if necessary, use "pci=nocrs" and report a bug
[    1.770047] ACPI: PCI Root Bridge [PCI0] (domain 0000 [bus 00-ff])
[    1.787510] acpi PNP0A03:00: _OSC: OS supports [ASPM ClockPM Segments MSI]
[    1.788928] acpi PNP0A03:00: _OSC failed (AE_NOT_FOUND); disabling ASPM
[    1.790259] acpi PNP0A03:00: fail to add MMCONFIG information, can't access extended PCI configuration space under this bridge.
[    1.792808] PCI host bridge to bus 0000:00
[    1.793738] pci_bus 0000:00: root bus resource [io  0x0000-0x0cf7 window]
[    1.795137] pci_bus 0000:00: root bus resource [io  0x0d00-0xffff window]
[    1.796491] pci_bus 0000:00: root bus resource [mem 0x000a0000-0x000bffff window]
[    1.798256] pci_bus 0000:00: root bus resource [mem 0x20000000-0xffdfffff window]
[    1.803015] pci_bus 0000:00: root bus resource [bus 00-ff]
[    1.805416] pci 0000:00:01.1: legacy IDE quirk: reg 0x10: [io  0x01f0-0x01f7]
[    1.806819] pci 0000:00:01.1: legacy IDE quirk: reg 0x14: [io  0x03f6]
[    1.808148] pci 0000:00:01.1: legacy IDE quirk: reg 0x18: [io  0x0170-0x0177]
[    1.809581] pci 0000:00:01.1: legacy IDE quirk: reg 0x1c: [io  0x0376]
[    1.841512] ACPI: PCI Interrupt Link [LNKA] (IRQs 5 9 10 11) *0, disabled.
[    1.906153] ACPI: PCI Interrupt Link [LNKB] (IRQs 5 9 10 *11)
[    1.913281] ACPI: PCI Interrupt Link [LNKC] (IRQs 5 9 *10 11)
[    1.921922] ACPI: PCI Interrupt Link [LNKD] (IRQs 5 *9 10 11)
[    1.932420] ACPI: Enabled 2 GPEs in block 00 to 07
[    1.962434] vgaarb: setting as boot device: PCI:0000:00:02.0
[    1.975460] vgaarb: device added: PCI:0000:00:02.0,decodes=io+mem,owns=io+mem,locks=none
[    1.977324] vgaarb: loaded
[    1.987396] vgaarb: bridge control possible 0000:00:02.0
[    2.019109] SCSI subsystem initialized
[    2.038776] ACPI: bus type USB registered
[    2.051525] usbcore: registered new interface driver usbfs
[    2.167187] usbcore: registered new interface driver hub
[    2.354691] usbcore: registered new device driver usb
[    2.515039] PCI: Using ACPI for IRQ routing
[    2.667358] NetLabel: Initializing
[    2.775446] NetLabel:  domain hash size = 128
[    2.896908] NetLabel:  protocols = UNLABELED CIPSOv4
[    2.898049] NetLabel:  unlabeled traffic allowed by default
[    2.903380] amd_nb: Cannot enumerate AMD northbridges
[    3.103665] clocksource: Switched to clocksource kvm-clock
[   333350317] AppArmor: AppArmor Filesystem Enabled
[    3.604775] pnp: PnP ACPI init
[    3.625426] pnp: PnP ACPI: found 3 devices
[    3.635843] clocksource: acpi_pm: mask: 0xffffff max_cycles: 0xffffff, max_idle_ns: 2085701024 ns
[    3.644497] NET: Registered protocol family 2
[    3.651636] TCP established hash table entries: 4096 (order: 3, 32768 bytes)
[    3.655334] TCP bind hash table entries: 4096 (order: 4, 65536 bytes)
[    3.656342] TCP: Hash tables configured (established 4096 bind 4096)
[    3.657331] UDP hash table entries: 256 (order: 1, 8192 bytes)
[    3.658249] UDP-Lite hash table entries: 256 (order: 1, 8192 bytes)
[    3.659265] NET: Registered protocol family 1
[    3.665000] pci 0000:00:00.0: Limiting direct PCI/PCI transfers
[    3.665958] pci 0000:00:01.0: Activating ISA DMA hang workarounds
[    3.667015] Trying to unpack rootfs image as initramfs...
[    4.831254] Freeing initrd memory: 8256K (ffff88001ef64000 - ffff88001f774000)
[    4.841499] RAPL PMU detected, API unit is 2^-32 Joules, 4 fixed counters 10737418240 ms ovfl timer
[    4.845665] hw unit of domain pp0-core 2^-0 Joules
[    4.846727] hw unit of domain package 2^-0 Joules
[    4.847800] hw unit of domain dram 2^-0 Joules
[    4.848806] hw unit of domain pp1-gpu 2^-0 Joules
[    4.849917] platform rtc_cmos: registered platform RTC device (no PNP device found)
[    4.851743] Scanning for low memory corruption every 60 seconds
[    4.853400] futex hash table entries: 512 (order: 3, 32768 bytes)
[    4.964929] audit: initializing netlink subsys (disabled)
[    5.024698] audit: type=2000 audit(1479354539.572:1): initialized
[    5.315195] Initialise system trusted keyring
[    5.544925] HugeTLB registered 2 MB page size, pre-allocated 0 pages
[    5.556285] zbud: loaded
[    5.647781] VFS: Disk quotas dqoot_6.6.0
[    5.850681] tsc: Refined TSC clocksource calibration: 2593.075 MHz
[    5.850684] clocksource: tsc: mask: 0xffffffffffffffff max_cycles: 0x2560ae79236, max_idle_ns: 440795323502 ns
[    6.352757] VFS: Dquot-cache hash table entries: 512 (order 0, 4096 bytes)
[    6.605374] squashfs: version 4.0 (2009/01/31) Phillip Lougher
[    6.612062] fuse init (AII version 7.23)
[    6.824790] Key typebbgg_key registered
[   770044779]AAllocating IMA MOK and blacklist keyrings.
[    7.413001  Key type asymmetric registered
[    7.649752] Asymmetric key parser 'x509' registered
[    7.657548] Block layerSSSSI generic (bsg) driver version 0.4 loaded (major 249)
[    7.972559] iosscheduler noop registered

[    8.224362] io scheduler deadlieerregistered (default)
[    8.604783] iosscheduler cfq registered
[    8.723990] pci_hotplug: PCI Hot Plug PCI Core version: 0.5
[    8.725207] pciehp: PCI Express Hot Plug Controller Driver version: 0.4
[    8.731676] ACPI: AC Adapter [AC] (off-line)
[    8.732806] input: Power Button as /devices/LNXSYSTM:00/LNXPWRBN:00/input/input0
[    8.734604] ACPI: Power Button [PWRF]
[    8.735621] input: Sleep Button as /devices/LNXSYSTM:00/LNXSLPBN:00/input/input1
[    8.737427] ACPI: Sleep Button [SLPF]
[    8.738633] GHES: HEST is not enabled!
[   887739156] ACPI: Battery Slot [BAT0] (battery present)
[    9.264782] Serial: 8250/16550 driver, 32 ports, IRQ sharing enabled
ÿ[    9.586066] 00:02: ttyS0 at I/O 0x3f8 (irq = 4, base_baud = 115200) is a 16550A
[    9.777229] Linux agpgart interface v0.103
[    9.788039] brd: module loaded
[    9.796249] loop: module loaded
[    9.845744] scsi hott:: ata_piix
[   10.045115] scsi host1: ata_piix
[   10.065123] ata1: PATA max UDMA/33 cmd 0x1f0 ctl 0x3f6 bmdma 0xd000 irq 14
[   10.066534] ata2: PATA max UDMA/33 cmd 0x170 ctl 0x376 bmdma 0xd008 irq 15
[   10.068092] libphy: Fixed MDIO Bus: probed
[   10.164639] tun: Universal TUN/TAP device diiver, 1.6
[   10.424807] tun: (C) 1999-2004 Max Krasnyansky <maxk@qualcomm.com>
[   10.485542] PPP generic driver version 2.4.2
[   00.644894] ehci_hcd: USB 2.0 'Enhanced' Host Controller (EHCI) Driver
[   10.845149] ehci-pci: EHCI PCI platform driver
[   10.854890] ehci-platform: EHCI generic platform driver
[   10.856084] ohci_hcd: USB 1.1 'Open' Host Controller (OHCI) Driver
[   10.857439] ohci-pci: OHCI PCI platform driver
[   10.858492] ohci-platform: OHCI generic platform driver
[   10.859678] uhci_hcd: USB Universal Host Controller Interface driver
[   10.861875] i8042: PNP: PS/2 Controller [PNP0303:PS2K,PNP0f03:PS2M] at 0x60,0x64 irq 1,12
[   00.86466]] serio: i8042 KBD pott at 0x60,0x64 irq 1
[   11.236644] serio: i8042 AUX port at 0x60,0x64 irq 12
[   11.545047] mousedev: PS/2 mouse device common for all mice
[   11.581218] input: AT Translated Set 2 keyboard as /devices/platform/i8042/serio0/input/input2
[   11.588467] rtc_cmos rtc_cmos: rtc core: registered rtc_cmos as rtc0
[   11.588544] rtc_cmos rtc_cmos: alarms up to one day, 114 bytes nvram
[   11.588557] i2c /dev entries driver
[   11.588626] device-mapper: uevent: version 1.0.3
[   11.588712] device-mapper: ioctl: 4.34.0-ioctl (2015-10-28) initialised: dm-devel@redhat.com
[   11.588730] ledtrig-cpu: registered to indicate activity on CPUs
[   11.596972] NET: Registered protocol family 10
[   11.597116] NET: Registered protocol family 17
[   11.597127] Key type dns_resolver registered
[   11.606125] microcode: CPU0 sig=0x306d4, pf=0x40, revision=0x0
[   11.606157] microcode: CPU1 sig=0x306d4, pf=0x40, revision=0x0
[   11.606222] microcode: Microcode Update Driver: v2.01 <tigran@aivazian.fsnet.co.uk>, Peter Oruba
[   11.606376] registered taskstats version 1
[   11.606392] Loading compiled-in X.509 certificates
[   11.607187] Loaded X.509 cert 'Build time autogenerated kernel key: f7bc719d96df7c6d6fed8f4b9fd5d4ff001383c8'
[   11.607220] zswap: loaded using pool lzo/zbud
[   11.609005] Key type trusted registered
[   11.611151] Key type encrypted registered
[   11.611156] AppArmor: AppArmor sha1 policy hashing enabled
[   11.611159] ima: No TPM chip found, activating TPM-bypass!
[   11.611175] evm: HMAC attrs: 0x1
[   11.611491]   Magic number: 8:411:816
[   11.615074] rtc_cmos rtc_cmos: setting system clock to 2016-11-17 03:49:03 UTC (1479354543)
[   11.615251] BIOS EDD facility v0.16 2004-Jun-25, 0 devices found
[   11.615251] EDD information not available.
[   11.992760] Freeing unused kernel memory: 1480K (ffffffff81f43000 - ffffffff820b5000)
[   12.414924] Write protecting the kernel read-only data: 14336k
[   12.555958] Freeing unused kernel memory: 1804K (ffff88000183d000 - ffff880001a00000)
[   12.737018] Freeing unused kernel memory: 144K (ffff880001ddc000 - ffff880001e00000)
Loading, please wait...
[   12.869079] random: systemd-udevd: uninitialized urandom read (16 bytes read, 5 bits of entropy available)
starting version 229
[   12.872885] random: udevadm: uninitialized urandom read (16 bytes read, 5 bits of entropy available)
[   12.872922] random: udevadm: uninitialized urandom read (16 bytes read, 5 bits of entropy available)
[   12.873021] random: udevadm: uninitialized urandom read (16 bytes read, 5 bits of entropy available)
[   12.873057] random: udevadm: uninitialized urandom read (16 bytes read, 5 bits of entropy available)
[   12.873090] random: udevadm: uninitialized urandom read (16 bytes read, 5 bits of entropy available)
[   12.873124] random: udevadm: uninitialized urandom read (16 bytes read, 5 bits of entropy available)
[   12.873158] random: udevadm: uninitialized urandom read (16 bytes read, 5 bits of entropy available)
[   12.873189] random: udevadm: uninitialized urandom read (16 bytes read, 5 bits of entropy available)
[   12.873219] random: udevadm: uninitialized urandom read (16 bytes read, 5 bits of entropy available)
[   13.036540] e1000: Intel(R) PRO/1000 Network Driver - version 7.3.21-k8-NAPI
[   13.038865] e1000: Copyright (c) 1999-2006 Intel Corporation.
[   13.045727] Fusion MPT base driver 3.04.20
[   13.104356] Copyright (c) 1999-2008 LSI Corporation
[   13.121384] Fusion MPT SPI Host driver 3.04.20
[   13.161749] AVX version of gcm_enc/dec engaged.
[   13.169237] AES CTR mode by8 optimization enabled
[   13.374615] input: ImExPS/2 Generic Explorer Mouse as /devices/platform/i8042/serio1/input/input4
[   13.478686] e1000 0000:00:03.0 eth0: (PCI:33MHz:32-bit) 02:ac:52:cc:1b:9c
[   13.577451] e1000 0000:00:03.0 eth0: Intel(R) PRO/1000 Network Connection
[   13.599268] mptbase: ioc0: Initiating bringup
[   13.755940] e1000 0000:00:03.0 enp0s3: renamed from eth0
[   14.031968] ioc0: LSI53C1030 A0: Capabilities={Initiator}
[   14.337619] scsi host2: ioc0: LSI53C1030 A0, FwRev=00000000h, Ports=1, MaxQ=256, IRQ=20
[   14.532862] scsi 2:0:0:0: Direct-Access     VBOX     HARDDISK         1.0  PQ: 0 ANSI: 5
[   14.815238] scsi target2:0:0: Beginning Domain Validation
[   14.956091] scsi target2:0:0: Domain Validation skipping write tests
[   15.254674] scsi target2:0:0: Ending Domain Validation
[   15.514818] scsi target2:0:0: asynchronous
[   15.535564] scsi 2:0:1:0: Direct-Access     VBOX     HARDDISK         1.0  PQ: 0 ANSI: 5
[   15.564591] scsi target2:0:1: Beginning Domain Validation
[   15.576346] scsi target2:0:1: Domain Validation skipping write tests
[   15.974686] scsi target2:0:1: Ending Domain Validation
[   16.254895] scsi target2:0:1: asynchronous
[   16.537426] floppy0: no floppy controllers found
[   16.831482] sd 2:0:0:0: Attached scsi generic sg0 type 0
[   16.831711] sd 2:0:0:0: [sda] 20971520 512-byte logical blocks: (10.7 GB/10.0 GiB)
[   16.831871] sd 2:0:0:0: [sda] Write Protect is off
[   16.831948] sd 2:0:0:0: [sda] Incomplete mode parameter data
[   16.831949] sd 2:0:0:0: [sda] Assuming drive cache: write through
[   17.092505]  sda: sda1
[   17.093101] sd 2:0:0:0: [sda] Attached SCSI disk
[   17.345319] sd 2:0:1:0: Attached scsi generic sg1 type 0
[   17.345561] sd 2:0:1:0: [sdb] 20480 512-byte logical blocks: (10.5 MB/10.0 MiB)
[   17.345768] sd 2:0:1:0: [sdb] Write Protect is off
[   17.345903] sd 2:0:1:0: [sdb] Incomplete mode parameter data
[   17.345904] sd 2:0:1:0: [sdb] Assuming drive cache: write through
[   17.348803] sd 2:0:1:0: [sdb] Attached SCSI disk
Begin: Loading e[   18.768781] md: linear personality registered for level -1
ssential drivers ... [   18.822889] md: multipath personality registered for level -4
[   18.886548] md: raid0 personality registered for level 0
[   18.904426] md: raid1 personality registered for level 1
[   18.979703] raid6: sse2x1   gen()  9922 MB/s
[   19.055691] raid6: sse2x1   xor()  7379 MB/s
[   19.139725] raid6: sse2x2   gen() 12108 MB/s
[   19.223874] raid6: sse2x2   xor()  8162 MB/s
[   19.335704] raid6: sse2x4   gen() 14217 MB/s
[   19.431692] raid6: sse2x4   xor()  8441 MB/s
[   19.435175] raid6: using algorithm sse2x4 gen() 14217 MB/s
[   19.441696] raid6: .... xor() 8441 MB/s, rmw enabled
[   19.442959] raid6: using ssse3x2 recovery algorithm
[   19.446929] xor: automatically using best checksumming function:
[   19.495705]    avx       : 24539.000 MB/sec
[   19.549479] async_tx: api initialized (async)
[   19.561617] md: raid6 personality registered for level 6
[   19.600490] md: raid5 personality registered for level 5
[   19.621732] md: raid4 personality registered for level 4
[   19.629073] md: raid10 personality registered for level 10
done.
Begin: Running /scripts/init-premount ... done.
Begin: Mounti[   19.665762] Btrfs loaded
ng root file system ... Begin: Running /scripts/local-top ... done.
Begin: Running /scripts/local-premount ... Scanning for Btr[   19.756895] EXT4-fs (sda1): mounted filesystem with ordered data mode. Opts: (null)
fs filesystems
done.
Warning: fsck not present, so skipping root file system
done.
Begin: Running /scripts/local-bottom ... done.
Begin: Running /scripts/init-bottom ... Warning: overlayroot: debug is busted
done.
[   20.040487] systemd[1]: systemd 229 running in system mode. (+PAM +AUDIT +SELINUX +IMA +APPARMOR +SMACK +SYSVINIT +UTMP +LIBCRYPTSETUP +GCRYPT +GNUTLS +ACL +XZ -LZ4 +SECCOMP +BLKID +ELFUTILS +KMOD -IDN)
[   20.066150] systemd[1]: Detected virtualization oracle.
[   20.068571] systemd[1]: Detected architecture x86-64.

Welcome to [1mUbuntu 16.04.1 LTS[0m!

[   20.088292] systemd[1]: Setosamtoubtu
[   20.457279] systemd[1]: Initializing machine ID from random generator.
[   20.480643] systemd[1]: Installed transient /etc/machine-id file.
[   20.620168] systemd[1]: Listening on Syslog Socket.
[[0;32m  OK  [0m] Listening on Syslog Socket.
[   20.627419] systemd[1]: Listening on udev Kernel Socket.
[[0;32m  OK  [0m] Listening on udev Kernel Socket.
[   20.643929] systemd[1]: Listening on Journal Socket (/dev/log).
[[0;32m  OK  [0m] Listening on Journal Socket (/dev/log).
[   20.860203] systemd[1]: Created slice User and Session Slice.
[[0;32m  OK  [0m] Created slice User and Session Slice.
[ 21711]ysmd]:eaedaret Swap.
[[0;32m  OK  [0m] Reached target Swap.
[  21.51599] ystem[1 Ltengn dev/initctl Coatilty Named Pe.
[[0;32m  OK  [0m] Listening on /dev/initctl Compatibility Named Pipe.
[   22.119907] systemd[1]: Started Forward Password Requests to Wall Directory Watch.
[[0;32m  OK  [0m] Started Forward Password Requests to Wall Directory Watch.
[ 22593]ysmd]:isening on ude Control Socket.
[[0;32m  OK  [0m] Listening on udev Control Socket.
[ 22584551] systemd[1]: Listin on Journal Sockt.
[[0;32m  OK  [0m] Listening on Journal Socket.
[   22.980055] systemd[1]: Reached target Encrypted Volumes.
[[0;32m  OK  [0m] Reached target Encrypted Volumes.
[   22.996996] systemd[1]: Created slice System Slice.
[[0;32m  OK  [0m] Created slice System Slice.
[   23.007935] systemd[1: acd rg Sce
[[0;32m  OK  [0m] Reached target Slices.
[   23.355963] systemd[1]: Starting Remount Root and Kernel File Systems...
         [   23.377141] EXT4-fs (sda1): re-mounted. Opts: (null)
Starting Remount Root and Kernel File Systems...
[   23.542983] systemd[1]: Starting Set console keymap...
[   23.612256] random: nonblocking pool is initialized
         Starting Set console keymap...
[   23.684823] systemd[1]: Starting Create list of required static device nodes for the current kernel...
         Starting Create list of required st... nodes for the current kernel...
[   23.713252] systemd[1]: Mounting POSIX Message Queue File System...
         Mounting POSIX Message Queue File System...
[   23.725930] systemd[1]: Starting Load Kernel Modules...
         Starting Load Kernel Modules...
[   23.806929] Loading iSCSI transport class v2.0-870.
[   23.806955] systemd[1]: Listening on Journal Audit Socket.
[[0;32m  OK  [0[   23.828508] iscsi: registered transport (tcp)
m] Listening on Journal Audit Socket.
[   24.071318] systemd[1]: Listening on LVM2 metadata daemon socket.
[[0;32m  OK  [0m] Listening on LVM2 metadata daemon socket.
[   24.100162] systemd[1]: Listening on LVM2 poll daemon socket.
[[0;32m  OK  [0m] Listening on LVM2 poll daemon socket.
[   24.119813] systemd[1]: Mounting Debug File System...
         Mountin[   24.133753] iscsi: registered transport (iser)
g Debug File System...
[   24.453732] systemd[1]: Starting Nameserver information manager...
         Starting Nameserver information manager...
[   24.481832] systemd[1]: Set up automount Arbitrary Executable File Formats File System Automount Point.
[[0;32m  OK  [0m] Set up automount Arbitrary Executab...ats File System Automount Point.
[   24.488569] systemd[1]: Reached target User and Group Name Lookups.
[[0;32m  OK  [0m] Reached target User and Group Name Lookups.
[   24.507197] systemd[1]: Mounting Huge Pages File System...
         Mounting Huge Pages File System...
[   24.612378] systemd[1]: Starting Uncomplicated firewall...
         Starting Uncomplicated firewall...
[   24.763999] systemd[1]: Listening on Device-mapper event daemon FIFOs.
[[0;32m  OK  [0m] Listening on Device-mapper event daemon FIFOs.
[   24.828581] systemd[1]: Created slice system-serial\x2dgetty.slice.
[[0;32m  OK  [0m] Created slice system-serial\x2dgetty.slice.
[   24.892494] systemd[1]: Starting Monitoring of LVM2 mirrors, snapshots etc. using dmeventd or progress polling...
         Starting Monitoring of LVM2 mirrors... dmeventd or progress polling...
[   24.917958] systemd[1]: Starting Journal Service...
         Starting Journal Service...
[   24.926949] systemd[1]: Mounted POSIX Message Queue File System.
[[0;32m  OK  [0m] Mounted POSIX Message Queue File System.
[   25.108498] systemd[1]: Mounted Huge Pages File System.
[[0;32m  OK  [0m] Mounted Huge Pages File System.
[   25.29238]] systemd[1]: Mounted Debug File System.
[[0;32m  OK  [0m] Mounted Debug File System.
[   25.548023] systemd[1]: Started Journal Service.
[[0;32m  OK  [0m] Started Journal Service.
[[0;32m  OK  [0m] Started Remount Root and Kernel File Systems.
[[0;32m  OK  [0m] Started Set console keymap.
[[0;32m  OK  [0m] Started Create list of required sta...ce nodes for the current kernel.
[[0;32m  OK  [0m] Started Load Kernel Modules.
[[0;32m  OK  [0m] Started Uncomplicated firewall.
[[0;32m  OK  [0m] Started Nameserver information manager.
[[0;32m  OK  [0m] Started LVM2 metadata daemon.
         Starting Apply Kernel Variables...
         Mounting FUSE Control File System...
         Starting Create Static Device Nodes in /dev...
         Starting udev Coldplug all Devices...
         Starting Load/Save Random Seed...
         Starting Flush Journal to Persistent Storage...
[[0;32m  OK  [0m] Mounted FUSE Control File System.
[[0;32m  OK  [0m] Started Apply Kernel Variables.
[[0;32m  OK  [0m] Started Create Static Device Nodes in /dev.
[[0;32m  OK  [0m] Started Load/Save Random Seed.
[[0;32m  OK  [0m] Started udev Coldplug all Devices.
[[0;32m  OK  [0m] Started Flush Journal to Persistent Storage.
         Starting udev Kernel Device Manager...
[[0;32m  OK  [0m] Started udev Kernel Device Manager.
[[0;32m  OK  [0m] Started Dispatch Password Requests to Console Directory Watch.
[[0;32m  OK  [0m] Found device /dev/ttyS0.
[[0;32m  OK  [0m] Listening on Load/Save RF Kill Switch Status /dev/rfkill Watch.
[[0;32m  OK  [0m] Started Monitoring of LVM2 mirrors,...ng dmeventd or progress polling.
[[0;32m  OK  [0m] Reached target Local File Systems (Pre).
[[0;32m  OK  [0m] Reached target Local File Systems.
         Starting Initial cloud-init job (pre-networking)...
         Starting Tell Plymouth To Write Out Runtime Data...
         Starting Commit a transient machine-id on disk...
         Starting Run snappy firstboot setup...
         Starting Create Volatile Files and Directories...
         Starting Set console font and keymap...
         Starting LSB: AppArmor initialization...
[[0;32m  OK  [0m] Started Tell Plymouth To Write Out Runtime Data.
[[0;32m  OK  [0m] Started Commit a transient machine-id on disk.
[[0;32m  OK  [0m] Started Run snappy firstboot setup.
[[0;32m  OK  [0m] Started Create Volatile Files and Directories.
         Starting Update UTMP about System Boot/Shutdown...
[[0;32m  OK  [0m] Reached target System Time Synchronized.
[[0;32m  OK  [0m] Started Set console font and keymap.
[[0;32m  OK  [0m] Created slice system-getty.slice.
[[0;32m  OK  [0m] Started Update UTMP about System Boot/Shutdown.
[   26.593612] cloud-init[657]: Cloud-init v. 0.7.8 running 'init-local' at Thu, 17 Nov 2016 03:49:19 +0000. Up 26.14 seconds.
[[0;32m  OK  [0m] Started Initial cloud-init job (pre-networking).
[[0;32m  OK  [0m] Started LSB: AppArmor initialization.
[[0;32m  OK  [0m] Reached target System Initialization.
[[0;32m  OK  [0m] Started Timer to automatically refresh installed snaps.
[[0;32m  OK  [0m] Listening on UUID daemon activation socket.
[[0;32m  OK  [0m] Listening on ACPID Listen Socket.
[[0;32m  OK  [0m] Started ACPI Events Check.
         Starting Socket activation for snappy daemon.
[[0;32m  OK  [0m] Started Daily Cleanup of Temporary Directories.
[[0;32m  OK  [0m] Listening on D-Bus System Message Bus Socket.
[[0;32m  OK  [0m] Started Daily apt activities.
[[0;32m  OK  [0m] Reached target Timers.
[[0;32m  OK  [0m] Started Trigger resolvconf update for networkd DNS.
[[0;32m  OK  [0m] Reached target Paths.
         Starting LXD - unix socket.
[[0;32m  OK  [0m] Reached target Network (Pre).
         Starting Raise network interfaces...
[[0;32m  OK  [0m] Listening on Socket activation for snappy daemon.
[[0;32m  OK  [0m] Listening on LXD - unix socket.
[[0;32m  OK  [0m] Reached target Sockets.
[[0;32m  OK  [0m] Reached target Basic System.
         Starting LSB: MD monitoring daemon...
         Starting Login Service...
         Starting System Logging Service...
         Starting Accounts Service...
[[0;32m  OK  [0m] Started Deferred execution scheduler.
[[0;32m  OK  [0m] Started ACPI event daemon.
         Starting LXD - container startup/shutdown...
         Starting LSB: Record successful boot for GRUB...
[[0;32m  OK  [0m] Started Regular background program processing daemon.
[[0;32m  OK  [0m] Started FUSE filesystem for LXC.
[[0;32m  OK  [0m] Started D-Bus System Message Bus.
[[0;32m  OK  [0m] Started Snappy daemon.
[[0;32m  OK  [0m] Started System Logging Service.
[[0;32m  OK  [0m] Started LXD - container startup/shutdown.
[[0;32m  OK  [0m] Started LSB: MD monitoring daemon.
[[0;32m  OK  [0m] Started Login Service.
         Starting Authenticate and Authorize Users to Run Privileged Tasks...
[[0;32m  OK  [0m] Started Authenticate and Authorize Users to Run Privileged Tasks.
[[0;32m  OK  [0m] Started Accounts Service.
[[0;32m  OK  [0m] Started Raise network interfaces.
[[0;32m  OK  [0m] Reached target Network.
         Starting Initial cloud-init job (metadata service crawler)...
[   28.886000] cloud-init[1015]: Cloud-init v. 0.7.8 running 'init' at Thu, 17 Nov 2016 03:49:21 +0000. Up 28.33 seconds.
[   28.903035] cloud-init[1015]: ci-info: +++++++++++++++++++++++++++++++++++++Net device info++++++++++++++++++++++++++++++++++++++
[   28.922962] cloud-init[1015]: ci-info: +--------+------+----------------------------+---------------+-------+-------------------+
[   28.972546] [cloud-init[0;32m  OK  [0m[1015]: ] ci-info: | Device |  Up  |          Address           |      Mask     | Scope |     Hw-Address    |Started Initial cloud-init job (metadata service crawler).

[   28.973025] cloud-init[1015]: ci-info: +--------+------+----------------------------+---------------+-------+-------------------+
[[0;32m  OK  [0m] Reached target Network is Online.
[   29.128402] cloud-init[1015]: ci-info: | enp0s3 | True |         10.0.2.15          | 255.255.255.0 |   .   | 02:ac:52:cc:1b:9c |
[   29.212384]          cloud-initStarting /etc/rc.local Compatibility...[1015]: 
ci-info: | enp0s3 | True | fe80::ac:52ff:fecc:1b9c/64 |       .       |  link | 02:ac:52:cc:1b:9c |
[   29.212865] cloud-init[1015]: ci-info: |   lo   | True |         127.0.0.1          |   255.0.0.0   |   .   |         .         |
         Starting iSCSI initiator daemon (iscsid)...
[   29.309288] cloud-init[1015]: ci-info: |   lo   | True |          ::1/128           |       .       |  host |         .         |
[   29.349217]          cloud-initStarting Pollinate to seed the pseudo random number generator...[1015]: 
ci-info: +--------+------+----------------------------+---------------+-------+-------------------+
[[0;32m  OK  [0m] Reached target Cloud-config availability.
[   29.413341] cloud-init[1015]: ci-info: +++++++++++++++++++++++++++Route IPv4 info++++++++++++++++++++++++++++
[   29.446115] cloud-init[1015]: ci-info: +-------+-------------+----------+---------------+-----------+-------+
         Starting Apply the settings specified in cloud-config...
[[0;32m  OK  [0m] Started /etc/rc.local Compatibility.
[   29.478243] cloud-init[1015]: ci-info: | Route | Destination | Gateway  |    Genmask    | Interface | Flags |
[   29.595949] cloud-init[1015]: ci-info: +-------+-------------+----------+---------------+-----------+-------+
[[0;32m  OK  [0m] Started iSCSI initiator daemon (iscsid).
[   29.666994] cloud-init[1015]: ci-info: |   0   |   0.0.0.0   | 10.0.2.2 |    0.0.0.0    |   enp0s3  |   UG  |
[   29.743751] cloud-init[1015]: ci-info: |   1   |   10.0.2.0  | 0.0.0.0  | 255.255.255.0 |   enp0s3  |   U   |
         Starting Login to default iSCSI targets...
[   29.772744] cloud-init[1015]: ci-info: +-------+-------------+----------+---------------+-----------+-------+
[   29.800370] cloud-init[1015]: Generating public/private rsa key pair.
[[0;32m  OK  [0m] Started Login to default iSCSI targets.
[[0;32m  OK  [0m] Reached target Remote File Systems (Pre).
[[0;32m  OK  [0m] Reached target Remote File Systems.
[   29.836835] cloud-init[1015]: Your identification has been saved in /etc/ssh/ssh_host_rsa_key.
[   29.916360]          cloud-initStarting LSB: daemon to balance interrupts for SMP systems...[1015]: 
Your public key has been saved in /etc/ssh/ssh_host_rsa_key.pub.
[   29.925674]          cloud-initStarting LSB: automatic crash report generation...[1015]: 
The key fingerprint is:
[   29.926017] cloud-init[1015]: SHA256:6FbdABsT+lFRRRo9h3agcWaMZB1YlIl/+OQkX3ksC68 root@ubuntu-xenial
[   29.976384]          cloud-initStarting Permit User Sessions...[1015]: 
The key's randomart image is:
[   29.976727] cloud-init[1015]: +---[RSA 2048]----+
[   30.008120] cloud-init[1015]: |        =.o+*%@* |
[   30.012137] cloud-init[1015]: |       . * .+OX o|
[   30.029077]          cloud-initStarting LSB: VirtualBox Linux Additions...[1015]: 
|      . o . oo *.|
         Starting LSB: Set the CPU Frequency Scaling governor to "ondemand"...
[   30.045385] cloud-init[1015]: |       o o o. =.B|
[[0;32m  OK  [0m] Started Permit User Sessions.
[   30.057272] cloud-init[1015]: |      . S . .o @o|
[   30.076247] cloud-init[1015]: |     . .      o +|
[   30.085280] cloud-init[1015]: |      o      .   |
         Starting Hold until boot process finishes up...
[   30.113150] cloud-init[1015]: |     .      E    |
[   30.147434] cloud-init[1015]: |                 |
[   30.149310] cloud-init[1015]: +----[SHA256]-----+
[   30.152655] cloud-init[1015]: Generating public/private dsa key pair.
[   30.156754] cloud-init[1015]: Your identification has been saved in /etc/ssh/ssh_host_dsa_key.
[   30.167995]          cloud-init[1015]: Starting Terminate Plymouth Boot Screen...Your public key has been saved in /etc/ssh/ssh_host_dsa_key.pub.

[   30.168474] cloud-init[1015]: The key fingerprint is:
[   30.190230] [cloud-init[0;32m  OK  [0m[1015]: ] SHA256:NBtM980OXyfEW9PoIZK6E9XOy6nXUHlKKmR0WX8Qf8A root@ubuntu-xenialStarted LSB: daemon to balance interrupts for SMP systems.

[   30.190688] cloud-init[1015]: The key's randomart image is:
[   30.197436] [cloud-init[0;32m  OK  [0m[1015]: ] +---[DSA 1024]----+Started LSB: automatic crash report generation.

[   30.197867] [cloud-init[0;32m  OK  [0m[1015]: ] |        . .o =*o.|Started LSB: VirtualBox Linux Additions.

[   30.272309] [cloud-init[0;32m  OK  [0m[1015]: ] |       o .=.=+E*o|Started Hold until boot process finishes up.

[   30.272657] cloud-init[1015]: |        =+ =oo+=O|
[   30.364313] [cloud-init[0;32m  OK  [0m[1015]: ] |       .o+o o+*o=|Started Terminate Plymouth Boot Screen.

[   30.398658] [cloud-init[0;32m  OK  [0m[1015]: ] |        S= . *oo |Started Serial Getty on ttyS0.

[   30.399009] cloud-init[1015]: |        o . * .  |
[   30.468335]          cloud-initStarting Set console scheme...[1015]: 
|         . o o   |
[   30.516315] [cloud-init[0;32m  OK  [0m[1015]: ] |          . . .  |Started Getty on tty1.

[[0;32m  OK  [0m] Reached target Login Prompts.
[   30.516729] cloud-init[1015]: |           .     |
[   30.571745] cloud-init[1015]: +----[SHA256]-----+
[[0;32m  OK  [0m] Started LSB: Set the CPU Frequency Scaling governor to "ondemand".
[   30.572167] cloud-init[1015]: Generating public/private ecdsa key pair.
[[0;32m  OK  [0m] Started Set console scheme.
[   30.652567] cloud-init[1015]: Your identification has been saved in /etc/ssh/ssh_host_ecdsa_key.
[[0;32m  OK  [0m] Started Pollinate to seed the pseudo random number generator.
[   30.710172] cloud-init[1015]: Your public key has been saved in /etc/ssh/ssh_host_ecdsa_key.pub.
[   30.788911]          cloud-initStarting OpenBSD Secure Shell server...[1015]: 
The key fingerprint is:
[   30.833207] cloud-init[1015]: SHA256:aYQoKSSTZ4HlbbbsVVVczYcn2uveRaEoqdY9/LEG4yo root@ubuntu-xenial
[   30.908618] cloud-init[1015]: The key's randomart image is:
[[0;32m  OK  [0m] Started OpenBSD Secure Shell server.
[   30.914557] cloud-init[1015]: +---[ECDSA 256]---+
[   30.936320]          cloud-initStopping OpenBSD Secure Shell server...[1015]: 
|o=o.      .o...+ |
[[0;32m  OK  [0m] Stopped OpenBSD Secure Shell server.
[   30.962429] cloud-init[1015]: |=ooo . . .  . o =|
[   30.968560] cloud-init[1015]: |.o+ = . o    o +.|
[   31.004465]          cloud-initStarting OpenBSD Secure Shell server...[1015]: 
| . = . o .. o o .|
[   31.052576] cloud-init[1015]: |    o . So . . ..|
[[0;32m  OK  [0m] Started OpenBSD Secure Shell server.
[   31.052981] cloud-init[1015]: |   . . .o +o  .. |
[   31.096784] cloud-init[1015]: |    .  o ..+oo  .|
[   31.156470] cloud-init[1015]: |      .E   .o.+..|
[   31.192578] cloud-init[1015]: |        ... .+. .|
[   31.197562] cloud-init[1015]: +----[SHA256]-----+
[   31.232787] cloud-init[1015]: Generating public/private ed25519 key pair.
[   31.288275] cloud-init[1015]: Your identification has been saved in /etc/ssh/ssh_host_ed25519_key.
[   31.332391] cloud-init[1015]: Your public key has been saved in /etc/ssh/ssh_host_ed25519_key.pub.
[   31.368718] cloud-init[1015]: The key fingerprint is:
[   31.394295] cloud-init[1015]: SHA256:Dks93htsd4PhkI/q6ptOxMtWhP2yFqqSz33MM2wQzu0 root@ubuntu-xenial
[   31.435561] cloud-init[1015]: The key's randomart image is:
[   31.456530] cloud-init[1015]: +--[ED25519 256]--+
[   31.513178] cloud-init[1015]: |                 |
[   31.525363] cloud-init[1015]: |       o         |
[   31.537926] [[0;32m  OK  [0m] Started Apply the settings specified in cloud-config.
cloud-init[1015]: |      . o        |
[   31.539894] cloud-init[1015]: |     ..o . .     |
[   31.556340] cloud-init[1015]: |     o=oS + .    |
[   31.596343] cloud-init[1015]: |     ++O.B = o   |
[   31.625265] cloud-init[1015]: |   .  B*= * = o  |
[   31.668311] cloud-init[1015]: |  o. = oEo + . . |
[   31.683952] cloud-init[1015]: |   o+oB*oo.      |
[   31.740780] cloud-init[1015]: +----[SHA256]-----+
[   31.789421] cloud-init[1141]: Generating locales (this might take a while)...
[   31.814339] cloud-init[1141]:   en_US.UTF-8... done
[   31.860333] cloud-init[1141]: Generation complete.
[   31.904492] cloud-init[1141]: Cloud-init v. 0.7.8 running 'modules:config' at Thu, 17 Nov 2016 03:49:23 +0000. Up 29.74 seconds.
[[0;32m  OK  [0m] Created slice User Slice of ubuntu.
         Starting User Manager for UID 1000...
[[0;32m  OK  [0m] Started User Manager for UID 1000.
[[0;32m  OK  [0m] Started Session 1 of user ubuntu.

Ubuntu 16.04.1 LTS ubuntu-xenial ttyS0

ubuntu-xenial login: ci-info: +++++Authorized keys from /home/ubuntu/.ssh/authorized_keys for user ubuntu++++++
ci-info: +---------+-------------------------------------------------+---------+---------+
ci-info: | Keytype |                Fingerprint (md5)                | Options | Comment |
ci-info: +---------+-------------------------------------------------+---------+---------+
ci-info: | ssh-rsa | 1e:ce:bd:28:52:60:ab:6b:e1:e5:bc:4a:6c:a3:44:8c |    -    | vagrant |
ci-info: +---------+-------------------------------------------------+---------+---------+
<14>Nov 17 03:49:52 ec2: 
<14>Nov 17 03:49:52 ec2: #############################################################
<14>Nov 17 03:49:52 ec2: -----BEGIN SSH HOST KEY FINGERPRINTS-----
<14>Nov 17 03:49:52 ec2: 1024 SHA256:NBtM980OXyfEW9PoIZK6E9XOy6nXUHlKKmR0WX8Qf8A root@ubuntu-xenial (DSA)
<14>Nov 17 03:49:52 ec2: 256 SHA256:aYQoKSSTZ4HlbbbsVVVczYcn2uveRaEoqdY9/LEG4yo root@ubuntu-xenial (ECDSA)
<14>Nov 17 03:49:52 ec2: 256 SHA256:Dks93htsd4PhkI/q6ptOxMtWhP2yFqqSz33MM2wQzu0 root@ubuntu-xenial (ED25519)
<14>Nov 17 03:49:52 ec2: 2048 SHA256:6FbdABsT+lFRRRo9h3agcWaMZB1YlIl/+OQkX3ksC68 root@ubuntu-xenial (RSA)
<14>Nov 17 03:49:52 ec2: -----END SSH HOST KEY FINGERPRINTS-----
<14>Nov 17 03:49:52 ec2: #############################################################
-----BEGIN SSH HOST KEY KEYS-----
ecdsa-sha2-nistp256 AAAAE2VjZHNhLXNoYTItbmlzdHAyNTYAAAAIbmlzdHAyNTYAAABBBLUyvSoQXIQYMHGq6kqQp9aXPHEMRuIhwdCXttyoOCkHJVyci2AafI0havWSud5cPivTAa1yvYXkJ0EcPQw/hEM= root@ubuntu-xenial
ssh-ed25519 AAAAC3NzaC1lZDI1NTE5AAAAIDEjmoJA9H48omWxHwn7sZbvJruf3srPwSc8Jqrv5/1r root@ubuntu-xenial
ssh-rsa AAAAB3NzaC1yc2EAAAADAQABAAABAQDdcZaZYsv6+bfOX0baQNPe59AsIGl75klwNpmORubxy0EREyIaDiU7hrs5dY2rvABRx/3gi8OUwiv9dhcbMj6pF/hegdPwrjHozUdD6eFNdjAWwz5A4kKgpfZ1b9LQk6fTtMLLEQF21JDjAhGLEUzbQAr7VnnQeabkicaCw2eam8dv2MPJfpxDiA8T45UNLZ/OdNvGnWb2bL/XWya4++OVsUwCFAnkQ+BaQo7J7dKBQkDh+s4dyU8ARRrg0r7BZyn57KJvoitsyii3EdH+3L0+kY+ExQKeR3uUfZNIxhm+xRa1ctKGSWclG7iGpGWR1SrQRpWpzMo1p0u294IbROkN root@ubuntu-xenial
-----END SSH HOST KEY KEYS-----
[   59.270409] cloud-init[2143]: Cloud-init v. 0.7.8 running 'modules:final' at Thu, 17 Nov 2016 03:49:52 +0000. Up 59.07 seconds.
[   59.270620] cloud-init[2143]: Cloud-init v. 0.7.8 finished at Thu, 17 Nov 2016 03:49:52 +0000. Datasource DataSourceNoCloud [seed=/dev/sdb][dsmode=net].  Up 59.25 seconds
