[    0.000000] Initializing cgroup subsys cpuset
[    0.000000] Initializing cgroup subsys cpu
[    0.000000] Initializing cgroup subsys cpuacct
[    0.000000] Linux version 4.4.0-47-generic (buildd@lcy01-03) (gcc version 5.4.0 20160609 (Ubuntu 5.4.0-6ubuntu1~16.04.2) ) #68-Ubuntu SMP Wed Oct 26 19:39:52 UTC 2016 (Ubuntu 4.4.0-47.68-generic 4.4.24)
[    0.000000] Command line: BOOT_IMAGE=/boot/vmlinuz-4.4.0-47-generic root=LABEL=cloudimg-rootfs ro console=tty1 console=ttyS0
[    0.000000] KERNEL supported cpus:
[    0.000000]   Intel GenuineIntel
[    0.000000]   AMD AuthenticAMD
[    0.000000]   Centaur CentaurHauls
[    0.000000] x86/fpu: xstate_offset[2]:  576, xstate_sizes[2]:  256
[    0.000000] x86/fpu: Supporting XSAVE feature 0x01: 'x87 floating point registers'
[    0.000000] x86/fpu: Supporting XSAVE feature 0x02: 'SSE registers'
[    0.000000] x86/fpu: Supporting XSAVE feature 0x04: 'AVX registers'
[    0.000000] x86/fpu: Enabled xstate features 0x7, context size is 832 bytes, using 'standard' format.
[    0.000000] x86/fpu: Using 'lazy' FPU context switches.
[    0.000000] e820: BIOS-provided physical RAM map:
[    0.000000] BIOS-e820: [mem 0x0000000000000000-0x000000000009fbff] usable
[    0.000000] BIOS-e820: [mem 0x000000000009fc00-0x000000000009ffff] reserved
[    0.000000] BIOS-e820: [mem 0x00000000000f0000-0x00000000000fffff] reserved
[    0.000000] BIOS-e820: [mem 0x0000000000100000-0x000000007ffeffff] usable
[    0.000000] BIOS-e820: [mem 0x000000007fff0000-0x000000007fffffff] ACPI data
[    0.000000] BIOS-e820: [mem 0x00000000fffc0000-0x00000000ffffffff] reserved
[    0.000000] NX (Execute Disable) protection: active
[    0.000000] SMBIOS 2.5 present.
[    0.000000] Hypervisor detected: KVM
[    0.000000] e820: last_pfn = 0x7fff0 max_arch_pfn = 0x400000000
[    0.000000] MTRR: Disabled
[    0.000000] x86/PAT: MTRRs disabled, skipping PAT initialization too.
[    0.000000] x86/PAT: Configuration [0-7]: WB  WT  UC- UC  WB  WT  UC- UC  
[    0.000000] CPU MTRRs all blank - virtualized system.
[    0.000000] found SMP MP-table at [mem 0x0009fff0-0x0009ffff] mapped at [ffff88000009fff0]
[    0.000000] Scanning 1 areas for low memory corruption
[    0.000000] RAMDISK: [mem 0x36fe4000-0x377e9fff]
[    0.000000] ACPI: Early table checksum verification disabled
[    0.000000] ACPI: RSDP 0x00000000000E0000 000024 (v02 VBOX  )
[    0.000000] ACPI: XSDT 0x000000007FFF0030 00003C (v01 VBOX   VBOXXSDT 00000001 ASL  00000061)
[    0.000000] ACPI: FACP 0x000000007FFF00F0 0000F4 (v04 VBOX   VBOXFACP 00000001 ASL  00000061)
[    0.000000] ACPI: DSDT 0x000000007FFF0470 002118 (v01 VBOX   VBOXBIOS 00000002 INTL 20140214)
[    0.000000] ACPI: FACS 0x000000007FFF0200 000040
[    0.000000] ACPI: FACS 0x000000007FFF0200 000040
[    0.000000] ACPI: APIC 0x000000007FFF0240 00005C (v02 VBOX   VBOXAPIC 00000001 ASL  00000061)
[    0.000000] ACPI: SSDT 0x000000007FFF02A0 0001CC (v01 VBOX   VBOXCPUT 00000002 INTL 20140214)
[    0.000000] No NUMA configuration found
[    0.000000] Faking a node at [mem 0x0000000000000000-0x000000007ffeffff]
[    0.000000] NODE_DATA(0) allocated [mem 0x7ffeb000-0x7ffeffff]
[    0.000000] kvm-clock: Using msrs 4b564d01 and 4b564d00
[    0.000000] kvm-clock: cpu 0, msr 0:7ffe7001, primary cpu clock
[    0.000000] kvm-clock: using sched offset of 3130249509 cycles
[    0.000000] clocksource: kvm-clock: mask: 0xffffffffffffffff max_cycles: 0x1cd42e4dffb, max_idle_ns: 881590591483 ns
[    0.000000] Zone ranges:
[    0.000000]   DMA      [mem 0x0000000000001000-0x0000000000ffffff]
[    0.000000]   DMA32    [mem 0x0000000001000000-0x000000007ffeffff]
[    0.000000]   Normal   empty
[    0.000000]   Device   empty
[    0.000000] Movable zone start for each node
[    0.000000] Early memory node ranges
[    0.000000]   node   0: [mem 0x0000000000001000-0x000000000009efff]
[    0.000000]   node   0: [mem 0x0000000000100000-0x000000007ffeffff]
[    0.000000] Initmem setup node 0 [mem 0x0000000000001000-0x000000007ffeffff]
[    0.000000] ACPI: PM-Timer IO Port: 0x408
[    0.000000] IAPIC[0]: apic_id 2, version 17, address 0xfec00000, GSI 0-23
[    0.000000] ACPI: INT_SRC_OVR (bus 0 bus_irq 0 global_irq 2 dfl dfl)
[    0.000000] ACPI: INT_SRC_OVR (bus 0 bus_irq 9 global_irq 9 high level)
[    0.000000] Using ACPI (MADT) for SMP configuration information
[    0.000000] smpboot: Allowing 2 CPUs, 0 hotplug CPUs
[    0.000000] PM: Registered nosave memory: [mem 0x00000000-0x00000fff]
[    0.000000] PM: Registered nosave memory: [mem 0x0009f000-0x0009ffff]
[    0.000000] PM: Registered nosave memory: [mem 0x000a0000-0x000effff]
[    0.000000] PM: Registered nosave memory: [mem 0x000f0000-0x000fffff]
[    0.000000] e820: [mem 0x80000000-0xfffbffff] available for PCI devices
[    0.000000] Booting paravirtualized kernel on KVM
[    0.000000] clocksource: refined-jiffies: mask: 0xffffffff max_cycles: 0xffffffff, max_idle_ns: 7645519600211568 ns
[    0.000000] setup_percpu: NR_CPUS:256 nr_cpumask_bits:256 nr_cpu_ids:2 nr_node_ids:1
[    0.000000] PERCPU: Embedded 33 pages/cpu @ffff88007fc00000 s98008 r8192 d28968 u1048576
[    0.000000] PV qspinlock hash table entries: 256 (order: 0, 4096 bytes)
[    0.000000] Built 1 zonelists in Node order, mobility grouping on.  Total pages: 515961
[    0.000000] Policy zone: DMA32
[    0.000000] Kernel command line: BOOT_IMAGE=/boot/vmlinuz-4.4.0-47-generic root=LABEL=cloudimg-rootfs ro console=tty1 console=ttyS0
[    0.000000] PID hash table entries: 4096 (order: 3, 32768 bytes)
[    0.000000] Memory: 2036608K/2096696K available (8423K kernel code, 1285K rwdata, 3952K rodata, 1480K init, 1292K bss, 60088K reserved, 0K cma-reserved)
[    0.000000] SLUB: HWalign=64, Order=0-3, MinObjects=0, CPUs=2, Nodes=1
[    0.000000] Hierarchical RCU implementation.
[    0.000000] 	Build-time adjustment of leaf fanout to 64.
[    0.000000] 	RCU restricting CPUs from NR_CPUS=256 to nr_cpu_ids=2.
[    0.000000] RCU: Adjusting geometry for rcu_fanout_leaf=64, nr_cpu_ids=2
[    0.000000] NR_IRQS:16640 nr_irqs:440 16
[    0.000000] Console: colour VGA+ 80x25
[    0.000000] console [tty1] enabled
[    0.000000] console [ttyS0] enabled
[    0.000000] tsc: Detected 2593.994 MHz processor
[    0.260158] Calibrating delay loop (skipped) preset value.. 5187.98 BogoMIPS (lpj=10375976)
[    0.261708] pid_max: default: 32768 minimum: 301
[    0.262537] ACPI: Core revision 20150930
[    0.264205] ACPI: 2 ACPI AML tables successfully acquired and loaded
[    0.265377] Security Framework initialized
[    0.266136] Yama: becoming mindful.
[    0.266831] AppArmor: AppArmor initialized
[    0.268214] Dentry cache hash table entries: 262144 (order: 9, 2097152 bytes)
[    0.269664] Inode-cache hash table entries: 131072 (order: 8, 1048576 bytes)
[    0.270940] Mount-cache hash table entries: 4096 (order: 3, 32768 bytes)
[    0.272057] Mountpoint-cache hash table entries: 4096 (order: 3, 32768 bytes)
[    0.275549] Initializing cgroup subsys io
[    0.276320] Initializing cgroup subsys memory
[    0.277115] Initializing cgroup subsys devices
[    0.277916] Initializing cgroup subsys freezer
[    0.278715] Initializing cgroup subsys net_cls
[    0.279531] Initializing cgroup subsys perf_event
[    0.280372] Initializing cgroup subsys net_prio
[    0.281184] Initializing cgroup subsys hugetlb
[    0.281984] Initializing cgroup subsys pids
[    0.282825] CPU: Physical Processor ID: 0
[    0.283585] CPU: Processor Core ID: 0
[    0.285189] mce: CPU supports 0 MCE banks
[    0.285953] Last level iTLB entries: 4KB 64, 2MB 8, 4MB 8
[    0.286869] Last level dTLB entries: 4KB 64, 2MB 0, 4MB 0, 1GB 4
[    0.289573] Freeing SMP alternatives memory: 32K (ffffffff820b5000 - ffffffff820bd000)
[    0.298050] ftrace: allocating 32047 entries in 126 pages
[    0.334257] smpboot: Max logical packages: 1
[    0.336143] smpboot: APIC(0) Converting physical 0 to logical package 0
[    0.338380] ..TIMER: vector=0x30 apic1=0 pin1=2 apic2=-1 pin2=-1
[    0.447892] smpboot: CPU0: Intel(R) Core(TM) i7-5600U CPU @ 2.60GHz (family: 0x6, model: 0x3d, stepping: 0x4)
[    0.468718] Performance Events: unsupported p6 CPU model 61 no PMU driver, software events only.
[    0.470285] KVM setup paravirtual spinlock
[    0.471623] x86: Booting SMP configuration:
[    0.484194] .... node  #0, CPUs:      #1
[    0.485015] kvm-clock: cpu 1, msr 0:7ffe7041, secondary cpu clock
[    0.501947] mce: CPU supports 0 MCE banks
[    0.504773] x86: Booted up 1 node, 2 CPUs
[    0.505710] smpboot: Total of 2 processors activated (10375.97 BogoMIPS)
[    0.507163] devtmpfs: initialized
[    0.510242] evm: security.selinux
[    0.510897] evm: security.SMACK64
[    0.511553] evm: security.SMACK64EXEC
[    0.512343] evm: security.SMACK64TRANSMUTE
[    0.513113] evm: security.SMACK64MMAP
[    0.513816] evm: security.ima
[    0.514437] evm: security.capability
[    0.515346] clocksource: jiffies: mask: 0xffffffff max_cycles: 0xffffffff, max_idle_ns: 7645041785100000 ns
[    0.517210] pinctrl core: initialized pinctrl subsystem
[    0.518214] RTC time: 15:20:47, date: 11/23/16
[    0.519212] NET: Registered protocol family 16
[    0.531962] cpuidle: using governor ladder
[    0.543362] cpuidle: using governor menu
[    0.545146] PCCT header not found.
[    0.545834] ACPI: bus type PCI registered
[    0.546526] acpiphp: ACPI Hot Plug PCI Controller Driver version: 0.5
[    0.547612] PCI: Using configuration type 1 for base access
[    0.560616] ACPI: Added _OSI(Module Device)
[    0.562422] ACPI: Added _OSI(Processor Device)
[    0.563168] ACPI: Added _OSI(3.0 _SCP Extensions)
[    0.563979] ACPI: Added _OSI(Processor Aggregator Device)
[    0.566443] ACPI: Executed 1 blocks of module-level executable AML code
[    0.569773] ACPI: Interpreter enabled
[    0.572540] ACPI: (supports S0 S5)
[    0.573212] ACPI: Using IOAPIC for interrupt routing
[    0.575284] PCI: Using host bridge windows from ACPI; if necessary, use "pci=nocrs" and report a bug
[    0.580911] ACPI: PCI Root Bridge [PCI0] (domain 0000 [bus 00-ff])
[    0.584879] acpi PNP0A03:00: _OSC: OS supports [ASPM ClockPM Segments MSI]
[    0.585990] acpi PNP0A03:00: _OSC failed (AE_NOT_FOUND); disabling ASPM
[    0.587059] acpi PNP0A03:00: fail to add MMCONFIG information, can't access extended PCI configuration space under this bridge.
[    0.590223] PCI host bridge to bus 0000:00
[    0.590992] pci_bus 0000:00: root bus resource [io  0x0000-0x0cf7 window]
[    0.592140] pci_bus 0000:00: root bus resource [io  0x0d00-0xffff window]
[    0.593275] pci_bus 0000:00: root bus resource [mem 0x000a0000-0x000bffff window]
[    0.595736] pci_bus 0000:00: root bus resource [mem 0x80000000-0xffdfffff window]
[    0.597164] pci_bus 0000:00: root bus resource [bus 00-ff]
[    0.599283] pci 0000:00:01.1: legacy IDE quirk: reg 0x10: [io  0x01f0-0x01f7]
[    0.600484] pci 0000:00:01.1: legacy IDE quirk: reg 0x14: [io  0x03f6]
[    0.621566] pci 0000:00:01.1: legacy IDE quirk: reg 0x18: [io  0x0170-0x0177]
[    0.622693] pci 0000:00:01.1: legacy IDE quirk: reg 0x1c: [io  0x0376]
[    0.660273] ACPI: PCI Interrupt Link [LNKA] (IRQs 5 9 10 11) *0, disabled.
[    0.663098] ACPI: PCI Interrupt Link [LNKB] (IRQs 5 9 10 *11)
[    0.664544] ACPI: PCI Interrupt Link [LNKC] (IRQs 5 9 *10 11)
[    0.666995] ACPI: PCI Interrupt Link [LNKD] (IRQs 5 *9 10 11)
[    0.668410] ACPI: Enabled 2 GPEs in block 00 to 07
[    0.670771] vgaarb: setting as boot device: PCI:0000:00:02.0
[    0.671722] vgaarb: device added: PCI:0000:00:02.0,decodes=io+mem,owns=io+mem,locks=none
[    0.674292] vgaarb: loaded
[    0.684759] vgaarb: bridge control possible 0000:00:02.0
[    0.686993] SCSI subsystem initialized
[    0.687884] ACPI: bus type USB registered
[    0.688728] usbcore: registered new interface driver usbfs
[    0.689753] usbcore: registered new interface driver hub
[    0.690714] usbcore: registered new device driver usb
[    0.691891] PCI: Using ACPI for IRQ routing
[    0.692923] NetLabel: Initializing
[    0.694690] NetLabel:  domain hash size = 128
[    0.695471] NetLabel:  protocols = UNLABELED CIPSOv4
[    0.697444] NetLabel:  unlabeled traffic allowed by default
[    0.698535] amd_nb: Cannot enumerate AMD northbridges
[    0.699463] clocksource: Switched to clocksource kvm-clock
[    0.707044] AppArmor: AppArmor Filesystem Enabled
[    0.709069] pnp: PnP ACPI init
[    0.710294] pnp: PnP ACPI: found 3 devices
[   .7140]clocksource: acpi_pm: mask: 0xffffff max_cycles: 0xffffff, max_idle_ns: 2085701024 ns
[    0.830879] NET: Registered protocol family 2

[    0.831917] TCP established hash table entries: 16384 (order: 5, 131072 bytes)
[    0.835090] TCP bind hash table entries: 16384 (order: 6, 262144 bytes)
[    0.836255] TCP: Hash tables configured (established 16384 bind 16384)
[    0.837342] UDP hash table entries: 1024 (order: 3, 32768 bytes)
[    0.838340] UDP-Lite hash table entries: 1024 (order: 3, 32768 bytes)
[    0.839432] NET: Registered protocol family 1
[    0.840287] pci 0000:00:00.0: Limiting direct PCI/PCI transfers
[    0.841291] pci 0000:00:01.0: Activating ISA DMA hang workarounds
[    0.842441] Trying to unpack rootfs image as initramfs...
[    2.200414] Freeing initrd memory: 8216K (ffff880036fe4000 - ffff8800377ea000)
[    2.207212] RAPL PMU detected, API unit is 2^-32 Joules, 4 fixed counters 10737418240 ms ovfl timer
[    2.209901] hw unit of domain pp0-core 2^-0 Joules
[    2.210746] hw unit of domain package 2^-0 Joules
[    2.211579] hw unit of domain dram 2^-0 Joules
[    2.212425] hw unit of domain pp1-gpu 2^-0 Joules
[    2.217197] platform rtc_cmos: registered platform RTC device (no PNP device found)
[    2.218633] Scanning for low memory corruption every 60 seconds
[    2.220052] futex hash table entries: 512 (order: 3, 32768 bytes)
[    2.234598] audit: initializing netlink subsys (disabled)
[    2.235565] audit: type=2000 audit(1479914453.897:1): initialized
[    2.236851] Initialise system trusted keyring
[    2.237852] HugeTLB registered 2 MB page size, pre-allocated 0 pages
[    2.240264] zbud: loaded
[    2.245413] VFS: Disk quotas dquot_6.6.0
[    2.249352] VFS: Dquot-cache hash table entries: 512 (order 0, 4096 bytes)
[    2.250687] squashfs: version 4.0 (2009/01/31) Phillip Lougher
[    2.252003] fuse init (API version 7.23)
[    2.252928] Key type big_key registered
[    2.253674] Allocating IMA MOK and blacklist keyrings.
[    2.256613] Key type asymmetric registered
[    2.261259] Asymmetric key parser 'x509' registered
[    2.262137] Block layer SCSI generic (bsg) driver version 0.4 loaded (major 249)
[    2.263585] io scheduler noop registered
[    2.268050] io scheduler deadline registered (default)
[    2.268969] io scheduler cfq registered
[    2.269766] pci_hotplug: PCI Hot Plug PCI Core version: 0.5
[    2.270682] pciehp: PCI Express Hot Plug Controller Driver version: 0.4
[    2.271847] ACPI: AC Adapter [AC] (off-line)
[    2.274633] input: Power Button as /devices/LNXSYSTM:00/LNXPWRBN:00/input/input0
[    2.275993] ACPI: Power Button [PWRF]
[    2.276742] input: Sleep Button as /devices/LNXSYSTM:00/LNXSLPBN:00/input/input1
[    2.278103] ACPI: Sleep Button [SLPF]
[    2.279047] GHES: HEST is not enabled!
[    2.279796] ACPI: Battery Slot [BAT0] (battery present)
[    2.281947] Serial: 8250/16550 driver, 32 ports, IRQ sharing enabled
[    2.304446] 00:02: ttyS0 at I/O 0x3f8 (irq = 4, base_baud = 115200) is a 16550A
[    2.309660] Linux agpgart interface v0.103
[    2.317034] brd: module loaded
[    2.324684] loop: module loaded
[    2.330348] scsi host0: ata_piix
[    2.333814] scsi host1: ata_piix
[    2.334745] ata1: PATA max UDMA/33 cmd 0x1f0 ctl 0x3f6 bmdma 0xd000 irq 14
[    2.337348] ata2: PATA max UDMA/33 cmd 0x170 ctl 0x376 bmdma 0xd008 irq 15
[    2.339007] libphy: Fixed MDIO Bus: probed
[    2.341509] tun: Universal TUN/TAP device driver, 1.6
[    2.342712] tun: (C) 1999-2004 Max Krasnyansky <maxk@qualcomm.com>
[    2.344317] PPP generic driver version 2.4.2
[    2.348819] ehci_hcd: USB 2.0 'Enhanced' Host Controller (EHCI) Driver
[    2.354007] ehci-pci: EHCI PCI platform driver
[    2.385488] ehci-platform: EHCI generic platform driver
[    2.396535] ohci_hcd: USB 1.1 'Open' Host Controller (OHCI) Driver
[    2.397804] ohci-pci: OHCI PCI platform driver
[    2.398832] ohci-platform: OHCI generic platform driver
[    2.400002] uhci_hcd: USB Universal Host Controller Interface driver
[    2.401401] i8042: PNP: PS/2 Controller [PNP0303:PS2K,PNP0f03:PS2M] at 0x60,0x64 irq 1,12
[    2.403754] serio: i8042 KBD port at 0x60,0x64 irq 1
[    2.404845] serio: i8042 AUX port at 0x60,0x64 irq 12
[    2.406242] mousedev: PS/2 mouse device common for all mice
[    2.407874] input: AT Translated Set 2 keyboard as /devices/platform/i8042/serio0/input/input2
[    2.410290] rtc_cmos rtc_cmos: rtc core: registered rtc_cmos as rtc0
[    2.411647] rtc_cmos rtc_cmos: alarms up to one day, 114 bytes nvram
[    2.412957] i2c /dev entries driver
[    2.413890] device-mapper: uevent: version 1.0.3
[    2.415047] device-mapper: ioctl: 4.34.0-ioctl (2015-10-28) initialised: dm-devel@redhat.com
[    2.417004] ledtrig-cpu: registered to indicate activity on CPUs
[    2.418727] NET: Registered protocol family 10
[    2.420001] NET: Registered protocol family 17
[    2.424462] Key type dns_resolver registered
[    2.425666] microcode: CPU0 sig=0x306d4, pf=0x40, revision=0x0
[    2.426876] microcode: CPU1 sig=0x306d4, pf=0x40, revision=0x0
[    2.427927] microcode: Microcode Update Driver: v2.01 <tigran@aivazian.fsnet.co.uk>, Peter Oruba
[    2.430183] registered taskstats version 1
[    2.431087] Loading compiled-in X.509 certificates
[    2.433071] Loaded X.509 cert 'Build time autogenerated kernel key: f7bc719d96df7c6d6fed8f4b9fd5d4ff001383c8'
[    2.435116] zswap: loaded using pool lzo/zbud
[    2.437810] Key type trusted registered
[    2.443217] Key type encrypted registered
[    2.458621] AppArmor: AppArmor sha1 policy hashing enabled
[    2.459588] ima: No TPM chip found, activating TPM-bypass!
[    2.460560] evm: HMAC attrs: 0x1
[    2.461504]   Magic number: 8:621:336
[    2.462223] tty tty57: hash matches
[    2.462984] rtc_cmos rtc_cmos: setting system clock to 2016-11-23 15:20:49 UTC (1479914449)
[    2.469966] BIOS EDD facility v0.16 2004-Jun-25, 0 devices found
[    2.470958] EDD information not available.
[    2.496575] Freeing unused kernel memory: 1480K (ffffffff81f43000 - ffffffff820b5000)
[    2.540617] Write protecting the kernel read-only data: 14336k
[    2.594173] Freeing unused kernel memory: 1804K (ffff88000183d000 - ffff880001a00000)
[    2.595984] Freeing unused kernel memory: 144K (ffff880001ddc000 - ffff880001e00000)
Loading, please [    2.608193] random: systemd-udevd: uninitialized urandom read (16 bytes read, 3 bits of entropy available)
wait...
starting version 229
[    2.612822] random: udevadm: uninitialized urandom read (16 bytes read, 3 bits of entropy available)
[    2.612854] random: udevadm: uninitialized urandom read (16 bytes read, 3 bits of entropy available)
[    2.612953] random: udevadm: uninitialized urandom read (16 bytes read, 3 bits of entropy available)
[    2.612988] random: udevadm: uninitialized urandom read (16 bytes read, 3 bits of entropy available)
[    2.613023] random: udevadm: uninitialized urandom read (16 bytes read, 3 bits of entropy available)
[    2.613060] random: udevadm: uninitialized urandom read (16 bytes read, 3 bits of entropy available)
[    2.613093] random: udevadm: uninitialized urandom read (16 bytes read, 3 bits of entropy available)
[    2.613125] random: udevadm: uninitialized urandom read (16 bytes read, 3 bits of entropy available)
[    2.613158] random: udevadm: uninitialized urandom read (16 bytes read, 3 bits of entropy available)
[    2.664135] Fusion MPT base driver 3.04.20
[    2.665567] Copyright (c) 1999-2008 LSI Corporation
[    2.667562] e1000: Intel(R) PRO/1000 Network Driver - version 7.3.21-k8-NAPI
[    2.669916] e1000: Copyright (c) 1999-2006 Intel Corporation.
[    2.694397] Fusion MPT SPI Host driver 3.04.20
[    2.701302] AVX version of gcm_enc/dec engaged.
[    2.703038] AES CTR mode by8 optimization enabled
[    2.869873] input: ImExPS/2 Generic Explorer Mouse as /devices/platform/i8042/serio1/input/input4
[    3.056187] e1000 0000:00:03.0 eth0: (PCI:33MHz:32-bit) 02:f0:75:3d:64:90
[    3.068450] e1000 0000:00:03.0 eth0: Intel(R) PRO/1000 Network Connection
[    3.070813] mptbase: ioc0: Initiating bringup
[    3.073445] e1000 0000:00:03.0 enp0s3: renamed from eth0
[    3.139720] ioc0: LSI53C1030 A0: Capabilities={Initiator}
[    3.215667] tsc: Refined TSC clocksource calibration: 2593.969 MHz
[    3.232794] clocksource: tsc: mask: 0xffffffffffffffff max_cycles: 0x2563faf3f1d, max_idle_ns: 440795282151 ns
[    3.305070] scsi host2: ioc0: LSI53C1030 A0, FwRev=00000000h, Ports=1, MaxQ=256, IRQ=20
[    3.419983] scsi 2:0:0:0: Direct-Access     VBOX     HARDDISK         1.0  PQ: 0 ANSI: 5
[    3.439737] scsi target2:0:0: Beginning Domain Validation
[    3.452232] scsi target2:0:0: Domain Validation skipping write tests
[    3.736307] scsi target2:0:0: Ending Domain Validation
[    3.745703] scsi target2:0:0: asynchronous
[    3.756363] scsi 2:0:1:0: Direct-Access     VBOX     HARDDISK         1.0  PQ: 0 ANSI: 5
[    3.766106] scsi target2:0:1: Beginning Domain Validation
[    3.767768] scsi target2:0:1: Domain Validation skipping write tests
[    3.874852] scsi target2:0:1: Ending Domain Validation
[    3.875827] scsi target2:0:1: asynchronous
[    3.883179] sd 2:0:0:0: Attached scsi generic sg0 type 0
[    3.889498] sd 2:0:0:0: [sda] 20971520 512-byte logical blocks: (10.7 GB/10.0 GiB)
[    3.985151] sd 2:0:1:0: [sdb] 20480 512-byte logical blocks: (10.5 MB/10.0 MiB)
[    3.989457] sd 2:0:0:0: [sda] Write Protect is off
[    3.989544] sd 2:0:1:0: Attached scsi generic sg1 type 0
[    3.989714] sd 2:0:1:0: [sdb] Write Protect is off
[    3.989813] sd 2:0:1:0: [sdb] Incomplete mode parameter data
[    3.989814] sd 2:0:1:0: [sdb] Assuming drive cache: write through
[    4.018888] sd 2:0:1:0: [sdb] Attached SCSI disk
[    4.260738] sd 2:0:0:0: [sda] Incomplete mode parameter data
[    4.263428] sd 2:0:0:0: [sda] Assuming drive cache: write through
[    4.266568]  sda: sda1
[    4.268725] sd 2:0:0:0: [sda] Attached SCSI disk
[    5.691691] floppy0: no floppy controllers found
Begin: Loading essential drivers ... [    7.033884] md: linear personality registered for level -1
[    7.037534] md: multipath personality registered for level -4
[    7.056761] md: raid0 personality registered for level 0
[    7.146827] md: raid1 personality registered for level 1
[    7.268497] raid6: sse2x1   gen()  9809 MB/s
[    7.376136] raid6: sse2x1   xor()  7132 MB/s
[    7.503862] raid6: sse2x2   gen() 11475 MB/s
[    7.573914] raid6: sse2x2   xor()  7377 MB/s
[    7.660205] raid6: sse2x4   gen() 12184 MB/s
[    7.731069] raid6: sse2x4   xor()  5980 MB/s
[    7.744660] raid6: using algorithm sse2x4 gen() 12184 MB/s
[    7.745592] raid6: .... xor() 5980 MB/s, rmw enabled
[    7.746455] raid6: using ssse3x2 recovery algorithm
[    7.749067] xor: automatically using best checksumming function:
[    7.791494]    avx       : 18984.000 MB/sec
[    7.825449] async_tx: api initialized (async)
[    7.838078] md: raid6 personality registered for level 6
[    7.840525] md: raid5 personality registered for level 5
[    7.850154] md: raid4 personality registered for level 4
[    7.855887] md: raid10 personality registered for level 10
done.
Begin: Running /scripts/init-premount ... done.
Begin: Mounting root file system ... Begin: Running /scripts/local-top ... done.
Begin: Running /scripts/local-premount ... [    7.897496] Btrfs loaded
Scanning for Btrfs filesystems
done.
Warning: fsck no[    7.977066] EXT4-fs (sda1): mounted filesystem with ordered data mode. Opts: (null)
t present, so skipping root file system
done.
Begin: Running /scripts/local-bottom ... done.
Begin: Running /scripts/init-bottom ... Warning: overlayroot: debug is busted
done.
[    8.073665] systemd[1]: systemd 229 running in system mode. (+PAM +AUDIT +SELINUX +IMA +APPARMOR +SMACK +SYSVINIT +UTMP +LIBCRYPTSETUP +GCRYPT +GNUTLS +ACL +XZ -LZ4 +SECCOMP +BLKID +ELFUTILS +KMOD -IDN)
[    8.082767] systemd[1]: Detected virtualization oracle.
[    8.083977] systemd[1]: Detected architecture x86-64.

Welcome to [1mUbuntu 16.04.1 LTS[0m!

[    8.095559] systemd[1]: Set hostname to <ubuntu>.
[    8.098462] systemd[1]: Initializing machine ID from random generator.
[    8.102108] systemd[1]: Installed transient /etc/machine-id file.
[    8.206862] systemd[1]: Created slice User and Session Slice.
[[0;32m  OK  [0m] Created slice User and Session Slice.
[    8.317555] systemd[1]: Listening on LVM2 metadata daemon socket.
[[0;32m  OK  [0m] Listening on LVM2 metadata daemon socket.
[    8.417501] systemd[1]: Listening on Syslog Socket.
[[0;32m  OK  [0m] Listening on Syslog Socket.
[    8.435872] systemd[1]: Listening on Device-mapper event daemon FIFOs.
[[0;32m  OK  [0m] Listening on Device-mapper event daemon FIFOs.
[    8.438731] systemd[1]: Reached target User and Group Name Lookups.
[[0;32m  OK  [0m] Reached target User and Group Name Lookups.
[    8.442885] systemd[1]: Started Forward Password Requests to Wall Directory Watch.
[[0;32m  OK  [0m] Started Forward Password Requests to Wall Directory Watch.
[    8.492945] systemd[1]: Reached target Encrypted Volumes.
[[0;32m  OK  [0m] Reached target Encrypted Volumes.
[    8.495725] systemd[1]: Listening on Journal Socket.
[[0;32m  OK  [0m] Listening on Journal Socket.
[    8.498433] systemd[1]: Listening on Journal Socket (/dev/log).
[[0;32m  OK  [0m] Listening on Journal Socket (/dev/log).
[    8.501318] systemd[1]: Listening on udev Control Socket.
[[0;32m  OK  [0m] Listening on udev Control Socket.
[    8.504045] systemd[1]: Listening on LVM2 poll daemon socket.
[[0;32m  OK  [0m] Listening on LVM2 poll daemon socket.
[    8.506928] systemd[1]: Set up automount Arbitrary Executable File Formats File System Automount Point.
[[0;32m  OK  [0m] Set up automount Arbitrary Executab...ats File System Automount Point.
[    8.512668] systemd[1]: Reached target Swap.
[[0;32m  OK  [0m] Reached target Swap.
[    8.515317] systemd[1]: Created slice System Slice.
[[0;32m  OK  [0m] Created slice System Slice.
[    8.555452] systemd[1]: Reached target Slices.
[[0;32m  OK  [0m] Reached target Slices.
[    8.583990] systemd[1]: Created slice system-serial\x2dgetty.slice.
[[0;32m  OK  [0m] Created slice system-serial\x2dgetty.slice.
[    8.679721] systemd[1]: Starting Remount Root and Kernel File Systems...
[    8.684479] EXT4-fs (sda1): re-mounted. Opts: (null)
         Starting Remount Root and Kernel File Systems...
[    8.698999] systemd[1]: Starting Load Kernel Modules...
         Startin[    8.715635] Loading iSCSI transport class v2.0-870.
g Load Kernel Modules...
[    8.757476] systemd[1]: Mounting Debug File System...
         Mounting Debug File System...
[    8.806292] systemd[1]: Starting Nameserver information manager...
         Starting Nameserver information manager...
[    8.809531] iscsi: registered transport (tcp)
[    8.810780] systemd[1]: Mounting POSIX Message Queue File System...
         Mountin[    8.835069] iscsi: registered transport (iser)
g POSIX Message Queue File System...
[    8.914863] systemd[1]: Listening on Journal Audit Socket.
[[0;32m  OK  [0m] Listening on Journal Audit Socket.
[    8.935780] systemd[1]: Starting Journal Service...
         Starting Journal Service...
[    8.957299] systemd[1]: Starting Monitoring of LVM2 mirrors, snapshots etc. using dmeventd or progress polling...
         Starting Monitoring of LVM2 mirrors... dmeventd or progress polling...
[    8.987678] systemd[1]: Mounting Huge Pages File System...
         Mounting Huge Pages File System...
[    9.006984] systemd[1]: Listening on /dev/initctl Compatibility Named Pipe.
[[0;32m  OK  [0m] Listening on /dev/initctl Compatibility Named Pipe.
[    9.010806] systemd[1]: Starting Create list of required static device nodes for the current kernel...
         Starting Create list of required st... nodes for the current kernel...
[    9.039041] systemd[1]: Starting Set console keymap...
         Starting Set console keymap...
[    9.083784] systemd[1]: Starting Uncomplicated firewall...
         Starting Uncomplicated firewall...
[    9.095730] systemd[1]: Listening on udev Kernel Socket.
[[0;32m  OK  [0m] Listening on udev Kernel Socket.
[    9.118043] systemd[1]: Mounted Debug File System.
[[0;32m  OK  [0m] Mounted Debug File System.
[    9.136510] systemd[1]: Mounted POSIX Message Queue File System.
[[0;32m  OK  [0m] Mounted POSIX Message Queue File System.
[    9.171837] systemd[1]: Mounted Huge Pages File System.
[[0;32m  OK  [0m] Mounted Huge Pages File System.
[    9.183745] systemd[1]: Started Journal Service.
[[0;32m  OK  [0m] Started Journal Service.
[[0;32m  OK  [0m] Started Remount Root and Kernel File Systems.
[[0;32m  OK  [0m] Started Load Kernel Modules.
[[0;32m  OK  [[    9.229491] random: nonblocking pool is initialized
0m] Started Create list of required sta...ce nodes for the current kernel.
[[0;32m  OK  [0m] Started Set console keymap.
[[0;32m  OK  [0m] Started Uncomplicated firewall.
[[0;32m  OK  [0m] Started Nameserver information manager.
[[0;32m  OK  [0m] Started LVM2 metadata daemon.
         Starting Create Static Device Nodes in /dev...
         Starting Apply Kernel Variables...
         Mounting FUSE Control File System...
         Starting Load/Save Random Seed...
         Starting udev Coldplug all Devices...
         Starting Flush Journal to Persistent Storage...
[[0;32m  OK  [0m] Mounted FUSE Control File System.
[[0;32m  OK  [0m] Started Create Static Device Nodes in /dev.
[[0;32m  OK  [0m] Started Apply Kernel Variables.
[[0;32m  OK  [0m] Started Load/Save Random Seed.
[[0;32m  OK  [0m] Started udev Coldplug all Devices.
[[0;32m  OK  [0m] Started Flush Journal to Persistent Storage.
         Starting udev Kernel Device Manager...
[[0;32m  OK  [0m] Started udev Kernel Device Manager.
[[0;32m  OK  [0m] Started Dispatch Password Requests to Console Directory Watch.
[[0;32m  OK  [0m] Found device /dev/ttyS0.
[[0;32m  OK  [0m] Listening on Load/Save RF Kill Switch Status /dev/rfkill Watch.
[[0;32m  OK  [0m] Started Monitoring of LVM2 mirrors,...ng dmeventd or progress polling.
[[0;32m  OK  [0m] Reached target Local File Systems (Pre).
[[0;32m  OK  [0m] Reached target Local File Systems.
         Starting Initial cloud-init job (pre-networking)...
         Starting Tell Plymouth To Write Out Runtime Data...
         Starting Commit a transient machine-id on disk...
         Starting LSB: AppArmor initialization...
         Starting Set console font and keymap...
         Starting Run snappy firstboot setup...
         Starting Create Volatile Files and Directories...
[[0;32m  OK  [0m] Started Tell Plymouth To Write Out Runtime Data.
[[0;32m  OK  [0m] Started Commit a transient machine-id on disk.
[[0;32m  OK  [0m] Started Run snappy firstboot setup.
[[0;32m  OK  [0m] Started Create Volatile Files and Directories.
[[0;32m  OK  [0m] Reached target System Time Synchronized.
         Starting Update UTMP about System Boot/Shutdown...
[[0;32m  OK  [0m] Started Update UTMP about System Boot/Shutdown.
[[0;32m  OK  [0m] Started Set console font and keymap.
[[0;32m  OK  [0m] Created slice system-getty.slice.
[   10.962108] cloud-init[634]: Cloud-init v. 0.7.8 running 'init-local' at Wed, 23 Nov 2016 15:20:57 +0000. Up 10.36 seconds.
[[0;32m  OK  [0m] Started Initial cloud-init job (pre-networking).
[[0;32m  OK  [0m] Reached target Network (Pre).
[[0;32m  OK  [0m] Started LSB: AppArmor initialization.
[[0;32m  OK  [0m] Reached target System Initialization.
[[0;32m  OK  [0m] Started Trigger resolvconf update for networkd DNS.
[[0;32m  OK  [0m] Started ACPI Events Check.
[[0;32m  OK  [0m] Reached target Paths.
[[0;32m  OK  [0m] Started Timer to automatically refresh installed snaps.
[[0;32m  OK  [0m] Listening on UUID daemon activation socket.
         Starting LXD - unix socket.
[[0;32m  OK  [0m] Listening on D-Bus System Message Bus Socket.
         Starting Socket activation for snappy daemon.
[[0;32m  OK  [0m] Started Daily apt activities.
[[0;32m  OK  [0m] Started Daily Cleanup of Temporary Directories.
[[0;32m  OK  [0m] Reached target Timers.
[[0;32m  OK  [0m] Listening on ACPID Listen Socket.
         Starting Raise network interfaces...
[[0;32m  OK  [0m] Listening on LXD - unix socket.
[[0;32m  OK  [0m] Listening on Socket activation for snappy daemon.
[[0;32m  OK  [0m] Reached target Sockets.
[[0;32m  OK  [0m] Reached target Basic System.
         Starting LSB: MD monitoring daemon...
         Starting System Logging Service...
[[0;32m  OK  [0m] Started Snappy daemon.
         Starting LXD - container startup/shutdown...
         Starting LSB: Record successful boot for GRUB...
[[0;32m  OK  [0m] Started Regular background program processing daemon.
         Starting Login Service...
[[0;32m  OK  [0m] Started Deferred execution scheduler.
[[0;32m  OK  [0m] Started ACPI event daemon.
[[0;32m  OK  [0m] Started FUSE filesystem for LXC.
[[0;32m  OK  [0m] Started D-Bus System Message Bus.
         Starting Accounts Service...
[[0;32m  OK  [0m] Started System Logging Service.
[[0;32m  OK  [0m] Started LSB: MD monitoring daemon.
[[0;32m  OK  [0m] Started Login Service.
[[0;32m  OK  [0m] Started LSB: Record successful boot for GRUB.
[[0;32m  OK  [0m] Started LXD - container startup/shutdown.
[[0;32m  OK  [0m] Started Raise network interfaces.
[[0;32m  OK  [0m] Reached target Network.
         Starting Initial cloud-init job (metadata service crawler)...
[   13.289906] cloud-init[994]: Cloud-init v. 0.7.8 running 'init' at Wed, 23 Nov 2016 15:21:00 +0000. Up 12.58 seconds.
[   13.308546] cloud-init[994]: ci-info: +++++++++++++++++++++++++++++++++++++Net device info++++++++++++++++++++++++++++++++++++++
[   13.333144] cloud-init[994]: ci-info: +--------+------+----------------------------+---------------+-------+-------------------+
[   13.336791] cloud-init[994]: ci-info: | Device |  Up  |          Address           |      Mask     | Scope |     Hw-Address    |
[   13.337263] cloud-init[994]: ci-info: +--------+------+----------------------------+---------------+-------+-------------------+
[[0;32m  OK  [0m] Started Initial cloud-init job (metadata service crawler).
[   13.337785] cloud-init[994]: ci-info: | enp0s3 | True |         10.0.2.15          | 255.255.255.0 |   .   | 02:f0:75:3d:64:90 |
[   13.360413] cloud-init[994]: ci-info: | enp0s3 | True | fe80::f0:75ff:fe3d:6490/64 |       .       |  link | 02:f0:75:3d:64:90 |
[   13.360653] cloud-init[994]: ci-info: |   lo   | True |         127.0.0.1          |   255.0.0.0   |   .   |         .         |
[[0;32m  OK  [0m] Reached target Cloud-config availability.
[   13.362094] cloud-init[994]: ci-info: |   lo   | True |          ::1/128           |       .       |  host |         .         |
[[0;32m  OK  [0m] Reached target Network is Online.
[   13.366755] cloud-init[994]: ci-info: +--------+------+----------------------------+---------------+-------+-------------------+
[   13.377051] cloud-init[994]: ci-info: +++++++++++++++++++++++++++Route IPv4 info++++++++++++++++++++++++++++
[   13.385921] cloud-init[994]: ci-info: +-------+-------------+----------+---------------+-----------+-------+
[   13.392544] cloud-init[994]: ci-info: | Route | Destination | Gateway  |    Genmask    | Interface | Flags |
         Starting /etc/rc.local Compatibility...
[   13.392931] cloud-init[994]: ci-info: +-------+-------------+----------+---------------+-----------+-------+
[   13.399337] cloud-init[994]: ci-info: |   0   |   0.0.0.0   | 10.0.2.2 |    0.0.0.0    |   enp0s3  |   UG  |
[   13.402246] cloud-init[994]: ci-info: |   1   |   10.0.2.0  | 0.0.0.0  | 255.255.255.0 |   enp0s3  |   U   |
         Starting Apply the settings specified in cloud-config...
[   13.409687] cloud-init[994]: ci-info: +-------+-------------+----------+---------------+-----------+-------+
         Starting iSCSI initiator daemon (iscsid)...
[   13.441480] cloud-init[994]: Generating public/private rsa key pair.
         Starting Pollinate to seed the pseudo random number generator...
[[0;32m  OK  [0m] Started /etc/rc.local Compatibility.
[   13.491465] cloud-init[994]: Your identification has been saved in /etc/ssh/ssh_host_rsa_key.
[   13.612303] cloud-init[994]: Your public key has been saved in /etc/ssh/ssh_host_rsa_key.pub.
[[0;32m  OK  [0m] Started iSCSI initiator daemon (iscsid).
[   13.628188] cloud-init[994]: The key fingerprint is:
[   13.664602] cloud-init[994]: SHA256:L5GQEBaHWQEaC8C+MjVfjeAEfk5UGfPYVAWSEBQpeXo root@ubuntu-xenial
         Starting Login to default iSCSI targets...
[   13.679022] cloud-init[994]: The key's randomart image is:
[   13.712419] cloud-init[994]: +---[RSA 2048]----+
[   13.724397] cloud-init[994]: |= o.B@%Ooooo.    |
[[0;32m  OK  [0m] Started Login to default iSCSI targets.
[   13.732761] cloud-init[994]: | + *Bo+B..       |
[   13.748409] cloud-init[994]: |. +oo=+oo        |
[   13.752253] cloud-init[994]: | .o+o E...       |
[   13.788464] cloud-init[994]: | ..o.o  S        |
[[0;32m  OK  [0m] Reached target Remote File Systems (Pre).
[[0;32m  OK  [0m] Reached target Remote File Systems.
[   13.820211] cloud-init[994]: |o.  .    o       |
[   13.862655] cloud-init[994]: |..      . .      |
[   13.865925] cloud-init[994]: |         .       |
[   13.878654]          cloud-initStarting LSB: Set the CPU Frequency Scaling governor to "ondemand"...[994]: 
|                 |
         Starting Permit User Sessions...
[   13.894717] cloud-init[994]: +----[SHA256]-----+
[   13.915976] cloud-init[994]: Generating public/private dsa key pair.
[   13.918219] cloud-init[994]: Your identification has been saved in /etc/ssh/ssh_host_dsa_key.
[   13.921797] cloud-init[994]: Your public key has been saved in /etc/ssh/ssh_host_dsa_key.pub.
[   13.937855]          cloud-initStarting LSB: daemon to balance interrupts for SMP systems...[994]: 
The key fingerprint is:
[   13.960934] cloud-init[994]: SHA256:/4dBVrnPpTcJ7mfJ3oW5v0d8rEERjDPYYy9EA0hnBNo root@ubuntu-xenial
         Starting LSB: automatic crash report generation...
[   13.972478] cloud-init[994]: The key's randomart image is:
[   13.996596] cloud-init[994]: +---[DSA 1024]----+
[   14.001060] cloud-init[994]: |       .o+==oo.o |
         Starting LSB: VirtualBox Linux Additions...
[[0;32m  OK  [0m] Started Permit User Sessions.
[   14.017193] cloud-init[994]: |       o.o. O.=  |
[   14.060284] [cloud-init[0;32m  OK  [0m[994]: ] |      . E  o * o |Started LSB: Set the CPU Frequency Scaling governor to "ondemand".

[   14.060676] cloud-init[994]: |            +.+ .|
[   14.064384] cloud-init[994]: |        S  o.o.*o|
[   14.068815] cloud-init[994]: |         .  ..o=O|
[   14.072376] cloud-init[994]: |          . .o+==|
[   14.075494] cloud-init[994]: |           ...o*+|
[   14.079759] cloud-init[994]: |            ..=+=|
[   14.108582]          cloud-initStarting Terminate Plymouth Boot Screen...[994]: 
+----[SHA256]-----+
[   14.112364]          cloud-initStarting Hold until boot process finishes up...[994]: 
Generating public/private ecdsa key pair.
[   14.112818] cloud-init[994]: Your identification has been saved in /etc/ssh/ssh_host_ecdsa_key.
[   14.153141] [cloud-init[0;32m  OK  [0m[994]: ] Your public key has been saved in /etc/ssh/ssh_host_ecdsa_key.pub.Started LSB: daemon to balance interrupts for SMP systems.

[   14.153459] cloud-init[994]: The key fingerprint is:
[   14.176442] [cloud-init[0;32m  OK  [0m[994]: ] SHA256:TPNMCrNZzEH5l5qlUvCJerdqQp86fm3MJiQxfI5jKt0 root@ubuntu-xenialStarted LSB: automatic crash report generation.

[   14.176882] [[0;32m  OK  [0m] Started LSB: VirtualBox Linux Additions.
cloud-init[994]: The key's randomart image is:
[   14.196850] [cloud-init[0;32m  OK  [0m[994]: ] +---[ECDSA 256]---+Started Terminate Plymouth Boot Screen.

[   14.197292] cloud-init[994]: |       .o.       |
[[0;32m  OK  [0m] Started Hold until boot process finishes up.
[   14.227611] cloud-init[994]: |       oo.       |
[   14.242589] cloud-init[994]: |     .o *=.. .   |
[   14.243645] cloud-init[994]: |      +Oo*= +    |
[   14.245326] cloud-init[994]: |      oBS.o*     |
[   14.246359] cloud-init[994]: |      B = =      |
[   14.247349] cloud-init[994]: |   . = * B .     |
[   14.248378] cloud-init[994]: |  . o E * B      |
[   14.251535] cloud-init[994]: |   . .o*.=       |
[   14.252607] cloud-init[994]: +----[SHA256]-----+
[   14.254771] cloud-init[994]: Generating public/private ed25519 key pair.
[   14.255998] cloud-init[994]: Your identification has been saved in /etc/ssh/ssh_host_ed25519_key.
[   14.258600] cloud-init[994]: Your public key has been saved in /etc/ssh/ssh_host_ed25519_key.pub.
         Starting Set console scheme...
[[0;32m  OK  [0m] Started Serial Getty on ttyS0.
[[0;32m  OK  [0m] Started Getty on tty1.
[[0;32m  OK  [0m] Reached target Login Prompts.
[   14.269935] cloud-init[994]: The key fingerprint is:
[   14.287922] cloud-init[994]: SHA256:1a2v8X5YvuYkzMezeAaewJG53gSpWM8x2H/JzDW8p2s root@ubuntu-xenial
[   14.290601] cloud-init[994]: The key's randomart image is:
[   14.291642] cloud-init[994]: +--[ED25519 256]--+
[   14.292642] cloud-init[994]: |                 |
[[0;32m  OK  [0m] Started Set console scheme.
[   14.296733] cloud-init[994]: |           . .   |
[   14.308399] cloud-init[994]: |          + = o  |
[   14.324796] cloud-init[994]: |         + X . o.|
[   14.333304] cloud-init[994]: |        S = O + =|
[   14.334287] cloud-init[994]: |       . . *o=.Bo|
[   14.335246] cloud-init[994]: |          . *+=X.|
[   14.336232] cloud-init[994]: |           . BE+=|
[   14.344386] cloud-init[994]: |            .+O*.|
[   14.346529] cloud-init[994]: +----[SHA256]-----+
[   14.348303] cloud-init[1078]: Generating locales (this might take a while)...
[   14.776270] cloud-init[1078]:   en_US.UTF-8... done
[   14.816508] cloud-init[1078]: Generation complete.
[[0;32m  OK  [0m] Started Pollinate to seed the pseudo random number generator.
[[0;32m  OK  [0m] Stopped OpenBSD Secure Shell server.
         Starting OpenBSD Secure Shell server...
[[0;32m  OK  [0m] Started OpenBSD Secure Shell server.
[[0;32m  OK  [0m] Reached target Multi-User System.
         Starting Notify bootloader that boot was successful...
[[0;32m  OK  [0m] Started Notify bootloader that boot was successful.
[   15.253480] cloud-init[1078]: Cloud-init v. 0.7.8 running 'modules:config' at Wed, 23 Nov 2016 15:21:01 +0000. Up 13.80 seconds.
[[0;32m  OK  [0m] Started Apply the settings specified in cloud-config.
         Starting Execute cloud user/final scripts...
ci-info: no authorized ssh keys fingerprints found for user ubuntu.
<14>Nov 23 15:21:03 ec2: 
<14>Nov 23 15:21:03 ec2: #############################################################
<14>Nov 23 15:21:03 ec2: -----BEGIN SSH HOST KEY FINGERPRINTS-----
<14>Nov 23 15:21:03 ec2: 1024 SHA256:/4dBVrnPpTcJ7mfJ3oW5v0d8rEERjDPYYy9EA0hnBNo root@ubuntu-xenial (DSA)
<14>Nov 23 15:21:03 ec2: 256 SHA256:TPNMCrNZzEH5l5qlUvCJerdqQp86fm3MJiQxfI5jKt0 root@ubuntu-xenial (ECDSA)
<14>Nov 23 15:21:03 ec2: 256 SHA256:1a2v8X5YvuYkzMezeAaewJG53gSpWM8x2H/JzDW8p2s root@ubuntu-xenial (ED25519)
<14>Nov 23 15:21:03 ec2: 2048 SHA256:L5GQEBaHWQEaC8C+MjVfjeAEfk5UGfPYVAWSEBQpeXo root@ubuntu-xenial (RSA)
<14>Nov 23 15:21:03 ec2: -----END SSH HOST KEY FINGERPRINTS-----
<14>Nov 23 15:21:03 ec2: #############################################################
-----BEGIN SSH HOST KEY KEYS-----
ecdsa-sha2-nistp256 AAAAE2VjZHNhLXNoYTItbmlzdHAyNTYAAAAIbmlzdHAyNTYAAABBBG66rEDIUGxWBcOAvcvczvLhvtpNFOyAIRxrL81rLLK2Vn2H2iNYRyRhcwr18FmLX9u6OBxWVv1afqU0DFMjMW8= root@ubuntu-xenial
ssh-ed25519 AAAAC3NzaC1lZDI1NTE5AAAAIAfTryM9a8y2jnntXPVCTfdz/4uJLoUBngmiFt8xs5fP root@ubuntu-xenial
ssh-rsa AAAAB3NzaC1yc2EAAAADAQABAAABAQC/BPwmu1FtyfhEokA4v+WU6uxHWjLUEBVzdoP9MNj13rSqSqXLBSH4h871tP5mnB+BLQgq/3vnzr4DtnvaMEIplRDSsjHQmDZwFPbtF9ZDH5EKCsxf7dtA2RAuoCuztzCD67jjTORJsJCAF+Uk6I9bLbp4aDMYazMRw6v9JFzQN+5+7C+L+B1L01okASGrnPqZMqdbGzQjsehon/Gn59h6g/CYvJ9x/QrlUE/O0oqfqKPV/ojKr9qLbXW6qUb1UfRzJDbBXfLUsH/hNDNO9mygoulFa2WgwSPfQd7PShaYN1BjPgSDbu00p6aIb7YwJUfChWvdQYE+L2jSAXJPyMNP root@ubuntu-xenial
-----END SSH HOST KEY KEYS-----
[   15.910687] cloud-init[1279]: Cloud-init v. 0.7.8 running 'modules:final' at Wed, 23 Nov 2016 15:21:03 +0000. Up 15.61 seconds.
[   15.914165] cloud-init[1279]: ci-info: no authorized ssh keys fingerprints found for user ubuntu.
[   15.917020] cloud-init[1279]: Cloud-init v. 0.7.8 finished at Wed, 23 Nov 2016 15:21:03 +0000. Datasource DataSourceNoCloud [seed=/dev/sdb][dsmode=net].  Up 15.90 seconds
[[0;32m  OK  [0m] Started Execute cloud user/final scripts.
[[0;32m  OK  [0m] Reached target Cloud-init target.
[[0;32m  OK  [0m] Created slice User Slice of ubuntu.
         Starting User Manager for UID 1000...
[[0;32m  OK  [0m] Started Session 1 of user ubuntu.
[[0;32m  OK  [0m] Started User Manager for UID 1000.

Ubuntu 16.04.1 LTS ubuntu-xenial ttyS0

ubuntu-xenial login: 