[   0.000000] Initializing cgroup subsys cpuset
[    0.000000] Initializing cgroup subsys cpu
[    0.000000] Initializing cgroup subsys cpuacct
[    0.000000] Linux version 4.4.0-47-generic (buildd@lcy01-03) (gcc version 5.4.0 20160609 (Ubuntu 5.4.0-6ubuntu1~16.04.2) ) #68-Ubuntu SMP Wed Oct 26 19:39:52 UTC 2016 (Ubuntu 4.4.0-47.68-generic 4.4.24)
[    0.000000] Command line: BOOT_IMAGE=/boot/vmlinuz-4.4.0-47-generic root=LABEL=cloudimg-rootfs ro console=tty1 console=ttyS0
[    0.000000] KERNEL supported cpus:
[    0.000000]   Intel GenuineIntel
[    0.000000]   AMD AuthenticAMD
[    0.000000]   Centaur CentaurHauls
[    0.000000] x86/fpu: xstate_offset[2]:  576, xstate_sizes[2]:  256
[    0.000000] x86/fpu: Supporting XSAVE feature 0x01: 'x87 floating point registers'
[    0.000000] x86/fpu: Supporting XSAVE feature 0x02: 'SSE registers'
[    0.000000] x86/fpu: Supporting XSAVE feature 0x04: 'AVX registers'
[    0.000000] x86/fpu: Enabled xstate features 0x7, context size is 832 bytes, using 'standard' format.
[    0.000000] x86/fpu: Using 'lazy' FPU context switches.
[    0.000000] e820: BIOS-provided physical RAM map:
[    0.000000] BIOS-e820: [mem 0x000000000000000-0x000000000009fbff] usable
[    0.000000] BIOS-e820: [mem 0x000000000009fc00-0x000000000009ffff] reserved
[    0.000000] BIOS-e820: [mem 0x00000000000f0000-0x00000000000fffff] reserved
[    0.000000] BIOS-e820: [mem 0x0000000000100000-0x000000007ffeffff] usable
[    0.000000] BIOS-e820: [mem 0x000000007fff0000-0x000000007fffffff] ACPI data
[    0.000000] BIOS-e820: [mem 0x00000000fffc0000-0x00000000ffffffff] reserved
[    0.000000] NX (Execute Disable) protection: active
[    0.000000] SMBIOS 2.5 present.
[    0.000000] Hypervisor detected: KVM
[    0.000000] e820: last_pfn = 0x7fff0 max_arch_pfn = 0x400000000
[    0.000000] MTRR: Disabled
[    0.000000] x86/PAT: MTRRs disabled, skipping PAT initialization too.
[    0.000000] x86/PAT: Configuration [0-7]: WB  WT  UC- UC  WB  WT  UC- UC  
[    0.000000] CPU MTRRs all blank - virtualized system.
[    0.000000] found SMP MP-table at [mem 0x0009fff0-0x0009ffff] mapped at [ffff88000009fff0]
[    0.000000] Scanning 1 areas for low memory corruption
[    0.000000] RAMDISK: [mem 0x36fe4000-0x377e9fff]
[    0.000000] ACPI: Eary table checksum verification disabled
[    0.000000] ACPI: RSDP 0x00000000000E0000 000024 (v02 VBOX  )
[    0.000000] ACPI: XSDT 0x000000007FFF0030 00003C (v01 VBOX   VBOXXSDT 00000001 ASL  00000061)
[    0.000000] ACPI: FACP 0x000000007FFF00F0 0000F4 (v04 VBOX   VBOXFACP 00000001 ASL  00000061)
[    0.000000] ACPI: DSDT 0x000000007FFF0470 002118 (v01 VBOX   VBOXBIOS 00000002 INTL 20140214)
[    0.000000] ACPI: FACS 0x000000007FFF0200 000040
[    0.000000] ACPI: FACS 0x000000007FFF0200 000040
[    0.000000] ACPI: APIC 0x000000007FFF0240 00005C (v02 VBOX   VBOXAPIC 00000001 ASL  00000061)
[    0.000000] ACPI: SSDT 0x000000007FFF02A0 0001CC (v01 VBOX   VBOXCPUT 00000002 INTL 20140214)
[    0.000000] No NUMA configuration found
[    0.000000] Faking a node at [mem 0x0000000000000000-0x000000007ffeffff]
[    0.000000] NODE_DATA(0) allocated [mem 0x7ffeb000-0x7ffeffff]
[    0.000000] kvm-clock: Using msrs 4b564d01 and 4b564d00
[    0.000000] kvm-clock: cpu 0, msr 0:7ffe7001, primary cpu clock
[    0.000000] kvm-clock: using sched offset of 3045040800 cycles
[    0.000000] clocksource: kvm-clock: mask: 0xffffffffffffffff max_cycles: 0xd4e4dffb, ax_idle_ns: 881590591483 ns
[    0.000000] Zone ranges:
[    0.000000]   DMA      [mem 0x0000000000001000-0x0000000000ffffff]
[    0.000000]   DMA32    [mem 0x0000000001000000-0x000000007ffeffff]
[    0.000000]   Normal   empty
[    0.000000]   Device   empty
[    0.000000] Movable zone start for each node
[    0.000000] Early memory node ranges
[    0.000000]   node   0: [mem 0x0000000000001000-0x000000000009efff]
[    0.000000]   node   0: [mem 0x0000000000100000-0x000000007ffeffff]
[    0.000000] Initmem setup node 0 [mem 0x0000000000001000-0x000000007ffeffff]
[    0.000000] ACPI: PM-Timer IO Port:0x008
[    0.000000] IOAPIC[0]: apic_id 2, version 17, address 0xfec00000, GSI 0-23
[    0.000000] ACPI: INT_SRC_OVR (bus 0 bus_irq 0 global_irq 2 dfl dfl)
[    0.000000] ACPI: INT_SRC_OVR (bus 0 bus_irq 9 global_irq 9 high level)
[    0.000000] Using ACPI (MADT) for SMP configuration information
[    0.000000] smpboot: Allowing 2 CPUs, 0 hotplug CPUs
[    0.000000] PM: Registered nosave memory: [mem 0x00000000-0x00000fff]
[    0.000000] PM: Registered nosave memory: [mem 0x0009f000-0x0009ffff]
[    0.000000] PM: Registered nosave memory: [mem 0000a0000-0x000effff]
[    0.000000] PM: Registered nosave memory: [mem 0x000f0000-0x000fffff]
[    0.000000] e820: [mem 0x80000000-0xfffbffff] available for PCI devices
[    0.000000] Booting paravirtualized kernel on KVM
[    0.000000] clocksource: refined-jiffies: mask: 0xffffffff max_cycles: 0xffffffff, max_idle_ns: 7645519600211568 ns
[    0.000000] setup_percpu: NR_CPUS:256 nr_cpumask_bits:256 nr_cpu_ids:2 nr_node_ids:1
[    0.000000] PERCPU: Embedded 33 pages/cpu @ffff88007fc00000 s98008 r8192 d28968 u1048576
[    0.000000] PV qspinlock hash table entries: 256 (order: 0, 4096 bytes)
[    0.000000] Built 1 zonelists in Node order, mobility grouping on.  Total pages: 515961
[    0.000000] Policy zone: DMA32
[    0.000000] Kernel command line: BOOT_IMAGE=/boot/vmlinuz-4.4.0-47-generic root=LABEL=cloudimg-rootfs ro console=tty1 console=ttyS0
[    0.000000] PID hash table entries: 4096 (order: 3, 32768 bytes)
[    0.000000] Memory: 2036608K/2096696K available (8423K kernel code, 1285K rwdata, 3952K rodata, 1480K init, 1292K bss, 60088K reserved, 0K cma-reserved)
[    0.000000] SLUB: HWalign=64, Order=0-3, MinObjects=0, CPUs=2, Nodes=1
[    0.000000] Hierarchical RCU implementation.
[    0.000000] 	Build-time adjustment of leaf fanout to 64.
[    0.000000] 	RCU restricting CPUs from NR_CPUS=256 to nr_cpu_ids=2.
[    0.000000] RCU: Adjusting geometry for rcu_fanout_leaf=64, nr_cpu_ids=2
[    0.000000] NR_IRQS:16640 nr_irqs:440 16
[    0.000000] Console: colour VGA+ 80x25
[    0.000000] console [tty1] enabled
[    0.000000] console [ttyS0] enabled
[    0.000000] tsc: Detected 2593.994 MHz processor
[    0.264897] Calibrating delay loop (skipped) preset value.. 5187.98 BogoMIPS (lpj=10375976)
[    0.267638] pid_max: default: 32768 minimum: 301
[    0.268432] ACPI: Core revision 20150930
[    0.269931] ACPI: 2 ACPI AML tables successfully acquired and loaded
[    0.273143] Security Framework initialized
[    0.273837] Yama: becoming mindful.
[    0.274488] AppArmor: AppArmor initialized
[    0.275688] Dentry cache hash table entries: 262144 (order: 9, 2097152 bytes)
[    0.277040] Inode-cache hash table entries: 131072 (order: 8, 1048576 bytes)
[    0.278200] Mount-cache hash table entries: 4096 (order: 3, 32768 bytes)
[    0.279212] Mountpoint-cache hash table entries: 4096 (order: 3, 32768 bytes)
[    0.280830] Initializing cgroup subsys io
[    0.284039] Initializing cgroup subsys memory
[    0.284767] Initializing cgroup subsys devices
[    0.285495] Initializing cgroup subsys freezer
[    0.286259] Initializing cgroup subsys net_cls
[    0.286998] Initializing cgroup subsys perf_event
[    0.287776] Initializing cgroup subsys net_prio
[    0.288505] Initializing cgroup subsys hugetlb
[    0.289220] Initializing cgroup subsys pids
[    0.289999] CPU: Physical Processor ID: 0
[    0.290679] CPU: Processor Core ID: 0
[    0.292238] mce: CPU supports 0 MCE banks
[    0.292932] Last level iTLB entries: 4KB 64, 2MB 8, 4MB 8
[    0.293769] Last level dTLB entries: 4KB 64, 2MB 0, 4MB 0, 1GB 4
[    0.296243] Freeing SMP alternatives memory: 32K (ffffffff820b5000 - ffffffff820bd000)
[    0.304019] ftrace: allocating 32047 entries in 126 pages
[    0.337630] smpboot: Max logical packages: 1
[    0.348391] smpboot: APIC(0) Converting physical 0 to logical package 0
[    0.350483] ..TIMER: vector=0x30 apic1=0 pin1=2 apic2=-1 pin2=-1
[    0.455642] smpboot: CPU0: Intel(R) Core(TM) i7-5600U CPU @ 2.60GHz (family: 0x6, model: 0x3d, stepping: 0x4)
[    0.486909] Performance Events: unsupported p6 CPU model 61 no PMU driver, software events only.
[    0.488464] KVM setup paravirtual spinlock
[    0.489745] x86: Booting SMP configuration:
[    0.490456] .... node  #0, CPUs:      #1
[    0.491238] kvm-clock: cpu 1, msr 0:7ffe7041, secondary cpu clock
[    0.492745] mce: CPU supports 0 MCE banks
[    0.495115] x86: Booted up 1 node, 2 CPUs
[    0.496100] smpboot: Total of 2 processors activated (10375.97 BogoMIPS)
[    0.497556] devtmpfs: initialized
[    0.499285] evm: security.selinux
[    0.499917] evm: security.SMACK64
[    0.500519] evm: security.SMACK64EXEC
[    0.501155] evm: security.SMACK64TRANSMUTE
[    0.501839] evm: security.SMACK64MMAP
[    0.502471] evm: security.ima
[    0.503023] evm: security.capability
[    0.503866] clocksource: jiffies: mask: 0xffffffff max_cycles: 0xffffffff, max_idle_ns: 7645041785100000 ns
[    0.505513] pinctrl core: initialized pinctrl subsystem
[    0.506428] RTC time: 14:40:35, date: 11/22/16
[    0.507373] NET: Registered protocol family 16
[    0.520169] cpuidle: using governor ladder
[    0.535810] cpuidle: using governor menu
[    0.541814] PCCT header not found.
[    0.542514] ACPI: bus type PCI registered
[    0.543223] acpiphp: ACPI Hot Plug PCI Controller Driver version: 0.5
[    0.544306] PCI: Using configuration type 1 for base access
[    0.556680] ACPI: Added _OSI(Module Device)
[    0.644436] ACPI: Added _OSI(Processor Device)
[    0.646305] ACPI: Added _OSI(3.0 _SCP Extensions)
[    0.704666] ACPI: Added _OSI(Processor Aggregator Device)
[    0.733330] ACPI: Executed 1 blocks of module-level executable AML code
[    0.737487] ACPI: Interpreter enabled
[    0.769205] ACPI: (supports S0 S5)
[    0.769777] ACPI: Using IOAPIC for interrupt routing
[    0.770661] PCI: Using host bridge windows from ACPI; if necessary, use "pci=nocrs" and report a bug
[    0.774719] ACPI: PCI Root Bridge [PCI0] (domain 0000 [bus 00-ff])
[    0.803472] acpi PNP0A03:00: _OSC: OS supports [ASPM ClockPM Segments MSI]
[    0.804408] acpi PNP0A03:00: _OSC failed (AE_NOT_FOUND); disabling ASPM
[    0.805299] acpi PNP0A03:00: fail to add MMCONFIG information, can't access extended PCI configuration space under this bridge.
[    0.807066] PCI host bridge to bus 0000:00
[    0.807716] pci_bus 0000:00: root bus resource [io  0x0000-0x0cf7 window]
[    0.808620] pci_bus 0000:00: root bus resource [io  0x0d00-0xffff window]
[    0.809524] pci_bus 0000:00: root bus resource [mem 0x000a0000-0x000bffff window]
[    0.810690] pci_bus 0000:00: root bus resource [mem 0x80000000-0xffdfffff window]
[    0.811856] pci_bus 0000:00: root bus resource [bus 00-ff]
[    0.813690] pci 0000:00:01.1: legacy IDE quirk: reg 0x10: [io  0x01f0-0x01f7]
[    0.814636] pci 0000:00:01.1: legacy IDE quirk: reg 0x14: [io  0x03f6]
[    0.815515] pci 0000:00:01.1: legacy IDE quirk: reg 0x18: [io  0x0170-0x0177]
[    0.816475] pci 0000:00:01.1: legacy IDE quirk: reg 0x1c: [io  0x0376]
[    0.866293] ACPI: PCI Interrupt Link [LNKA] (IRQs 5 9 10 11) *0, disabled.
[    0.884279] ACPI: PCI Interrupt Link [LNKB] (IRQs 5 9 10 *11)
[    0.885432] ACPI: PCI Interrupt Link [LNKC] (IRQs 5 9 *10 11)
[    0.886593] ACPI: PCI Interrupt Link [LNKD] (IRQs 5 *9 10 11)
[    0.887800] ACPI: Enabled 2 GPEs in block 00 to 07
[    0.888896] vgaarb: setting as boot device: PCI:0000:00:02.0
[    0.889693] vgaarb: device added: PCI:0000:00:02.0,decodes=io+mem,owns=io+mem,locks=none
[    0.890927] vgaarb: loaded
[    0.900512] vgaarb: bridge control possible 0000:00:02.0
[    0.925366] SCSI subsystem initialized
[    0.926188] ACPI: bus type USB registered
[    0.926849] usbcore: registered new interface driver usbfs
[    0.927641] usbcore: registered new interface driver hub
[    0.928432] usbcore: registered new device driver usb
[    0.929477] PCI: Using ACPI for IRQ routing
[    0.930354] NetLabel: Initializing
[    0.930923] NetLabel:  domain hash size = 128
[    0.931595] NetLabel:  protocols = UNLABELED CIPSOv4
[    0.932338] NetLabel:  unlabeled traffic allowed by default
[    0.941506] amd_nb: Cannot enumerate AMD northbridges
[    0.942393] clocksource: Switched to clocksource kvm-clock
[    0.949184] AppArmor: AppArmor Filesystem Enabled
[    0.955292] pnp: PnP ACPI init
[    0.956398] pnp: PnP ACPI: found 3 devices
[    0.967291] clocksource: acpi_pm: mask: 0xffffff max_cycles: 0xffffff, max_idle_ns: 2085701024 ns
[    0.971859] NET: Registered protocol family 2
[    0.972704] TCP established hash table entries: 16384 (order: 5, 131072 bytes)
[    0.973968] TCP bind hash table entries: 16384 (order: 6, 262144 bytes)
[    0.975661] TCP: Hash tables configured (established 16384 bind 16384)
[    0.977382] UDP hash table entries: 1024 (order: 3, 32768 bytes)
[    0.978487] UDP-Lite hash table entries: 1024 (order: 3, 32768 bytes)
[    0.979457] NET: Registered protocol family 1
[    0.980176] pci 0000:00:00.0: LimindictCICIrasfrs[  1186]ci00001. AivinISDMha wrkarounds
[  19628Trngo pa rtfime  itrfs.
[    3.769279] Freeing initrd memory: 8216K (ffff880036fe4000 - ffff8800377ea000)
[    3.789573] RAPL PMU detected, API unit is 2^-32 Joules, 4 fixed counters 10737418240 ms ovfl timer
[    3.790957] hw unit of domain pp0-core 2^-0 Joules
[    3.791708] hw unit of domain package 2^-0 Joules
[    3.792424] hw unit of domain dram 2^-0 Joules
[    3.793110] hw unit of domain pp1-gpu 2^-0 Joules
[    3.793893] platform rtc_cmos: registered platform RTC device (no PNP device found)
[    3.795155] Scanning for low memory corruption every 60 seconds
[    3.796435] futex hash table entries: 512 (order: 3, 32768 bytes)
[    3.800863] audit: initializing netlink subsys (disabled)
[    3.801664] audit: type=2000 audit(1479825643.092:1): initialized
[    3.802760] Initialise system trusted keyring
[    3.803716] HugeTLB registered 2 MB page size, pre-allocated 0 pages
[    3.805765] zbud: loaded
[    3.806509] VFS: Disk quotas dquot_6.6.0
[    3.810647] VFS: Dquot-cache hash table entries: 512 (order 0, 4096 bytes)
[    3.811806] squashfs: version 4.0 (2009/01/31) Phillip Lougher
[    3.812873] fuse init (API version 7.23)
[    3.813608] Key type big_key registered
[    3.814257] Allocating IMA MOK and blacklist keyrings.
[    3.818578] Key type asymmetric registered
[    3.825876] Asymmetric key parser 'x509' registered
[    3.826785] Block layer SCSI generic (bsg) driver version 0.4 loaded (major 249)
[    3.828143] io scheduler noop registered
[    3.828848] io scheduler deadline registered (default)
[    3.829694] io scheduler cfq registered
[    3.830473] pci_hotplug: PCI Hot Plug PCI Core version: 0.5
[    3.831396] pciehp: PCI Express Hot Plug Controller Driver version: 0.4
[    3.832479] ACPI: AC Adapter [AC] (off-line)
[    3.833245] input: Power Button as /devices/LNXSYSTM:00/LNXPWRBN:00/input/input0
[    3.834512] ACPI: Power Button [PWRF]
[    3.835258] input: Sleep Button as /devices/LNXSYSTM:00/LNXSLPBN:00/input/input1
[    3.836524] ACPI: Sleep Button [SLPF]
[    3.837835] ACPI: Battery Slot [BAT0] (battery present)
[    3.839805] GHES: HEST is not enabled!
[    3.840542] Serial: 8250/16550 driver, 32 ports, IRQ sharing enabled
[    3.862817] 00:02: ttyS0 at I/O 0x3f8 (irq = 4, base_baud = 115200) is a 16550A
[    3.868745] Linux agpgart interface v0.103
[    3.874935] brd: module loaded
[    3.878347] loop: module loaded
[    3.879496] scsi host0: ata_piix
[    3.880321] scsi host1: ata_piix
[    3.880985] ata1: PATA max UDMA/33 cmd 0x1f0 ctl 0x3f6 bmdma 0xd000 irq 14
[    3.882036] ata2: PATA max UDMA/33 cmd 0x170 ctl 0x376 bmdma 0xd008 irq 15
[    3.883184] libphy: Fixed MDIO Bus: probed
[    3.883932] tun: Universal TUN/TAP device driver, 1.6
[    3.884779] tun: (C) 1999-2004 Max Krasnyansky <maxk@qualcomm.com>
[    3.885818] PPP generic driver version 2.4.2
[    3.886648] ehci_hcd: USB 2.0 'Enhanced' Host Controller (EHCI) Driver
[    3.887635] ehci-pci: EHCI PCI platform driver
[    3.888386] ehci-platform: EHCI generic platform driver
[    3.889226] ohci_hcd: USB 1.1 'Open' Host Controller (OHCI) Driver
[    3.892056] ohci-pci: OHCI PCI platform driver
[    3.892796] ohci-platform: OHCI generic platform driver
[    3.893618] uhci_hcd: USB Universa  Host Controller Interface driver
[    3.917301] i8042: PNP: PS/2 Controller [PNP0303:PS2K,PNP0f03:PS2M] at 0x60,0x64 irq 1,12
[    3.919126] serio: i8042 KBD port at 0x60,0x64 irq 1
[    3.919920] serio: i8042 AUX port at 0x60,0x64 irq 12
[    3.920793] mousedev: PS/2 mouse device common for all mice
[    3.921998] rtc_cmos rtc_cmos: rtc core: registered rtc_cmos as rtc0
[    3.923078] rtc_cmos rtc_cmos: alarms up to one day, 114 bytes nvram
[    3.924100] input: AT Translated Set 2 keyboard as /devices/platform/i8042/serio0/input/input2
[    3.927307] i2c /dev entries driver
[    3.928042] device-mapper: uevent: version 1.0.3
[    3.928919] device-mapper: ioctl: 4.34.0-ioctl (2015-10-28) initialised: dm-devel@redhat.com
[    3.930334] ledtrig-cpu: registered to indicate activity on CPUs
[    3.931654] NET: Registered protocol family 10
[    3.932571] NET: Registered protocol family 17
[    3.933331] Key type dns_resolver registered
[    3.934220] microcode: CPU0 sig=0x306d4, pf=0x40, revision=0x0
[    3.936226] microcode: CPU1 sig=0x306d4, pf=0x40, revision=0x0
[    3.939361] microcode: Microcode Update Driver: v2.01 <tigran@aivazian.fsnet.co.uk>, Peter Oruba
[    3.945092] registered taskstats version 1
[    3.945797] Loading compiled-in X.509 certificates
[    3.947209] Loaded X.509 cert 'Build time autogenerated kernel key: f7bc719d96df7c6d6fed8f4b9fd5d4ff001383c8'
[    3.948722] zswap: loaded using pool lzo/zbud
[    3.951275] Key type trusted registered
[    3.958706] Key type encrypted registered
[    3.964138] AppArmor: AppArmor sha1 policy hashing enabled
[    3.964995] ima: No TPM chip found, activating TPM-bypass!
[    3.965863] evm: HMAC attrs: 0x1
[    3.966776]   Magic number: 8:302:688
[    3.967528] rtc_cmos rtc_cmos: setting system clock to 2016-11-22 14:40:39 UTC (1479825639)
[    3.969003] BIOS EDD facility v0.16 2004-Jun-25, 0 devices found
[    3.969890] EDD information not available.
[    4.039830] Freeing unused kernel memory: 1480K (ffffffff81f43000 - ffffffff820b5000)
[    4.046470] Write protecting the kernel read-only data: 14336k
[    4.051928] Freeing unused kernel memory: 1804K (ffff88000183d000 - ffff880001a00000)
[    4.053599] Freeing unused kernel memory: 144K (ffff880001ddc000 - ffff880001e00000)
Loading, please wait...
starting version[    4.066973] random: systemd-udevd: uninitialized urandom read (16 bytes read, 3 bits of entropy available)
 229
[    4.074638] random: udevadm: uninitialized urandom read (16 bytes read, 3 bits of entropy available)
[    4.074671] random: udevadm: uninitialized urandom read (16 bytes read, 3 bits of entropy available)
[    4.074764] random: udevadm: uninitialized urandom read (16 bytes read, 3 bits of entropy available)
[    4.074799] random: udevadm: uninitialized urandom read (16 bytes read, 3 bits of entropy available)
[    4.074833] random: udevadm: uninitialized urandom read (16 bytes read, 3 bits of entropy available)
[    4.074866] random: udevadm: uninitialized urandom read (16 bytes read, 3 bits of entropy available)
[    4.074899] random: udevadm: uninitialized urandom read (16 bytes read, 3 bits of entropy available)
[    4.074931] random: udevadm: uninitialized urandom read (16 bytes read, 3 bits of entropy available)
[    4.074961] random: udevadm: uninitialized urandom read (16 bytes read, 3 bits of entropy available)
[    4.276479] e1000: Intel(R) PRO/1000 Network Driver - version 7.3.21-k8-NAPI
[    4.286923] e1000: Copyright (c) 1999-2006 Intel Corporation.
[    4.293890] Fusion MPT base driver 3.04.20
[    4.303083] Copyright (c) 1999-2008 LSI Corporation
[    4.311192] Fusion MPT SPI Host driver 3.04.20
[    4.345815] AVX version of gcm_enc/dec engaged.
[    4.352985] AES CTR mode by8 optimization enabled
[    4.526373] input: ImExPS/2 Generic Explorer Mouse as /devices/platform/i8042/serio1/input/input4
[    4.781418] e1000 0000:00:03.0 eth0: (PCI:33MHz:32-bit) 02:f0:75:3d:64:90
[    4.790571] tsc: Refined TSC clocksource calibration: 2592.752 MHz
[    4.790573] clocksource: tsc: mask: 0xffffffffffffffff max_cycles: 0x255f7d3d2cc, max_idle_ns: 440795276597 ns
[    4.795048] e1000 0000:00:03.0 eth0: Intel(R) PRO/1000 Network Connection
[    5.517609] e1000 0000:00:08.0 eth1: (PCI:33MHz:32-bit) 08:00:27:df:76:b0
[    5.817308] e1000 0000:00:08.0 eth1: Intel(R) PRO/1000 Network Connection
[    5.818798] mptbase: ioc0: Initiating bringup
[    5.819029] e1000 0000:00:08.0 enp0s8: renamed from eth1
[    5.835278] e1000 0000:00:03.0 enp0s3: renamed from eth0
[    5.894692] ioc0: LSI53C1030 A0: Capabilities={Initiator}
[    6.068841] scsi host2: ioc0: LSI53C1030 A0, FwRev=00000000h, Ports=1, MaxQ=256, IRQ=20
[    6.538948] scsi 2:0:0:0: Direct-Access     VBOX     HARDDISK         1.0  PQ: 0 ANSI: 5
[    6.546924] scsi target2:0:0: Beginning Domain Validation
[    6.548958] scsi target2:0:0: Domain Validation skipping write tests
[    6.559388] scsi target2:0:0: Ending Domain Validation
[    6.717092] scsi target2:0:0: asynchronous
[    6.877648] scsi 2:0:1:0: Direct-Access     VBOX     HARDDISK         1.0  PQ: 0 ANSI: 5
[    6.878894] scsi target2:0:1: Beginning Domain Validation
[    6.880892] scsi target2:0:1: Domain Validation skipping write tests
[    6.883782] scsi target2:0:1: Ending Domain Validation
[    6.884755] scsi target2:0:1: asynchronous
[    6.893010] sd 2:0:0:0: Attached scsi generic sg0 type 0
[    6.907406] sd 2:0:0:0: [sda] 20971520 512-byte logical blocks: (10.7 GB/10.0 GiB)
[    6.908780] sd 2:0:0:0: [sda] Write Protect is off
[    6.967351] sd 2:0:1:0: Attached scsi generic sg1 type 0
[    6.967539] sd 2:0:1:0: [sdb] 20480 512-byte logical blocks: (10.5 MB/10.0 MiB)
[    6.967641] sd 2:0:1:0: [sdb] Write Protect is off
[    6.967708] sd 2:0:1:0: [sdb] Incomplete mode parameter data
[    6.967709] sd 2:0:1:0: [sdb] Assuming drive cache: write through
[    6.969891] sd 2:0:1:0: [sdb] Attached SCSI disk
[    6.971003] sd 2:0:0:0: [sda] Incomplete mode parameter data
[    6.971004] sd 2:0:0:0: [sda] Assuming drive cache: write through
[    6.971775]  sda: sda1
[    6.972253] sd 2:0:0:0: [sda] Attached SCSI disk
[    7.366582] floppy0: no floppy controllers found
Begin: Loading e[    8.729073] md: linear personality registered for level -1
ssential drivers ... [    9.089253] md: multipath personality registered for level -4
[    9.529797] md: raid0 personality registered for level 0
[    9.538403] md: raid1 personality registered for level 1
[    9.658437] raid6: sse2x1   gen() 10017 MB/s
[    9.730414] raid6: sse2x1   xor()  6652 MB/s
[    9.830433] raid6: sse2x2   gen() 12194 MB/s
[    9.906437] raid6: sse2x2   xor()  8095 MB/s
[   10.042430] raid6: sse2x4   gen() 13870 MB/s
[   10.122431] raid6: sse2x4   xor()  9712 MB/s
[   10.170838] raid6: using algorithm sse2x4 gen() 13870 MB/s
[   10.183187] raid6: .... xor() 9712 MB/s, rmw enabled
[   10.183922] raid6: using ssse3x2 recovery algorithm
[   10.186016] xor: automatically using best checksumming function:
[   10.271408]    avx       : 50316.000 MB/sec
[   10.275856] async_tx: api initialized (async)
[   10.356127] md: raid6 personality registered for level 6
[   10.449221] md: raid5 personality registered for level 5
[   10.526890] md: raid4 personality registered for level 4
[   10.532706] md: raid10 personality registered for level 10
done.
Begin: Running /scripts/init-premount ... done.
Begin: Mounting root file system ... Begin: Running /scripts/local-top ... done.
Begin: Running /scripts/local-premount ... [   10.586861] Btrfs loaded
Scanning for Btrfs filesystems
done.
Warning: fsck no[   10.632654] EXT4-fs (sda1): mounted filesystem with ordered data mode. Opts: (null)
t present, so skipping root file system
done.
Begin: Running /scripts/local-bottom ... done.
Begin: Running /scripts/init-bottom ... Warning: overlayroot: debug is busted
done.
[   10.726260] systemd[1]: systemd 229 running in system mode. (+PAM +AUDIT +SELINUX +IMA +APPARMOR +SMACK +SYSVINIT +UTMP +LIBCRYPTSETUP +GCRYPT +GNUTLS +ACL +XZ -LZ4 +SECCOMP +BLKID +ELFUTILS +KMOD -IDN)
[   10.779593] systemd[1]: Detected virtualization oracle.
[   10.787330] systemd[1]: Detected architecture x86-64.

Welcome to [1mUbuntu 16.04.1 LTS[0m!

[   10.811254] systemd[1]: Set hostname to <ubuntu>.
[   11.016362] systemd[1]: Initializing machine ID from random generator.
[   11.021296] systemd[1]: Installed transient /etc/machine-id file.
[   11.119975] systemd[1]: Set up automount Arbitrary Executable File Formats File System Automount Point.
[[0;32m  OK  [0m] Set up automount Arbitrary Executab...ats File System Automount Point.
[   11.129372] systemd[1]: Created slice System Slice.
[[0;32m  OK  [0m] Created slice System Slice.
[   11.133933] systemd[1]: Listening on Journal Socket.
[[0;32m  OK  [0m] Listening on Journal Socket.
[   11.154485] systemd[1]: Mounting Debug File System...
         Mounting Debug File System...
[   11.170191] systemd[1]: Listening on LVM2 poll daemon socket.
[[0;32m  OK  [0m] Listening on LVM2 poll daemon socket.
[   11.172448] systemd[1]: Starting Nameserver information manager...
         Starting Nameserver information manager...
[   11.189502] systemd[1]: Started Forward Password Requests to Wall Directory Watch.
[[0;32m  OK  [0m] Started Forward Password Requests to Wall Directory Watch.
[   11.191980] systemd[1]: Created slice User and Session Slice.
[[0;32m  OK  [0m] Created slice User and Session Slice.
[   11.194133] systemd[1]: Starting Set console keymap...
         Starting Set console keymap...
[   11.236469] systemd[1]: Listening on udev Kernel Socket.
[[0;32m  OK  [0m] Listening on udev Kernel Socket.
[   11.250119] systemd[1]: Created slice system-serial\x2dgetty.slice.
[[0;32m  OK  [0m] Created slice system-serial\x2dgetty.slice.
[   11.269956] systemd[1]: Starting Load Kernel Modules...
[   11.283342] Loading iSCSI transport class v2.0-870.
         Starting Load Kernel Modules...
[   11.285243] systemd[1]: Starting Create list of required static device nodes for the current kernel...
         Starting Create list of required st... nodes for the current kernel...[   11.303055] iscsi: registered transport (tcp)

[   11.311387] systemd[1]: Listening on Journal Socket (/dev/log).
[[0;32m  OK  [0m] Listening on Journal Socket (/dev/log).
[   11.320143] systemd[1]: Listening on Syslog Socket.
[[0;32m  OK  [0m] Listening on Syslog Socket.
[   11.336929] systemd[1]: Listening on Device-mapper event daemon FIFOs.
[[0;32m  OK  [0m] Listening on Device-mapper event daemon FIFOs.
[   11.340496] systemd[1]: Reached target User and Group Name Lookups.
[[0;32m  OK  [0m] Reached target User and Group Name Lookups.
[   11.361787] iscsi: registered transport (iser)
[   11.366557] systemd[1]: Starting Uncomplicated firewall...
         Starting Uncomplicated firewall...
[   11.374208] systemd[1]: Reached target Swap.
[[0;32m  OK  [0m] Reached target Swap.
[   11.375860] systemd[1]: Listening on LVM2 metadata daemon socket.
[[0;32m  OK  [0m] Listening on LVM2 metadata daemon socket.
[   11.378269] systemd[1]: Starting Monitoring of LVM2 mirrors, snapshots etc. using dmeventd or progress polling...
         Starting Monitoring of LVM2 mirrors... dmeventd or progress polling...
[   11.411355] systemd[1]: Mounting Huge Pages File System...
         Mounting Huge Pages File System...
[   11.492714] systemd[1]: Reached target Slices.
[[0;32m  OK  [0m] Reached target Slices.
[   11.494202] systemd[1]: Listening on Journal Audit Socket.
[[0;32m  OK  [0m] Listening on Journal Audit Socket.
[   11.498562] systemd[1]: Starting JournllSServiee...
         Starting Journal Service...
[   11.648853] systemd[1]: Listening on udev Control Socket.
[[0;32m  OK  [0m] Listening on udev Control Socket.
[   11.650576] systemd[1]: Listening on /dev/initctl Compatibility Named Pipe.
[[0;32m  OK  [0m] Listening on /dev/initctl Compatibility Named Pipe.
[   11.653538] systemd[1]: Reached target Encrypted Volumes.
[[0;32m  OK  [0m] Reached target Encrypted Volumes.
[   11.668472] systemd[1]: Mounting POSIX Message Queue File System...
         Mounting POSIX Message Queue File System...
[   11.688850] systemd[1]: Starting Remount Root and Kernel File Systems...
[   11.692584] EXT4-fs (sda1): re-mounted. Opts: (null)
         Starting Remount Root and Kernel File Systems...
[   11.710415] systemd[1]: Mounted Debug File System.
[[0;32m  OK  [0m] Mounted Debug File System.
[   11.719157] systemd[1]: Mounted POSIX Message Queue File System.
[[0;32m  OK  [0m] Mounted POSIX Message Queue File System.
[   11.722168] systemd[1]: Mounted Huge Pages File System.
[   11.723420] random: nonblocking pool is initialized
[[0;32m  OK  [0m] Mounted Huge Pages File System.
[   11.757777] systemd[1]: Started Journal Service.
[[0;32m  OK  [0m] Started Journal Service.
[[0;32m  OK  [0m] Started Set console keymap.
[[0;32m  OK  [0m] Started Load Kernel Modules.
[[0;32m  OK  [0m] Started Create list of required sta...ce nodes for the current kernel.
[[0;32m  OK  [0m] Started Uncomplicated firewall.
[[0;32m  OK  [0m] Started Remount Root and Kernel File Systems.
[[0;32m  OK  [0m] Started Nameserver information manager.
[[0;32m  OK  [0m] Started LVM2 metadata daemon.
         Starting udev Coldplug all Devices...
         Starting Load/Save Random Seed...
         Starting Create Static Device Nodes in /dev...
         Mounting FUSE Control File System...
         Starting Apply Kernel Variables...
         Starting Flush Journal to Persistent Storage...
[[0;32m  OK  [0m] Mounted FUSE Control File System.
[[0;32m  OK  [0m] Started Load/Save Random Seed.
[[0;32m  OK  [0m] Started Create Static Device Nodes in /dev.
[[0;32m  OK  [0m] Started Apply Kernel Variables.
[[0;32m  OK  [0m] Started udev Coldplug all Devices.
[[0;32m  OK  [0m] Started Flush Journal to Persistent Storage.
         Starting udev Kernel Device Manager...
[[0;32m  OK  [0m] Started udev Kernel Device Manager.
[[0;32m  OK  [0m] Started Dispatch Password Requests to Console Directory Watch.
[[0;32m  OK  [0m] Found device /dev/ttyS0.
[[0;32m  OK  [0m] Listening on Load/Save RF Kill Switch Status /dev/rfkill Watch.
[[0;32m  OK  [0m] Started Monitoring of LVM2 mirrors,...ng dmeventd or progress polling.
[[0;32m  OK  [0m] Reached target Local File Systems (Pre).
[[0;32m  OK  [0m] Reached target Local File Systems.
         Starting Set console font and keymap...
         Starting Commit a transient machine-id on disk...
         Starting Create Volatile Files and Directories...
         Starting Tell Plymouth To Write Out Runtime Data...
         Starting LSB: AppArmor initialization...
         Starting Run snappy firstboot setup...
         Starting Initial cloud-init job (pre-networking)...
[[0;32m  OK  [0m] Started Set console font and keymap.
[[0;32m  OK  [0m] Started Commit a transient machine-id on disk.
[[0;32m  OK  [0m] Started Create Volatile Files and Directories.
[[0;32m  OK  [0m] Started Tell Plymouth To Write Out Runtime Data.
[[0;32m  OK  [0m] Started Run snappy firstboot setup.
         Starting Update UTMP about System Boot/Shutdown...
[[0;32m  OK  [0m] Reached target System Time Synchronized.
[[0;32m  OK  [0m] Created slice system-getty.slice.
[[0;32m  OK  [0m] Started Update UTMP about System Boot/Shutdown.
[[0;32m  OK  [0m] Started LSB: AppArmor initialization.
[[0;32m  OK  [0m] Reached target System Initialization.
[[0;32m  OK  [0m] Started ACPI Events Check.
[[0;32m  OK  [0m] Listening on UUID daemon activation socket.
[[0;32m  OK  [0m] Started Daily Cleanup of Temporary Directories.
[[0;32m  OK  [0m] Started Trigger resolvconf update for networkd DNS.
[[0;32m  OK  [0m] Reached target Paths.
         Starting Socket activation for snappy daemon.
[[0;32m  OK  [0m] Started Daily apt activities.
[[0;32m  OK  [0m] Listening on ACPID Listen Socket.
         Starting LXD - unix socket.
[[0;32m  OK  [0m] Listening on D-Bus System Message Bus Socket.
[[0;32m  OK  [0m] Started Timer to automatically refresh installed snaps.
[[0;32m  OK  [0m] Reached target Timers.
[[0;32m  OK  [0m] Listening on Socket activation for snappy daemon.
[[0;32m  OK  [0m] Listening on LXD - unix socket.
[[0;32m  OK  [0m] Reached target Sockets.
[[0;32m  OK  [0m] Reached target Basic System.
[[0;32m  OK  [0m] Started Deferred execution scheduler.
         Starting System Logging Service...
[   13.669015] cloud-init[729]: Cloud-init v. 0.7.8 running 'init-local' at Tue, 22 Nov 2016 14:40:49 +0000. Up 13.39 seconds.
[[0;32m  OK  [0m] Started ACPI event daemon.
[[0;32m  OK  [0m] Started FUSE filesystem for LXC.
         Starting LXD - container startup/shutdown...
         Starting LSB: MD monitoring daemon...
         Starting Accounts Service...
         Starting LSB: Record successful boot for GRUB...
[[0;32m  OK  [0m] Started Regular background program processing daemon.
[[0;32m  OK  [0m] Started D-Bus System Message Bus.
         Starting Login Service...
[[0;32m  OK  [0m] Started Snappy daemon.
[[0;32m  OK  [0m] Started System Logging Service.
[[0;32m  OK  [0m] Started LXD - container startup/shutdown.
[[0;32m  OK  [0m] Started Initial cloud-init job (pre-networking).
[[0;32m  OK  [0m] Started Login Service.
         Starting Authenticate and Authorize Users to Run Privileged Tasks...
[[0;32m  OK  [0m] Reached target Network (Pre).
         Starting Raise network interfaces...
[[0;32m  OK  [0m] Started LSB: MD monitoring daemon.
[[0;32m  OK  [0m] Started LSB: Record successful boot for GRUB.
[[0;32m  OK  [0m] Started Authenticate and Authorize Users to Run Privileged Tasks.
[[0;32m  OK  [0m] Started Accounts Service.
[[0;32m  OK  [0m] Started Raise network interfaces.
         Starting Initial cloud-init job (metadata service crawler)...
[[0;32m  OK  [0m] Reached target Network.
[   15.690731] cloud-init[1016]: Cloud-init v. 0.7.8 running 'init' at Tue, 22 Nov 2016 14:40:51 +0000. Up 15.03 seconds.
[[0;32m  OK  [0m] Started Initial cloud-init job (metadata service crawler).
[   15.740557] cloud-init[1016]: ci-info: ++++++++++++++++++++++++++++++++++++++Net device info++++++++++++++++++++++++++++++++++++++
[   15.784292] [cloud-init[0;32m  OK  [0m[1016]: ] ci-info: +--------+-------+----------------------------+---------------+-------+-------------------+Reached target Network is Online.

[   15.784706] cloud-init[1016]: ci-info: | Device |   Up  |          Address           |      Mask     | Scope |     Hw-Address    |
[   15.899777]          Starting iSCSI initiator daemon (iscsid)...
cloud-init[1016]: ci-info: +--------+-------+----------------------------+---------------+-------+-------------------+
[   15.960497]          cloud-initStarting /etc/rc.local Compatibility...[1016]: 
ci-info: |   lo   |  True |         127.0.0.1          |   255.0.0.0   |   .   |         .         |
[   15.982830]          cloud-initStarting Pollinate to seed the pseudo random number generator...[1016]: 
ci-info: |   lo   |  True |          ::1/128           |       .       |  host |         .         |
[   15.991085] [cloud-init[0;32m  OK  [0m[1016]: ] ci-info: | enp0s3 |  True |         10.0.2.15          | 255.255.255.0 |   .   | 02:f0:75:3d:64:90 |Reached target Cloud-config availability.

[   15.991409] cloud-init[1016]: ci-info: | enp0s3 |  True | fe80::f0:75ff:fe3d:6490/64 |       .       |  link | 02:f0:75:3d:64:90 |
[   16.019526] cloud-init[1016]: ci-info: | enp0s8 | False |             .              |       .       |   .   | 08:00:27:df:76:b0 |
[   16.128516]          cloud-initStarting Apply the settings specified in cloud-config...[1016]: 
ci-info: +--------+-------+----------------------------+---------------+-------+-------------------+
[   16.136034] cloud-init[1016]: ci-info: +++++++++++++++++++++++++++Route IPv4 info++++++++++++++++++++++++++++
[   16.143081] cloud-init[1016]: ci-info: +-------+-------------+----------+---------------+-----------+-------+
[   16.149490] [cloud-init[0;32m  OK  [0m[1016]: ] ci-info: | Route | Destination | Gateway  |    Genmask    | Interface | Flags |Started /etc/rc.local Compatibility.

[   16.149828] [cloud-init[0;32m  OK  [0m[1016]: ] ci-info: +-------+-------------+----------+---------------+-----------+-------+Started iSCSI initiator daemon (iscsid).

[   16.157912] cloud-init[1016]: ci-info: |   0   |   0.0.0.0   | 10.0.2.2 |    0.0.0.0    |   enp0s3  |   UG  |
[   16.161082] cloud-init[1016]: ci-info: |   1   |   10.0.2.0  | 0.0.0.0  | 255.255.255.0 |   enp0s3  |   U   |
[   16.164519] cloud-init[1016]: ci-info: +-------+-------------+----------+---------------+-----------+-------+
[   16.174732]          cloud-initStarting Login to default iSCSI targets...[1016]: 
Generating public/private rsa key pair.
[   16.190596] cloud-init[1016]: Your identification has been saved in /etc/ssh/ssh_host_rsa_key.
[   16.225700] [[0;32m  OK  [0m] Started Login to default iSCSI targets.
cloud-init[1016]: Your public key has been saved in /etc/ssh/ssh_host_rsa_key.pub.
[   16.228087] cloud-init[1016]: [[0;32m  OK  [0m] Reached target Remote File Systems (Pre).
[[0;32m  OK  [0m] Reached target Remote File Systems.
The key fingerprint is:
[   16.230929] cloud-init[1016]: SHA256:SVWDwSzt9BtYMmfo+RlFAzwLeByKplJaZlJyOI5GO2I root@ubuntu-xenial
[   16.232729] cloud-init[1016]: The key's randomart image is:
[   16.234156] cloud-init[1016]: +---[RSA 2048]----+
[   16.235488] cloud-init[1016]: |  ..o    *+B+oo  |
[   16.236899] cloud-init[1016]: | .o+   .oo& *... |
         Starting LSB: daemon to balance interrupts for SMP systems...
[   16.283914] cloud-init[1016]: |.oo.= o o* @ +   |
         Starting LSB: VirtualBox Linux Additions...
[   16.310194] cloud-init         Starting LSB: automatic crash report generation...
         Starting LSB: Set the CPU Frequency Scaling governor to "ondemand"...
         Starting Permit User Sessions...
[1016]: |oE.B o . .= =    |
[[0;32m  OK  [0m] Started Permit User Sessions.
[[0;32m  OK  [0m] Started LSB: daemon to balance interrupts for SMP systems.
[   16.335730] cloud-init[1016]: |+ + .   S  . =   |
[   16.383782] [[0;32m  OK  [0m] Started LSB: Set the CPU Frequency Scaling governor to "ondemand".
[[0;32m  OK  [0m] Started LSB: VirtualBox Linux Additions.
cloud-init[1016]: |   .        +    |
[   16.386970] cloud-init[1016]: |                 |
[   16.388329] cloud-init[1016]: |                 |
[   16.440649]          cloud-initStarting Terminate Plymouth Boot Screen...[1016]: 
|                 |
[   16.453871] cloud-init[1016]: +----[SHA256]-----+
[   16.458452] cloud-init[1016]: Generating public/private dsa key pair.
[   16.484408]          cloud-initStarting Hold until boot process finishes up...[1016]: 
Your identification has been saved in /etc/ssh/ssh_host_dsa_key.
[[0;32m  OK  [0m] Started LSB: automatic crash report generation.
[   16.523970] cloud-init[1016]: Your public key has been saved in /etc/ssh/ssh_host_dsa_key.pub.[[0;32m  OK  [0m] Started Terminate Plymouth Boot Screen.

[   16.527083] [cloud-init[0;32m  OK  [0m[1016]: ] The key fingerprint is:Started Hold until boot process finishes up.

[   16.557816] cloud-init[1016]: SHA256:sAAtoVla1ktQbJ4z0uQ8Q4jX4JLL7XakA+xwgjM5DaQ root@ubuntu-xenial
[   16.558089] cloud-init[1016]: The key's randomart image is:
[   16.558305] cloud-init[1016]: +---[DSA 1024]----+
[   16.558530] cloud-init[1016]: | oO@.            |
[   16.558751] cloud-init[1016]: |+X+.X            |
[   16.558977] cloud-init[1016]: |E..@.o.          |
[   16.559201] cloud-init[1016]: |+*o %. o         |
[   16.559428] cloud-init[1016]: |X+oo *. S        |
[[0;32m  OK  [0m] Started Serial Getty on ttyS0.
[   16.559680] cloud-init[1016]: |o*o o            |
[[   16.568299] cloud-init[1016]: | . = .           |
[   16.568570] cloud-init[1016]: |  . o            |
[   16.568914] cloud-init[1016]: |                 |
[   16.569635] cloud-init[1016]: +----[SHA256]-----+
[0;32m  OK  [0m] Started Getty on tty1.
[[   16.569913] cloud-init[1016]: Generating public/private ecdsa key pair.
[   16.634988] cloud-init[1016]: Your identification has been saved in /etc/ssh/ssh_host_ecdsa_key.
[   16.635058] cloud-init[1016]: Your public key has been saved in /etc/ssh/ssh_host_ecdsa_key.pub.
[   16.635163] cloud-init[1016]: The key fingerprint is:
[   16.635272] cloud-init[1016]: SHA256:Z6+gei1rIX++KpxajFIl5nIbjK5h03asFWz17BL1Mes root@ubuntu-xenial
[   16.635504] cloud-init[1016]: The key's randomart image is:
[   16.635639] cloud-init[1016]: +---[ECDSA 256]---+
[   16.635752] cloud-init[1016]: |                 |
[   16.635861] cloud-init[1016]: |                 |
[   16.635972] cloud-init[1016]: |  o .  . . o     |
[   16.636201] cloud-init[1016]: | = o. . + . +    |
[   16.636308] cloud-init[1016]: |o *  + .Sooo     |
[   16.636422] cloud-init[1016]: |.+.=+ o oo..     |
[   16.636531] cloud-init[1016]: |o+o+oB +.. E.    |
[   16.636642] cloud-init[1016]: |ooo.B =.+. .     |
[   16.636755] cloud-init[1016]: |. .o.=+*o..      |
[   16.636866] cloud-init[1016]: +----[SHA256]-----+
[   16.636976] cloud-init[1016]: Generating public/private ed25519 key pair.
[   16.637089] cloud-init[1016]: Your identification has been saved in /etc/ssh/ssh_host_ed25519_key.
[   16.637204] cloud-init[1016]: Your public key has been saved in /etc/ssh/ssh_host_ed25519_key.pub.
[   16.637313] cloud-init[1016]: The key fingerprint is:
[   16.637425] cloud-init[1016]: SHA256:EN4tb480ZCCImJOp8FQ/YhqFb0rrbGenDJCX5KcnpfI root@ubuntu-xenial
[   16.637536] cloud-init[1016]: The key's randomart image is:
[   16.637647] cloud-init[1016]: +--[ED25519 256]--+
[   16.637757] cloud-init[1016]: | = +o.o .        |
[   16.637870] cloud-init[1016]: |B +..o + o       |
[   16.637981] cloud-init[1016]: |o+o.o = o +      |
[   16.638094] cloud-init[1016]: |.+o=o. o =       |
[   16.638203] cloud-init[1016]: |o.=+o   S =      |
[   16.638315] cloud-init[1016]: | oo=     o +     |
[   16.638427] cloud-init[1016]: |.o= .     . .    |
[   16.638538] cloud-init[1016]: | o+=o .          |
[   16.638649] cloud-init[1016]: | .Eooo           |
[   16.638760] cloud-init[1016]: +----[SHA256]-----+
[0;32m  OK  [0m] Reached target Login Prompts.
[   16.640537] cloud-init[1129]: Generating locales (this might take a while)...
         Starting Set console scheme...
[[0;32m  OK  [0m] Started Set console scheme.
[   17.141241] cloud-init[1129]:   en_US.UTF-8... done
[   17.151866] cloud-init[1129]: Generation complete.
[[0;32m  OK  [0m] Stopped OpenBSD Secure Shell server.
         Starting OpenBSD Secure Shell server...
[[0;32m  OK  [0m] Started OpenBSD Secure Shell server.
[[0;32m  OK  [0m] Started Pollinate to seed the pseudo random number generator.
[[0;32m  OK  [0m] Reached target Multi-User System.
         Starting Notify bootloader that boot was successful...
[[0;32m  OK  [0m] Reached target Graphical Interface.
         Starting Update UTMP about System Runlevel Changes...
[[0;32m  OK  [0m] Started Notify bootloader that boot was successful.
[[0;32m  OK  [0m] Started Update UTMP about System Runlevel Changes.
[   17.581145] cloud-init[1129]: Cloud-init v. 0.7.8 running 'modules:config' at Tue, 22 Nov 2016 14:40:52 +0000. Up 16.34 seconds.
[[0;32m  OK  [0m] Started Apply the settings specified in cloud-config.
         Starting Execute cloud user/final scripts...
ci-info: no authorized ssh keys fingerprints found for user ubuntu.
<14>Nov 22 14:40:54 ec2: 
<14>Nov 22 14:40:54 ec2: #############################################################
<14>Nov 22 14:40:54 ec2: -----BEGIN SSH HOST KEY FINGERPRINTS-----
<14>Nov 22 14:40:54 ec2: 1024 SHA256:sAAtoVla1ktQbJ4z0uQ8Q4jX4JLL7XakA+xwgjM5DaQ root@ubuntu-xenial (DSA)
<14>Nov 22 14:40:54 ec2: 256 SHA256:Z6+gei1rIX++KpxajFIl5nIbjK5h03asFWz17BL1Mes root@ubuntu-xenial (ECDSA)
<14>Nov 22 14:40:54 ec2: 256 SHA256:EN4tb480ZCCImJOp8FQ/YhqFb0rrbGenDJCX5KcnpfI root@ubuntu-xenial (ED25519)
<14>Nov 22 14:40:54 ec2: 2048 SHA256:SVWDwSzt9BtYMmfo+RlFAzwLeByKplJaZlJyOI5GO2I root@ubuntu-xenial (RSA)
<14>Nov 22 14:40:54 ec2: -----END SSH HOST KEY FINGERPRINTS-----
<14>Nov 22 14:40:54 ec2: #############################################################
-----BEGIN SSH HOST KEY KEYS-----
ecdsa-sha2-nistp256 AAAAE2VjZHNhLXNoYTItbmlzdHAyNTYAAAAIbmlzdHAyNTYAAABBBPh+7+AiUvgxCRGBGkM1yUTBkLwyseAipilOL+e9H15xvWxEtAeHXye+7MbBa6YaeWy/MLtSsQ3ziZZiQStgKIY= root@ubuntu-xenial
ssh-ed25519 AAAAC3NzaC1lZDI1NTE5AAAAIFh+kihaU3pa1b+iZbVKT1WxB4VriYvEgKEBB5o2AMLy root@ubuntu-xenial
ssh-rsa AAAAB3NzaC1yc2EAAAADAQABAAABAQC0v+616TcmGpAT8IgodJsH8nFEjz/+dusz0h1a47Q+Wn5jOy9PRej440OBm3r945ZEBDVQ6Sl9pmg0P9XbFcr9H38aZKmYj19yiid13Y6nJEJ2DmMWMG1fXSfrKIKnoQOq4fCz+6ghDL5nkWAqvQekDZnDMWMNcy5UH6uFFWsZQiLgPhSSF2EIzSgtcRaC4uSv5KDhsRnm9cN28MfPnERy08mu8Y1n0O+/9trE9OEnRRVMBFfDKWF35Il4PVSLK+bvH26eXrZqoUqsgge1ajT7UjT1YoNyiCoCQm3okNK03kEG9fgtycKmKdGDFPBMOwkTizQNDS/TUjXSql4BK0qf root@ubuntu-xenial
-----END SSH HOST KEY KEYS-----
[[0;32m  OK  [0m] Created slice User Slice of ubuntu.
         Starting User Manager for UID 1000...
[[0;32m  OK  [0m] Started User Manager for UID 1000.
[[0;32m  OK  [0m] Started Execute cloud user/final scripts.
[   18.508151] cloud-init[1310]: Cloud-init v. 0.7.8 running 'modules:final' at Tue, 22 Nov 2016 14:40:54 +0000. Up 17.89 seconds.
[[   18.641159] cloud-init[1310]: ci-info: no authorized ssh keys fingerprints found for user ubuntu.
[   18.641594] cloud-init[1310]: Cloud-init v. 0.7.8 finished at Tue, 22 Nov 2016 14:40:54 +0000. Datasource DataSourceNoCloud [seed=/dev/sdb][dsmode=net].  Up 18.48 seconds
[0;32m  OK  [0m] Started Session 1 of user ubuntu.
[[0;32m  OK  [0m] Reached target Cloud-init target.

Ubuntu 16.04.1 LTS ubuntu-xenial ttyS0

ubuntu-xenial login: 