[   0.000000] Initializing cgroup subsys cpuset
[    0.000000] Initializing cgroup subsys cpu
[    0.000]Initialzi croup susy cuacct
[  00000] nu version .4-4-generic (buildd@lcy01-03) (gcc version 5.4.0 20160609 (Ubuntu 5.4.0-6ubuntu1~16.04.2) ) #68-Ubuntu SMP Wed Oct2619:39:52 UTC 2016 (Ubuntu 4.4.0-47.68-generic 4.4.24)
[    0.000000] Command line: BOOT_IMAGE=/boot/vmlinuz-4.4.0-47-generic root=LABEL=cloudimg-rootfs ro console=tty1 console=ttyS0
[    0.000000] KERNEL supported cpus:
[    0.000000]   Intel GenuineIntel
[    0.000000]   AMD AuthenticAMD
[    0.000000]   Centaur CentaurHauls
[    0.000000] x86/fpu: xstate_offset[2]:  576, xstate_sizes[2]:  256
[    0.000000] x86/fpu: Supporting XSAVE feature 0x01: 'x87 floating point registers'
[    0.00000]86fpu: Supporting XSAVE feature 0x02: 'SSE registers'
[    0.000000] x86/fpu: Supporting XSAVE feature 0x04: 'AVX registers'
[    0.000000] x86/fpu: Enabled xstate features 0x7, context size is32byes, using stdad' formt.[    0.000000] x86/fpu: Using 'lazy' FPU context switches.
[    0.000000] e820: BIOS-provided physical RAM map:
[    0.00000] BIOS-e820: [mem 0x0000000000000000-0x000000000009fbff] usable
[    0.0000000] BIOS-e820: [mem 0x000000000009fc00-0x000000000009ffff] reserved
[    0.000000] BIOS-e820: [mem 0x00000000000f0000-0x00000000000fffff] reserved
[    0.000000] BIOS-e20 [mem 0x0000000000100000-0x000000003ffeffff] usable
[    0.000000] BIOS-e820: [mem 0x000000003fff0000-0x000000003fffffff] ACPI data
[    0.000000] BIOS-e820: [mem 0x00000000fffc0000-0x00000000ffffffff] reserved
[    0.000000] NX (Execute Disable) protection: active
[    0.000000] SMBIOS 2.5 present.
[    0.000000] Hypervisor detected: KVM
[    0.000000] e820: last_pfn = 0x3fff0 max_arch_pfn = 0x400000000
[    0.000000] MTRR: Disabled
[    0.000000] x86/PAT: MTRRs disabled, skipping PAT initialization too.
[    0.000000] x86/PAT: Configuration [0-7]: WB  WT  UC- UC  WB  WT  UC- UC  
[    0.000000] CPU MTRRs all blank - virtualized system.
[    0.000000] found SMP MP-table at me0x009fff0-x09ffff] mapedt ffff8800fff0]
[    .000 Scani 1areas for owemry cruio
[  00000] RAMIS [mem 0x36e4000-0x377e9fff]
[    0.000000] ACPI: Early table checksum verification disabled
[    0.000000] ACPI: RSDP 0x00000000000E0000 000024 (v02 VBOX  )
[    0.000000] ACPI: XSDT 0x000000003FFF0030 00003C (v01 VBOX   VBOXXSDT 00000001 ASL  00000061)
[    0.000000] ACPI: FACP 0x000000003FFF00F0 0000F4 (v04 VBOX   VBOXFACP 00000001 ASL  00000061)
[    0.000000] ACPI: DSDT 0x000000003FFF0470 002118 (v01 VBOX   VBOXBIOS 00000002 INTL 20140214)
[    0.000000] ACPI: FACS 0x000000003FFF0200 000040
[    0.000000] ACPI: FACS 0x000000003FFF0200 000040
[    0.000000] ACPI: APIC 0x000000003FFF0240 00005C (v02 VBOX   VBOXAPIC 00000001 ASL  00000061)
[    0.000000] ACPI: SSDT 0x000000003FFF02A0 0001CC (v01 VBOX   VBOXCPUT 00000002 INTL 20140214)
[    0.000000] No NUMA configuration found
[    0.000000] Faking a node at [mem 0x0000000000000000-0x000000003ffeffff]
[    0.000000] NODE_DATA(0) allocated [mem 0x3ffeb000-0x3ffeffff]
[    0.000000] kvm-clock: Using msrs 4b564d01 and 4b564d00
[    0.000000] kvm-clock: cpu 0, msr 0:3ffe7001, primary cpu clock
[    0.000000] kvm-clock: using sched offset of 3039975033 cycles
[    0.000000] clocksource: kvm-clock: mask: 0xffffffffffffffff max_cycles: 0x1cd42e4dffb, max_idle_ns: 881590591483 ns
[    0.000000] Zone ranges:
[    0.000000]   DMA      [mem 0x0000000000001000-0x0000000000ffffff]
[    0.000000]   DMA    [mem 0x0000000001000000-0x000000003ffeffff]
[    0.000000]   Normal   empty
[    0.000000]   Device   empty
[    0.000000] Movable zone start for each node
[    0.000000] Early memory node ranges
[    0.000000]   node   0: [mem 0x0000000000001000-0x000000000009efff]
[    0.000000]   node   0: [mem 0x0000000000100000-0x000000003ffeffff]
[    0.000000] Initmem setup node 0 [mem 0x0000000000001000-0x000000003ffeffff]
[    0.000000] ACPI: PM-Timer IO Port: 0x4008
[    0.000000] IOAPIC[0]: apic_id 2, version 17, address 0xfec00000, GSI0-23
[    0.000000] ACPI: INT_SRC_OVR (bus 0 bus_irq 0 global_irq 2 dfl dfl)
[    0.000000] ACPI: INT_SRC_OVR (bus 0 bus_irq 9 global_irq 9 high level)
[    0.000000] Using ACPI (MADT) for SMP configuration information
[    0.000000] smpboot: Allowing 2 CPUs, 0 hotplug CPUs
[    0.000000] PM: Registered nosave memory: [mem 0x00000000-0x00000fff]
[    0.000000] PM: Registered nosave memory: [mem 0x0009f000-0x0009ffff]
[    0.000000] PM: Registered nosave memory: [mem 0x000a0000-0x000effff]
[    0.000000] PM: Registered nosave memory: [mem 0x000f0000-0x000fffff]
[    0.000000] e820: [mem 0x40000-0ffff] avlae or PCI devices
[    0.000000] Booting paravirtualized kernel on KVM
[    0.000000] clocksource: refined-jiffies: mask: 0xffffffff max_cycles: 0xffffffff, max_idle_ns: 7645519600211568 ns
[    0.000000] setup_percpu: NR_CPUS:256 nr_cpumask_bits:256 nr_cpu_ids:2 nr_node_ids:1
[    0.000000] PERCPU: Embedded 33 pages/cpu @ffff88003fc00000 s98008 r8192 d28968 u1048576
[    0.000000] PV qspinlock hash table entries: 256 (order: 0, 4096 bytes)
[    0.000000] Built 1 zonelists in Node order, mobility grouping on.  Total pages: 257913
[    0.000000] Policy zone: DMA32
[    0.000000] Kernel command line: BOOT_IMAGE=/boot/vmlinuz-4.4.0-47-geneic root=LABEL=cloudimg-rootfs ro console=tty1 console=ttyS0
[    0.000000] PID hash table entries: 4096 (order: 3, 32768 bytes)
[    0.000000] Memory: 1004416K/1048120K available (8423K kernel code, 1285K rwdata, 3952K rodata, 1480K init, 1292K bss, 43704K reserved, 0K cma-reserved)
[    0.000000] SLUB: HWalign=64, Order=0-3, MinObjects=0, CPUs=2, Nodes=1
[    0.000000] Hierarchical RCU implementation.
[    0.0000 	Buldim adjustmet  laf fno t 64.
[  .00000] 	RCU restricting CPUs from NR_CPUS=256 to nr_cpu_ids=2.
[    0.000000] RCU: Adjusting geometry for rcu_fanout_leaf=64, nr_cpu_ids=2
[    0.000000] NR_IRQS:16640 nr_irqs:440 16
[    0.000000] Console: colour VGA+ 80x25
[    0.000000] console [tty1] enabled
[    0.000000] console [ttyS0] enabled
[    0.000000] tsc: Detected 2593.994 MHz processor
[    1.784222] Calibrating delay loop (skipped) preset value.. 5187.98 BogoMIPS (lpj=10375976)
[    1.785533] pid_max: default: 32768 minimum: 301
[    1.786249] ACPI: Core revision 20150930
[    1.787695] ACPI: 2 ACPI AML tables successfully acquired and loaded
[    1.788699] Security Framework initialized
[    1.789337] Yama: becoming mindful.
[    1.789930] AppArmor: AppArmor initialized
[    1.790636] Dentry cache hash table entries: 131072 (order: 8, 1048576 bytes)
[    1.791719] Inode-cache hash table entries: 65536 (order: 7, 524288 bytes)
[    1.793155] Mount-cache hash table entries: 2048 (order: 2, 16384 bytes)
[    1.794065] Mountpoint-cache hash table entries: 2048 (order: 2, 16384 bytes)
[    1.795151] Initializing cgroup subsys io
[    1.795792] Initializing cgroup subsys memory
[    1.796482] Initializing cgroup subsys devices
[    1.797155] Initializing cgroup subsys freezer
[    1.797834] Initializing cgroup subsys net_cls
[    1.798506] Initializing cgroup subsys perf_event
[    1.799205] Initializing cgroup subsys net_prio
[    1.799887] Initializing cgroup subsys hugetlb
[    1.800580] Initializing cgroup subsys pids
[    1.801293] CPU: Physical Processor ID: 0
[    1.801928] CPU: Processor Core ID: 0
[    1.803418] mce: CPU supports 0 MCE banks
[    1.804063] Last level iTLB entries: 4KB 64, 2MB 8, 4MB 8
[    1.804831] Last level dTLB entries: 4KB 64, 2MB 0, 4MB 0, 1GB 4
[   1.807220] Freeing SMP alternatives memory: 32K(ffffffff820b5000 - ffffffff820bd000)
[    1.843494] ftrace: allocating 32047 entries in 126 pages
[    1.948181] smpboot: Max logical packages: 1
[    2.007743] smpboot: APIC(0) Converting physical 0 to logical package 0
[    2.133033] ..TIMER: vector=0x30 apic1=0 pin1=2 apic2=-1 pin2=-1
[    2.271203] smpboot: CPU0: Intel(R) Core(TM) i7-5600U CPU @ 2.60GHz (family: 0x6, model: 0x3d, stepping: 0x4)
[    2.313025] Performance Events: unsupported p6 CPU model 61 no PMU driver, software events only.
[    2.357124] KVM setup paravirtual spinlock
[    2.365893] x86: Booting SMP configuration:
[    2.373336] .... node  #0, CPUs:      #1
[    2.377866] kvm-clock: cpu 1, msr 0:3ffe7041, secondary cpu clock
[    2.384657] mce: CPU supports 0 MCE banks
[    2.387041] x86: Booted up 1 node, 2 CPUs
[    2.387994] smpboot: Total of 2 processors activated (10375.97 BogoMIPS)
[    2.389409] devtmpfs: initialized
[    2.391256] evm: security.selinux
[    2.391859] evm: security.SMACK64
[    2.392458] evm: security.SMACK64EXEC
[    2.393096] evm: security.SMACK64TRANSMUTE
[    2.393781] evm: security.SMACK64MMAP
[    2.394437] evm: security.ima
[    2.394989] evm: security.capability
[    2.395878] clocksource: jiffies: mask: 0xffffffff max_cycles: 0xffffffff, max_idle_ns: 7645041785100000 ns
[    2.397553] pinctrl core: initialized pinctrl subsystem
[    2.399027] RTC time:  4:14:19, date: 11/20/16
[    2.400991] NET: Registered protocol family 16
[    2.412294] cpuidle: using governor ladder
[    2.427341] cpuidle: using governor menu
[    2.428169] PCCT header not found.
[    2.428917] ACPI: bus type PCI registered
[    2.429595] acpiphp: ACPI Hot Plug PCI Controller Driver version: 0.5
[    2.430615] PCI: Using configuration type 1 for base access
[    2.444200] ACPI: Added _OSI(Module Device)
[    2.451885] ACPI: Added _OSI(Processor Device)
[    2.452609] ACPI: Added _OSI(3.0 _SCP Extensions)
[    2.453361] ACPI: Added _OSI(Processor Aggregator Device)
[    2.454744] ACPI: Executed 1 blocks of module-level executable AML code
[    2.457565] ACPI: Interpreter enabled
[    2.459934] ACPI: (supports S0 S5)
[    2.460542] ACPI: Using IOAPIC for interrupt routing
[    2.461447] PCI: Using host bridge windows from ACPI; if necessary, use "pci=nocrs" and report a bug
[    2.465533] ACPI: PCI Root Bridge [PCI0] (domain 0000 [bus 00-ff])
[    2.468174] acpi PNP0A03:00: _OSC: OS supports [ASPM ClockPM Segments MSI]
[    2.469164] acpi PNP0A03:00: _OSC failed (AE_NOT_FOUND); disabling ASPM
[    2.470133] acpi PNP0A03:00: fail to add MMCONFIG information, can't access extended PCI configuration space under this bridge.
[    2.472036] PCI host bridge to bus 0000:00
[    2.472726] pci_bus 0000:00: root bus resource [io  0x0000-0x0cf7 window]
[    2.473715] pci_bus 0000:00: root bus resource [io  0x0d00-0xffff window]
[    2.474708] pci_bus 0000:00: root bus resource [mem 0x000a0000-0x000bffff window]
[    2.475992] pci_bus 0000:00: root bus resource [mem 0x40000000-0xffdfffff window]
[    2.477256] pci_bus 0000:00: root bus resource [bus 00-ff]
[    2.479118] pci 0000:00:01.1: legacy IDE quirk: reg 0x10: [io  0x01f0-0x01f7]
[    2.481239] pci 0000:00:01.1: legacy IDE quirk: reg 0x14: [io  0x03f6]
[    2.482195] pci 0000:00:01.1: legacy IDE quirk: reg 0x18: [io  0x0170-0x0177]
[    2.483222] pci 0000:00:01.1: legacy IDE quirk: reg 0x1c: [io  0x0376]
[    2.512484] ACPI: PCI Interrupt Link [LNKA] (IRQs 5 9 10 *11)
[    2.520663] ACPI: PCI Interrupt Link [LNKB] (IRQs 5 9 10 *11)
[    2.521898] ACPI: PCI Interrupt Link [LNKC] (IRQs 5 9 *10 11)
[    2.523120] ACPI: PCI Interrupt Link [LNKD] (IRQs 5 *9 10 11)
[    2.524423] ACPI: Enabled 2 GPEs in block 00 to 07
[    2.525609] vgaarb: setting as boot device: PCI:0000:00:02.0
[    2.526497] vgaarb: device added: PCI:0000:00:02.0,decodes=io+mem,owns=io+mem,locks=none
[    2.527833] vgaarb: loaded
[    2.537222] vgaarb: bridge control possible 0000:00:02.0
[    2.538253] SCSI subsystem initialized
[    2.539071] ACPI: bus type USB registered
[    2.539812] usbcore: registered new interface driver usbfs
[    2.540650] usbcore: registered new interface driver hub
[    2.541489] usbcore: registered new device driver usb
[    2.542647] PCI: Using ACPI for IRQ routing
[    2.543603] NetLabel: Initializing
[    2.544216] NetLabel:  domain hash size = 128
[    2.544929] NetLabel:  protocols = UNLABELED CIPSOv4
[    2.545723] NetLabel:  unlabeled traffic allowed by default
[    2.546760] amd_nb: Cannot enumerate AMD northbridges
[    2.547650] clocksource: Switched to clocksource kvm-clock
[    2.558101] AppArmor: AppArmor Filesystem Enabled
[    2.564221] pnp: PnP ACPI init
[    2.565319] pnp: PnP ACPI: found 3 devices
[   2.576189] clocksource: acpi_pm: mask: 0xffffff max_cycles: 0xffffff, max_idle_ns: 2085701024 ns
[    2.598582] NET: Registered protocol family 2

[    2.599508] TCP established hash table entries: 8192 (order: 4, 65536 bytes)
[    2.600564] TCP bind hash table entries: 8192 (order: 5, 131072 bytes)
[    2.601527] TCP: Hash tables configured (established 8192 bind 8192)
[    2.602491] UDP hash table entries: 512 (order: 2, 16384 bytes)
[    2.603387] UDP-Lite hash table entries: 512 (order: 2, 16384 bytes)
[    2.604376] NET: Registered protocol family 1
[    2.605105] pci 0000:00:00.0: Limiting direct PCI/PCI transfers
[    2.606016] pci 0000:00:01.0: Activating ISA DMA hang workarounds
[   2.607459] Trying to unpack rootfs image as initramfs...

[    3.794681] Freeing initrd memory: 8216K (ffff880036fe4000 - ffff8800377ea000)
[    4.340006] RAPL PMU detected, API unit is 2^-32 Joules, 4 fixed counters 10737418240 ms ovfl timer
[    4.497624] hw unit of domain pp0-core 2^-0 Joules
[    4.498422] hw unit of domain package 2^-0 Joules
[    4.499178] hw unit of domain dram 2^-0 Joules
[    4.499934] hw unit of domain pp1-gpu 2^-0 Joules
[    4.500834] platform rtc_cmos: registered platform RTC device (no PNP device found)
[    4.502162] Scanning for low memory corruption every 60 seconds
[    4.503383] futex hash table entries: 512 (order: 3, 32768 bytes)
[    4.507221] audit: initializing netlink subsys (disabled)
[    4.508124] audit: type=2000 audit(1479615264.217:1): initialized
[    4.509264] Initialise system trusted keyring
[    4.510272] HugeTLB registered 2 MB page size, pre-allocated 0 pages
[    4.512443] zbud: loaded
[    4.513195] VFS: Disk quotas dquot_6.6.0
[    4.513923] VFS: Dquot-cache hash table entries: 512 (order 0, 4096 bytes)
[    4.515120] squashfs: version 4.0 (2009/01/31) Phillip Lougher
[    4.516297] fuse init (API version 7.23)
[    4.517078] Key type big_key registered
[    4.517754] Allocating IMA MOK and blacklist keyrings.
[    4.519755] Key type asymmetric registered
[    4.520580] Asymmetric key parser 'x509' registered
[    4.521432] Block layer SCSI generic (bsg) driver version 0.4 loaded (major 249)
[    4.522777] io scheduler noop registered
[    4.523471] io scheduler deadline registered (default)
[    4.524368] io scheduler cfq registered
[    4.525110] pci_hotplug: PCI Hot Plug PCI Core version: 0.5
[    4.525997] pciehp: PCI Express Hot Plug Controller Driver version: 0.4
[    4.529721] ACPI: AC Adapter [AC] (off-line)
[    4.530503] input: Power Button as /devices/LNXSYSTM:00/LNXPWRBN:00/input/input0
[    4.531778] ACPI: Power Button [PWRF]
[    4.532501] input: Sleep Button as /devices/LNXSYSTM:00/LNXSLPBN:00/input/input1
[    4.533859] ACPI: Sleep Button [SLPF]
[    4.547233] GHES: HEST is not enabled!
[    4.556808] ACPI: Battery Slot [BAT0] (battery present)
[    4.557923] Serial: 8250/16550 driver, 32 ports, IRQ sharing enabled
[    4.580186] 00:02: ttyS0 at I/O 0x3f8 (irq = 4, base_baud = 115200) is a 16550A
[    4.582315] Linux agpgart interface v0.103
[    4.587430] brd: module loaded
[    4.598299] loop: module loaded
[    4.601469] scsi host0: ata_piix
[    4.602267] scsi host1: ata_piix
[    4.604291] ata1: PATA max UDMA/33 cmd 0x1f0 ctl 0x3f6 bmdma 0xd000 irq 14
[    4.605324] ata2: PATA max UDMA/33 cmd 0x170 ctl 0x376 bmdma 0xd008 irq 15
[    4.606638] libphy: Fixed MDIO Bus: probed
[    4.609001] tun: Universal TUN/TAP device driver, 1.6
[    4.609824] tun: (C) 1999-2004 Max Krasnyansky <maxk@qualcomm.com>
[    4.610779] PPP generic driver version 2.4.2
[    4.611534] ehci_hcd: USB 2.0 'Enhanced' Host Controller (EHCI) Driver
[    4.612545] ehci-pci: EHCI PCI platform driver
[    4.613299] ehci-platform: EHCI generic platform driver
[    4.614125] ohci_hcd: USB 1.1 'Open' Host Controller (OHCI) Driver
[    4.615048] ohci-pci: OHCI PCI platform driver
[    4.616891] ohci-platform: OHCI generic platform driver
[    4.617713] uhci_hcd: USB Universal Host Controller Interface driver
[    4.618729] i8042: PNP: PS/2 Controller [PNP0303:PS2K,PNP0f03:PS2M] at 0x60,0x64 irq 1,12
[    4.620543] serio: i8042 KBD port at 0x60,0x64 irq 1
[    4.621352] serio: i8042 AUX port at 0x60,0x64 irq 12
[    4.622238]mmousedev: PS/2 mouse device common for all mice
[    4.647404] rtc_cmos rtc_cmos: rtc core: registered rtc_cmos as rtc0
[    4.648509] rtc_cmos rtc_cmos: alarms up to one day, 114 bytes nvram
[    4.649493] i2c /dev entries driver
[    4.650169] input: AT Translated Set 2 keyboard as /devices/platform/i8042/serio0/input/input2
[    4.651636] device-mapper: uevent: version 1.0.3
[    4.652579] device-mapper: ioctl: 4.34.0-ioctl (2015-10-28) initialised: dm-devel@redhat.com
[    4.653973] ledtrig-cpu: registered to indicate activity on CPUs
[    4.655365] NET: Registered protocol family 10
[    4.656367] NET: Registered protocol family 17
[    4.657105] Key type dns_resolver registered
[    4.657978] microcode: CPU0 sig=0x306d4, pf=0x40, revision=0x0
[    4.737259] microcode: CPU1 sig=0x306d4, pf=0x40, revision=0x0
[    4.738233] microcode: Microcode Update Driver: v2.01 <tigran@aivazian.fsnet.co.uk>, Peter Oruba
[    4.740000] registered taskstats version 1
[    5.046793] Loading compiled-in X.509 certificates
[    5.497224] Loaded X.509 cert 'Build time autogenerated kernel key: f7bc719d96df7c6d6fed8f4b9fd5d4ff001383c8'
[    5.522142] tsc: Refined TSC clocksource calibration: 2593.264 MHz
[    5.546967] clocksource: tsc: mask: 0xffffffffffffffff max_cycles: 0x25616137299, max_idle_ns: 440795334545 ns
[    5.547033] zswap: loaded using pool lzo/zbud
[    5.548666] Key type trusted registered
[    5.551361] Key type encrypted registered
[    5.552059] AppArmor: AppArmor sha1 policy hashing enabled
[    5.552987] ima: No TPM chip found, activating TPM-bypass!
[    5.553896] evm: HMAC attrs: 0x1
[    5.554828]   Magic number: 8:124:212
[    5.555587] rtc_cmos rtc_cmos: setting system clock to 2016-11-20 04:14:22 UTC (1479615262)
[    5.557185] BIOS EDD facility v0.16 2004-Jun-25, 0 devices found
[    5.558050] EDD information not available.
[    5.559895] Freeing unused kernel memory: 1480K (ffffffff81f43000 - ffffffff820b5000)
[    5.561116] Write protecting the kernel read-only data: 14336k
[    5.562534] Freeing unused kernel memory: 1804K (ffff88000183d000 - ffff880001a00000)
[    5.564115] Freeing unused kernel memory: 144K (ffff880001ddc000 - ffff880001e00000)
Loading, please [    5.575081] random: systemd-udevd: uninitialized urandom read (16 bytes read, 3 bits of entropy available)
wait...
startin[    5.955969] random: systemd-udevd: uninitialized urandom read (16 bytes read, 3 bits of entropy available)
g version 229
[    5.957021] random: udevadm: uninitialized urandom read (16 bytes read, 3 bits of entropy available)
[    5.957067] random: udevadm: uninitialized urandom read (16 bytes read, 3 bits of entropy available)
[    5.957201] random: udevadm: uninitialized urandom read (16 bytes read, 3 bits of entropy available)
[    5.957251] random: udevadm: uninitialized urandom read (16 bytes read, 3 bits of entropy available)
[    5.957300] random: udevadm: uninitialized urandom read (16 bytes read, 3 bits of entropy available)
[    5.957350] random: udevadm: uninitialized urandom read (16 bytes read, 3 bits of entropy available)
[    5.957396] random: udevadm: uninitialized urandom read (16 bytes read, 3 bits of entropy available)
[    5.957442] random: udevadm: uninitialized urandom read (16 bytes read, 3 bits of entropy available)
[    6.102531] e1000: Intel(R) PRO/1000 Network Driver - version 7.3.21-k8-NAPI
[    6.105145] e1000: Copyright (c) 1999-2006 Intel Corporation.
[    6.113867] Fusion MPT base driver 3.04.20
[    6.116987] Copyright (c) 1999-2008 LSI Corporation
[    6.126356] Fusion MPT SPI Host driver 3.04.20
[    6.135555] AVX version of gcm_enc/dec engaged.
[    6.276712] AES CTR mode by8 optimization enabled
[    6.317723] input: ImExPS/2 Generic Explorer Mouse as /devices/platform/i8042/serio1/input/input4
[    6.606871] e1000 0000:00:03.0 eth0: (PCI:33MHz:32-bit) 02:f0:75:3d:64:90
[    6.613637] e1000 0000:00:03.0 eth0: Intel(R) PRO/1000 Network Connection
[    6.957150] e1000 0000:00:08.0 eth1: (PCI:33MHz:32-bit) 08:00:27:ae:ad:81
[    6.964683] e1000 0000:00:08.0 eth1: Intel(R) PRO/1000 Network Connection
[    7.307137] e1000 0000:00:09.0 eth2: (PCI:33MHz:32-bit) 08:00:27:7a:1c:c9
[    7.313447] e1000 0000:00:09.0 eth2: Intel(R) PRO/1000 Network Connection
[    7.315674] e1000 0000:00:08.0 enp0s8: renamed from eth1
[    7.357844] mptbase: ioc0: Initiating bringup
[    7.372071] e1000 0000:00:09.0 enp0s9: renamed from eth2
[    7.415906] e1000 0000:00:03.0 enp0s3: renamed from eth0
[    7.451999] ioc0: LSI53C1030 A0: Capabilities={Initiator}
[    7.898010] scsi host2: ioc0: LSI53C1030 A0, FwRev=00000000h, Ports=1, MaxQ=256, IRQ=20
[    8.028165] scsi 2:0:0:0: Direct-Access     VBOX     HARDDISK         1.0  PQ: 0 ANSI: 5
[    8.042040] scsi target2:0:0: Beginning Domain Validation
[    8.043386] scsi target2:0:0: Domain Validation skipping write tests
[    8.044305] scsi target2:0:0: Ending Domain Validation
[    8.045089] scsi target2:0:0: asynchronous
[    8.046020] scsi 2:0:1:0: Direct-Access     VBOX     HARDDISK         1.0  PQ: 0 ANSI: 5
[    8.047264] scsi target2:0:1: Beginning Domain Validation
[    8.048648] scsi target2:0:1: Domain Validation skipping write tests
[    8.049523] scsi target2:0:1: Ending Domain Validation
[    8.050314] scsi target2:0:1: asynchronous
[    8.054844] sd 2:0:0:0: [sda] 20971520 512-byte logical blocks: (10.7 GB/10.0 GiB)
[    8.056156] sd 2:0:0:0: Attached scsi generic sg0 type 0
[    8.057303] sd 2:0:0:0: [sda] Write Protect is off
[    8.058114] sd 2:0:1:0: [sdb] 20480 512-byte logical blocks: (10.5 MB/10.0 MiB)
[    8.059314] sd 2:0:1:0: Attached scsi generic sg1 type 0
[    8.060263] sd 2:0:0:0: [sda] Incomplete mode parameter data
[    8.061093] sd 2:0:0:0: [sda] Assuming drive cache: write through
[    8.062061] sd 2:0:1:0: [sdb] Write Protect is off
[    8.062957] sd 2:0:1:0: [sdb] Incomplete mode parameter data
[    8.063854] sd 2:0:1:0: [sdb] Assuming drive cache: write through
[    8.065577]  sda: sda1
[    8.070037] sd 2:0:1:0: [sdb] Attached SCSI disk
[    8.070746] sd 2:0:0:0: [sda] Attached SCSI disk
[    9.283954] floppy0: no floppy controllers found
Begin: Loading e[   11.053728] md: linear personality registered for level -1
ssential drivers ... [   11.219448] md: multipath personality registered for level -4
[   11.222850] md: raid0 personality registered for level 0
[   11.226618] md: raid1 personality registered for level 1
[   11.305874] raid6: sse2x1   gen() 10909 MB/s
[   11.403769] raid6: sse2x1   xor()  7359 MB/s
[   11.526336] raid6: sse2x2   gen() 12775 MB/s
[   11.666330] raid6: sse2x2   xor()  8541 MB/s
[   11.816343] raid6: sse2x4   gen() 15067 MB/s
[   11.976324] raid6: sse2x4   xor() 10200 MB/s
[   12.000523] raid6: using algorithm sse2x4 gen() 15067 MB/s
[   12.001297] raid6: .... xor() 10200 MB/s, rmw enabled
[   12.002033] raid6: using ssse3x2 recovery algorithm
[   12.004144] xor: automatically using best checksumming function:
[   12.043672]    avx       : 20212.000 MB/sec
[   12.170212] async_tx: api initialized (async)
[   12.254958] md: raid6 personality registered for level 6
[   12.281298] md: raid5 personality registered for level 5
[   12.282061] md: raid4 personality registered for level 4
[   12.287221] md: raid10 personality registered for level 10
done.
Begin: Running /scripts/init-premount ... done.
Begin: Mounting root file system ... Begin: Running /scripts/local-top ... done.
Begin: Running /scripts/local-premount ... [   12.371742] Btrfs loaded
Scanning for Btrfs filesystems
done.
Warning: fsck not present, so sk[   12.418388] EXT4-fs (sda1): mounted filesystem with ordered data mode. Opts: (null)
ipping root file system
done.
Begin: Running /scripts/local-bottom ... done.
Begin: Running /scripts/init-bottom ... Warning: overlayroot: debug is busted
done.
[   12.529317] systemd[1]: systemd 229 running in system mode. (+PAM +AUDIT +SELINUX +IMA +APPARMOR +SMACK +SYSVINIT +UTMP +LIBCRYPTSETUP +GCRYPT +GNUTLS +ACL +XZ -LZ4 +SECCOMP +BLKID +ELFUTILS +KMOD -IDN)
[   12.538986] systemd[1]: Detected virtualization oracle.
[   12.539799] systemd[1]: Detected architecture x86-64.

Welcome to [1mUbuntu 16.04.1 LTS[0m!

[   12.560339] systemd[1]  Set hostname to <ubuntu>.
[   12.837791] systemd[1]: Initializing machine ID from random generator.
[   12.952183] systemd[1]: Installed transient /etc/machine-id file.
[   13.097772] systemd[1]: Reached target User and Group Name Lookups.
[[0;32m  OK  [0m] Reached target User and Group Name Lookups.
[   13.139654] systemd[1]: Listening on Syslog Socket.
[[0;32m  OK  [0m] Listening on Syslog Socket.
[   13.141203] systemd[1]: Listening on udev Control Socket.
[[0;32m  OK  [0m] Listening on udev Control Socket.
[   13.142689] systemd[1]: Reached target Encrypted Volumes.
[[0;32m  OK  [0m] Reached target Encrypted Volumes.
[   13.144285] systemd[1]: Listening on Device-mapper event daemon FIFOs.
[[0;32m  OK  [0m] Listening on Device-mapper event daemon FIFOs.
[   13.146079] systemd[1]: Listening on LVM2 metadata daemon socket.
[[0;32m  OK  [0m] Listening on LVM2 metadata daemon socket.
[   13.150501] systemd[1]: Listening on Journal Socket (/dev/log).
[[0;32m  OK  [0m] Listening on Journal Socket (/dev/log).
[   13.152088] systemd[1]: Listening on LVM2 poll daemon socket.
[[0;32m  OK  [0m] Listening on LVM2 poll daemon socket.
[   13.153953] systemd[1]: Created slice System Slice.
[[0;32m  OK  [0m] Created slice System Slice.
[   13.155657] systemd[1]: Created slice system-serial\x2dgetty.slice.
[[0;32m  OK  [0m] Created slice system-serial\x2dgetty.slice.
[   13.157473] systemd[1]: Reached target Swap.
[[0;32m  OK  [0m] Reached target Swap.
[   13.158874] systemd[1]: Listening on Journal Socket.
[[0;32m  OK  [0m] Listening on Journal Socket.
[   33.171801] systemd[1]: Starting Nameserver information manager...
         Starting Nameserver information manager...
[   13.259608] systemd[1]: Starting Load Kernel Modules...
[   13.267268] Loading iSCSI transport class v2.0-870.
         Starting Load Kernel Modules...
[   13.269239] systemd[1]: Starting Create list of required static device nodes for the current kernel...
         Starting Create list of required st... nodes for the current kernel...
[   13.283674] systemd[1]: Starting Monitoring of LVM2 mirrors, snapshots etc. using dmeventd or progress polling...
         Startin[   13.289286] iscsi: registered transport (tcp)
g Monitoring of LVM2 mirrors... dmeventd or progress polling...
[   13.311589] systemd[1]: Starting Remount Root and Kernel File Systems...
         Startin[   13.318226] EXT4-fs (sda1): re-mounted. Opts: (null)
g Remount Root a[   13.410581] iscsi: registered transport (iser)
nd Kernel File Systems...
[   13.487832] systemd[1]: Mounting Debug File System...
         Mounting Debug File System...
[   13.490530] systemd[1]: Mounting Huge Pages File System...
         Mounting Huge Pages File System...
[   13.493258] systemd[1]: Mounting POSIX Message Queue File System...
         Mounting POSIX Message Queue File System...
[   13.497112] systemd[1]: Starting Set console keymap...
         Starting Set console keymap...
[   13.499334] systemd[1]: Created slice User and Session Slice.
[[0;32m  OK  [0m] Created slice User and Session Slice.
[   13.517647] systemd[1]: Reached target Slices.
[[0;32m  OK  [0m] Reached target Slices.
[   13.519386] systemd[1]: Listening on udev Kernel Socket.
[[0;32m  OK  [0m] Listening on udev Kernel Socket.
[   13.522601] systemd[1]: Listening on Journal Audit Socket.
[[0;32m  OK  [0m] Listening on Journal Audit Socket.
[   13.525293] systemd[1]: Starting Journal Service...
[   13.530251] random: nonblocking pool is initialized
         Starting Journal Service...
[   13.548733] systemd[1]: Listening on /dev/initctl Compatibility Named Pipe.
[[0;32m  OK  [0m] Listening on /dev/initctl Compatibility Named Pipe.
[   13.551163] systemd[1]: Started Forward Password Requests to Wall Directory Watch.
[[0;32m  OK  [0m] Started Forward Password Requests to Wall Directory Watch.
[   13.576021] systemd[1]: Starting Uncomplicated firewall...
         Starting Uncomplicated firewall...
[   13.727622] systemd[1]: Set up automount Arbitrary Executable File Formats File System Automount Point.
[[0;32m  OK  [0m] Set up automount Arbitrary Executab...ats File System Automount Point.
[   13.732016] systemd[1]: Mounted Debug File System.
[[0;32m  OK  [0m] Mounted Debug File System.
[   13.817902] systemd[1]: Mounted POSIX Message Queue File System.
[[0;32m  OK  [0m] Mounted POSIX Message Queue File System.
[   13.822852] systemd[1]: Mounted Huge Pages File System.
[[0;32m  OK  [0m] Mounted Huge Pages File System.
[   13.824475] systemd[1]: Started Journal Service.
[[0;32m  OK  [0m] Started Journal Service.
[[0;32m  OK  [0m] Started Load Kernel Modules.
[[0;32m  OK  [0m] Started Create list of required sta...ce nodes for the current kernel.
[[0;32m  OK  [0m] Started Remount Root and Kernel File Systems.
[[0;32m  OK  [0m] Started Set console keymap.
[[0;32m  OK  [0m] Started Uncomplicated firewall.
[[0;32m  OK  [0m] Started Nameserver information manager.
[[0;32m  OK  [0m] Started LVM2 metadata daemon.
         Starting udev Coldplug all Devices...
         Starting Load/Save Random Seed...
         Starting Create Static Device Nodes in /dev...
         Mounting FUSE Control File System...
         Starting Apply Kernel Variables...
         Starting Flush Journal to Persistent Storage...
[[0;32m  OK  [0m] Mounted FUSE Control File System.
[[0;32m  OK  [0m] Started Load/Save Random Seed.
[[0;32m  OK  [0m] Started Create Static Device Nodes in /dev.
[[0;32m  OK  [0m] Started Apply Kernel Variables.
[[0;32m  OK  [0m] Started udev Coldplug all Devices.
[[0;32m  OK  [0m] Started Flush Journal to Persistent Storage.
         Starting udev Kernel Device Manager...
[[0;32m  OK  [0m] Started udev Kernel Device Manager.
[[0;32m  OK  [0m] Started Dispatch Password Requests to Console Directory Watch.
[[0;32m  OK  [0m] Found device /dev/ttyS0.
[[0;32m  OK  [0m] Listening on Load/Save RF Kill Switch Status /dev/rfkill Watch.
[[0;32m  OK  [0m] Started Monitoring of LVM2 mirrors,...ng dmeventd or progress polling.
[[0;32m  OK  [0m] Reached target Local File Systems (Pre).
[[0;32m  OK  [0m] Reached target Local File Systems.
         Starting Tell Plymouth To Write Out Runtime Data...
         Starting Commit a transient machine-id on disk...
         Starting Run snappy firstboot setup...
         Starting Initial cloud-init job (pre-networking)...
         Starting Set console font and keymap...
         Starting LSB: AppArmor initialization...
         Starting Create Volatile Files and Directories...
[[0;32m  OK  [0m] Started Tell Plymouth To Write Out Runtime Data.
[[0;32m  OK  [0m] Started Commit a transient machine-id on disk.
[[0;32m  OK  [0m] Started Run snappy firstboot setup.
[[0;32m  OK  [0m] Started Create Volatile Files and Directories.
         Starting Update UTMP about System Boot/Shutdown...
[[0;32m  OK  [0m] Reached target System Time Synchronized.
[[0;32m  OK  [0m] Started Update UTMP about System Boot/Shutdown.
[[0;32m  OK  [0m] Started Set console font and keymap.
[[0;32m  OK  [0m] Created slice system-getty.slice.
[[0;32m  OK  [0m] Started LSB: AppArmor initialization.
[[0;32m  OK  [0m] Reached target System Initialization.
[[0;32m  OK  [0m] Listening on D-Bus System Message Bus Socket.
[[0;32m  OK  [0m] Started Trigger resolvconf update for networkd DNS.
[[0;32m  OK  [0m] Listening on UUID daemon activation socket.
[[0;32m  OK  [0m] Started Daily Cleanup of Temporary Directories.
         Starting LXD - unix socket.
[[0;32m  OK  [0m] Listening on ACPID Listen Socket.
         Starting Socket activation for snappy daemon.
[[0;32m  OK  [0m] Started Daily apt activities.
[[0;32m  OK  [0m] Started Timer to automatically refresh installed snaps.
[[0;32m  OK  [0m] Reached target Timers.
[[0;32m  OK  [0m] Started ACPI Events Check.
[[0;32m  OK  [0m] Reached target Paths.
[[0;32m  OK  [0m] Listening on LXD - unix socket.
[[0;32m  OK  [0m] Listening on Socket activation for snappy daemon.
[[0;32m  OK  [0m] Reached target Sockets.
[[0;32m  OK  [0m] Reached target Basic System.
         Starting Accounts Service...
         Starting System Logging Service...
[[0;32m  OK  [0m] Started FUSE filesystem for LXC.
[[0;32m  OK  [0m] Started Deferred execution scheduler.
[[0;32m  OK  [0m] Started ACPI event daemon.
[   13.493418] cloud-init[694]: Cloud-init v. 0.7.8 running 'init-local' at Sun, 20 Nov 2016 04:14:32 +0000. Up 13.17 seconds.
[[0;32m  OK  [0m] Started Regular background program processing daemon.
         Starting Login Service...
[[0;32m  OK  [0m] Started D-Bus System Message Bus.
[[0;32m  OK  [0m] Started Snappy daemon.
         Starting LSB: MD monitoring daemon...
         Starting LSB: Record successful boot for GRUB...
         Starting LXD - container startup/shutdown...
[[0;32m  OK  [0m] Started System Logging Service.
[[0;32m  OK  [0m] Started Initial cloud-init job (pre-networking).
[[0;32m  OK  [0m] Started Login Service.
[[0;32m  OK  [0m] Started LSB: MD monitoring daemon.
[[0;32m  OK  [0m] Started LSB: Record successful boot for GRUB.
         Starting Authenticate and Authorize Users to Run Privileged Tasks...
[[0;32m  OK  [0m] Reached target Network (Pre).
         Starting Raise network interfaces...
[[0;32m  OK  [0m] Started Authenticate and Authorize Users to Run Privileged Tasks.
[[0;32m  OK  [0m] Started LXD - container startup/shutdown.
[[0;32m  OK  [0m] Started Accounts Service.
[[0;32m  OK  [0m] Started Raise network interfaces.
[[0;32m  OK  [0m] Reached target Network.
         Starting Initial cloud-init job (metadata service crawler)...
[   16.037793] cloud-init[1037]: Cloud-init v. 0.7.8 running 'init' at Sun, 20 Nov 2016 04:14:34 +0000. Up 15.36 seconds.
[   16.049165] cloud-init[1037]: ci-info: ++++++++++++++++++++++++++++++++++++++Net device info++++++++++++++++++++++++++++++++++++++
[   16.052490] cloud-init[1037]: ci-info: +--------+-------+----------------------------+---------------+-------+-------------------+
[   16.055545] cloud-init[1037]: ci-info: | Device |   Up  |          Address           |      Mask     | Scope |     Hw-Address    |
[   16.058999] cloud-init[1037]: ci-info: +--------+-------+----------------------------+---------------+-------+-------------------+
[   16.066789] cloud-init[1037]: ci-info: | enp0s3 |  True |         10.0.2.15          | 255.255.255.0 |   .   | 02:f0:75:3d:64:90 |
[   16.072032] cloud-init[1037]: ci-info: | enp0s3 |  True | fe80::f0:75ff:fe3d:6490/64 |       .       |  link | 02:f0:75:3d:64:90 |
[   16.073726] cloud-init[1037]: ci-info: | enp0s9 | False |             .              |       .       |   .   | 08:00:27:7a:1c:c9 |
[   16.076506] cloud-init[1037]: ci-info: | enp0s8 | False |             .              |       .       |   .   | 08:00:27:ae:ad:81 |
[   16.078104] cloud-init[1037]: ci-info: |   lo   |  True |         127.0.0.1          |   255.0.0.0   |   .   |         .         |
[   16.104442] cloud-init[1037]: ci-info: |   lo   |  True |          ::1/128           |       .       |  host |         .         |
[[0;32m  OK  [0m] Started Initial cloud-init job (metadata service crawler).
[   16.104663] cloud-init[1037]: ci-info: +--------+-------+----------------------------+---------------+-------+-------------------+
[   16.128857] cloud-init[1037]: ci-info: +++++++++++++++++++++++++++Route IPv4 info++++++++++++++++++++++++++++
[   16.129061] cloud-init[1037]: ci-info: +-------+-------------+----------+---------------+-----------+-------+
[[0;32m  OK  [0m] Reached target Cloud-config availability.
[   16.129146] cloud-init[1037]: ci-info: | Route | Destination | Gateway  |    Genmask    | Interface | Flags |
[   16.136989] cloud-init[1037]: ci-info: +-------+-------------+----------+---------------+-----------+-------+
[   16.137237] cloud-init[1037]: ci-info: |   0   |   0.0.0.0   | 10.0.2.2 |    0.0.0.0    |   enp0s3  |   UG  |
[[0;32m  OK  [0m] Reached target Network is Online.
[   16.137321] cloud-init[1037]: ci-info: |   1   |   10.0.2.0  | 0.0.0.0  | 255.255.255.0 |   enp0s3  |   U   |
[   16.200245]          cloud-initStarting Pollinate to seed the pseudo random number generator...[1037]: 
ci-info: +-------+-------------+----------+---------------+-----------+-------+
         Starting Apply the settings specified in cloud-config...
[   16.249475] cloud-init[1037]: Generating public/private rsa key pair.
[   16.302994] cloud-init[1037]: Your identification has been saved in /etc/ssh/ssh_host_rsa_key.
         Starting iSCSI initiator daemon (iscsid)...
         Starting /etc/rc.local Compatibility...
[[0;32m  OK  [0m] Started /etc/rc.local Compatibility.
[[0;32m  OK  [0m] Started iSCSI initiator daemon (iscsid).
[   16.308672] cloud-init[1037]: Your public key has been saved in /etc/ssh/ssh_host_rsa_key.pub.
[   16.344044] cloud-init[1037]: The key fingerprint is:
         Starting Login to default iSCSI targets...
[   16.347651] cloud-init[1037]: SHA256:T14/Cot2A0wB0bh39cmhlYNRfM2J6PCZn4ZrG2WADgk root@ubuntu-xenial
[[0;32m  OK  [0m] Started Login to default iSCSI targets.
[[0;32m  OK  [0m] Reached target Remote File Systems (Pre).
[[0;32m  OK  [0m] Reached target Remote File Systems.
[   16.409902] cloud-init[1037]: The key's randomart image is:
[   16.528704]          cloud-initStarting LSB: daemon to balance interrupts for SMP systems...[1037]: 
+---[RSA 2048]----+
[   16.592123]          cloud-initStarting LSB: VirtualBox Linux Additions...[1037]: 
|     Eo=    o=ooo|
[   16.594464] cloud-init[1037]: |      o +...o.*.+|
[   16.596412] cloud-init[1037]: |       + o+oo= = |
[   16.598892] cloud-init[1037]: |      . = .=o +  |
         Starting LSB: automatic crash report generation...
[   16.601831] cloud-init[1037]: |       +So. +o.  |
[   16.605231]          cloud-initStarting Permit User Sessions...[1037]: 
|        o+ oo=   |
[   16.609662]          cloud-initStarting LSB: Set the CPU Frequency Scaling governor to "ondemand"...[1037]: 
|         .+.o o  |
[   16.619096] [cloud-init[0;32m  OK  [0m[1037]: ] |        ..o=.. . |Started Permit User Sessions.

[   16.619358] cloud-init[1037]: |       ...ooo    |
[   16.625082] cloud-init[1037]: +----[SHA256]-----+
[   16.629200] cloud-init[1037]: Generating public/private dsa key pair.
[   16.631509] cloud-init[1037]: Your identification has been saved in /etc/ssh/ssh_host_dsa_key.
[   16.633892] cloud-init[1037]: Your public key has been saved in /etc/ssh/ssh_host_dsa_key.pub.
[   16.662824]          cloud-initStarting Terminate Plymouth Boot Screen...[1037]: 
The key fingerprint is:
[   16.665648]          cloud-initStarting Hold until boot process finishes up...[1037]: 
SHA256:REXT42ieGqiig9WokUW1+QIx/kGCDUpX6ahhEtcRIYg root@ubuntu-xenial
[[0;32m  OK  [0m] Started LSB: daemon to balance interrupts for SMP systems.
[[0;32m  OK  [0m] Started LSB: VirtualBox Linux Additions.
[[0;32m  OK  [0m] Started LSB: automatic crash report generation.
[[0;32m  OK  [0m] Started LSB: Set the CPU Frequency Scaling governor to "ondemand".
[[0;32m  OK  [0m] Started Terminate Plymouth Boot Screen.
[[0;32m  OK  [0m] Started Hold until boot process finishes up.
[   16.675200] cloud-init[1037]: The key's randomart image is:
[   16.720961] cloud-init[1037]: +---[DSA 1024]----+
[   16.725535] cloud-init[1037]: |o*=+B=. .o+.     |
         Starting Set console scheme...
[[0;32m  OK  [0m] Started Getty on tty1.
[   16.742994] cloud-init[1037]: |E.=*.+ .   .o    |
[   16.747327] [cloud-init[0;32m  OK  [0m[1037]: ] |.+o *   .  o .   |Started Serial Getty on ttyS0.

[   16.747659] [cloud-init[0;32m  OK  [0m[1037]: ] |.o.+ + .  o .    |Reached target Login Prompts.

[   16.754142] [cloud-init[0;32m  OK  [0m[1037]: ] |ooooo ..So .     |Started Set console scheme.

[   16.754491] cloud-init[1037]: |o.o ... . o      |
[   16.759691] cloud-init[1037]: |.+   .   o       |
[   16.761537] cloud-init[1037]: |+ . .   .        |
[   16.763327] cloud-init[1037]: |.o .             |
[   16.765152] cloud-init[1037]: +----[SHA256]-----+
[   16.812211] cloud-init[1037]: Generating public/private ecdsa key pair.
[   16.815266] cloud-init[1037]: Your identification has been saved in /etc/ssh/ssh_host_ecdsa_key.
[   16.816535] cloud-init[1037]: Your public key has been saved in /etc/ssh/ssh_host_ecdsa_key.pub.
[   16.817778] cloud-init[1037]: The key fingerprint is:
[   16.833179] cloud-init[1037]: SHA256:LeoCMNDNQa2nVnL2XhyeFSwAKALmOaH69xzWWqnaUj4 root@ubuntu-xenial
[   16.834493] cloud-init[1037]: The key's randomart image is:
[   16.835401] cloud-init[1037]: +---[ECDSA 256]---+
[   16.836234] cloud-init[1037]: |o+ +o+.... .     |
[   16.837071] cloud-init[1037]: |* = + .   . o    |
[   16.837902] cloud-init[1037]: |o= . .     . .   |
[   16.838767] cloud-init[1037]: |+ . o =  .. .    |
[   16.842803] cloud-init[1037]: |.o   B .So.+     |
[   16.876822] cloud-init[1037]: | .. o .o.o=      |
[   16.883191] cloud-init[1037]: |  .o.o+.+.       |
[   16.884152] cloud-init[1037]: |   .o*E=.        |
[   16.884980] cloud-init[1037]: |    .+B.         |
[   16.885790] cloud-init[1037]: +----[SHA256]-----+
[   16.886606] cloud-init[1037]: Generating public/private ed25519 key pair.
[   16.887616] cloud-init[1037]: Your identification has been saved in /etc/ssh/ssh_host_ed25519_key.
[   16.888851] cloud-init[1037]: Your public key has been saved in /etc/ssh/ssh_host_ed25519_key.pub.
[   16.890110] cloud-init[1037]: The key fingerprint is:
[   16.890985] cloud-init[1037]: SHA256:6aa7Ev2nlWx9YeSBpAJcjjNoR2Lr6uowSPYlDyEddNo root@ubuntu-xenial
[   16.892300] cloud-init[1037]: The key's randomart image is:
[   16.893219] cloud-init[1037]: +--[ED25519 256]--+
[   16.894053] cloud-init[1037]: |  .oooo..   .    |
[   16.932383] cloud-init[1037]: |  ..==.+   o .   |
[   16.948316] cloud-init[1037]: | . ++E= o . . o  |
[   16.964009] cloud-init[1037]: |  .o.. o o   o . |
[   16.966803] cloud-init[1037]: | o o.o  S     +  |
[   16.976186] cloud-init[1037]: |+ ..* .. . o . . |
[   16.977093] cloud-init[1037]: |+ .. o .o = . .  |
[   16.984397] cloud-init[1037]: |.o  .  o.o.  .   |
[   17.001449] cloud-init[1037]: |oo.  .+o.o       |
[   17.003779] cloud-init[1037]: +----[SHA256]-----+
[   17.008772] cloud-init[1143]: Generating locales (this might take a while)...
[[0;32m  OK  [0m] Started Pollinate to seed the pseudo random number generator.
         Starting OpenBSD Secure Shell server...
[[0;32m  OK  [0m] Started OpenBSD Secure Shell server.
[[0;32m  OK  [0m] Reached target Multi-User System.
[   17.357940] cloud-init[1143]:   en_US.UTF-8... done
         Starting Notify bootloader that boot was successful...
[[0;32m  OK  [0m] Reached target Graphical Interface.
[   17.421954]          cloud-initStarting Update UTMP about System Runlevel Changes...[1143]: 
Generation complete.
[[0;32m  OK  [0m] Started Notify bootloader that boot was successful.
[[0;32m  OK  [0m] Started Update UTMP about System Runlevel Changes.
         Stopping OpenBSD Secure Shell server...
[[0;32m  OK  [0m] Stopped OpenBSD Secure Shell server.
         Starting OpenBSD Secure Shell server...
[[0;32m  OK  [0m] Started OpenBSD Secure Shell server.
[[0;32m  OK  [0m] Created slice User Slice of ubuntu.
         Starting User Manager for UID 1000...
[[0;32m  OK  [0m] Started Session 1 of user ubuntu.
[[0;32m  OK  [0m] Started User Manager for UID 1000.
[   17.914231] cloud-init[1143]: Cloud-init v. 0.7.8 running 'modules:config' at Sun, 20 Nov 2016 04:14:35 +0000. Up 16.48 seconds.
[[0;32m  OK  [0m] Started Apply the settings specified in cloud-config.
         Starting Execute cloud user/final scripts...
ci-info: no authorized ssh keys fingerprints found for user ubuntu.
<14>Nov 20 04:14:37 ec2: 
<14>Nov 20 04:14:37 ec2: #############################################################
<14>Nov 20 04:14:37 ec2: -----BEGIN SSH HOST KEY FINGERPRINTS-----
<14>Nov 20 04:14:37 ec2: 1024 SHA256:REXT42ieGqiig9WokUW1+QIx/kGCDUpX6ahhEtcRIYg root@ubuntu-xenial (DSA)
<14>Nov 20 04:14:37 ec2: 256 SHA256:LeoCMNDNQa2nVnL2XhyeFSwAKALmOaH69xzWWqnaUj4 root@ubuntu-xenial (ECDSA)
<14>Nov 20 04:14:37 ec2: 256 SHA256:6aa7Ev2nlWx9YeSBpAJcjjNoR2Lr6uowSPYlDyEddNo root@ubuntu-xenial (ED25519)
<14>Nov 20 04:14:37 ec2: 2048 SHA256:T14/Cot2A0wB0bh39cmhlYNRfM2J6PCZn4ZrG2WADgk root@ubuntu-xenial (RSA)
<14>Nov 20 04:14:37 ec2: -----END SSH HOST KEY FINGERPRINTS-----
<14>Nov 20 04:14:37 ec2: #############################################################
-----BEGIN SSH HOST KEY KEYS-----
ecdsa-sha2-nistp256 AAAAE2VjZHNhLXNoYTItbmlzdHAyNTYAAAAIbmlzdHAyNTYAAABBBBDBaWU0qIqydTV9v1Pb+3dD36YDDa23sIAo4Ec4bVV7dk+8FIpuLap7tEadh57zDVuzE9MGDlE8TH9AB+BlJOI= root@ubuntu-xenial
ssh-ed25519 AAAAC3NzaC1lZDI1NTE5AAAAIFSGInAujJuTij7Is8PO1wfC0zZUfdyJt01Wh/wFdjKx root@ubuntu-xenial
ssh-rsa AAAAB3NzaC1yc2EAAAADAQABAAABAQDEEHfT3UZEosjIR6toCnfznkJRhP5ZZauiYtZ4CxpOzYrE1g8wILlQTytgtkHU7/T6zpH1KmPcZzqnjQyZlOmtBXagUka5f4sefksRRWxz0FIhnZyCWnYUrA8SQZAF5I3SuS6gfMT2zumd/KA5TEVAaSFe+ZgF0txQy+RMk+/ZI71lD6b0ea06yhOof4Caxti4mpyZOR+cIUcnLWo+2Qh/JkyM1UbcGmCOX8gqZVH9uMSUsdOC3cIN4FB9/YqnqB+nN0YT8fKjZUVVnu9FfvKnOoG6/pDwc+/GGVqbU/mgFe4SOMnIaSefsJmptFCxolaPtfuW1gVfQSJXoUCF3Sw3 root@ubuntu-xenial
-----END SSH HOST KEY KEYS-----
[   18.744983] cloud-init[1354]: Cloud-init v. 0.7.8 running 'modules:final' at Sun, 20 Nov 2016 04:14:37 +0000. Up 18.32 seconds.
[[0;32m  OK  [0m] Started Execute cloud user/final scripts.
[[0;32m  OK  [0m] Reached target Cloud-init target.
[   18.792758] [   18.798775] cloud-init[1354]: Cloud-init v. 0.7.8 finished at Sun, 20 Nov 2016 04:14:37 +0000. Datasource DataSourceNoCloud [seed=/dev/sdb][dsmode=net].  Up 18.72 seconds

Ubuntu 16.04.1 LTS ubuntu-xenial ttyS0

ubuntu-xenial login: 