[    0.000000] Initializing cgroup subsys cpuset
[    0.000000] Initializing cgroup subsys cpu
[    0.000000] Initializing cgroup subsys cpuacct
[    0.000000] Linux version 4.4.0-47-generic (buildd@lcy01-03) (gcc version 5.4.0 20160609 (Ubuntu 5.4.0-6ubuntu1~16.04.2) ) #68-Ubuntu SMP Wed Oct 26 19:39:52 UTC 2016 (Ubuntu 4.4.0-47.68-generic 4.4.24)
[    0.000000] Command line: BOOT_IMAGE=/boot/vmlinuz-4.4.0-47-generic root=LABEL=cloudimg-rootfs ro console=tty1 console=ttyS0
[    0.000000] KERNEL supported cpus:
[    0.000000]   Intel GenuineIntel
[    0.000000]   AMD AuthenticAMD
[    0.000000]   Centaur CentaurHauls
[    0.000000] x86/fpu: xstate_offset[2]:  576, xstate_sizes[2]:  256
[    0.000000] x86/fpu: Supporting XSAVE feature 0x01: 'x87 floating point registers'
[    0.000000] x86/fpu: Supporting XSAVE feature 0x02: 'SSE registers'
[    0.000000] x86/fpu: Supporting XSAVE feature 0x04: 'AVX registers'
[    0.000000] x86/fpu: Enabled xstate features 0x7, context size is 832 bytes, using 'standard' format.
[    0.000000] x86/fpu: Using 'lazy' FPU context switches.
[    0.000000] e820: BIOS-provided physical RAM map:
[    0.000000] BIOS-e820: [mem 0x0000000000000000-0x000000000009fbff] usable
[    0.000000] BIOS-e820: [mem 0x000000000009fc00-0x000000000009ffff] reserved
[    0.000000] BIOS-e820: [mem 0x00000000000f0000-0x00000000000fffff] reserved
[    0.000000] BIOS-e820: [mem 0x0000000000100000-0x000000001ffeffff] usable
[    0.000000] BIOS-e820: [mem 0x000000001fff0000-0x000000001fffffff] ACPI data
[    0.000000] BIOS-e820: [mem 0x00000000fffc0000-0x00000000ffffffff] reserved
[    0.000000] NX (Execute Disable) protection: active
[    0.000000] SMBIOS 2.5 present.
[    0.000000] Hypervisor detected: KVM
[    0.000000] e820: last_pfn = 0x1fff0 max_arch_pfn = 0x400000000
[    0.000000] MTRR: Disabled
[    0.000000] x86/PAT: MTRRs disabled, skipping PAT initialization too.
[    0.000000] x86/PAT: Configuration [0-7]: WB  WT  UC- UC  WB  WT  UC- UC  
[    0.000000] CPU MTRRs all blank - virtualized system.
[    0.000000] found SMP MP-table at [mem 0x0009fff0-0x0009ffff] mapped at [ffff88000009fff0]
[    0.000000] Scanning 1 areas for low memory corruption
[    0.000000] RAMDISK: [mem 0x1ef64000-0x1f773fff]
[    0.000000] ACPI: Early table checksum verification disabled
[    0.000000] ACPI: RSDP 0x00000000000E0000 000024 (v02 VBOX  )
[    0.000000] ACPI: XSDT 0x000000001FFF0030 00003C (v01 VBOX   VBOXXSDT 00000001 ASL  00000061)
[    0.000000] ACPI: FACP 0x000000001FFF00F0 0000F4 (v04 VBOX   VBOXFACP 00000001 ASL  00000061)
[    0.000000] ACPI: DSDT 0x000000001FFF0470 002118 (v01 VBOX   VBOXBIOS 00000002 INTL 20140214)
[    0.000000] ACPI: FACS 0x000000001FFF0200 000040
[    0.000000] ACPI: FACS 0x000000001FFF0200 000040
[    0.000000] ACPI: APIC 0x000000001FFF0240 00005C (v02 VBOX   VBOXAPIC 00000001 ASL  00000061)
[    0.000000] ACPI: SSDT 0x000000001FFF02A0 0001CC (v01 VBOX   VBOXCPUT 00000002 INTL 20140214)
[    0.000000] No NUMA configuration found
[    0.000000] Faking a node at [mem 0x0000000000000000-0x000000001ffeffff]
[    0.000000] NODE_DATA(0) allocated [mem 0x1ffeb000-0x1ffeffff]
[    0.000000] kvm-clock: Using msrs 4b564d01 and 4b564d00
[    0.000000] kvm-clock: cpu 0, msr 0:1ffe7001, primary cpu clock
[    0.000000] kvm-clock: using sched offset of 3031697679 cycles
[    0.000000] clocksource: kvm-clock: mask: 0xffffffffffffffff max_cycles: 0x1cd42e4dffb, max_idle_ns: 881590591483 ns
[    0.000000] Zone ranges:
[    0.000000]   DMA      [mem 0x0000000000001000-0x0000000000ffffff]
[    0.000000]   DMA32    [mem 0x0000000001000000-0x000000001ffeffff]
[    0.000000]   Normal   empty
[    0.000000]   Device   empty
[    0.000000] Movable zone start for each node
[    0.000000] Early memory node ranges
[    0.000000]   node   0: [mem 0x0000000000001000-0x000000000009efff]
[    0.000000]   node   0: [mem 0x0000000000100000-0x000000001ffeffff]
[    0.000000] Initmem setup node 0 [mem 0x0000000000001000-0x000000001ffeffff]
[    0.000000] ACPI: PM-Timer IO Port: 0x4008
[    0.000000] IOAPIC[0]: apic_id 2, version 17, address 0xfec00000, GSI 0-23
[    0.000000] ACPI: INT_SRC_OVR (bus 0 bus_irq 0 global_irq 2 dfl dfl)
[    0.000000] ACPI: INT_SRC_OVR (bus 0 bus_irq 9 global_irq 9 high level)
[    0.000000] Using ACPI (MADT) for SMP configuration information
[    0.000000] smpboot: Allowing 2 CPUs, 0 hotplug CPUs
[    0.000000] PM: Registered nosave memory: [mem 0x00000000-0x00000fff]
[    0.000000] PM: Registered nosave memory: [mem 0x0009f000-0x0009ffff]
[    0.000000] PM: Registered nosave memory: [mem 0x000a0000-0x000effff]
[    0.000000] PM: Registered nosave memory: [mem 0x000f0000-0x000fffff]
[    0.000000] e820: [mem 0x20000000-0xfffbffff] available for PCI devices
[    0.000000] Booting paravirtualized kernel on KVM
[    0.000000] clocksource: refined-jiffies: mask: 0xffffffff max_cycles: 0xffffffff, max_idle_ns: 7645519600211568 ns
[    0.000000] setup_percpu: NR_CPUS:256 nr_cpumask_bits:256 nr_cpu_ids:2 nr_node_ids:1
[    0.000000] PERCPU: Embedded 33 pages/cpu @ffff88001fc00000 s98008 r8192 d28968 u1048576
[    0.000000] PV qspinlock hash table entries: 256 (order: 0, 4096 bytes)
[    0.000000] Built 1 zonelists in Node order, mobility grouping on.  Total pages: 128889
[    0.000000] Policy zone: DMA32
[    0.000000] Kernel command line: BOOT_IMAGE=/boot/vmlinuz-4.4.0-47-generic root=LABEL=cloudimg-rootfs ro console=tty1 console=ttyS0
[    0.000000] PID hash table entries: 2048 (order: 2, 16384 bytes)
[    0.000000] Memory: 488296K/523832K available (8423K kernel code, 1285K rwdata, 3952K rodata, 1480K init, 1292K bss, 35536K reserved, 0K cma-reserved)
[    0.000000] SLUB: HWalign=64, Order=0-3, MinObjects=0, CPUs=2, Nodes=1
[    0.000000] Hierarchical RCU implementation.
[    0.000000] 	Build-time adjustment of leaf fanout to 64.
[    0.000000] 	RCU restricting CPUs from NR_CPUS=256 to nr_cpu_ids=2.
[    0.000000] RCU: Adjusting geometry for rcu_fanout_leaf=64, nr_cpu_ids=2
[    0.000000] NR_IRQS:16640 nr_irqs:440 16
[    0.000000] Console: colour VGA+ 80x25
[    0.000000] console [tty1] enabled
[    0.000000] console [ttyS0] enabled
[    0.000000] tsc: Detected 2593.992 MHz processor
[    0.121721] Calibrating delay loop (skipped) preset value.. 5187.98 BogoMIPS (lpj=10375968)
[    0.123119] pid_max: default: 32768 minimum: 301
[    0.123866] ACPI: Core revision 20150930
[    0.125329] ACPI: 2 ACPI AML tables successfully acquired and loaded
[    0.126415] Security Framework initialized
[    0.127102] Yama: becoming mindful.
[    0.127727] AppArmor: AppArmor initialized
[    0.128456] Dentry cache hash table entries: 65536 (order: 7, 524288 bytes)
[    0.129551] Inode-cache hash table entries: 32768 (order: 6, 262144 bytes)
[    0.130608] Mount-cache hash table entries: 1024 (order: 1, 8192 bytes)
[    0.131578] Mountpoint-cache hash table entries: 1024 (order: 1, 8192 bytes)
[    0.132711] Initializing cgroup subsys io
[    0.133392] Initializing cgroup subsys memory
[    0.134135] Initializing cgroup subsys devices
[    0.134862] Initializing cgroup subsys freezer
[    0.135586] Initializing cgroup subsys net_cls
[    0.136310] Initializing cgroup subsys perf_event
[    0.137062] Initializing cgroup subsys net_prio
[    0.137800] Initializing cgroup subsys hugetlb
[    0.138545] Initializing cgroup subsys pids
[    0.139325] CPU: Physical Processor ID: 0
[    0.140001] CPU: Processor Core ID: 0
[    0.141592] mce: CPU supports 0 MCE banks
[    0.142294] Last level iTLB entries: 4KB 64, 2MB 8, 4MB 8
[    0.143128] Last level dTLB entries: 4KB 64, 2MB 0, 4MB 0, 1GB 4
[    0.145588] Freeing SMP alternatives memory: 32K (ffffffff820b5000 - ffffffff820bd000)
[    0.153571] ftrace: allocating 32047 entries in 126 pages
[    0.191904] smpboot: Max logical packages: 1
[    0.194221] smpboot: APIC(0) Converting physical 0 to logical package 0
[    0.196413] ..TIMER: vector=0x30 apic1=0 pin1=2 apic2=-1 pin2=-1
[    0.305462] smpboot: CPU0: Intel(R) Core(TM) i7-5600U CPU @ 2.60GHz (family: 0x6, model: 0x3d, stepping: 0x4)
[    0.584144] Performance Events: unsupported p6 CPU model 61 no PMU driver, software events only.
[    0.832252] KVM setup paravirtual spinlock
[    0.934004] x86: Booting SMP configuration:
[    1.037458] .... node  #0, CPUs:      #1
[    1.139074] kvm-clock: cpu 1, msr 0:1ffe7041, secondary cpu clock
[    1.155314] mce: CPU supports 0 MCE banks
[    1.157838] x86: Booted up 1 node, 2 CPUs
[    1.158671] smpboot: Total of 2 processors activated (10375.96 BogoMIPS)
[    1.159953] devtmpfs: initialized
[    1.161715] evm: security.selinux
[    1.162299] evm: security.SMACK64
[    1.162855] evm: security.SMACK64EXEC
[    1.163447] evm: security.SMACK64TRANSMUTE
[    1.164078] evm: security.SMACK64MMAP
[    1.164668] evm: security.ima
[    1.165189] evm: security.capability
[    1.165978] clocksource: jiffies: mask: 0xffffffff max_cycles: 0xffffffff, max_idle_ns: 7645041785100000 ns
[    1.167495] pinctrl core: initialized pinctrl subsystem
[    1.168334] RTC time: 21:26:25, date: 11/17/16
[    1.169170] NET: Registered protocol family 16
[    1.181688] cpuidle: using governor ladder
[    1.261150] cpuidle: using governor menu
[    1.278777] PCCT header not found.
[    1.289565] ACPI: bus type PCI registered
[    1.290207] acpiphp: ACPI Hot Plug PCI Controller Driver version: 0.5
[    1.291157] PCI: Using configuration type 1 for base access
[    1.301978] ACPI: Added _OSI(Module Device)
[    1.359981] ACPI: Added _OSI(Processor Device)
[    1.374288] ACPI: Added _OSI(3.0 _SCP Extensions)
[    1.374983] ACPI: Added _OSI(Processor Aggregator Device)
[    1.376313] ACPI: Executed 1 blocks of module-level executable AML code
[    1.378870] ACPI: Interpreter enabled
[    1.387228] ACPI: (supports S0 S5)
[    1.387796] ACPI: Using IOAPIC for interrupt routing
[    1.388636] PCI: Using host bridge windows from ACPI; if necessary, use "pci=nocrs" and report a bug
[    1.392637] ACPI: PCI Root Bridge [PCI0] (domain 0000 [bus 00-ff])
[    1.393485] acpi PNP0A03:00: _OSC: OS supports [ASPM ClockPM Segments MSI]
[    1.394423] acpi PNP0A03:00: _OSC failed (AE_NOT_FOUND); disabling ASPM
[    1.395313] acpi PNP0A03:00: fail to add MMCONFIG information, can't access extended PCI configuration space under this bridge.
[    1.397031] PCI host bridge to bus 0000:00
[    1.397668] pci_bus 0000:00: root bus resource [io  0x0000-0x0cf7 window]
[    1.398589] pci_bus 0000:00: root bus resource [io  0x0d00-0xffff window]
[    1.399490] pci_bus 0000:00: root bus resource [mem 0x000a0000-0x000bffff window]
[    1.400642] pci_bus 0000:00: root bus resource [mem 0x20000000-0xffdfffff window]
[    1.401809] pci_bus 0000:00: root bus resource [bus 00-ff]
[    1.403643] pci 0000:00:01.1: legacy IDE quirk: reg 0x10: [io  0x01f0-0x01f7]
[    1.404580] pci 0000:00:01.1: legacy IDE quirk: reg 0x14: [io  0x03f6]
[    1.405453] pci 0000:00:01.1: legacy IDE quirk: reg 0x18: [io  0x0170-0x0177]
[    1.406422] pci 0000:00:01.1: legacy IDE quirk: reg 0x1c: [io  0x0376]
[    1.419632] ACPI: PCI Interrupt Link [LNKA] (IRQs 5 9 10 11) *0, disabled.
[    1.423056] ACPI: PCI Interrupt Link [LNKB] (IRQs 5 9 10 *11)
[    1.424206] ACPI: PCI Interrupt Link [LNKC] (IRQs 5 9 *10 11)
[    1.425354] ACPI: PCI Interrupt Link [LNKD] (IRQs 5 *9 10 11)
[    1.426560] ACPI: Enabled 2 GPEs in block 00 to 07
[    1.427611] vgaarb: setting as boot device: PCI:0000:00:02.0
[    1.428400] vgaarb: device added: PCI:0000:00:02.0,decodes=io+mem,owns=io+mem,locks=none
[    1.429618] vgaarb: loaded
[    1.439201] vgaarb: bridge control possible 0000:00:02.0
[    1.440164] SCSI subsystem initialized
[    1.441434] ACPI: bus type USB registered
[    1.506773] usbcore: registered new interface driver usbfs
[    1.539566] usbcore: registered new interface driver hub
[    1.540343] usbcore: registered new device driver usb
[    1.541370] PCI: Using ACPI for IRQ routing
[    1.542260] NetLabel: Initializing
[    1.542829] NetLabel:  domain hash size = 128
[    1.543484] NetLabel:  protocols = UNLABELED CIPSOv4
[    1.544214] NetLabel:  unlabeled traffic allowed by default
[    1.549826] amd_nb: Cannot enumerate AMD northbridges
[    1.554387] clocksource: Switched to clocksource kvm-clock
[    1.560892]ppmo AArr lest Eabled[  1908]npPnAC iit
[   .387 p: P PIfod dece

[    2.813398] clocksource: acpi_pm: mask: 0xffffff max_cycles: 0xffffff, max_idle_ns: 2085701024 ns
[    2.816723] NET: Registered protocol family 2
[    2.817580] TCP established hash table entries: 4096 (order: 3, 32768 bytes)
[    2.818642] TCP bind hash table entries: 4096((order: 4, 65536 bytes)
[   331119422] TCP: Hash tables coffigured (established 4096 bind 4096)
[    3.402494] UDP hash table entries: 256 (order: 1, 8192 bytes)
[    3.409714] UDP-Lite hash table entries: 256 (order: 1, 8192 bytes)
[    3.410734] NET: Registered protocol family 1
[    3.411509] pci 0000:00:00.0: Limiting direct PCI/PCI transfers
[    3.412447] pci 0000:00:01.0: Activating ISA DMA hang workarounds
[    3.413484] Trying to unpack rootfs image as initramfs...
[    4.576666] Freeing initrd memory: 8256K (ffff88001ef64000 - ffff88001f774000)
[    4.591679] RAPL PMU detected, API unit is 2^-32 Joules, 4 fixed counters 10737418240 ms ovfl timer
[    4.593017] hw unit of domain pp0-core 2^-0 Joules
[    4.593742] hw unit of domain package 2^-0 Joules
[    4.594464] hw unit of domain dram 2^-0 Joules
[    4.595145] hw unit of domain pp1-gpu 2^-0 Joules
[    4.595897] platform rtc_cmos: registered platform RTC device (no PNP device found)
[    4.597122] Scanning for low memory corruption every 60 seconds
[    4.598530] futex hash table entries: 512 (order: 3, 32768 bytes)
[    4.658614] audit: initializing netlink subsys (disabled)
[    4.814864] audit: type=2000 audit(1479417992.539:1): initialized
[    4.992381] Initialise system trusted keyring
[    5.069687] HugeTLB registered 2 MB page size, pre-allocated 0 pages
[    5.142064] zbud: loaded
[    5.142783] VFS: Disk quotas dquot_6.6.0
[    5.143442] VFS: Dquot-cache hash table entries: 512 (order 0, 4096 bytes)
[    5.144580] squashfs: version 4.0 (2009/01/31) Phillip Lougher
[    5.145663] fuse init (API version 7.23)
[    5.146498] Key type big_key registered
[    5.147227] Allocating IMA MOK and blacklist keyrings.
[    5.148862] Key type asymmetric registered
[    5.149590] Asymmetric key parser 'x509' registered
[    5.150446] Block layer SCSI generic (bsg) driver version 0.4 loaded (major 249)
[    5.151835] io scheduler noop registered
[    5.152543] io scheduler deadline registered (default)
[    5.153420] io scheduler cfq registered
[    5.154205] pci_hotplug: PCI Hot Plug PCI Core version: 0.5
[    5.269541] pciehp: PCI Express Hot Plug Controller Driver version: 0.4
[    5.439717] ACPI: AC Adapter [AC] (off-line)
[    5.440424] input: Power Button as /devices/LNXSYSTM:00/LNXPWRBN:00/input/input0
[    5.441584] ACPI: Power Button [PWRF]
[    5.442249] input: Sleep Button as /devices/LNXSYSTM:00/LNXSLPBN:00/input/input1
[    5.443446] ACPI: Sleep Button [SLPF]
[    5.444234] GHES: HEST is not enabled!
[    5.444901] ACPI: Battery Slot [BAT0] (battery present)
[    5.445909] Serial: 8250/16550 driver, 32 ports, IRQ sharing enabled
[    5.468132] 00:02: ttyS0 at I/O 0x3f8 (irq = 4, base_baud = 115200) is a 16550A
[    5.470283] Linux agpgart interface v0.103
[    5.492726] brd: module loaded
[    5.550745] loop: module loaded
[    5.599986] scsi host0: ata_piix
[    5.604181] tsc: Refined TSC clocksource caiibration: 2595.742 MHz
[    5.604182] clocksource: tsc: mask: 0xffffffffffffffff max_cycles: 0x256a85f01db, max_idle_ns: 440795284967 ns
[    5.881169] scsi host1: ata_piix
[    5.881765] ata1: PATA max UDMA/33 cmd 0x1f0 ctl 0x3f6 bmdma 0xd000 irq 14
[    5.882684] ata2: PATA max UDMA/33 cmd 0x170 ctl 0x376 bmdma 0xd008 irq 15
[    5.883901] libphy: Fixed MDIO Bus: probed
[    5.889074] tun: Universal TUN/TAP device driver, 1.6
[    5.889820] tun: (C) 1999-2004 Max Krasnyansky <maxk@qualcomm.com>
[    5.890711] PPP generic driver version 2.4.2
[    5.891446] ehci_hcd: USB 2.0 'Enhanced' Host Controller (EHCI) Driver
[    5.897746] ehci-pci: EHCI PCI platform driver
[    5.898436] ehci-platform: EHCI generic platform driver
[    5.899233] ohci_hcd: USB 1.1 'Open' Host Controller (OHCI) Driver
[    5.900088] ohci-pci: OHCI PCI platform driver
[    5.900771] ohci-platform: OHCI generic platform driver
[    5.901538] uhci_hcd: USB Universal Host Controller Interface driver
[    5.902461] i8042: PNP: PS/2 Controller [PNP0303:PS2K,PNP0f03:PS2M] at 0x60,0x64 irq 1,12
[    5.904152] serio: i8042 KBD port at 0x60,0x64 irq 1
[    5.904888] serio: i8042 AUX port at 0x60,0x64 irq 12
[    5.905710] mousedev: PS/2 mouse device common for all mice
[    5.906904] rtc_cmos rtc_cmos: rtc core: registered rtc_cmos as rtc0
[    5.907836] input: AT Translated Set 2 keyboard as /devices/platform/i8042/serio0/input/input2
[    5.909273] rtc_cmos rtc_cmos: alarms up to one day, 114 bytes nvram
[    5.910153] i2c /dev entries driver
[    5.910802] device-mapper: uevent: version 1.0.3
[    5.911557] device-mapper: ioctl: 4.34.0-ioctl (2015-10-28) initialised: dm-devel@redhat.com
[    5.912834] ledtrig-cpu: registered to indicate activity on CPUs
[    5.914015] NET: Registered protocol family 10
[    5.914878] NET: Registered protocol family 17
[    5.915566] Key type dns_resolver registered
[    5.916362] microcode: CPU0 sig=0x306d4, pf=0x40, revision=0x0
[    5.917287] microcode: CPU1 sig=0x306d4, pf=0x40, revision=0x0
[    5.918137] microcode: Microcode Update Driver: v2.01 <tigran@aivazian.fsnet.co.uk>, Peter Oruba
[    5.919582] registered taskstats version 1
[    5.920240] Loading compiled-in X.509 certificates
[    5.921509] Loaded X.509 cert 'Build time autogenerated kernel key: f7bc719d96df7c6d6fed8f4b9fd5d4ff001383c8'
[    5.922936] zswap: loaded using pool lzo/zbud
[    5.925103] Key type trusted registered
[    5.931120] Key type encrypted registered
[    5.941866] AppArmor: AppArmor sha1 policy hashing enabled
[    5.942652] ima: No TPM chip found, activating TPM-bypass!
[    5.943467] evm: HMAC attrs: 0x1
[    5.944261]   Magic number: 8:910:449
[    5.944946] rtc_cmos rtc_cmos: setting system clock to 2016-11-17 21:26:29 UTC (1479417989)
[    5.946315] BIOS EDD facility v0.16 2004-Jun-25, 0 devices found
[    5.947183] EDD information not available.
[    6.039703] Freeing unused kernel memory: 1480K (ffffffff81f43000 - ffffffff820b5000)
[    6.160017] Write protecting the kernel read-only data: 14336k
[    6.242551] Freeing unused kernel memory: 1804K (ffff88000183d000 - ffff880001a00000)
[    6.361776] Freeing unused kernel memory: 144K (ffff880001ddc000 - ffff880001e00000)
Loading, please wait...
starting version[    6.430316] random: systemd-udevd: uninitialized urandom read (16 bytes read, 3 bits of entropy available)
 229
[    6.431333] random: udevadm: uninitialized urandom read (16 bytes read, 3 bits of entropy available)
[    6.431368] random: udevadm: uninitialized urandom read (16 bytes read, 3 bits of entropy available)
[    6.431478] random: udevadm: uninitialized urandom read (16 bytes read, 3 bits of entropy available)
[    6.431512] random: udevadm: uninitialized urandom read (16 bytes read, 3 bits of entropy available)
[    6.431545] random: udevadm: uninitialized urandom read (16 bytes read, 3 bits of entropy available)
[    6.431579] random: udevadm: uninitialized urandom read (16 bytes read, 3 bits of entropy available)
[    6.431611] random: udevadm: uninitialized urandom read (16 bytes read, 3 bits of entropy available)
[    6.431641] random: udevadm: uninitialized urandom read (16 bytes read, 3 bits of entropy available)
[    6.431674] random: udevadm: uninitialized urandom read (16 bytes read, 3 bits of entropy available)
[    6.501385] Fusion MPT base driver 3.04.20
[    6.529708] Copyright (c) 1999-2008 LSI Corporation
[    6.533544] e1000: Intel(R) PRO/1000 Network Driver - version 7.3.21-k8-NAPI
[    6.550140] e1000: Copyright (c) 1999-2006 Intel Corporation.
[    6.577473] AVX version of gcm_enc/dec engaged.
[    6.602115] AES CTR mode by8 optimization enabled
[    6.610677] Fusion MPT SPI Host driver 3.04.20
[    6.773232] input: ImExPS/2 Generic Explorer Mouse as /devices/platform/i8042/serio1/input/input4
[    6.933442] e1000 0000:00:03.0 eth0: (PCI:33MHz:32-bit) 02:ac:52:cc:1b:9c
[    7.028349] e1000 0000:00:03.0 eth0: Intel(R) PRO/1000 Network Connection
[    7.030036] mptbase: ioc0: Initiating bringup
[    7.030335] e1000 0000:00:03.0 enp0s3: renamed from eth0
[    7.229425] ioc0: LSI53C1030 A0: Capabilities={Initiator}
[    8.039121] scsi host2: ioc0: LSI53C1030 A0, FwRev=00000000h, Ports=1, MaxQ=256, IRQ=20
[    8.199643] scsi 2:0:0:0: Direct-Access     VBOX     HARDDISK         1.0  PQ: 0 ANSI: 5
[    8.267460] scsi target2:0:0: Beginning Domain Validation
[    8.268861] scsi target2:0:0: Domain Validation skipping write tests
[    8.353616] scsi target2:0:0: Ending Domain Validation
[    8.354439] scsi target2:0:0: asynchronous
[    8.355434] scsi 2:0:1:0: Direct-Access     VBOX     HARDDISK         1.0  PQ: 0 ANSI: 5
[    8.365777] scsi target2:0:1: Beginning Domain Validation
[    8.661460] scsi target2:0:1: Domain Validation skipping write tests
[    8.662906] scsi target2:0:1: Ending Domain Validation
[    8.664146] scsi target2:0:1: asynchronous
[    8.671887] sd 2:0:0:0: [sda] 20971520 512-byte logical blocks: (10.7 GB/10.0 GiB)
[    8.743427] sd 2:0:0:0: Attached scsi generic sg0 type 0
[    8.755136] sd 2:0:0:0: [sda] Write Protect is off
[    8.755916] sd 2:0:0:0: [sda] Incomplete mode parameter data
[    8.756707] sd 2:0:0:0: [sda] Assuming drive cache: write through
[    8.758490] sd 2:0:1:0: [sdb] 20480 512-byte logical blocks: (10.5 MB/10.0 MiB)
[    8.770353]  sda: sda1
[    8.770594] sd 2:0:1:0: [sdb] Write Protect is off
[    8.770723] sd 2:0:1:0: [sdb] Incomplete mode parameter data
[    8.770724] sd 2:0:1:0: [sdb] Assuming drive cache: write through
[    8.773716] sd 2:0:1:0: Attached scsi generic sg1 type 0
[    8.775190] sd 2:0:0:0: [sda] Attached SCSI disk
[    8.777954] sd 2:0:1:0: [sdb] Attached SCSI disk
[    9.610567] floppy0: no floppy controllers found
Begin: Loading e[   10.939107] md: linear personality registered for level -1
ssential drivers ... [   11.009285] md: multipath personality registered for level -4
[   11.032082] md: raid0 personality registered for level 0
[   11.146574] md: raid1 personality registered for level 1
[   11.290447] raid6: sse2x1   gen()  9932 MB/s
[   11.446436] raid6: sse2x1   xor()  7593 MB/s
[   11.586439] raid6: sse2x2   gen() 12486 MB/s
[   11.714440] raid6: sse2x2   xor()  8172 MB/s
[   11.790445] raid6: sse2x4   gen() 14263 MB/s
[   11.918420] raid6: sse2x4   xor()  9892 MB/s
[   11.923140] raid6: using algorithm sse2x4 gen() 14263 MB/s
[   11.924006] raid6: .... xor() 9892 MB/s, rmw enabled
[   11.924808] raid6: using ssse3x2 recovery algorithm
[   11.926739] xor: automatically using best checksumming function:
[   11.966435]    avx       : 47730.000 MB/sec
[   11.971069] async_tx: api initialized (async)
[   11.996593] md: raid6 personality registered for level 6
[   12.189623] md: raid5 personality registered for level 5
[   12.192394] md: raid4 personality registered for level 4
[   12.198517] md: raid10 personality registered for level 10
done.
Begin: Running /scripts/init-premount ... done.
Begin: Mounting root file system ... Begin: Running /scripts/local-top ... done.
Begin: Running /scripts/local-premount ... [   12.230277] Btrfs loaded
Scanning for Btrfs filesystems
done.
Warning: fsck no[   12.271309] EXT4-fs (sda1): mounted filesystem with ordered data mode. Opts: (null)
t present, so skipping root file system
done.
Begin: Running /scripts/local-bottom ... done.
Begin: Running /scripts/init-bottom ... Warning: overlayroot: debug is busted
done.
[   12.367392] syted[]:ysmd29 rnng  stemo. PA+AIT +SELINUX +IMA +APPARMOR +SMACK +SYSVINIT +UTMP +LIBCRYPTSETUP +GCRYPT +GNUTLS +ACL +XZ -LZ4 +SECCOMP +BLKID +ELFUTILS +KMOD -IDN)
[   12.984845] systemd[1]: Detected virtualization oracle.
[   12.989451] systemd[1]: Detected architeurx86-64.

Welcome to [1mUbuntu 16.04.1 LTS[0m!

[ 13678]ysmd1]: Set hostname to <ubuntu>.
[ 1301431] systemd[1]: Initializing machine ID from random generator.
[   13.679813] systemd[1]: Installed transient /etc/machine-id file.
[  1.052861] systemd[1]: Started Forward Password Requests to Wall Directory Watch.
[[0;32m  OK  [0m] Started Forward Password Requests to Wall Directory Watch.
[   14.222763] systemd[1]: Listening on Journal Socket (/dev/log).
[[0;32m  OK  [0m] Listening on Journal Socket (/dev/log).
[   14.400494] systemd[1]: Listening on Journal Socket.
[[0;32m  OK  [0m] Listening on Journal Socket.
[   14.402267] systemd[1]: Created slice User and Session Slice.
[[0;32m  OK  [0m] Created slice User and Session Slice.
[   14.403984] systemd[1]: Listening on Syslog Socket.
[[0;32m  OK  [0m] Listening on Syslog Socket.
[   14.405549] systemd[1]: Listening on Journal Audit Socket.
[[0;32m  OK  [0m] Listening on Journal Audit Socket.
[   14.407213] systemd[1]: Listening on udev Kernel Socket.
[[0;32m  OK  [0m] Listening on udev Kernel Socket.
[   14.408800] systemd[1]: Reached target User and Group Name Lookups.
[[0;32m  OK  [0m] Reached target User and Group Name Lookups.
[   14.410596] systemd[1]: Listening on Device-mapper event daemon FIFOs.
[[0;32m  OK  [0m] Listening on Device-mapper event daemon FIFOs.
[   14.412402] systemd[1]: Listening on LVM2 poll daemon socket.
[[0;32m  OK  [0m] Listening on LVM2 poll daemon socket.
[   14.414097] systemd[1]: Listening on udev Control Socket.
[[0;32m  OK  [0m] Listening on udev Control Socket.
[   14.415811] systemd[1]: Set up automount Arbitrary Executable File Formats File System Automount Point.
[[0;32m  OK  [0m] Set up automount Arbitrary Executab...ats File System Automount Point.
[   14.418238] systemd[1]: Listening on /dev/initctl Compatibility Named Pipe.
[[0;32m  OK  [0m] Listening on /dev/initctl Compatibility Named Pipe.
[   14.420137] systemd[1]: Reached target Encrypted Volumes.
[[0;32m  OK  [0m] Reached target Encrypted Volumes.
[   14.421915] systemd[1]: Created slice System Slice.
[[0;32m  OK  [0m] Created slice System Slice.
[   14.434547] systemd[1]: Starting Remount Root and Kernel File Systems...
         Starting Remount[   14.517317] EXT4-fs (sda1): re-mounted. Opts: (null)
 Root and Kernel File Systems...
[   14.549005] systemd[1]: Mounting Debug File System...
         Mounting Debug File System...
[   14.610628] systemd[1]: Mounting Huge Pages File System...
         Mounting Huge Pages File System...
[   14.669463] systemd[1]: Starting Nameserver information manager...
         Starting Nameserver information manager...
[   14.692519] systemd[1]: Starting Uncomplicated firewall...
         [   14.721817] random: nonblocking pool is initialized
Starting Uncomplicated firewall...
[   14.726673] systemd[1]: Starting Load Kernel Modules...
         Starting Load Kernel Modules...
[   14.803696] systemd[1]: Mounting POSIX Message Queue File System...
         [   14.926200] Loading iSCSI transport class v2.0-870.
Mounting POSIX Message Queue File System...
[   14.933226] systemd[1]: Starting Journal Service...
         Starting Journal[   15.017898] iscsi: registered transport (tcp)
 Service...
[   15.099188] systemd[1]: Starting Set console keymap...
         Starting Set con[   15.139680] iscsi: registered transport (iser)
sole keymap...
[   15.143452] systemd[1]: Reached target Swap.
[[0;32m  OK  [0m] Reached target Swap.
[   15.147804] systemd[1]: Listening on LVM2 metadata daemon socket.
[[0;32m  OK  [0m] Listening on LVM2 metadata daemon socket.
[   15.159639] systemd[1]: Starting Monitoring of LVM2 mirrors, snapshots etc. using dmeventd or progress polling...
         Starting Monitoring of LVM2 mirrors... dmeventd or progress polling...
[   15.178969] systemd[1]: Created slice system-serial\x2dgetty.slice.
[[0;32m  OK  [0m] Created slice system-serial\x2dgetty.slice.
[   15.414705] systemd[1]: Reached target Slices.
[[0;32m  OK  [0m] Reached target Slices.
[   15.506591] systemd[1]: Starting Create list of required static device nodes for the current kernel...
         Starting Create list of required st... nodes for the current kernel...
[   15.671145] systemd[1]: Mounted POSIX Message Queue File System.
[[0;32m  OK  [0m] Mounted POSIX Message Queue File System.
[ 15870658] systemd[1]: Mounted Huge Pages File System.
[[0;32m  OK  [0m] Mounted Huge Pages File System.
[   16.162612] systemd[1]: Mounted Debug File System.
[[0;32m  OK  [0m] Mounted Debug File System.
[   16.284733] systemd[1]: Started Journal Service.
[[0;32m  OK  [0m] Started Journal Service.
[[0;32m  OK  [0m] Started Remount Root and Kernel File Systems.
[[0;32m  OK  [0m] Started Uncomplicated firewall.
[[0;32m  OK  [0m] Started Load Kernel Modules.
[[0;32m  OK  [0m] Started Set console keymap.
[[0;32m  OK  [0m] Started Create list of required sta...ce nodes for the current kernel.
[[0;32m  OK  [0m] Started Nameserver information manager.
[[0;32m  OK  [0m] Started LVM2 metadata daemon.
         Starting Create Static Device Nodes in /dev...
         Starting Apply Kernel Variables...
         Mounting FUSE Control File System...
         Starting udev Coldplug all Devices...
         Starting Load/Save Random Seed...
         Starting Flush Journal to Persistent Storage...
[[0;32m  OK  [0m] Mounted FUSE Control File System.
[[0;32m  OK  [0m] Started Create Static Device Nodes in /dev.
[[0;32m  OK  [0m] Started Monitoring of LVM2 mirrors,...ng dmeventd or progress polling.
[[0;32m  OK  [0m] Started Apply Kernel Variables.
[[0;32m  OK  [0m] Started Load/Save Random Seed.
[[0;32m  OK  [0m] Started udev Coldplug all Devices.
[[0;32m  OK  [0m] Started Flush Journal to Persistent Storage.
         Starting udev Kernel Device Manager...
[[0;32m  OK  [0m] Started udev Kernel Device Manager.
[[0;32m  OK  [0m] Started Dispatch Password Requests to Console Directory Watch.
[[0;32m  OK  [0m] Reached target Local File Systems (Pre).
[[0;32m  OK  [0m] Reached target Local File Systems.
         Starting Commit a transient machine-id on disk...
         Starting Initial cloud-init job (pre-networking)...
         Starting LSB: AppArmor initialization...
         Starting Set console font and keymap...
         Starting Tell Plymouth To Write Out Runtime Data...
         Starting Create Volatile Files and Directories...
         Starting Run snappy firstboot setup...
[[0;32m  OK  [0m] Started Commit a transient machine-id on disk.
[[0;32m  OK  [0m] Started Tell Plymouth To Write Out Runtime Data.
[[0;32m  OK  [0m] Started Create Volatile Files and Directories.
[[0;32m  OK  [0m] Started Run snappy firstboot setup.
[[0;32m  OK  [0m] Found device /dev/ttyS0.
[[0;32m  OK  [0m] Started Set console font and keymap.
[   16.877706] cloud-init[510]: Cloud-init v. 0.7.8 running 'init-local' at Thu, 17 Nov 2016 21:26:41 +0000. Up 16.45 seconds.
[[0;32m  OK  [0m] Started Initial cloud-init job (pre-networking).
[[0;32m  OK  [0m] Listening on Load/Save RF Kill Switch Status /dev/rfkill Watch.
[[0;32m  OK  [0m] Created slice system-getty.slice.
[[0;32m  OK  [0m] Reached target Network (Pre).
         Starting Update UTMP about System Boot/Shutdown...
[[0;32m  OK  [0m] Reached target System Time Synchronized.
[[0;32m  OK  [0m] Started LSB: AppArmor initialization.
[[0;32m  OK  [0m] Started Update UTMP about System Boot/Shutdown.
         Starting Raise network interfaces...
[[0;32m  OK  [0m] Reached target System Initialization.
[[0;32m  OK  [0m] Started Trigger resolvconf update for networkd DNS.
[[0;32m  OK  [0m] Started ACPI Events Check.
[[0;32m  OK  [0m] Reached target Paths.
[[0;32m  OK  [0m] Listening on UUID daemon activation socket.
[[0;32m  OK  [0m] Started Daily Cleanup of Temporary Directories.
[[0;32m  OK  [0m] Listening on D-Bus System Message Bus Socket.
         Starting Socket activation for snappy daemon.
[[0;32m  OK  [0m] Started Timer to automatically refresh installed snaps.
         Starting LXD - unix socket.
[[0;32m  OK  [0m] Listening on ACPID Listen Socket.
[[0;32m  OK  [0m] Started Daily apt activities.
[[0;32m  OK  [0m] Reached target Timers.
[[0;32m  OK  [0m] Listening on Socket activation for snappy daemon.
[[0;32m  OK  [0m] Listening on LXD - unix socket.
[[0;32m  OK  [0m] Reached target Sockets.
[[0;32m  OK  [0m] Reached target Basic System.
         Starting LXD - container startup/shutdown...
[[0;32m  OK  [0m] Started FUSE filesystem for LXC.
         Starting LSB: MD monitoring daemon...
         Starting Accounts Service...
[[0;32m  OK  [0m] Started Snappy daemon.
[[0;32m  OK  [0m] Started D-Bus System Message Bus.
[[0;32m  OK  [0m] Started Deferred execution scheduler.
[[0;32m  OK  [0m] Started Regular background program processing daemon.
         Starting Login Service...
         Starting System Logging Service...
         Starting LSB: Record successful boot for GRUB...
[[0;32m  OK  [0m] Started ACPI event daemon.
[[0;32m  OK  [0m] Started System Logging Service.
[[0;32m  OK  [0m] Started LXD - container startup/shutdown.
[[0;32m  OK  [0m] Started LSB: MD monitoring daemon.
         Starting Authenticate and Authorize Users to Run Privileged Tasks...
[[0;32m  OK  [0m] Started LSB: Record successful boot for GRUB.
[[0;32m  OK  [0m] Started Login Service.
[[0;32m  OK  [0m] Started Authenticate and Authorize Users to Run Privileged Tasks.
[[0;32m  OK  [0m] Started Accounts Service.
[[0;32m  OK  [0m] Started Raise network interfaces.
         Starting Initial cloud-init job (metadata service crawler)...
[[0;32m  OK  [0m] Reached target Network.
[   19.994982] cloud-init[1001]: Cloud-init v. 0.7.8 running 'init' at Thu, 17 Nov 2016 21:26:44 +0000. Up 19.42 seconds.
[   20.108495] cloud-init[1001]: ci-info: +++++++++++++++++++++++++++++++++++++Net device info++++++++++++++++++++++++++++++++++++++
[   20.108787] cloud-init[1001]: ci-info: +--------+------+----------------------------+---------------+-------+-------------------+
[[0;32m  OK  [0m] Started Initial cloud-init job (metadata service crawler).
[   20.108965] cloud-init[1001]: ci-info: | Device |  Up  |          Address           |      Mask     | Scope |     Hw-Address    |
[   20.291435] cloud-init[1001]: ci-info: +--------+------+----------------------------+---------------+-------+-------------------+
[   20.291590] cloud-init[1001]: ci-info: | enp0s3 | True |         10.0.2.15          | 255.255.255.0 |   .   | 02:ac:52:cc:1b:9c |
[[0;32m  OK  [0m] Reached target Cloud-config availability.
[[0;32m  OK  [0m] Reached target Network is Online.
[   20.291713] cloud-init[1001]: ci-info: | enp0s3 | True | fe80::ac:52ff:fecc:1b9c/64 |       .       |  link | 02:ac:52:cc:1b:9c |
[   20.349945] cloud-init[1001]: ci-info: |   lo   | True |         127.0.0.1          |   255.0.0.0   |   .   |         .         |
[   20.351466] cloud-init[1001]: ci-info: |   lo   | True |          ::1/128           |       .       |  host |         .         |
[   20.352954] cloud-init[1001]: ci-info: +--------+------+----------------------------+---------------+-------+-------------------+
[   20.354335] cloud-init[1001]: ci-info: +++++++++++++++++++++++++++Route IPv4 info++++++++++++++++++++++++++++
[   20.357749] cloud-init[1001]: ci-info: +-------+-------------+----------+---------------+-----------+-------+
[   20.381767]          cloud-initStarting Pollinate to seed the pseudo random number generator...[1001]: 
ci-info: | Route | Destination | Gateway  |    Genmask    | Interface | Flags |
         Starting /etc/rc.local Compatibility...
[   20.389237]          Starting iSCSI initiator daemon (iscsid)...
         Starting Apply the settings specified in cloud-config...
[[0;32m  OK  [0m] Started /etc/rc.local Compatibility.
cloud-init[1001]: ci-info: +-------+-------------+----------+---------------+-----------+-------+
[   20.424434] [cloud-init[0;32m  OK  [0m[1001]: ] ci-info: |   0   |   0.0.0.0   | 10.0.2.2 |    0.0.0.0    |   enp0s3  |   UG  |Started iSCSI initiator daemon (iscsid).

[   20.424743] cloud-init[1001]: ci-info: |   1   |   10.0.2.0  | 0.0.0.0  | 255.255.255.0 |   enp0s3  |   U   |
[   20.440764] cloud-init[1001]: ci-info: +-------+-------------+----------+---------------+-----------+-------+
[   20.445262]          cloud-initStarting Login to default iSCSI targets...[1001]: 
Generating public/private rsa key pair.
[   20.450219] cloud-init[1001]: Your identification has been saved in /etc/ssh/ssh_host_rsa_key.
[   20.457377] cloud-init[1001]: Your public key has been saved in /etc/ssh/ssh_host_rsa_key.pub.
[   20.459700] cloud-init[1001]: The key fingerprint is:
[   20.468567] [cloud-init[0;32m  OK  [0m[1001]: ] SHA256:wPnSqhDGuoefqkTa0rlQS0U6biFZkCd37FZd/LEDqkw root@ubuntu-xenialStarted Login to default iSCSI targets.

[   20.468892] cloud-init[1001]: The key's randomart image is:
[   20.476359] [cloud-init[0;32m  OK  [0m[1001]: ] +---[RSA 2048]----+Reached target Remote File Systems (Pre).

[[0;32m  OK  [0m] Reached target Remote File Systems.
[   20.476723] cloud-init[1001]: |.o...  . o.      |
[   20.516098]          cloud-initStarting Permit User Sessions...[1001]: 
|ooooo.... o .    |
[   20.519327]          cloud-initStarting LSB: VirtualBox Linux Additions...[1001]: 
|o++o..+  . o o   |
[   20.526837]          cloud-initStarting LSB: automatic crash report generation...[1001]: 
| + +o E+.   +    |
[   20.529880]          cloud-initStarting LSB: daemon to balance interrupts for SMP systems...[1001]: 
| .O. o..S    .   |
[   20.533110]          cloud-initStarting LSB: Set the CPU Frequency Scaling governor to "ondemand"...[1001]: 
|oO +  oo         |
[   20.537223] [cloud-init[0;32m  OK  [0m[1001]: ] |=o*   .          |Started Permit User Sessions.

[   20.537541] cloud-init[1001]: |o+.+ .           |
[   20.543316] cloud-init[1001]: |=++ .            |
[   20.546619] cloud-init[1001]: +----[SHA256]-----+
[   20.548607] cloud-init[1001]: Generating public/private dsa key pair.
[   20.555091] cloud-init[1001]: Your identification has been saved in /etc/ssh/ssh_host_dsa_key.
[   20.559491] cloud-init[1001]: Your public key has been saved in /etc/ssh/ssh_host_dsa_key.pub.
[   20.598078]          cloud-initStarting Hold until boot process finishes up...[1001]: 
The key fingerprint is:
         Starting Terminate Plymouth Boot Screen...
[[0;32m  OK  [0m] Started LSB: VirtualBox Linux Additions.
[[0;32m  OK  [0m] Started LSB: automatic crash report generation.
[[0;32m  OK  [0m] Started LSB: daemon to balance interrupts for SMP systems.
[[0;32m  OK  [0m] Started LSB: Set the CPU Frequency Scaling governor to "ondemand".
[[0;32m  OK  [0m] Started Hold until boot process finishes up.
[[0;32m  OK  [0m] Started Terminate Plymouth Boot Screen.
[   20.614936] cloud-init[1001]: SHA256:5H23OC6LyhzAqw/9CkdO1ZYc9KvO9tFJPEZWkmu5eGU root@ubuntu-xenial
[   20.655702] cloud-init[1001]: The key's randomart image is:
[   20.656572] cloud-init[1001]: +---[DSA 1024]----+
[   20.657362] cloud-init[1001]: |       .o   ...  |
[   20.658133] cloud-init[1001]: |       o +  .o   |
[   20.658888] cloud-init[1001]: |      . * . oo   |
[   20.659662] cloud-init[1001]: |   . . + . =+ E  |
         Starting Set console scheme...
[[0;32m  OK  [0m] Started Serial Getty on ttyS0.
[[0;32m  OK  [0m] Started Getty on tty1.
[[0;32m  OK  [0m] Reached target Login Prompts.
[[0;32m  OK  [0m] Started Set console scheme.
[   20.666972] cloud-init[1001]: |    =   S oo*+.  |
[   20.687228] cloud-init[1001]: |   = o   ..=o= . |
[   20.689183] cloud-init[1001]: |  o = . . ..= .  |
[   20.691133] cloud-init[1001]: |   = + +...o .   |
[   20.693066] cloud-init[1001]: |  ..o.=o+.oo.    |
[   20.693875] cloud-init[1001]: +----[SHA256]-----+
[   20.694645] cloud-init[1001]: Generating public/private ecdsa key pair.
[   20.696734] cloud-init[1001]: Your identification has been saved in /etc/ssh/ssh_host_ecdsa_key.
[   20.700207] cloud-init[1001]: Your public key has been saved in /etc/ssh/ssh_host_ecdsa_key.pub.
[   20.702521] cloud-init[1001]: The key fingerprint is:
[   20.704457] cloud-init[1001]: SHA256:IdZlctKUm8aBdtRnUJ0V8hmEIA3WYHId4/tNuK5Di4M root@ubuntu-xenial
[   20.705662] cloud-init[1001]: The key's randomart image is:
[   20.706479] cloud-init[1001]: +---[ECDSA 256]---+
[   20.707205] cloud-init[1001]: |       .o%%*+++==|
[   20.709348] cloud-init[1001]: |       .B*B+o.=.+|
[   20.711350] cloud-init[1001]: |      o.oo = o o |
[   20.713285] cloud-init[1001]: |     . . .= . .  |
[   20.715188] cloud-init[1001]: |        S. . . . |
[   20.717128] cloud-init[1001]: |           .. +  |
[   20.717904] cloud-init[1001]: |        . o .o . |
[   20.718655] cloud-init[1001]: |       E o o.    |
[   20.719423] cloud-init[1001]: |          ..o.   |
[   20.721298] cloud-init[1001]: +----[SHA256]-----+
[   20.722074] cloud-init[1001]: Generating public/private ed25519 key pair.
[   20.722992] cloud-init[1001]: Your identification has been saved in /etc/ssh/ssh_host_ed25519_key.
[   20.724229] cloud-init[1001]: Your public key has been saved in /etc/ssh/ssh_host_ed25519_key.pub.
[   20.725436] cloud-init[1001]: The key fingerprint is:
[   20.726194] cloud-init[1001]: SHA256:v3acdUGYeGv9/0Fj17dANCpUuRA5gnYj5EAF0qZs53U root@ubuntu-xenial
[   20.727391] cloud-init[1001]: The key's randomart image is:
[   20.728262] cloud-init[1001]: +--[ED25519 256]--+
[   20.729019] cloud-init[1001]: | .o++o.  o+.ooo  |
[   20.729753] cloud-init[1001]: |  .oo+ +.+ oo+.. |
[   20.730469] cloud-init[1001]: |. o ..o o.o.o.+  |
[   20.731221] cloud-init[1001]: | + . . E  ...o o.|
[   20.731994] cloud-init[1001]: |. o . . S   .. +*|
[   20.732795] cloud-init[1001]: |   .     .    = B|
[   20.733562] cloud-init[1001]: |          .. o +.|
[   20.734312] cloud-init[1001]: |          ..+   o|
[   20.735073] cloud-init[1001]: |         ...    o|
[   20.735845] cloud-init[1001]: +----[SHA256]-----+
[   20.823164] cloud-init[1105]: Generating locales (this might take a while)...
[   21.427178] cloud-init[1105]:   en_US.UTF-8... done
[   21.448448] cloud-init[1105]: Generation complete.
[[0;32m  OK  [0m] Stopped OpenBSD Secure Shell server.
         Starting OpenBSD Secure Shell server...
[[0;32m  OK  [0m] Started OpenBSD Secure Shell server.
[[0;32m  OK  [0m] Started Pollinate to seed the pseudo random number generator.
[[0;32m  OK  [0m] Reached target Multi-User System.
[[0;32m  OK  [0m] Reached target Graphical Interface.
         Starting Update UTMP about System Runlevel Changes...
         Starting Notify bootloader that boot was successful...
[[0;32m  OK  [0m] Started Notify bootloader that boot was successful.
[[0;32m  OK  [0m] Started Update UTMP about System Runlevel Changes.
[   21.888020] cloud-init[1105]: Cloud-init v. 0.7.8 running 'modules:config' at Thu, 17 Nov 2016 21:26:45 +0000. Up 20.74 seconds.
[[0;32m  OK  [0m] Started Apply the settings specified in cloud-config.
         Starting Execute cloud user/final scripts...
ci-info: no authorized ssh keys fingerprints found for user ubuntu.
<14>Nov 17 21:26:47 ec2: 
<14>Nov 17 21:26:47 ec2: #############################################################
<14>Nov 17 21:26:47 ec2: -----BEGIN SSH HOST KEY FINGERPRINTS-----
<14>Nov 17 21:26:47 ec2: 1024 SHA256:5H23OC6LyhzAqw/9CkdO1ZYc9KvO9tFJPEZWkmu5eGU root@ubuntu-xenial (DSA)
<14>Nov 17 21:26:47 ec2: 256 SHA256:IdZlctKUm8aBdtRnUJ0V8hmEIA3WYHId4/tNuK5Di4M root@ubuntu-xenial (ECDSA)
<14>Nov 17 21:26:47 ec2: 256 SHA256:v3acdUGYeGv9/0Fj17dANCpUuRA5gnYj5EAF0qZs53U root@ubuntu-xenial (ED25519)
<14>Nov 17 21:26:47 ec2: 2048 SHA256:wPnSqhDGuoefqkTa0rlQS0U6biFZkCd37FZd/LEDqkw root@ubuntu-xenial (RSA)
<14>Nov 17 21:26:47 ec2: -----END SSH HOST KEY FINGERPRINTS-----
<14>Nov 17 21:26:47 ec2: #############################################################
-----BEGIN SSH HOST KEY KEYS-----
ecdsa-sha2-nistp256 AAAAE2VjZHNhLXNoYTItbmlzdHAyNTYAAAAIbmlzdHAyNTYAAABBBPzPXl40qgGPmuOOX6k70kvRDGW3LZIcw0J31FWrXLKl30QBsHdWN/CpJbb6+5vxZIHDFz/pKkGovB8c6Ls904c= root@ubuntu-xenial
ssh-ed25519 AAAAC3NzaC1lZDI1NTE5AAAAIPKX+IEenFH++qCp777YxH49b+no9QEo7GoThibAUsYQ root@ubuntu-xenial
ssh-rsa AAAAB3NzaC1yc2EAAAADAQABAAABAQDvJQMkXC2VQxp3M0DC/lO11A1dajoB1PEMtkjEZWdbsCOWPJyC9esC9ws+MUV+vu84W1Wiec2aZ+ugsELyZ79nc6gP+DuFyJvw3ubNc8EkO1fZwjVbkkErmc/gQWKU5ZDCXnF5LLzQ3MyqHVceMESxH2pBJWOEK9a9RA5p26O+LcG6BgJkRyu631OpfSK/FsekYYWPV3CvxylMlcDtCsS6GbR4jErQgjZ//8jE2E3SJmpZanItUySI8KzrmAn686WYDY9Ks6bNbZafV1MGPER5E6aJFl7/buDht0mH4TErMqmT/2KhuDIargQD3YZz2GefHXInq2/mj2QbvNyYL7S7 root@ubuntu-xenial
-----END SSH HOST KEY KEYS-----
[   22.523259] cloud-init[1290]: Cloud-init v. 0.7.8 running 'modules:final' at Thu, 17 Nov 2016 21:26:47 +0000. Up 22.27 seconds.
[   22.562116] [cloud-init[0;32m  OK  [0m[1290]: ] ci-info: no authorized ssh keys fingerprints found for user ubuntu.Started Execute cloud user/final scripts.

[   22.562662] cloud-init[1290]: Cloud-init v. 0.7.8 finished at Thu, 17 Nov 2016 21:26:47 +0000. Datasource DataSourceNoCloud [seed=/dev/sdb][dsmode=net].  Up 22.51 seconds
[[0;32m  OK  [0m] Reached target Cloud-init target.

Ubuntu 16.04.1 LTS ubuntu-xenial ttyS0

ubuntu-xenial login: 